nohup: ignoring input

=== Running Config: Epsilon=8 | Run 1 ===
Checking if port 65432 is available...
Starting client 0...
Starting client 1...
Finished Config: Epsilon=8 | Run 1

=== Running Config: Epsilon=8 | Run 2 ===
Checking if port 65432 is available...
Starting client 0...
Starting client 1...
Finished Config: Epsilon=8 | Run 2

=== Running Config: Epsilon=8 | Run 3 ===
Checking if port 65432 is available...
Starting client 0...
Starting client 1...
Finished Config: Epsilon=8 | Run 3

=== Running Config: Epsilon=8 | Run 4 ===
Checking if port 65432 is available...
Starting client 0...
Starting client 1...
Finished Config: Epsilon=8 | Run 4

=== Running Config: Epsilon=8 | Run 5 ===
Checking if port 65432 is available...
Starting client 0...
Starting client 1...
Finished Config: Epsilon=8 | Run 5

=== Running Config: Epsilon=8 | Run 6 ===
Checking if port 65432 is available...
Starting client 0...
Starting client 1...
Finished Config: Epsilon=8 | Run 6

=== Running Config: Epsilon=8 | Run 7 ===
Checking if port 65432 is available...
Starting client 0...
Starting client 1...
Finished Config: Epsilon=8 | Run 7

=== Running Config: Epsilon=8 | Run 8 ===
Checking if port 65432 is available...
Starting client 0...
Starting client 1...
Finished Config: Epsilon=8 | Run 8

=== DP Epsilon Sweep Experiment Completed ===
