2025-04-14 22:53:28.137439: I tensorflow/core/util/port.cc:110] oneDNN custom operations are on. You may see slightly different numerical results due to floating-point round-off errors from different computation orders. To turn them off, set the environment variable `TF_ENABLE_ONEDNN_OPTS=0`.
2025-04-14 22:53:28.165225: I tensorflow/tsl/cuda/cudart_stub.cc:28] Could not find cuda drivers on your machine, GPU will not be used.
2025-04-14 22:53:28.476663: I tensorflow/tsl/cuda/cudart_stub.cc:28] Could not find cuda drivers on your machine, GPU will not be used.
2025-04-14 22:53:28.479269: I tensorflow/core/platform/cpu_feature_guard.cc:182] This TensorFlow binary is optimized to use available CPU instructions in performance-critical operations.
To enable the following instructions: AVX2 AVX512F AVX512_VNNI FMA, in other operations, rebuild TensorFlow with the appropriate compiler flags.
2025-04-14 22:53:33.286565: W tensorflow/compiler/tf2tensorrt/utils/py_utils.cc:38] TF-TRT Warning: Could not find TensorRT
Waiting for clients to connect...
Connected to ('127.0.0.1', 54068)
Connected to ('127.0.0.1', 54070)

--- Round 1/24 ---
/home/jmulvany/Thesis_BU/venv/lib/python3.10/site-packages/sklearn/metrics/_classification.py:1344: UndefinedMetricWarning: Precision and F-score are ill-defined and being set to 0.0 in labels with no predicted samples. Use `zero_division` parameter to control this behavior.
  _warn_prf(average, modifier, msg_start, len(result))
/home/jmulvany/Thesis_BU/venv/lib/python3.10/site-packages/sklearn/metrics/_classification.py:1344: UndefinedMetricWarning: Precision and F-score are ill-defined and being set to 0.0 in labels with no predicted samples. Use `zero_division` parameter to control this behavior.
  _warn_prf(average, modifier, msg_start, len(result))
/home/jmulvany/Thesis_BU/venv/lib/python3.10/site-packages/sklearn/metrics/_classification.py:1344: UndefinedMetricWarning: Precision and F-score are ill-defined and being set to 0.0 in labels with no predicted samples. Use `zero_division` parameter to control this behavior.
  _warn_prf(average, modifier, msg_start, len(result))
Round 1 - Accuracy: 66.67%
F1 Score: 0.5333
Confusion Matrix:
[[  0 100]
 [  0 200]]
Classification Report:
              precision    recall  f1-score   support

         0.0     0.0000    0.0000    0.0000       100
         1.0     0.6667    1.0000    0.8000       200

    accuracy                         0.6667       300
   macro avg     0.3333    0.5000    0.4000       300
weighted avg     0.4444    0.6667    0.5333       300

/home/jmulvany/Thesis_BU/venv/lib/python3.10/site-packages/sklearn/metrics/_classification.py:1344: UndefinedMetricWarning: Precision and F-score are ill-defined and being set to 0.0 in labels with no predicted samples. Use `zero_division` parameter to control this behavior.
  _warn_prf(average, modifier, msg_start, len(result))
/home/jmulvany/Thesis_BU/venv/lib/python3.10/site-packages/sklearn/metrics/_classification.py:1344: UndefinedMetricWarning: Precision and F-score are ill-defined and being set to 0.0 in labels with no predicted samples. Use `zero_division` parameter to control this behavior.
  _warn_prf(average, modifier, msg_start, len(result))
/home/jmulvany/Thesis_BU/venv/lib/python3.10/site-packages/sklearn/metrics/_classification.py:1344: UndefinedMetricWarning: Precision and F-score are ill-defined and being set to 0.0 in labels with no predicted samples. Use `zero_division` parameter to control this behavior.
  _warn_prf(average, modifier, msg_start, len(result))
Round 1 duration: 58.24 seconds

--- Round 2/24 ---
Round 2 - Accuracy: 43.33%
F1 Score: 0.3641
Confusion Matrix:
[[ 97   3]
 [167  33]]
Classification Report:
              precision    recall  f1-score   support

         0.0     0.3674    0.9700    0.5330       100
         1.0     0.9167    0.1650    0.2797       200

    accuracy                         0.4333       300
   macro avg     0.6420    0.5675    0.4063       300
weighted avg     0.7336    0.4333    0.3641       300

Round 2 duration: 43.00 seconds

--- Round 3/24 ---
Round 3 - Accuracy: 74.67%
F1 Score: 0.7110
Confusion Matrix:
[[ 33  67]
 [  9 191]]
Classification Report:
              precision    recall  f1-score   support

         0.0     0.7857    0.3300    0.4648       100
         1.0     0.7403    0.9550    0.8341       200

    accuracy                         0.7467       300
   macro avg     0.7630    0.6425    0.6494       300
weighted avg     0.7554    0.7467    0.7110       300

Round 3 duration: 55.04 seconds

--- Round 4/24 ---
Round 4 - Accuracy: 65.33%
F1 Score: 0.6631
Confusion Matrix:
[[ 75  25]
 [ 79 121]]
Classification Report:
              precision    recall  f1-score   support

         0.0     0.4870    0.7500    0.5906       100
         1.0     0.8288    0.6050    0.6994       200

    accuracy                         0.6533       300
   macro avg     0.6579    0.6775    0.6450       300
weighted avg     0.7148    0.6533    0.6631       300

Round 4 duration: 58.26 seconds

--- Round 5/24 ---
/home/jmulvany/Thesis_BU/venv/lib/python3.10/site-packages/sklearn/metrics/_classification.py:1344: UndefinedMetricWarning: Precision and F-score are ill-defined and being set to 0.0 in labels with no predicted samples. Use `zero_division` parameter to control this behavior.
  _warn_prf(average, modifier, msg_start, len(result))
/home/jmulvany/Thesis_BU/venv/lib/python3.10/site-packages/sklearn/metrics/_classification.py:1344: UndefinedMetricWarning: Precision and F-score are ill-defined and being set to 0.0 in labels with no predicted samples. Use `zero_division` parameter to control this behavior.
  _warn_prf(average, modifier, msg_start, len(result))
/home/jmulvany/Thesis_BU/venv/lib/python3.10/site-packages/sklearn/metrics/_classification.py:1344: UndefinedMetricWarning: Precision and F-score are ill-defined and being set to 0.0 in labels with no predicted samples. Use `zero_division` parameter to control this behavior.
  _warn_prf(average, modifier, msg_start, len(result))
Round 5 - Accuracy: 66.67%
F1 Score: 0.5333
Confusion Matrix:
[[  0 100]
 [  0 200]]
Classification Report:
              precision    recall  f1-score   support

         0.0     0.0000    0.0000    0.0000       100
         1.0     0.6667    1.0000    0.8000       200

    accuracy                         0.6667       300
   macro avg     0.3333    0.5000    0.4000       300
weighted avg     0.4444    0.6667    0.5333       300

/home/jmulvany/Thesis_BU/venv/lib/python3.10/site-packages/sklearn/metrics/_classification.py:1344: UndefinedMetricWarning: Precision and F-score are ill-defined and being set to 0.0 in labels with no predicted samples. Use `zero_division` parameter to control this behavior.
  _warn_prf(average, modifier, msg_start, len(result))
/home/jmulvany/Thesis_BU/venv/lib/python3.10/site-packages/sklearn/metrics/_classification.py:1344: UndefinedMetricWarning: Precision and F-score are ill-defined and being set to 0.0 in labels with no predicted samples. Use `zero_division` parameter to control this behavior.
  _warn_prf(average, modifier, msg_start, len(result))
/home/jmulvany/Thesis_BU/venv/lib/python3.10/site-packages/sklearn/metrics/_classification.py:1344: UndefinedMetricWarning: Precision and F-score are ill-defined and being set to 0.0 in labels with no predicted samples. Use `zero_division` parameter to control this behavior.
  _warn_prf(average, modifier, msg_start, len(result))
Round 5 duration: 34.70 seconds

--- Round 6/24 ---
/home/jmulvany/Thesis_BU/venv/lib/python3.10/site-packages/sklearn/metrics/_classification.py:1344: UndefinedMetricWarning: Precision and F-score are ill-defined and being set to 0.0 in labels with no predicted samples. Use `zero_division` parameter to control this behavior.
  _warn_prf(average, modifier, msg_start, len(result))
/home/jmulvany/Thesis_BU/venv/lib/python3.10/site-packages/sklearn/metrics/_classification.py:1344: UndefinedMetricWarning: Precision and F-score are ill-defined and being set to 0.0 in labels with no predicted samples. Use `zero_division` parameter to control this behavior.
  _warn_prf(average, modifier, msg_start, len(result))
/home/jmulvany/Thesis_BU/venv/lib/python3.10/site-packages/sklearn/metrics/_classification.py:1344: UndefinedMetricWarning: Precision and F-score are ill-defined and being set to 0.0 in labels with no predicted samples. Use `zero_division` parameter to control this behavior.
  _warn_prf(average, modifier, msg_start, len(result))
Round 6 - Accuracy: 66.67%
F1 Score: 0.5333
Confusion Matrix:
[[  0 100]
 [  0 200]]
Classification Report:
              precision    recall  f1-score   support

         0.0     0.0000    0.0000    0.0000       100
         1.0     0.6667    1.0000    0.8000       200

    accuracy                         0.6667       300
   macro avg     0.3333    0.5000    0.4000       300
weighted avg     0.4444    0.6667    0.5333       300

/home/jmulvany/Thesis_BU/venv/lib/python3.10/site-packages/sklearn/metrics/_classification.py:1344: UndefinedMetricWarning: Precision and F-score are ill-defined and being set to 0.0 in labels with no predicted samples. Use `zero_division` parameter to control this behavior.
  _warn_prf(average, modifier, msg_start, len(result))
/home/jmulvany/Thesis_BU/venv/lib/python3.10/site-packages/sklearn/metrics/_classification.py:1344: UndefinedMetricWarning: Precision and F-score are ill-defined and being set to 0.0 in labels with no predicted samples. Use `zero_division` parameter to control this behavior.
  _warn_prf(average, modifier, msg_start, len(result))
/home/jmulvany/Thesis_BU/venv/lib/python3.10/site-packages/sklearn/metrics/_classification.py:1344: UndefinedMetricWarning: Precision and F-score are ill-defined and being set to 0.0 in labels with no predicted samples. Use `zero_division` parameter to control this behavior.
  _warn_prf(average, modifier, msg_start, len(result))
Round 6 duration: 64.04 seconds

--- Round 7/24 ---
/home/jmulvany/Thesis_BU/venv/lib/python3.10/site-packages/sklearn/metrics/_classification.py:1344: UndefinedMetricWarning: Precision and F-score are ill-defined and being set to 0.0 in labels with no predicted samples. Use `zero_division` parameter to control this behavior.
  _warn_prf(average, modifier, msg_start, len(result))
/home/jmulvany/Thesis_BU/venv/lib/python3.10/site-packages/sklearn/metrics/_classification.py:1344: UndefinedMetricWarning: Precision and F-score are ill-defined and being set to 0.0 in labels with no predicted samples. Use `zero_division` parameter to control this behavior.
  _warn_prf(average, modifier, msg_start, len(result))
/home/jmulvany/Thesis_BU/venv/lib/python3.10/site-packages/sklearn/metrics/_classification.py:1344: UndefinedMetricWarning: Precision and F-score are ill-defined and being set to 0.0 in labels with no predicted samples. Use `zero_division` parameter to control this behavior.
  _warn_prf(average, modifier, msg_start, len(result))
Round 7 - Accuracy: 33.33%
F1 Score: 0.1667
Confusion Matrix:
[[100   0]
 [200   0]]
Classification Report:
              precision    recall  f1-score   support

         0.0     0.3333    1.0000    0.5000       100
         1.0     0.0000    0.0000    0.0000       200

    accuracy                         0.3333       300
   macro avg     0.1667    0.5000    0.2500       300
weighted avg     0.1111    0.3333    0.1667       300

/home/jmulvany/Thesis_BU/venv/lib/python3.10/site-packages/sklearn/metrics/_classification.py:1344: UndefinedMetricWarning: Precision and F-score are ill-defined and being set to 0.0 in labels with no predicted samples. Use `zero_division` parameter to control this behavior.
  _warn_prf(average, modifier, msg_start, len(result))
/home/jmulvany/Thesis_BU/venv/lib/python3.10/site-packages/sklearn/metrics/_classification.py:1344: UndefinedMetricWarning: Precision and F-score are ill-defined and being set to 0.0 in labels with no predicted samples. Use `zero_division` parameter to control this behavior.
  _warn_prf(average, modifier, msg_start, len(result))
/home/jmulvany/Thesis_BU/venv/lib/python3.10/site-packages/sklearn/metrics/_classification.py:1344: UndefinedMetricWarning: Precision and F-score are ill-defined and being set to 0.0 in labels with no predicted samples. Use `zero_division` parameter to control this behavior.
  _warn_prf(average, modifier, msg_start, len(result))
Round 7 duration: 58.81 seconds

--- Round 8/24 ---
/home/jmulvany/Thesis_BU/venv/lib/python3.10/site-packages/sklearn/metrics/_classification.py:1344: UndefinedMetricWarning: Precision and F-score are ill-defined and being set to 0.0 in labels with no predicted samples. Use `zero_division` parameter to control this behavior.
  _warn_prf(average, modifier, msg_start, len(result))
/home/jmulvany/Thesis_BU/venv/lib/python3.10/site-packages/sklearn/metrics/_classification.py:1344: UndefinedMetricWarning: Precision and F-score are ill-defined and being set to 0.0 in labels with no predicted samples. Use `zero_division` parameter to control this behavior.
  _warn_prf(average, modifier, msg_start, len(result))
/home/jmulvany/Thesis_BU/venv/lib/python3.10/site-packages/sklearn/metrics/_classification.py:1344: UndefinedMetricWarning: Precision and F-score are ill-defined and being set to 0.0 in labels with no predicted samples. Use `zero_division` parameter to control this behavior.
  _warn_prf(average, modifier, msg_start, len(result))
Round 8 - Accuracy: 33.33%
F1 Score: 0.1667
Confusion Matrix:
[[100   0]
 [200   0]]
Classification Report:
              precision    recall  f1-score   support

         0.0     0.3333    1.0000    0.5000       100
         1.0     0.0000    0.0000    0.0000       200

    accuracy                         0.3333       300
   macro avg     0.1667    0.5000    0.2500       300
weighted avg     0.1111    0.3333    0.1667       300

/home/jmulvany/Thesis_BU/venv/lib/python3.10/site-packages/sklearn/metrics/_classification.py:1344: UndefinedMetricWarning: Precision and F-score are ill-defined and being set to 0.0 in labels with no predicted samples. Use `zero_division` parameter to control this behavior.
  _warn_prf(average, modifier, msg_start, len(result))
/home/jmulvany/Thesis_BU/venv/lib/python3.10/site-packages/sklearn/metrics/_classification.py:1344: UndefinedMetricWarning: Precision and F-score are ill-defined and being set to 0.0 in labels with no predicted samples. Use `zero_division` parameter to control this behavior.
  _warn_prf(average, modifier, msg_start, len(result))
/home/jmulvany/Thesis_BU/venv/lib/python3.10/site-packages/sklearn/metrics/_classification.py:1344: UndefinedMetricWarning: Precision and F-score are ill-defined and being set to 0.0 in labels with no predicted samples. Use `zero_division` parameter to control this behavior.
  _warn_prf(average, modifier, msg_start, len(result))
Round 8 duration: 61.06 seconds

--- Round 9/24 ---
/home/jmulvany/Thesis_BU/venv/lib/python3.10/site-packages/sklearn/metrics/_classification.py:1344: UndefinedMetricWarning: Precision and F-score are ill-defined and being set to 0.0 in labels with no predicted samples. Use `zero_division` parameter to control this behavior.
  _warn_prf(average, modifier, msg_start, len(result))
/home/jmulvany/Thesis_BU/venv/lib/python3.10/site-packages/sklearn/metrics/_classification.py:1344: UndefinedMetricWarning: Precision and F-score are ill-defined and being set to 0.0 in labels with no predicted samples. Use `zero_division` parameter to control this behavior.
  _warn_prf(average, modifier, msg_start, len(result))
/home/jmulvany/Thesis_BU/venv/lib/python3.10/site-packages/sklearn/metrics/_classification.py:1344: UndefinedMetricWarning: Precision and F-score are ill-defined and being set to 0.0 in labels with no predicted samples. Use `zero_division` parameter to control this behavior.
  _warn_prf(average, modifier, msg_start, len(result))
Round 9 - Accuracy: 33.33%
F1 Score: 0.1667
Confusion Matrix:
[[100   0]
 [200   0]]
Classification Report:
              precision    recall  f1-score   support

         0.0     0.3333    1.0000    0.5000       100
         1.0     0.0000    0.0000    0.0000       200

    accuracy                         0.3333       300
   macro avg     0.1667    0.5000    0.2500       300
weighted avg     0.1111    0.3333    0.1667       300

/home/jmulvany/Thesis_BU/venv/lib/python3.10/site-packages/sklearn/metrics/_classification.py:1344: UndefinedMetricWarning: Precision and F-score are ill-defined and being set to 0.0 in labels with no predicted samples. Use `zero_division` parameter to control this behavior.
  _warn_prf(average, modifier, msg_start, len(result))
/home/jmulvany/Thesis_BU/venv/lib/python3.10/site-packages/sklearn/metrics/_classification.py:1344: UndefinedMetricWarning: Precision and F-score are ill-defined and being set to 0.0 in labels with no predicted samples. Use `zero_division` parameter to control this behavior.
  _warn_prf(average, modifier, msg_start, len(result))
/home/jmulvany/Thesis_BU/venv/lib/python3.10/site-packages/sklearn/metrics/_classification.py:1344: UndefinedMetricWarning: Precision and F-score are ill-defined and being set to 0.0 in labels with no predicted samples. Use `zero_division` parameter to control this behavior.
  _warn_prf(average, modifier, msg_start, len(result))
Round 9 duration: 63.49 seconds

--- Round 10/24 ---
Round 10 - Accuracy: 82.67%
F1 Score: 0.8262
Confusion Matrix:
[[ 73  27]
 [ 25 175]]
Classification Report:
              precision    recall  f1-score   support

         0.0     0.7449    0.7300    0.7374       100
         1.0     0.8663    0.8750    0.8706       200

    accuracy                         0.8267       300
   macro avg     0.8056    0.8025    0.8040       300
weighted avg     0.8259    0.8267    0.8262       300

Round 10 duration: 71.35 seconds

--- Round 11/24 ---
Round 11 - Accuracy: 88.00%
F1 Score: 0.8724
Confusion Matrix:
[[ 65  35]
 [  1 199]]
Classification Report:
              precision    recall  f1-score   support

         0.0     0.9848    0.6500    0.7831       100
         1.0     0.8504    0.9950    0.9171       200

    accuracy                         0.8800       300
   macro avg     0.9176    0.8225    0.8501       300
weighted avg     0.8952    0.8800    0.8724       300

Round 11 duration: 127.49 seconds

--- Round 12/24 ---
Round 12 - Accuracy: 84.00%
F1 Score: 0.8244
Confusion Matrix:
[[ 53  47]
 [  1 199]]
Classification Report:
              precision    recall  f1-score   support

         0.0     0.9815    0.5300    0.6883       100
         1.0     0.8089    0.9950    0.8924       200

    accuracy                         0.8400       300
   macro avg     0.8952    0.7625    0.7903       300
weighted avg     0.8665    0.8400    0.8244       300

Round 12 duration: 58.29 seconds

--- Round 13/24 ---
Round 13 - Accuracy: 76.00%
F1 Score: 0.7639
Confusion Matrix:
[[ 72  28]
 [ 44 156]]
Classification Report:
              precision    recall  f1-score   support

         0.0     0.6207    0.7200    0.6667       100
         1.0     0.8478    0.7800    0.8125       200

    accuracy                         0.7600       300
   macro avg     0.7343    0.7500    0.7396       300
weighted avg     0.7721    0.7600    0.7639       300

Round 13 duration: 61.68 seconds

--- Round 14/24 ---
Round 14 - Accuracy: 85.67%
F1 Score: 0.8534
Confusion Matrix:
[[ 71  29]
 [ 14 186]]
Classification Report:
              precision    recall  f1-score   support

         0.0     0.8353    0.7100    0.7676       100
         1.0     0.8651    0.9300    0.8964       200

    accuracy                         0.8567       300
   macro avg     0.8502    0.8200    0.8320       300
weighted avg     0.8552    0.8567    0.8534       300

Round 14 duration: 40.95 seconds

--- Round 15/24 ---
Round 15 - Accuracy: 85.00%
F1 Score: 0.8367
Confusion Matrix:
[[ 56  44]
 [  1 199]]
Classification Report:
              precision    recall  f1-score   support

         0.0     0.9825    0.5600    0.7134       100
         1.0     0.8189    0.9950    0.8984       200

    accuracy                         0.8500       300
   macro avg     0.9007    0.7775    0.8059       300
weighted avg     0.8734    0.8500    0.8367       300

Round 15 duration: 42.01 seconds

--- Round 16/24 ---
Round 16 - Accuracy: 90.00%
F1 Score: 0.8956
Confusion Matrix:
[[ 72  28]
 [  2 198]]
Classification Report:
              precision    recall  f1-score   support

         0.0     0.9730    0.7200    0.8276       100
         1.0     0.8761    0.9900    0.9296       200

    accuracy                         0.9000       300
   macro avg     0.9245    0.8550    0.8786       300
weighted avg     0.9084    0.9000    0.8956       300

Round 16 duration: 62.30 seconds

--- Round 17/24 ---
Round 17 - Accuracy: 89.33%
F1 Score: 0.8886
Confusion Matrix:
[[ 71  29]
 [  3 197]]
Classification Report:
              precision    recall  f1-score   support

         0.0     0.9595    0.7100    0.8161       100
         1.0     0.8717    0.9850    0.9249       200

    accuracy                         0.8933       300
   macro avg     0.9156    0.8475    0.8705       300
weighted avg     0.9009    0.8933    0.8886       300

Round 17 duration: 50.75 seconds

--- Round 18/24 ---
Round 18 - Accuracy: 90.33%
F1 Score: 0.9018
Confusion Matrix:
[[ 80  20]
 [  9 191]]
Classification Report:
              precision    recall  f1-score   support

         0.0     0.8989    0.8000    0.8466       100
         1.0     0.9052    0.9550    0.9294       200

    accuracy                         0.9033       300
   macro avg     0.9020    0.8775    0.8880       300
weighted avg     0.9031    0.9033    0.9018       300


*** F1 threshold reached: 0.9018 >= 0.9. Stopping training early. ***

=== Timing Report ===
Total training time: 1060.04 seconds
Average time per round: 58.89 seconds
Average time per round per client: 29.45 seconds
Round durations:
  Round 1: 58.24 seconds
  Round 2: 43.00 seconds
  Round 3: 55.04 seconds
  Round 4: 58.26 seconds
  Round 5: 34.70 seconds
  Round 6: 64.04 seconds
  Round 7: 58.81 seconds
  Round 8: 61.06 seconds
  Round 9: 63.49 seconds
  Round 10: 71.35 seconds
  Round 11: 127.49 seconds
  Round 12: 58.29 seconds
  Round 13: 61.68 seconds
  Round 14: 40.95 seconds
  Round 15: 42.01 seconds
  Round 16: 62.30 seconds
  Round 17: 50.75 seconds
  Round 18: 48.57 seconds

=== Communication Overhead Report ===
Summary of Communication:
  Total Transferred: 3,968,060,359 bytes
  Total Sent: 273,344,472 bytes
  Total Received: 3,694,715,887 bytes
  Avg Sent per Client (Total): 136,672,236.00 bytes
  Avg Received per Client (Total): 1,847,357,943.50 bytes
  Avg Sent per Client per Round: 7,592,902.00 bytes
  Avg Received per Client per Round: 102,630,996.86 bytes

=== Resource Usage Report ===
CPU Usage:
  Average of averages: 4.93%
  Overall Peak: 70.70%
  Overall Min: 0.00%
  Average per round Peak: 55.82%
  Average per round Min: 0.00%
Memory Usage:
  Average of averages: 1149.13 MB
  Overall Peak: 1720.18 MB
  Overall Min: 961.60 MB
  Average per round Peak: 1260.97 MB
  Average per round Min: 1095.31 MB
Available Memory:
  Average of averages: 589.69 MB
  Overall Peak: 2532.22 MB
  Overall Min: 125.25 MB
  Average per round Peak: 768.79 MB
  Average per round Min: 359.59 MB

Training complete.
