2025-04-14 22:03:58.444576: I tensorflow/core/util/port.cc:110] oneDNN custom operations are on. You may see slightly different numerical results due to floating-point round-off errors from different computation orders. To turn them off, set the environment variable `TF_ENABLE_ONEDNN_OPTS=0`.
2025-04-14 22:03:58.506413: I tensorflow/tsl/cuda/cudart_stub.cc:28] Could not find cuda drivers on your machine, GPU will not be used.
2025-04-14 22:03:58.999930: I tensorflow/tsl/cuda/cudart_stub.cc:28] Could not find cuda drivers on your machine, GPU will not be used.
2025-04-14 22:03:59.003249: I tensorflow/core/platform/cpu_feature_guard.cc:182] This TensorFlow binary is optimized to use available CPU instructions in performance-critical operations.
To enable the following instructions: AVX2 AVX512F AVX512_VNNI FMA, in other operations, rebuild TensorFlow with the appropriate compiler flags.
2025-04-14 22:04:04.432689: W tensorflow/compiler/tf2tensorrt/utils/py_utils.cc:38] TF-TRT Warning: Could not find TensorRT
Waiting for clients to connect...
Connected to ('127.0.0.1', 56166)
Connected to ('127.0.0.1', 56174)

--- Round 1/24 ---
Round 1 - Accuracy: 72.33%
F1 Score: 0.7005
Confusion Matrix:
[[ 38  62]
 [ 21 179]]
Classification Report:
              precision    recall  f1-score   support

         0.0     0.6441    0.3800    0.4780       100
         1.0     0.7427    0.8950    0.8118       200

    accuracy                         0.7233       300
   macro avg     0.6934    0.6375    0.6449       300
weighted avg     0.7098    0.7233    0.7005       300

Round 1 duration: 56.86 seconds

--- Round 2/24 ---
Round 2 - Accuracy: 50.33%
F1 Score: 0.4923
Confusion Matrix:
[[ 84  16]
 [133  67]]
Classification Report:
              precision    recall  f1-score   support

         0.0     0.3871    0.8400    0.5300       100
         1.0     0.8072    0.3350    0.4735       200

    accuracy                         0.5033       300
   macro avg     0.5972    0.5875    0.5017       300
weighted avg     0.6672    0.5033    0.4923       300

Round 2 duration: 30.84 seconds

--- Round 3/24 ---
/home/jmulvany/Thesis_BU/venv/lib/python3.10/site-packages/sklearn/metrics/_classification.py:1344: UndefinedMetricWarning: Precision and F-score are ill-defined and being set to 0.0 in labels with no predicted samples. Use `zero_division` parameter to control this behavior.
  _warn_prf(average, modifier, msg_start, len(result))
/home/jmulvany/Thesis_BU/venv/lib/python3.10/site-packages/sklearn/metrics/_classification.py:1344: UndefinedMetricWarning: Precision and F-score are ill-defined and being set to 0.0 in labels with no predicted samples. Use `zero_division` parameter to control this behavior.
  _warn_prf(average, modifier, msg_start, len(result))
/home/jmulvany/Thesis_BU/venv/lib/python3.10/site-packages/sklearn/metrics/_classification.py:1344: UndefinedMetricWarning: Precision and F-score are ill-defined and being set to 0.0 in labels with no predicted samples. Use `zero_division` parameter to control this behavior.
  _warn_prf(average, modifier, msg_start, len(result))
Round 3 - Accuracy: 33.33%
F1 Score: 0.1667
Confusion Matrix:
[[100   0]
 [200   0]]
Classification Report:
              precision    recall  f1-score   support

         0.0     0.3333    1.0000    0.5000       100
         1.0     0.0000    0.0000    0.0000       200

    accuracy                         0.3333       300
   macro avg     0.1667    0.5000    0.2500       300
weighted avg     0.1111    0.3333    0.1667       300

/home/jmulvany/Thesis_BU/venv/lib/python3.10/site-packages/sklearn/metrics/_classification.py:1344: UndefinedMetricWarning: Precision and F-score are ill-defined and being set to 0.0 in labels with no predicted samples. Use `zero_division` parameter to control this behavior.
  _warn_prf(average, modifier, msg_start, len(result))
/home/jmulvany/Thesis_BU/venv/lib/python3.10/site-packages/sklearn/metrics/_classification.py:1344: UndefinedMetricWarning: Precision and F-score are ill-defined and being set to 0.0 in labels with no predicted samples. Use `zero_division` parameter to control this behavior.
  _warn_prf(average, modifier, msg_start, len(result))
/home/jmulvany/Thesis_BU/venv/lib/python3.10/site-packages/sklearn/metrics/_classification.py:1344: UndefinedMetricWarning: Precision and F-score are ill-defined and being set to 0.0 in labels with no predicted samples. Use `zero_division` parameter to control this behavior.
  _warn_prf(average, modifier, msg_start, len(result))
Round 3 duration: 26.85 seconds

--- Round 4/24 ---
Round 4 - Accuracy: 42.67%
F1 Score: 0.3566
Confusion Matrix:
[[ 96   4]
 [168  32]]
Classification Report:
              precision    recall  f1-score   support

         0.0     0.3636    0.9600    0.5275       100
         1.0     0.8889    0.1600    0.2712       200

    accuracy                         0.4267       300
   macro avg     0.6263    0.5600    0.3993       300
weighted avg     0.7138    0.4267    0.3566       300

Round 4 duration: 48.89 seconds

--- Round 5/24 ---
/home/jmulvany/Thesis_BU/venv/lib/python3.10/site-packages/sklearn/metrics/_classification.py:1344: UndefinedMetricWarning: Precision and F-score are ill-defined and being set to 0.0 in labels with no predicted samples. Use `zero_division` parameter to control this behavior.
  _warn_prf(average, modifier, msg_start, len(result))
/home/jmulvany/Thesis_BU/venv/lib/python3.10/site-packages/sklearn/metrics/_classification.py:1344: UndefinedMetricWarning: Precision and F-score are ill-defined and being set to 0.0 in labels with no predicted samples. Use `zero_division` parameter to control this behavior.
  _warn_prf(average, modifier, msg_start, len(result))
/home/jmulvany/Thesis_BU/venv/lib/python3.10/site-packages/sklearn/metrics/_classification.py:1344: UndefinedMetricWarning: Precision and F-score are ill-defined and being set to 0.0 in labels with no predicted samples. Use `zero_division` parameter to control this behavior.
  _warn_prf(average, modifier, msg_start, len(result))
Round 5 - Accuracy: 33.33%
F1 Score: 0.1667
Confusion Matrix:
[[100   0]
 [200   0]]
Classification Report:
              precision    recall  f1-score   support

         0.0     0.3333    1.0000    0.5000       100
         1.0     0.0000    0.0000    0.0000       200

    accuracy                         0.3333       300
   macro avg     0.1667    0.5000    0.2500       300
weighted avg     0.1111    0.3333    0.1667       300

/home/jmulvany/Thesis_BU/venv/lib/python3.10/site-packages/sklearn/metrics/_classification.py:1344: UndefinedMetricWarning: Precision and F-score are ill-defined and being set to 0.0 in labels with no predicted samples. Use `zero_division` parameter to control this behavior.
  _warn_prf(average, modifier, msg_start, len(result))
/home/jmulvany/Thesis_BU/venv/lib/python3.10/site-packages/sklearn/metrics/_classification.py:1344: UndefinedMetricWarning: Precision and F-score are ill-defined and being set to 0.0 in labels with no predicted samples. Use `zero_division` parameter to control this behavior.
  _warn_prf(average, modifier, msg_start, len(result))
/home/jmulvany/Thesis_BU/venv/lib/python3.10/site-packages/sklearn/metrics/_classification.py:1344: UndefinedMetricWarning: Precision and F-score are ill-defined and being set to 0.0 in labels with no predicted samples. Use `zero_division` parameter to control this behavior.
  _warn_prf(average, modifier, msg_start, len(result))
Round 5 duration: 31.73 seconds

--- Round 6/24 ---
/home/jmulvany/Thesis_BU/venv/lib/python3.10/site-packages/sklearn/metrics/_classification.py:1344: UndefinedMetricWarning: Precision and F-score are ill-defined and being set to 0.0 in labels with no predicted samples. Use `zero_division` parameter to control this behavior.
  _warn_prf(average, modifier, msg_start, len(result))
/home/jmulvany/Thesis_BU/venv/lib/python3.10/site-packages/sklearn/metrics/_classification.py:1344: UndefinedMetricWarning: Precision and F-score are ill-defined and being set to 0.0 in labels with no predicted samples. Use `zero_division` parameter to control this behavior.
  _warn_prf(average, modifier, msg_start, len(result))
/home/jmulvany/Thesis_BU/venv/lib/python3.10/site-packages/sklearn/metrics/_classification.py:1344: UndefinedMetricWarning: Precision and F-score are ill-defined and being set to 0.0 in labels with no predicted samples. Use `zero_division` parameter to control this behavior.
  _warn_prf(average, modifier, msg_start, len(result))
Round 6 - Accuracy: 33.33%
F1 Score: 0.1667
Confusion Matrix:
[[100   0]
 [200   0]]
Classification Report:
              precision    recall  f1-score   support

         0.0     0.3333    1.0000    0.5000       100
         1.0     0.0000    0.0000    0.0000       200

    accuracy                         0.3333       300
   macro avg     0.1667    0.5000    0.2500       300
weighted avg     0.1111    0.3333    0.1667       300

/home/jmulvany/Thesis_BU/venv/lib/python3.10/site-packages/sklearn/metrics/_classification.py:1344: UndefinedMetricWarning: Precision and F-score are ill-defined and being set to 0.0 in labels with no predicted samples. Use `zero_division` parameter to control this behavior.
  _warn_prf(average, modifier, msg_start, len(result))
/home/jmulvany/Thesis_BU/venv/lib/python3.10/site-packages/sklearn/metrics/_classification.py:1344: UndefinedMetricWarning: Precision and F-score are ill-defined and being set to 0.0 in labels with no predicted samples. Use `zero_division` parameter to control this behavior.
  _warn_prf(average, modifier, msg_start, len(result))
/home/jmulvany/Thesis_BU/venv/lib/python3.10/site-packages/sklearn/metrics/_classification.py:1344: UndefinedMetricWarning: Precision and F-score are ill-defined and being set to 0.0 in labels with no predicted samples. Use `zero_division` parameter to control this behavior.
  _warn_prf(average, modifier, msg_start, len(result))
Round 6 duration: 36.46 seconds

--- Round 7/24 ---
/home/jmulvany/Thesis_BU/venv/lib/python3.10/site-packages/sklearn/metrics/_classification.py:1344: UndefinedMetricWarning: Precision and F-score are ill-defined and being set to 0.0 in labels with no predicted samples. Use `zero_division` parameter to control this behavior.
  _warn_prf(average, modifier, msg_start, len(result))
/home/jmulvany/Thesis_BU/venv/lib/python3.10/site-packages/sklearn/metrics/_classification.py:1344: UndefinedMetricWarning: Precision and F-score are ill-defined and being set to 0.0 in labels with no predicted samples. Use `zero_division` parameter to control this behavior.
  _warn_prf(average, modifier, msg_start, len(result))
/home/jmulvany/Thesis_BU/venv/lib/python3.10/site-packages/sklearn/metrics/_classification.py:1344: UndefinedMetricWarning: Precision and F-score are ill-defined and being set to 0.0 in labels with no predicted samples. Use `zero_division` parameter to control this behavior.
  _warn_prf(average, modifier, msg_start, len(result))
Round 7 - Accuracy: 66.67%
F1 Score: 0.5333
Confusion Matrix:
[[  0 100]
 [  0 200]]
Classification Report:
              precision    recall  f1-score   support

         0.0     0.0000    0.0000    0.0000       100
         1.0     0.6667    1.0000    0.8000       200

    accuracy                         0.6667       300
   macro avg     0.3333    0.5000    0.4000       300
weighted avg     0.4444    0.6667    0.5333       300

/home/jmulvany/Thesis_BU/venv/lib/python3.10/site-packages/sklearn/metrics/_classification.py:1344: UndefinedMetricWarning: Precision and F-score are ill-defined and being set to 0.0 in labels with no predicted samples. Use `zero_division` parameter to control this behavior.
  _warn_prf(average, modifier, msg_start, len(result))
/home/jmulvany/Thesis_BU/venv/lib/python3.10/site-packages/sklearn/metrics/_classification.py:1344: UndefinedMetricWarning: Precision and F-score are ill-defined and being set to 0.0 in labels with no predicted samples. Use `zero_division` parameter to control this behavior.
  _warn_prf(average, modifier, msg_start, len(result))
/home/jmulvany/Thesis_BU/venv/lib/python3.10/site-packages/sklearn/metrics/_classification.py:1344: UndefinedMetricWarning: Precision and F-score are ill-defined and being set to 0.0 in labels with no predicted samples. Use `zero_division` parameter to control this behavior.
  _warn_prf(average, modifier, msg_start, len(result))
Round 7 duration: 34.07 seconds

--- Round 8/24 ---
/home/jmulvany/Thesis_BU/venv/lib/python3.10/site-packages/sklearn/metrics/_classification.py:1344: UndefinedMetricWarning: Precision and F-score are ill-defined and being set to 0.0 in labels with no predicted samples. Use `zero_division` parameter to control this behavior.
  _warn_prf(average, modifier, msg_start, len(result))
/home/jmulvany/Thesis_BU/venv/lib/python3.10/site-packages/sklearn/metrics/_classification.py:1344: UndefinedMetricWarning: Precision and F-score are ill-defined and being set to 0.0 in labels with no predicted samples. Use `zero_division` parameter to control this behavior.
  _warn_prf(average, modifier, msg_start, len(result))
/home/jmulvany/Thesis_BU/venv/lib/python3.10/site-packages/sklearn/metrics/_classification.py:1344: UndefinedMetricWarning: Precision and F-score are ill-defined and being set to 0.0 in labels with no predicted samples. Use `zero_division` parameter to control this behavior.
  _warn_prf(average, modifier, msg_start, len(result))
Round 8 - Accuracy: 33.33%
F1 Score: 0.1667
Confusion Matrix:
[[100   0]
 [200   0]]
Classification Report:
              precision    recall  f1-score   support

         0.0     0.3333    1.0000    0.5000       100
         1.0     0.0000    0.0000    0.0000       200

    accuracy                         0.3333       300
   macro avg     0.1667    0.5000    0.2500       300
weighted avg     0.1111    0.3333    0.1667       300

/home/jmulvany/Thesis_BU/venv/lib/python3.10/site-packages/sklearn/metrics/_classification.py:1344: UndefinedMetricWarning: Precision and F-score are ill-defined and being set to 0.0 in labels with no predicted samples. Use `zero_division` parameter to control this behavior.
  _warn_prf(average, modifier, msg_start, len(result))
/home/jmulvany/Thesis_BU/venv/lib/python3.10/site-packages/sklearn/metrics/_classification.py:1344: UndefinedMetricWarning: Precision and F-score are ill-defined and being set to 0.0 in labels with no predicted samples. Use `zero_division` parameter to control this behavior.
  _warn_prf(average, modifier, msg_start, len(result))
/home/jmulvany/Thesis_BU/venv/lib/python3.10/site-packages/sklearn/metrics/_classification.py:1344: UndefinedMetricWarning: Precision and F-score are ill-defined and being set to 0.0 in labels with no predicted samples. Use `zero_division` parameter to control this behavior.
  _warn_prf(average, modifier, msg_start, len(result))
Round 8 duration: 31.87 seconds

--- Round 9/24 ---
/home/jmulvany/Thesis_BU/venv/lib/python3.10/site-packages/sklearn/metrics/_classification.py:1344: UndefinedMetricWarning: Precision and F-score are ill-defined and being set to 0.0 in labels with no predicted samples. Use `zero_division` parameter to control this behavior.
  _warn_prf(average, modifier, msg_start, len(result))
/home/jmulvany/Thesis_BU/venv/lib/python3.10/site-packages/sklearn/metrics/_classification.py:1344: UndefinedMetricWarning: Precision and F-score are ill-defined and being set to 0.0 in labels with no predicted samples. Use `zero_division` parameter to control this behavior.
  _warn_prf(average, modifier, msg_start, len(result))
/home/jmulvany/Thesis_BU/venv/lib/python3.10/site-packages/sklearn/metrics/_classification.py:1344: UndefinedMetricWarning: Precision and F-score are ill-defined and being set to 0.0 in labels with no predicted samples. Use `zero_division` parameter to control this behavior.
  _warn_prf(average, modifier, msg_start, len(result))
Round 9 - Accuracy: 33.33%
F1 Score: 0.1667
Confusion Matrix:
[[100   0]
 [200   0]]
Classification Report:
              precision    recall  f1-score   support

         0.0     0.3333    1.0000    0.5000       100
         1.0     0.0000    0.0000    0.0000       200

    accuracy                         0.3333       300
   macro avg     0.1667    0.5000    0.2500       300
weighted avg     0.1111    0.3333    0.1667       300

/home/jmulvany/Thesis_BU/venv/lib/python3.10/site-packages/sklearn/metrics/_classification.py:1344: UndefinedMetricWarning: Precision and F-score are ill-defined and being set to 0.0 in labels with no predicted samples. Use `zero_division` parameter to control this behavior.
  _warn_prf(average, modifier, msg_start, len(result))
/home/jmulvany/Thesis_BU/venv/lib/python3.10/site-packages/sklearn/metrics/_classification.py:1344: UndefinedMetricWarning: Precision and F-score are ill-defined and being set to 0.0 in labels with no predicted samples. Use `zero_division` parameter to control this behavior.
  _warn_prf(average, modifier, msg_start, len(result))
/home/jmulvany/Thesis_BU/venv/lib/python3.10/site-packages/sklearn/metrics/_classification.py:1344: UndefinedMetricWarning: Precision and F-score are ill-defined and being set to 0.0 in labels with no predicted samples. Use `zero_division` parameter to control this behavior.
  _warn_prf(average, modifier, msg_start, len(result))
Round 9 duration: 27.68 seconds

--- Round 10/24 ---
Round 10 - Accuracy: 87.00%
F1 Score: 0.8607
Confusion Matrix:
[[ 62  38]
 [  1 199]]
Classification Report:
              precision    recall  f1-score   support

         0.0     0.9841    0.6200    0.7607       100
         1.0     0.8397    0.9950    0.9108       200

    accuracy                         0.8700       300
   macro avg     0.9119    0.8075    0.8357       300
weighted avg     0.8878    0.8700    0.8607       300

Round 10 duration: 28.00 seconds

--- Round 11/24 ---
Round 11 - Accuracy: 87.00%
F1 Score: 0.8675
Confusion Matrix:
[[ 74  26]
 [ 13 187]]
Classification Report:
              precision    recall  f1-score   support

         0.0     0.8506    0.7400    0.7914       100
         1.0     0.8779    0.9350    0.9056       200

    accuracy                         0.8700       300
   macro avg     0.8643    0.8375    0.8485       300
weighted avg     0.8688    0.8700    0.8675       300

Round 11 duration: 32.15 seconds

--- Round 12/24 ---
Round 12 - Accuracy: 84.00%
F1 Score: 0.8438
Confusion Matrix:
[[ 90  10]
 [ 38 162]]
Classification Report:
              precision    recall  f1-score   support

         0.0     0.7031    0.9000    0.7895       100
         1.0     0.9419    0.8100    0.8710       200

    accuracy                         0.8400       300
   macro avg     0.8225    0.8550    0.8302       300
weighted avg     0.8623    0.8400    0.8438       300

Round 12 duration: 32.05 seconds

--- Round 13/24 ---
Round 13 - Accuracy: 90.67%
F1 Score: 0.9073
Confusion Matrix:
[[ 89  11]
 [ 17 183]]
Classification Report:
              precision    recall  f1-score   support

         0.0     0.8396    0.8900    0.8641       100
         1.0     0.9433    0.9150    0.9289       200

    accuracy                         0.9067       300
   macro avg     0.8915    0.9025    0.8965       300
weighted avg     0.9087    0.9067    0.9073       300


*** F1 threshold reached: 0.9073 >= 0.9. Stopping training early. ***

=== Timing Report ===
Total training time: 474.20 seconds
Average time per round: 36.48 seconds
Average time per round per client: 18.24 seconds
Round durations:
  Round 1: 56.86 seconds
  Round 2: 30.84 seconds
  Round 3: 26.85 seconds
  Round 4: 48.89 seconds
  Round 5: 31.73 seconds
  Round 6: 36.46 seconds
  Round 7: 34.07 seconds
  Round 8: 31.87 seconds
  Round 9: 27.68 seconds
  Round 10: 28.00 seconds
  Round 11: 32.15 seconds
  Round 12: 32.05 seconds
  Round 13: 56.74 seconds

=== Communication Overhead Report ===
Summary of Communication:
  Total Transferred: 2,387,604,011 bytes
  Total Sent: 197,415,452 bytes
  Total Received: 2,190,188,559 bytes
  Avg Sent per Client (Total): 98,707,726.00 bytes
  Avg Received per Client (Total): 1,095,094,279.50 bytes
  Avg Sent per Client per Round: 7,592,902.00 bytes
  Avg Received per Client per Round: 84,238,021.50 bytes

=== Resource Usage Report ===
CPU Usage:
  Average of averages: 3.27%
  Overall Peak: 55.95%
  Overall Min: 0.00%
  Average per round Peak: 39.12%
  Average per round Min: 0.00%
Memory Usage:
  Average of averages: 1441.09 MB
  Overall Peak: 1734.70 MB
  Overall Min: 683.71 MB
  Average per round Peak: 1564.44 MB
  Average per round Min: 1414.10 MB
Available Memory:
  Average of averages: 1059.60 MB
  Overall Peak: 3302.33 MB
  Overall Min: 569.98 MB
  Average per round Peak: 1203.27 MB
  Average per round Min: 864.39 MB

Training complete.
