2025-04-15 16:07:24.334700: I tensorflow/core/util/port.cc:110] oneDNN custom operations are on. You may see slightly different numerical results due to floating-point round-off errors from different computation orders. To turn them off, set the environment variable `TF_ENABLE_ONEDNN_OPTS=0`.
2025-04-15 16:07:24.361190: I tensorflow/tsl/cuda/cudart_stub.cc:28] Could not find cuda drivers on your machine, GPU will not be used.
2025-04-15 16:07:24.633962: I tensorflow/tsl/cuda/cudart_stub.cc:28] Could not find cuda drivers on your machine, GPU will not be used.
2025-04-15 16:07:24.635611: I tensorflow/core/platform/cpu_feature_guard.cc:182] This TensorFlow binary is optimized to use available CPU instructions in performance-critical operations.
To enable the following instructions: AVX2 AVX512F AVX512_VNNI FMA, in other operations, rebuild TensorFlow with the appropriate compiler flags.
2025-04-15 16:07:25.995717: W tensorflow/compiler/tf2tensorrt/utils/py_utils.cc:38] TF-TRT Warning: Could not find TensorRT
Waiting for clients to connect...
Connected to ('127.0.0.1', 52760)
Connected to ('127.0.0.1', 52764)

--- Round 1/25 ---
/home/jmulvany/Thesis_BU/venv/lib/python3.10/site-packages/sklearn/metrics/_classification.py:1344: UndefinedMetricWarning: Precision and F-score are ill-defined and being set to 0.0 in labels with no predicted samples. Use `zero_division` parameter to control this behavior.
  _warn_prf(average, modifier, msg_start, len(result))
/home/jmulvany/Thesis_BU/venv/lib/python3.10/site-packages/sklearn/metrics/_classification.py:1344: UndefinedMetricWarning: Precision and F-score are ill-defined and being set to 0.0 in labels with no predicted samples. Use `zero_division` parameter to control this behavior.
  _warn_prf(average, modifier, msg_start, len(result))
/home/jmulvany/Thesis_BU/venv/lib/python3.10/site-packages/sklearn/metrics/_classification.py:1344: UndefinedMetricWarning: Precision and F-score are ill-defined and being set to 0.0 in labels with no predicted samples. Use `zero_division` parameter to control this behavior.
  _warn_prf(average, modifier, msg_start, len(result))
Round 1 - Accuracy: 33.33%
F1 Score: 0.1667
Confusion Matrix:
[[100   0]
 [200   0]]
Classification Report:
              precision    recall  f1-score   support

         0.0     0.3333    1.0000    0.5000       100
         1.0     0.0000    0.0000    0.0000       200

    accuracy                         0.3333       300
   macro avg     0.1667    0.5000    0.2500       300
weighted avg     0.1111    0.3333    0.1667       300

/home/jmulvany/Thesis_BU/venv/lib/python3.10/site-packages/sklearn/metrics/_classification.py:1344: UndefinedMetricWarning: Precision and F-score are ill-defined and being set to 0.0 in labels with no predicted samples. Use `zero_division` parameter to control this behavior.
  _warn_prf(average, modifier, msg_start, len(result))
/home/jmulvany/Thesis_BU/venv/lib/python3.10/site-packages/sklearn/metrics/_classification.py:1344: UndefinedMetricWarning: Precision and F-score are ill-defined and being set to 0.0 in labels with no predicted samples. Use `zero_division` parameter to control this behavior.
  _warn_prf(average, modifier, msg_start, len(result))
/home/jmulvany/Thesis_BU/venv/lib/python3.10/site-packages/sklearn/metrics/_classification.py:1344: UndefinedMetricWarning: Precision and F-score are ill-defined and being set to 0.0 in labels with no predicted samples. Use `zero_division` parameter to control this behavior.
  _warn_prf(average, modifier, msg_start, len(result))
Round 1 duration: 29.86 seconds

--- Round 2/25 ---
Round 2 - Accuracy: 61.00%
F1 Score: 0.6104
Confusion Matrix:
[[ 91   9]
 [108  92]]
Classification Report:
              precision    recall  f1-score   support

         0.0     0.4573    0.9100    0.6087       100
         1.0     0.9109    0.4600    0.6113       200

    accuracy                         0.6100       300
   macro avg     0.6841    0.6850    0.6100       300
weighted avg     0.7597    0.6100    0.6104       300

Round 2 duration: 28.93 seconds

--- Round 3/25 ---
Round 3 - Accuracy: 55.67%
F1 Score: 0.5455
Confusion Matrix:
[[ 93   7]
 [126  74]]
Classification Report:
              precision    recall  f1-score   support

         0.0     0.4247    0.9300    0.5831       100
         1.0     0.9136    0.3700    0.5267       200

    accuracy                         0.5567       300
   macro avg     0.6691    0.6500    0.5549       300
weighted avg     0.7506    0.5567    0.5455       300

Round 3 duration: 26.88 seconds

--- Round 4/25 ---
/home/jmulvany/Thesis_BU/venv/lib/python3.10/site-packages/sklearn/metrics/_classification.py:1344: UndefinedMetricWarning: Precision and F-score are ill-defined and being set to 0.0 in labels with no predicted samples. Use `zero_division` parameter to control this behavior.
  _warn_prf(average, modifier, msg_start, len(result))
/home/jmulvany/Thesis_BU/venv/lib/python3.10/site-packages/sklearn/metrics/_classification.py:1344: UndefinedMetricWarning: Precision and F-score are ill-defined and being set to 0.0 in labels with no predicted samples. Use `zero_division` parameter to control this behavior.
  _warn_prf(average, modifier, msg_start, len(result))
/home/jmulvany/Thesis_BU/venv/lib/python3.10/site-packages/sklearn/metrics/_classification.py:1344: UndefinedMetricWarning: Precision and F-score are ill-defined and being set to 0.0 in labels with no predicted samples. Use `zero_division` parameter to control this behavior.
  _warn_prf(average, modifier, msg_start, len(result))
Round 4 - Accuracy: 33.33%
F1 Score: 0.1667
Confusion Matrix:
[[100   0]
 [200   0]]
Classification Report:
              precision    recall  f1-score   support

         0.0     0.3333    1.0000    0.5000       100
         1.0     0.0000    0.0000    0.0000       200

    accuracy                         0.3333       300
   macro avg     0.1667    0.5000    0.2500       300
weighted avg     0.1111    0.3333    0.1667       300

/home/jmulvany/Thesis_BU/venv/lib/python3.10/site-packages/sklearn/metrics/_classification.py:1344: UndefinedMetricWarning: Precision and F-score are ill-defined and being set to 0.0 in labels with no predicted samples. Use `zero_division` parameter to control this behavior.
  _warn_prf(average, modifier, msg_start, len(result))
/home/jmulvany/Thesis_BU/venv/lib/python3.10/site-packages/sklearn/metrics/_classification.py:1344: UndefinedMetricWarning: Precision and F-score are ill-defined and being set to 0.0 in labels with no predicted samples. Use `zero_division` parameter to control this behavior.
  _warn_prf(average, modifier, msg_start, len(result))
/home/jmulvany/Thesis_BU/venv/lib/python3.10/site-packages/sklearn/metrics/_classification.py:1344: UndefinedMetricWarning: Precision and F-score are ill-defined and being set to 0.0 in labels with no predicted samples. Use `zero_division` parameter to control this behavior.
  _warn_prf(average, modifier, msg_start, len(result))
Round 4 duration: 27.16 seconds

--- Round 5/25 ---
/home/jmulvany/Thesis_BU/venv/lib/python3.10/site-packages/sklearn/metrics/_classification.py:1344: UndefinedMetricWarning: Precision and F-score are ill-defined and being set to 0.0 in labels with no predicted samples. Use `zero_division` parameter to control this behavior.
  _warn_prf(average, modifier, msg_start, len(result))
/home/jmulvany/Thesis_BU/venv/lib/python3.10/site-packages/sklearn/metrics/_classification.py:1344: UndefinedMetricWarning: Precision and F-score are ill-defined and being set to 0.0 in labels with no predicted samples. Use `zero_division` parameter to control this behavior.
  _warn_prf(average, modifier, msg_start, len(result))
/home/jmulvany/Thesis_BU/venv/lib/python3.10/site-packages/sklearn/metrics/_classification.py:1344: UndefinedMetricWarning: Precision and F-score are ill-defined and being set to 0.0 in labels with no predicted samples. Use `zero_division` parameter to control this behavior.
  _warn_prf(average, modifier, msg_start, len(result))
Round 5 - Accuracy: 33.33%
F1 Score: 0.1667
Confusion Matrix:
[[100   0]
 [200   0]]
Classification Report:
              precision    recall  f1-score   support

         0.0     0.3333    1.0000    0.5000       100
         1.0     0.0000    0.0000    0.0000       200

    accuracy                         0.3333       300
   macro avg     0.1667    0.5000    0.2500       300
weighted avg     0.1111    0.3333    0.1667       300

/home/jmulvany/Thesis_BU/venv/lib/python3.10/site-packages/sklearn/metrics/_classification.py:1344: UndefinedMetricWarning: Precision and F-score are ill-defined and being set to 0.0 in labels with no predicted samples. Use `zero_division` parameter to control this behavior.
  _warn_prf(average, modifier, msg_start, len(result))
/home/jmulvany/Thesis_BU/venv/lib/python3.10/site-packages/sklearn/metrics/_classification.py:1344: UndefinedMetricWarning: Precision and F-score are ill-defined and being set to 0.0 in labels with no predicted samples. Use `zero_division` parameter to control this behavior.
  _warn_prf(average, modifier, msg_start, len(result))
/home/jmulvany/Thesis_BU/venv/lib/python3.10/site-packages/sklearn/metrics/_classification.py:1344: UndefinedMetricWarning: Precision and F-score are ill-defined and being set to 0.0 in labels with no predicted samples. Use `zero_division` parameter to control this behavior.
  _warn_prf(average, modifier, msg_start, len(result))
Round 5 duration: 26.47 seconds

--- Round 6/25 ---
/home/jmulvany/Thesis_BU/venv/lib/python3.10/site-packages/sklearn/metrics/_classification.py:1344: UndefinedMetricWarning: Precision and F-score are ill-defined and being set to 0.0 in labels with no predicted samples. Use `zero_division` parameter to control this behavior.
  _warn_prf(average, modifier, msg_start, len(result))
/home/jmulvany/Thesis_BU/venv/lib/python3.10/site-packages/sklearn/metrics/_classification.py:1344: UndefinedMetricWarning: Precision and F-score are ill-defined and being set to 0.0 in labels with no predicted samples. Use `zero_division` parameter to control this behavior.
  _warn_prf(average, modifier, msg_start, len(result))
/home/jmulvany/Thesis_BU/venv/lib/python3.10/site-packages/sklearn/metrics/_classification.py:1344: UndefinedMetricWarning: Precision and F-score are ill-defined and being set to 0.0 in labels with no predicted samples. Use `zero_division` parameter to control this behavior.
  _warn_prf(average, modifier, msg_start, len(result))
Round 6 - Accuracy: 33.33%
F1 Score: 0.1667
Confusion Matrix:
[[100   0]
 [200   0]]
Classification Report:
              precision    recall  f1-score   support

         0.0     0.3333    1.0000    0.5000       100
         1.0     0.0000    0.0000    0.0000       200

    accuracy                         0.3333       300
   macro avg     0.1667    0.5000    0.2500       300
weighted avg     0.1111    0.3333    0.1667       300

/home/jmulvany/Thesis_BU/venv/lib/python3.10/site-packages/sklearn/metrics/_classification.py:1344: UndefinedMetricWarning: Precision and F-score are ill-defined and being set to 0.0 in labels with no predicted samples. Use `zero_division` parameter to control this behavior.
  _warn_prf(average, modifier, msg_start, len(result))
/home/jmulvany/Thesis_BU/venv/lib/python3.10/site-packages/sklearn/metrics/_classification.py:1344: UndefinedMetricWarning: Precision and F-score are ill-defined and being set to 0.0 in labels with no predicted samples. Use `zero_division` parameter to control this behavior.
  _warn_prf(average, modifier, msg_start, len(result))
/home/jmulvany/Thesis_BU/venv/lib/python3.10/site-packages/sklearn/metrics/_classification.py:1344: UndefinedMetricWarning: Precision and F-score are ill-defined and being set to 0.0 in labels with no predicted samples. Use `zero_division` parameter to control this behavior.
  _warn_prf(average, modifier, msg_start, len(result))
Round 6 duration: 25.21 seconds

--- Round 7/25 ---
/home/jmulvany/Thesis_BU/venv/lib/python3.10/site-packages/sklearn/metrics/_classification.py:1344: UndefinedMetricWarning: Precision and F-score are ill-defined and being set to 0.0 in labels with no predicted samples. Use `zero_division` parameter to control this behavior.
  _warn_prf(average, modifier, msg_start, len(result))
/home/jmulvany/Thesis_BU/venv/lib/python3.10/site-packages/sklearn/metrics/_classification.py:1344: UndefinedMetricWarning: Precision and F-score are ill-defined and being set to 0.0 in labels with no predicted samples. Use `zero_division` parameter to control this behavior.
  _warn_prf(average, modifier, msg_start, len(result))
/home/jmulvany/Thesis_BU/venv/lib/python3.10/site-packages/sklearn/metrics/_classification.py:1344: UndefinedMetricWarning: Precision and F-score are ill-defined and being set to 0.0 in labels with no predicted samples. Use `zero_division` parameter to control this behavior.
  _warn_prf(average, modifier, msg_start, len(result))
Round 7 - Accuracy: 33.33%
F1 Score: 0.1667
Confusion Matrix:
[[100   0]
 [200   0]]
Classification Report:
              precision    recall  f1-score   support

         0.0     0.3333    1.0000    0.5000       100
         1.0     0.0000    0.0000    0.0000       200

    accuracy                         0.3333       300
   macro avg     0.1667    0.5000    0.2500       300
weighted avg     0.1111    0.3333    0.1667       300

/home/jmulvany/Thesis_BU/venv/lib/python3.10/site-packages/sklearn/metrics/_classification.py:1344: UndefinedMetricWarning: Precision and F-score are ill-defined and being set to 0.0 in labels with no predicted samples. Use `zero_division` parameter to control this behavior.
  _warn_prf(average, modifier, msg_start, len(result))
/home/jmulvany/Thesis_BU/venv/lib/python3.10/site-packages/sklearn/metrics/_classification.py:1344: UndefinedMetricWarning: Precision and F-score are ill-defined and being set to 0.0 in labels with no predicted samples. Use `zero_division` parameter to control this behavior.
  _warn_prf(average, modifier, msg_start, len(result))
/home/jmulvany/Thesis_BU/venv/lib/python3.10/site-packages/sklearn/metrics/_classification.py:1344: UndefinedMetricWarning: Precision and F-score are ill-defined and being set to 0.0 in labels with no predicted samples. Use `zero_division` parameter to control this behavior.
  _warn_prf(average, modifier, msg_start, len(result))
Round 7 duration: 24.12 seconds

--- Round 8/25 ---
Round 8 - Accuracy: 48.00%
F1 Score: 0.4426
Confusion Matrix:
[[ 94   6]
 [150  50]]
Classification Report:
              precision    recall  f1-score   support

         0.0     0.3852    0.9400    0.5465       100
         1.0     0.8929    0.2500    0.3906       200

    accuracy                         0.4800       300
   macro avg     0.6391    0.5950    0.4686       300
weighted avg     0.7237    0.4800    0.4426       300

Round 8 duration: 24.48 seconds

--- Round 9/25 ---
Round 9 - Accuracy: 55.67%
F1 Score: 0.5494
Confusion Matrix:
[[ 90  10]
 [123  77]]
Classification Report:
              precision    recall  f1-score   support

         0.0     0.4225    0.9000    0.5751       100
         1.0     0.8851    0.3850    0.5366       200

    accuracy                         0.5567       300
   macro avg     0.6538    0.6425    0.5558       300
weighted avg     0.7309    0.5567    0.5494       300

Round 9 duration: 52.12 seconds

--- Round 10/25 ---
Round 10 - Accuracy: 82.33%
F1 Score: 0.8117
Confusion Matrix:
[[ 56  44]
 [  9 191]]
Classification Report:
              precision    recall  f1-score   support

         0.0     0.8615    0.5600    0.6788       100
         1.0     0.8128    0.9550    0.8782       200

    accuracy                         0.8233       300
   macro avg     0.8372    0.7575    0.7785       300
weighted avg     0.8290    0.8233    0.8117       300

Round 10 duration: 31.56 seconds

--- Round 11/25 ---
Round 11 - Accuracy: 89.67%
F1 Score: 0.8919
Confusion Matrix:
[[ 71  29]
 [  2 198]]
Classification Report:
              precision    recall  f1-score   support

         0.0     0.9726    0.7100    0.8208       100
         1.0     0.8722    0.9900    0.9274       200

    accuracy                         0.8967       300
   macro avg     0.9224    0.8500    0.8741       300
weighted avg     0.9057    0.8967    0.8919       300

Round 11 duration: 32.84 seconds

--- Round 12/25 ---
Round 12 - Accuracy: 89.67%
F1 Score: 0.8909
Confusion Matrix:
[[ 69  31]
 [  0 200]]
Classification Report:
              precision    recall  f1-score   support

         0.0     1.0000    0.6900    0.8166       100
         1.0     0.8658    1.0000    0.9281       200

    accuracy                         0.8967       300
   macro avg     0.9329    0.8450    0.8723       300
weighted avg     0.9105    0.8967    0.8909       300

Round 12 duration: 24.67 seconds

--- Round 13/25 ---
Round 13 - Accuracy: 89.67%
F1 Score: 0.8928
Confusion Matrix:
[[ 73  27]
 [  4 196]]
Classification Report:
              precision    recall  f1-score   support

         0.0     0.9481    0.7300    0.8249       100
         1.0     0.8789    0.9800    0.9267       200

    accuracy                         0.8967       300
   macro avg     0.9135    0.8550    0.8758       300
weighted avg     0.9020    0.8967    0.8928       300

Round 13 duration: 25.19 seconds

--- Round 14/25 ---
Round 14 - Accuracy: 90.33%
F1 Score: 0.8997
Confusion Matrix:
[[ 74  26]
 [  3 197]]
Classification Report:
              precision    recall  f1-score   support

         0.0     0.9610    0.7400    0.8362       100
         1.0     0.8834    0.9850    0.9314       200

    accuracy                         0.9033       300
   macro avg     0.9222    0.8625    0.8838       300
weighted avg     0.9093    0.9033    0.8997       300

Round 14 duration: 27.45 seconds

--- Round 15/25 ---
Round 15 - Accuracy: 89.00%
F1 Score: 0.8833
Confusion Matrix:
[[ 67  33]
 [  0 200]]
Classification Report:
              precision    recall  f1-score   support

         0.0     1.0000    0.6700    0.8024       100
         1.0     0.8584    1.0000    0.9238       200

    accuracy                         0.8900       300
   macro avg     0.9292    0.8350    0.8631       300
weighted avg     0.9056    0.8900    0.8833       300

Round 15 duration: 27.22 seconds

--- Round 16/25 ---
Round 16 - Accuracy: 89.00%
F1 Score: 0.8849
Confusion Matrix:
[[ 70  30]
 [  3 197]]
Classification Report:
              precision    recall  f1-score   support

         0.0     0.9589    0.7000    0.8092       100
         1.0     0.8678    0.9850    0.9227       200

    accuracy                         0.8900       300
   macro avg     0.9134    0.8425    0.8660       300
weighted avg     0.8982    0.8900    0.8849       300

Round 16 duration: 27.85 seconds

--- Round 17/25 ---
Round 17 - Accuracy: 54.67%
F1 Score: 0.5216
Confusion Matrix:
[[100   0]
 [136  64]]
Classification Report:
              precision    recall  f1-score   support

         0.0     0.4237    1.0000    0.5952       100
         1.0     1.0000    0.3200    0.4848       200

    accuracy                         0.5467       300
   macro avg     0.7119    0.6600    0.5400       300
weighted avg     0.8079    0.5467    0.5216       300

Round 17 duration: 26.88 seconds

--- Round 18/25 ---
Round 18 - Accuracy: 90.00%
F1 Score: 0.9002
Confusion Matrix:
[[ 86  14]
 [ 16 184]]
Classification Report:
              precision    recall  f1-score   support

         0.0     0.8431    0.8600    0.8515       100
         1.0     0.9293    0.9200    0.9246       200

    accuracy                         0.9000       300
   macro avg     0.8862    0.8900    0.8881       300
weighted avg     0.9006    0.9000    0.9002       300


*** F1 threshold reached: 0.9002 >= 0.9. Stopping training early. ***

=== Timing Report ===
Total training time: 516.44 seconds
Average time per round: 28.69 seconds
Average time per round per client: 14.35 seconds
Round durations:
  Round 1: 29.86 seconds
  Round 2: 28.93 seconds
  Round 3: 26.88 seconds
  Round 4: 27.16 seconds
  Round 5: 26.47 seconds
  Round 6: 25.21 seconds
  Round 7: 24.12 seconds
  Round 8: 24.48 seconds
  Round 9: 52.12 seconds
  Round 10: 31.56 seconds
  Round 11: 32.84 seconds
  Round 12: 24.67 seconds
  Round 13: 25.19 seconds
  Round 14: 27.45 seconds
  Round 15: 27.22 seconds
  Round 16: 27.85 seconds
  Round 17: 26.88 seconds
  Round 18: 27.54 seconds

=== Communication Overhead Report ===
Summary of Communication:
  Total Transferred: 2,543,974,538 bytes
  Total Sent: 273,344,472 bytes
  Total Received: 2,270,630,066 bytes
  Avg Sent per Client (Total): 136,672,236.00 bytes
  Avg Received per Client (Total): 1,135,315,033.00 bytes
  Avg Sent per Client per Round: 7,592,902.00 bytes
  Avg Received per Client per Round: 63,073,057.39 bytes

=== Resource Usage Report ===
CPU Usage:
  Average of averages: 2.84%
  Overall Peak: 54.90%
  Overall Min: 0.00%
  Average per round Peak: 32.49%
  Average per round Min: 0.00%
Memory Usage:
  Average of averages: 1314.45 MB
  Overall Peak: 1482.70 MB
  Overall Min: 687.49 MB
  Average per round Peak: 1399.45 MB
  Average per round Min: 1299.45 MB
Available Memory:
  Average of averages: 1213.61 MB
  Overall Peak: 3497.11 MB
  Overall Min: 862.07 MB
  Average per round Peak: 1312.33 MB
  Average per round Min: 1057.91 MB

Training complete.
