2025-04-15 11:21:40.353793: I tensorflow/core/util/port.cc:110] oneDNN custom operations are on. You may see slightly different numerical results due to floating-point round-off errors from different computation orders. To turn them off, set the environment variable `TF_ENABLE_ONEDNN_OPTS=0`.
2025-04-15 11:21:40.387044: I tensorflow/tsl/cuda/cudart_stub.cc:28] Could not find cuda drivers on your machine, GPU will not be used.
2025-04-15 11:21:40.793761: I tensorflow/tsl/cuda/cudart_stub.cc:28] Could not find cuda drivers on your machine, GPU will not be used.
2025-04-15 11:21:40.795873: I tensorflow/core/platform/cpu_feature_guard.cc:182] This TensorFlow binary is optimized to use available CPU instructions in performance-critical operations.
To enable the following instructions: AVX2 AVX512F AVX512_VNNI FMA, in other operations, rebuild TensorFlow with the appropriate compiler flags.
2025-04-15 11:21:42.407672: W tensorflow/compiler/tf2tensorrt/utils/py_utils.cc:38] TF-TRT Warning: Could not find TensorRT
Waiting for clients to connect...
Connected to ('127.0.0.1', 58200)
Connected to ('127.0.0.1', 58216)

--- Round 1/25 ---
/home/jmulvany/Thesis_BU/venv/lib/python3.10/site-packages/sklearn/metrics/_classification.py:1344: UndefinedMetricWarning: Precision and F-score are ill-defined and being set to 0.0 in labels with no predicted samples. Use `zero_division` parameter to control this behavior.
  _warn_prf(average, modifier, msg_start, len(result))
/home/jmulvany/Thesis_BU/venv/lib/python3.10/site-packages/sklearn/metrics/_classification.py:1344: UndefinedMetricWarning: Precision and F-score are ill-defined and being set to 0.0 in labels with no predicted samples. Use `zero_division` parameter to control this behavior.
  _warn_prf(average, modifier, msg_start, len(result))
/home/jmulvany/Thesis_BU/venv/lib/python3.10/site-packages/sklearn/metrics/_classification.py:1344: UndefinedMetricWarning: Precision and F-score are ill-defined and being set to 0.0 in labels with no predicted samples. Use `zero_division` parameter to control this behavior.
  _warn_prf(average, modifier, msg_start, len(result))
Round 1 - Accuracy: 66.67%
F1 Score: 0.5333
Confusion Matrix:
[[  0 100]
 [  0 200]]
Classification Report:
              precision    recall  f1-score   support

         0.0     0.0000    0.0000    0.0000       100
         1.0     0.6667    1.0000    0.8000       200

    accuracy                         0.6667       300
   macro avg     0.3333    0.5000    0.4000       300
weighted avg     0.4444    0.6667    0.5333       300

/home/jmulvany/Thesis_BU/venv/lib/python3.10/site-packages/sklearn/metrics/_classification.py:1344: UndefinedMetricWarning: Precision and F-score are ill-defined and being set to 0.0 in labels with no predicted samples. Use `zero_division` parameter to control this behavior.
  _warn_prf(average, modifier, msg_start, len(result))
/home/jmulvany/Thesis_BU/venv/lib/python3.10/site-packages/sklearn/metrics/_classification.py:1344: UndefinedMetricWarning: Precision and F-score are ill-defined and being set to 0.0 in labels with no predicted samples. Use `zero_division` parameter to control this behavior.
  _warn_prf(average, modifier, msg_start, len(result))
/home/jmulvany/Thesis_BU/venv/lib/python3.10/site-packages/sklearn/metrics/_classification.py:1344: UndefinedMetricWarning: Precision and F-score are ill-defined and being set to 0.0 in labels with no predicted samples. Use `zero_division` parameter to control this behavior.
  _warn_prf(average, modifier, msg_start, len(result))
Round 1 duration: 33.16 seconds

--- Round 2/25 ---
/home/jmulvany/Thesis_BU/venv/lib/python3.10/site-packages/sklearn/metrics/_classification.py:1344: UndefinedMetricWarning: Precision and F-score are ill-defined and being set to 0.0 in labels with no predicted samples. Use `zero_division` parameter to control this behavior.
  _warn_prf(average, modifier, msg_start, len(result))
/home/jmulvany/Thesis_BU/venv/lib/python3.10/site-packages/sklearn/metrics/_classification.py:1344: UndefinedMetricWarning: Precision and F-score are ill-defined and being set to 0.0 in labels with no predicted samples. Use `zero_division` parameter to control this behavior.
  _warn_prf(average, modifier, msg_start, len(result))
/home/jmulvany/Thesis_BU/venv/lib/python3.10/site-packages/sklearn/metrics/_classification.py:1344: UndefinedMetricWarning: Precision and F-score are ill-defined and being set to 0.0 in labels with no predicted samples. Use `zero_division` parameter to control this behavior.
  _warn_prf(average, modifier, msg_start, len(result))
Round 2 - Accuracy: 66.67%
F1 Score: 0.5333
Confusion Matrix:
[[  0 100]
 [  0 200]]
Classification Report:
              precision    recall  f1-score   support

         0.0     0.0000    0.0000    0.0000       100
         1.0     0.6667    1.0000    0.8000       200

    accuracy                         0.6667       300
   macro avg     0.3333    0.5000    0.4000       300
weighted avg     0.4444    0.6667    0.5333       300

/home/jmulvany/Thesis_BU/venv/lib/python3.10/site-packages/sklearn/metrics/_classification.py:1344: UndefinedMetricWarning: Precision and F-score are ill-defined and being set to 0.0 in labels with no predicted samples. Use `zero_division` parameter to control this behavior.
  _warn_prf(average, modifier, msg_start, len(result))
/home/jmulvany/Thesis_BU/venv/lib/python3.10/site-packages/sklearn/metrics/_classification.py:1344: UndefinedMetricWarning: Precision and F-score are ill-defined and being set to 0.0 in labels with no predicted samples. Use `zero_division` parameter to control this behavior.
  _warn_prf(average, modifier, msg_start, len(result))
/home/jmulvany/Thesis_BU/venv/lib/python3.10/site-packages/sklearn/metrics/_classification.py:1344: UndefinedMetricWarning: Precision and F-score are ill-defined and being set to 0.0 in labels with no predicted samples. Use `zero_division` parameter to control this behavior.
  _warn_prf(average, modifier, msg_start, len(result))
Round 2 duration: 24.37 seconds

--- Round 3/25 ---
/home/jmulvany/Thesis_BU/venv/lib/python3.10/site-packages/sklearn/metrics/_classification.py:1344: UndefinedMetricWarning: Precision and F-score are ill-defined and being set to 0.0 in labels with no predicted samples. Use `zero_division` parameter to control this behavior.
  _warn_prf(average, modifier, msg_start, len(result))
/home/jmulvany/Thesis_BU/venv/lib/python3.10/site-packages/sklearn/metrics/_classification.py:1344: UndefinedMetricWarning: Precision and F-score are ill-defined and being set to 0.0 in labels with no predicted samples. Use `zero_division` parameter to control this behavior.
  _warn_prf(average, modifier, msg_start, len(result))
/home/jmulvany/Thesis_BU/venv/lib/python3.10/site-packages/sklearn/metrics/_classification.py:1344: UndefinedMetricWarning: Precision and F-score are ill-defined and being set to 0.0 in labels with no predicted samples. Use `zero_division` parameter to control this behavior.
  _warn_prf(average, modifier, msg_start, len(result))
Round 3 - Accuracy: 66.67%
F1 Score: 0.5333
Confusion Matrix:
[[  0 100]
 [  0 200]]
Classification Report:
              precision    recall  f1-score   support

         0.0     0.0000    0.0000    0.0000       100
         1.0     0.6667    1.0000    0.8000       200

    accuracy                         0.6667       300
   macro avg     0.3333    0.5000    0.4000       300
weighted avg     0.4444    0.6667    0.5333       300

/home/jmulvany/Thesis_BU/venv/lib/python3.10/site-packages/sklearn/metrics/_classification.py:1344: UndefinedMetricWarning: Precision and F-score are ill-defined and being set to 0.0 in labels with no predicted samples. Use `zero_division` parameter to control this behavior.
  _warn_prf(average, modifier, msg_start, len(result))
/home/jmulvany/Thesis_BU/venv/lib/python3.10/site-packages/sklearn/metrics/_classification.py:1344: UndefinedMetricWarning: Precision and F-score are ill-defined and being set to 0.0 in labels with no predicted samples. Use `zero_division` parameter to control this behavior.
  _warn_prf(average, modifier, msg_start, len(result))
/home/jmulvany/Thesis_BU/venv/lib/python3.10/site-packages/sklearn/metrics/_classification.py:1344: UndefinedMetricWarning: Precision and F-score are ill-defined and being set to 0.0 in labels with no predicted samples. Use `zero_division` parameter to control this behavior.
  _warn_prf(average, modifier, msg_start, len(result))
Round 3 duration: 26.44 seconds

--- Round 4/25 ---
/home/jmulvany/Thesis_BU/venv/lib/python3.10/site-packages/sklearn/metrics/_classification.py:1344: UndefinedMetricWarning: Precision and F-score are ill-defined and being set to 0.0 in labels with no predicted samples. Use `zero_division` parameter to control this behavior.
  _warn_prf(average, modifier, msg_start, len(result))
/home/jmulvany/Thesis_BU/venv/lib/python3.10/site-packages/sklearn/metrics/_classification.py:1344: UndefinedMetricWarning: Precision and F-score are ill-defined and being set to 0.0 in labels with no predicted samples. Use `zero_division` parameter to control this behavior.
  _warn_prf(average, modifier, msg_start, len(result))
/home/jmulvany/Thesis_BU/venv/lib/python3.10/site-packages/sklearn/metrics/_classification.py:1344: UndefinedMetricWarning: Precision and F-score are ill-defined and being set to 0.0 in labels with no predicted samples. Use `zero_division` parameter to control this behavior.
  _warn_prf(average, modifier, msg_start, len(result))
Round 4 - Accuracy: 66.67%
F1 Score: 0.5333
Confusion Matrix:
[[  0 100]
 [  0 200]]
Classification Report:
              precision    recall  f1-score   support

         0.0     0.0000    0.0000    0.0000       100
         1.0     0.6667    1.0000    0.8000       200

    accuracy                         0.6667       300
   macro avg     0.3333    0.5000    0.4000       300
weighted avg     0.4444    0.6667    0.5333       300

/home/jmulvany/Thesis_BU/venv/lib/python3.10/site-packages/sklearn/metrics/_classification.py:1344: UndefinedMetricWarning: Precision and F-score are ill-defined and being set to 0.0 in labels with no predicted samples. Use `zero_division` parameter to control this behavior.
  _warn_prf(average, modifier, msg_start, len(result))
/home/jmulvany/Thesis_BU/venv/lib/python3.10/site-packages/sklearn/metrics/_classification.py:1344: UndefinedMetricWarning: Precision and F-score are ill-defined and being set to 0.0 in labels with no predicted samples. Use `zero_division` parameter to control this behavior.
  _warn_prf(average, modifier, msg_start, len(result))
/home/jmulvany/Thesis_BU/venv/lib/python3.10/site-packages/sklearn/metrics/_classification.py:1344: UndefinedMetricWarning: Precision and F-score are ill-defined and being set to 0.0 in labels with no predicted samples. Use `zero_division` parameter to control this behavior.
  _warn_prf(average, modifier, msg_start, len(result))
Round 4 duration: 26.71 seconds

--- Round 5/25 ---
/home/jmulvany/Thesis_BU/venv/lib/python3.10/site-packages/sklearn/metrics/_classification.py:1344: UndefinedMetricWarning: Precision and F-score are ill-defined and being set to 0.0 in labels with no predicted samples. Use `zero_division` parameter to control this behavior.
  _warn_prf(average, modifier, msg_start, len(result))
/home/jmulvany/Thesis_BU/venv/lib/python3.10/site-packages/sklearn/metrics/_classification.py:1344: UndefinedMetricWarning: Precision and F-score are ill-defined and being set to 0.0 in labels with no predicted samples. Use `zero_division` parameter to control this behavior.
  _warn_prf(average, modifier, msg_start, len(result))
/home/jmulvany/Thesis_BU/venv/lib/python3.10/site-packages/sklearn/metrics/_classification.py:1344: UndefinedMetricWarning: Precision and F-score are ill-defined and being set to 0.0 in labels with no predicted samples. Use `zero_division` parameter to control this behavior.
  _warn_prf(average, modifier, msg_start, len(result))
Round 5 - Accuracy: 66.67%
F1 Score: 0.5333
Confusion Matrix:
[[  0 100]
 [  0 200]]
Classification Report:
              precision    recall  f1-score   support

         0.0     0.0000    0.0000    0.0000       100
         1.0     0.6667    1.0000    0.8000       200

    accuracy                         0.6667       300
   macro avg     0.3333    0.5000    0.4000       300
weighted avg     0.4444    0.6667    0.5333       300

/home/jmulvany/Thesis_BU/venv/lib/python3.10/site-packages/sklearn/metrics/_classification.py:1344: UndefinedMetricWarning: Precision and F-score are ill-defined and being set to 0.0 in labels with no predicted samples. Use `zero_division` parameter to control this behavior.
  _warn_prf(average, modifier, msg_start, len(result))
/home/jmulvany/Thesis_BU/venv/lib/python3.10/site-packages/sklearn/metrics/_classification.py:1344: UndefinedMetricWarning: Precision and F-score are ill-defined and being set to 0.0 in labels with no predicted samples. Use `zero_division` parameter to control this behavior.
  _warn_prf(average, modifier, msg_start, len(result))
/home/jmulvany/Thesis_BU/venv/lib/python3.10/site-packages/sklearn/metrics/_classification.py:1344: UndefinedMetricWarning: Precision and F-score are ill-defined and being set to 0.0 in labels with no predicted samples. Use `zero_division` parameter to control this behavior.
  _warn_prf(average, modifier, msg_start, len(result))
Round 5 duration: 26.16 seconds

--- Round 6/25 ---
/home/jmulvany/Thesis_BU/venv/lib/python3.10/site-packages/sklearn/metrics/_classification.py:1344: UndefinedMetricWarning: Precision and F-score are ill-defined and being set to 0.0 in labels with no predicted samples. Use `zero_division` parameter to control this behavior.
  _warn_prf(average, modifier, msg_start, len(result))
/home/jmulvany/Thesis_BU/venv/lib/python3.10/site-packages/sklearn/metrics/_classification.py:1344: UndefinedMetricWarning: Precision and F-score are ill-defined and being set to 0.0 in labels with no predicted samples. Use `zero_division` parameter to control this behavior.
  _warn_prf(average, modifier, msg_start, len(result))
/home/jmulvany/Thesis_BU/venv/lib/python3.10/site-packages/sklearn/metrics/_classification.py:1344: UndefinedMetricWarning: Precision and F-score are ill-defined and being set to 0.0 in labels with no predicted samples. Use `zero_division` parameter to control this behavior.
  _warn_prf(average, modifier, msg_start, len(result))
Round 6 - Accuracy: 66.67%
F1 Score: 0.5333
Confusion Matrix:
[[  0 100]
 [  0 200]]
Classification Report:
              precision    recall  f1-score   support

         0.0     0.0000    0.0000    0.0000       100
         1.0     0.6667    1.0000    0.8000       200

    accuracy                         0.6667       300
   macro avg     0.3333    0.5000    0.4000       300
weighted avg     0.4444    0.6667    0.5333       300

/home/jmulvany/Thesis_BU/venv/lib/python3.10/site-packages/sklearn/metrics/_classification.py:1344: UndefinedMetricWarning: Precision and F-score are ill-defined and being set to 0.0 in labels with no predicted samples. Use `zero_division` parameter to control this behavior.
  _warn_prf(average, modifier, msg_start, len(result))
/home/jmulvany/Thesis_BU/venv/lib/python3.10/site-packages/sklearn/metrics/_classification.py:1344: UndefinedMetricWarning: Precision and F-score are ill-defined and being set to 0.0 in labels with no predicted samples. Use `zero_division` parameter to control this behavior.
  _warn_prf(average, modifier, msg_start, len(result))
/home/jmulvany/Thesis_BU/venv/lib/python3.10/site-packages/sklearn/metrics/_classification.py:1344: UndefinedMetricWarning: Precision and F-score are ill-defined and being set to 0.0 in labels with no predicted samples. Use `zero_division` parameter to control this behavior.
  _warn_prf(average, modifier, msg_start, len(result))
Round 6 duration: 26.40 seconds

--- Round 7/25 ---
/home/jmulvany/Thesis_BU/venv/lib/python3.10/site-packages/sklearn/metrics/_classification.py:1344: UndefinedMetricWarning: Precision and F-score are ill-defined and being set to 0.0 in labels with no predicted samples. Use `zero_division` parameter to control this behavior.
  _warn_prf(average, modifier, msg_start, len(result))
/home/jmulvany/Thesis_BU/venv/lib/python3.10/site-packages/sklearn/metrics/_classification.py:1344: UndefinedMetricWarning: Precision and F-score are ill-defined and being set to 0.0 in labels with no predicted samples. Use `zero_division` parameter to control this behavior.
  _warn_prf(average, modifier, msg_start, len(result))
/home/jmulvany/Thesis_BU/venv/lib/python3.10/site-packages/sklearn/metrics/_classification.py:1344: UndefinedMetricWarning: Precision and F-score are ill-defined and being set to 0.0 in labels with no predicted samples. Use `zero_division` parameter to control this behavior.
  _warn_prf(average, modifier, msg_start, len(result))
Round 7 - Accuracy: 33.33%
F1 Score: 0.1667
Confusion Matrix:
[[100   0]
 [200   0]]
Classification Report:
              precision    recall  f1-score   support

         0.0     0.3333    1.0000    0.5000       100
         1.0     0.0000    0.0000    0.0000       200

    accuracy                         0.3333       300
   macro avg     0.1667    0.5000    0.2500       300
weighted avg     0.1111    0.3333    0.1667       300

/home/jmulvany/Thesis_BU/venv/lib/python3.10/site-packages/sklearn/metrics/_classification.py:1344: UndefinedMetricWarning: Precision and F-score are ill-defined and being set to 0.0 in labels with no predicted samples. Use `zero_division` parameter to control this behavior.
  _warn_prf(average, modifier, msg_start, len(result))
/home/jmulvany/Thesis_BU/venv/lib/python3.10/site-packages/sklearn/metrics/_classification.py:1344: UndefinedMetricWarning: Precision and F-score are ill-defined and being set to 0.0 in labels with no predicted samples. Use `zero_division` parameter to control this behavior.
  _warn_prf(average, modifier, msg_start, len(result))
/home/jmulvany/Thesis_BU/venv/lib/python3.10/site-packages/sklearn/metrics/_classification.py:1344: UndefinedMetricWarning: Precision and F-score are ill-defined and being set to 0.0 in labels with no predicted samples. Use `zero_division` parameter to control this behavior.
  _warn_prf(average, modifier, msg_start, len(result))
Round 7 duration: 26.10 seconds

--- Round 8/25 ---
/home/jmulvany/Thesis_BU/venv/lib/python3.10/site-packages/sklearn/metrics/_classification.py:1344: UndefinedMetricWarning: Precision and F-score are ill-defined and being set to 0.0 in labels with no predicted samples. Use `zero_division` parameter to control this behavior.
  _warn_prf(average, modifier, msg_start, len(result))
/home/jmulvany/Thesis_BU/venv/lib/python3.10/site-packages/sklearn/metrics/_classification.py:1344: UndefinedMetricWarning: Precision and F-score are ill-defined and being set to 0.0 in labels with no predicted samples. Use `zero_division` parameter to control this behavior.
  _warn_prf(average, modifier, msg_start, len(result))
/home/jmulvany/Thesis_BU/venv/lib/python3.10/site-packages/sklearn/metrics/_classification.py:1344: UndefinedMetricWarning: Precision and F-score are ill-defined and being set to 0.0 in labels with no predicted samples. Use `zero_division` parameter to control this behavior.
  _warn_prf(average, modifier, msg_start, len(result))
Round 8 - Accuracy: 33.33%
F1 Score: 0.1667
Confusion Matrix:
[[100   0]
 [200   0]]
Classification Report:
              precision    recall  f1-score   support

         0.0     0.3333    1.0000    0.5000       100
         1.0     0.0000    0.0000    0.0000       200

    accuracy                         0.3333       300
   macro avg     0.1667    0.5000    0.2500       300
weighted avg     0.1111    0.3333    0.1667       300

/home/jmulvany/Thesis_BU/venv/lib/python3.10/site-packages/sklearn/metrics/_classification.py:1344: UndefinedMetricWarning: Precision and F-score are ill-defined and being set to 0.0 in labels with no predicted samples. Use `zero_division` parameter to control this behavior.
  _warn_prf(average, modifier, msg_start, len(result))
/home/jmulvany/Thesis_BU/venv/lib/python3.10/site-packages/sklearn/metrics/_classification.py:1344: UndefinedMetricWarning: Precision and F-score are ill-defined and being set to 0.0 in labels with no predicted samples. Use `zero_division` parameter to control this behavior.
  _warn_prf(average, modifier, msg_start, len(result))
/home/jmulvany/Thesis_BU/venv/lib/python3.10/site-packages/sklearn/metrics/_classification.py:1344: UndefinedMetricWarning: Precision and F-score are ill-defined and being set to 0.0 in labels with no predicted samples. Use `zero_division` parameter to control this behavior.
  _warn_prf(average, modifier, msg_start, len(result))
Round 8 duration: 23.34 seconds

--- Round 9/25 ---
/home/jmulvany/Thesis_BU/venv/lib/python3.10/site-packages/sklearn/metrics/_classification.py:1344: UndefinedMetricWarning: Precision and F-score are ill-defined and being set to 0.0 in labels with no predicted samples. Use `zero_division` parameter to control this behavior.
  _warn_prf(average, modifier, msg_start, len(result))
/home/jmulvany/Thesis_BU/venv/lib/python3.10/site-packages/sklearn/metrics/_classification.py:1344: UndefinedMetricWarning: Precision and F-score are ill-defined and being set to 0.0 in labels with no predicted samples. Use `zero_division` parameter to control this behavior.
  _warn_prf(average, modifier, msg_start, len(result))
/home/jmulvany/Thesis_BU/venv/lib/python3.10/site-packages/sklearn/metrics/_classification.py:1344: UndefinedMetricWarning: Precision and F-score are ill-defined and being set to 0.0 in labels with no predicted samples. Use `zero_division` parameter to control this behavior.
  _warn_prf(average, modifier, msg_start, len(result))
Round 9 - Accuracy: 66.67%
F1 Score: 0.5333
Confusion Matrix:
[[  0 100]
 [  0 200]]
Classification Report:
              precision    recall  f1-score   support

         0.0     0.0000    0.0000    0.0000       100
         1.0     0.6667    1.0000    0.8000       200

    accuracy                         0.6667       300
   macro avg     0.3333    0.5000    0.4000       300
weighted avg     0.4444    0.6667    0.5333       300

/home/jmulvany/Thesis_BU/venv/lib/python3.10/site-packages/sklearn/metrics/_classification.py:1344: UndefinedMetricWarning: Precision and F-score are ill-defined and being set to 0.0 in labels with no predicted samples. Use `zero_division` parameter to control this behavior.
  _warn_prf(average, modifier, msg_start, len(result))
/home/jmulvany/Thesis_BU/venv/lib/python3.10/site-packages/sklearn/metrics/_classification.py:1344: UndefinedMetricWarning: Precision and F-score are ill-defined and being set to 0.0 in labels with no predicted samples. Use `zero_division` parameter to control this behavior.
  _warn_prf(average, modifier, msg_start, len(result))
/home/jmulvany/Thesis_BU/venv/lib/python3.10/site-packages/sklearn/metrics/_classification.py:1344: UndefinedMetricWarning: Precision and F-score are ill-defined and being set to 0.0 in labels with no predicted samples. Use `zero_division` parameter to control this behavior.
  _warn_prf(average, modifier, msg_start, len(result))
Round 9 duration: 23.37 seconds

--- Round 10/25 ---
/home/jmulvany/Thesis_BU/venv/lib/python3.10/site-packages/sklearn/metrics/_classification.py:1344: UndefinedMetricWarning: Precision and F-score are ill-defined and being set to 0.0 in labels with no predicted samples. Use `zero_division` parameter to control this behavior.
  _warn_prf(average, modifier, msg_start, len(result))
/home/jmulvany/Thesis_BU/venv/lib/python3.10/site-packages/sklearn/metrics/_classification.py:1344: UndefinedMetricWarning: Precision and F-score are ill-defined and being set to 0.0 in labels with no predicted samples. Use `zero_division` parameter to control this behavior.
  _warn_prf(average, modifier, msg_start, len(result))
/home/jmulvany/Thesis_BU/venv/lib/python3.10/site-packages/sklearn/metrics/_classification.py:1344: UndefinedMetricWarning: Precision and F-score are ill-defined and being set to 0.0 in labels with no predicted samples. Use `zero_division` parameter to control this behavior.
  _warn_prf(average, modifier, msg_start, len(result))
Round 10 - Accuracy: 66.67%
F1 Score: 0.5333
Confusion Matrix:
[[  0 100]
 [  0 200]]
Classification Report:
              precision    recall  f1-score   support

         0.0     0.0000    0.0000    0.0000       100
         1.0     0.6667    1.0000    0.8000       200

    accuracy                         0.6667       300
   macro avg     0.3333    0.5000    0.4000       300
weighted avg     0.4444    0.6667    0.5333       300

/home/jmulvany/Thesis_BU/venv/lib/python3.10/site-packages/sklearn/metrics/_classification.py:1344: UndefinedMetricWarning: Precision and F-score are ill-defined and being set to 0.0 in labels with no predicted samples. Use `zero_division` parameter to control this behavior.
  _warn_prf(average, modifier, msg_start, len(result))
/home/jmulvany/Thesis_BU/venv/lib/python3.10/site-packages/sklearn/metrics/_classification.py:1344: UndefinedMetricWarning: Precision and F-score are ill-defined and being set to 0.0 in labels with no predicted samples. Use `zero_division` parameter to control this behavior.
  _warn_prf(average, modifier, msg_start, len(result))
/home/jmulvany/Thesis_BU/venv/lib/python3.10/site-packages/sklearn/metrics/_classification.py:1344: UndefinedMetricWarning: Precision and F-score are ill-defined and being set to 0.0 in labels with no predicted samples. Use `zero_division` parameter to control this behavior.
  _warn_prf(average, modifier, msg_start, len(result))
Round 10 duration: 23.14 seconds

--- Round 11/25 ---
/home/jmulvany/Thesis_BU/venv/lib/python3.10/site-packages/sklearn/metrics/_classification.py:1344: UndefinedMetricWarning: Precision and F-score are ill-defined and being set to 0.0 in labels with no predicted samples. Use `zero_division` parameter to control this behavior.
  _warn_prf(average, modifier, msg_start, len(result))
/home/jmulvany/Thesis_BU/venv/lib/python3.10/site-packages/sklearn/metrics/_classification.py:1344: UndefinedMetricWarning: Precision and F-score are ill-defined and being set to 0.0 in labels with no predicted samples. Use `zero_division` parameter to control this behavior.
  _warn_prf(average, modifier, msg_start, len(result))
/home/jmulvany/Thesis_BU/venv/lib/python3.10/site-packages/sklearn/metrics/_classification.py:1344: UndefinedMetricWarning: Precision and F-score are ill-defined and being set to 0.0 in labels with no predicted samples. Use `zero_division` parameter to control this behavior.
  _warn_prf(average, modifier, msg_start, len(result))
Round 11 - Accuracy: 33.33%
F1 Score: 0.1667
Confusion Matrix:
[[100   0]
 [200   0]]
Classification Report:
              precision    recall  f1-score   support

         0.0     0.3333    1.0000    0.5000       100
         1.0     0.0000    0.0000    0.0000       200

    accuracy                         0.3333       300
   macro avg     0.1667    0.5000    0.2500       300
weighted avg     0.1111    0.3333    0.1667       300

/home/jmulvany/Thesis_BU/venv/lib/python3.10/site-packages/sklearn/metrics/_classification.py:1344: UndefinedMetricWarning: Precision and F-score are ill-defined and being set to 0.0 in labels with no predicted samples. Use `zero_division` parameter to control this behavior.
  _warn_prf(average, modifier, msg_start, len(result))
/home/jmulvany/Thesis_BU/venv/lib/python3.10/site-packages/sklearn/metrics/_classification.py:1344: UndefinedMetricWarning: Precision and F-score are ill-defined and being set to 0.0 in labels with no predicted samples. Use `zero_division` parameter to control this behavior.
  _warn_prf(average, modifier, msg_start, len(result))
/home/jmulvany/Thesis_BU/venv/lib/python3.10/site-packages/sklearn/metrics/_classification.py:1344: UndefinedMetricWarning: Precision and F-score are ill-defined and being set to 0.0 in labels with no predicted samples. Use `zero_division` parameter to control this behavior.
  _warn_prf(average, modifier, msg_start, len(result))
Round 11 duration: 29.27 seconds

--- Round 12/25 ---
/home/jmulvany/Thesis_BU/venv/lib/python3.10/site-packages/sklearn/metrics/_classification.py:1344: UndefinedMetricWarning: Precision and F-score are ill-defined and being set to 0.0 in labels with no predicted samples. Use `zero_division` parameter to control this behavior.
  _warn_prf(average, modifier, msg_start, len(result))
/home/jmulvany/Thesis_BU/venv/lib/python3.10/site-packages/sklearn/metrics/_classification.py:1344: UndefinedMetricWarning: Precision and F-score are ill-defined and being set to 0.0 in labels with no predicted samples. Use `zero_division` parameter to control this behavior.
  _warn_prf(average, modifier, msg_start, len(result))
/home/jmulvany/Thesis_BU/venv/lib/python3.10/site-packages/sklearn/metrics/_classification.py:1344: UndefinedMetricWarning: Precision and F-score are ill-defined and being set to 0.0 in labels with no predicted samples. Use `zero_division` parameter to control this behavior.
  _warn_prf(average, modifier, msg_start, len(result))
Round 12 - Accuracy: 66.67%
F1 Score: 0.5333
Confusion Matrix:
[[  0 100]
 [  0 200]]
Classification Report:
              precision    recall  f1-score   support

         0.0     0.0000    0.0000    0.0000       100
         1.0     0.6667    1.0000    0.8000       200

    accuracy                         0.6667       300
   macro avg     0.3333    0.5000    0.4000       300
weighted avg     0.4444    0.6667    0.5333       300

/home/jmulvany/Thesis_BU/venv/lib/python3.10/site-packages/sklearn/metrics/_classification.py:1344: UndefinedMetricWarning: Precision and F-score are ill-defined and being set to 0.0 in labels with no predicted samples. Use `zero_division` parameter to control this behavior.
  _warn_prf(average, modifier, msg_start, len(result))
/home/jmulvany/Thesis_BU/venv/lib/python3.10/site-packages/sklearn/metrics/_classification.py:1344: UndefinedMetricWarning: Precision and F-score are ill-defined and being set to 0.0 in labels with no predicted samples. Use `zero_division` parameter to control this behavior.
  _warn_prf(average, modifier, msg_start, len(result))
/home/jmulvany/Thesis_BU/venv/lib/python3.10/site-packages/sklearn/metrics/_classification.py:1344: UndefinedMetricWarning: Precision and F-score are ill-defined and being set to 0.0 in labels with no predicted samples. Use `zero_division` parameter to control this behavior.
  _warn_prf(average, modifier, msg_start, len(result))
Round 12 duration: 26.23 seconds

--- Round 13/25 ---
/home/jmulvany/Thesis_BU/venv/lib/python3.10/site-packages/sklearn/metrics/_classification.py:1344: UndefinedMetricWarning: Precision and F-score are ill-defined and being set to 0.0 in labels with no predicted samples. Use `zero_division` parameter to control this behavior.
  _warn_prf(average, modifier, msg_start, len(result))
/home/jmulvany/Thesis_BU/venv/lib/python3.10/site-packages/sklearn/metrics/_classification.py:1344: UndefinedMetricWarning: Precision and F-score are ill-defined and being set to 0.0 in labels with no predicted samples. Use `zero_division` parameter to control this behavior.
  _warn_prf(average, modifier, msg_start, len(result))
/home/jmulvany/Thesis_BU/venv/lib/python3.10/site-packages/sklearn/metrics/_classification.py:1344: UndefinedMetricWarning: Precision and F-score are ill-defined and being set to 0.0 in labels with no predicted samples. Use `zero_division` parameter to control this behavior.
  _warn_prf(average, modifier, msg_start, len(result))
Round 13 - Accuracy: 33.33%
F1 Score: 0.1667
Confusion Matrix:
[[100   0]
 [200   0]]
Classification Report:
              precision    recall  f1-score   support

         0.0     0.3333    1.0000    0.5000       100
         1.0     0.0000    0.0000    0.0000       200

    accuracy                         0.3333       300
   macro avg     0.1667    0.5000    0.2500       300
weighted avg     0.1111    0.3333    0.1667       300

/home/jmulvany/Thesis_BU/venv/lib/python3.10/site-packages/sklearn/metrics/_classification.py:1344: UndefinedMetricWarning: Precision and F-score are ill-defined and being set to 0.0 in labels with no predicted samples. Use `zero_division` parameter to control this behavior.
  _warn_prf(average, modifier, msg_start, len(result))
/home/jmulvany/Thesis_BU/venv/lib/python3.10/site-packages/sklearn/metrics/_classification.py:1344: UndefinedMetricWarning: Precision and F-score are ill-defined and being set to 0.0 in labels with no predicted samples. Use `zero_division` parameter to control this behavior.
  _warn_prf(average, modifier, msg_start, len(result))
/home/jmulvany/Thesis_BU/venv/lib/python3.10/site-packages/sklearn/metrics/_classification.py:1344: UndefinedMetricWarning: Precision and F-score are ill-defined and being set to 0.0 in labels with no predicted samples. Use `zero_division` parameter to control this behavior.
  _warn_prf(average, modifier, msg_start, len(result))
Round 13 duration: 28.39 seconds

--- Round 14/25 ---
/home/jmulvany/Thesis_BU/venv/lib/python3.10/site-packages/sklearn/metrics/_classification.py:1344: UndefinedMetricWarning: Precision and F-score are ill-defined and being set to 0.0 in labels with no predicted samples. Use `zero_division` parameter to control this behavior.
  _warn_prf(average, modifier, msg_start, len(result))
/home/jmulvany/Thesis_BU/venv/lib/python3.10/site-packages/sklearn/metrics/_classification.py:1344: UndefinedMetricWarning: Precision and F-score are ill-defined and being set to 0.0 in labels with no predicted samples. Use `zero_division` parameter to control this behavior.
  _warn_prf(average, modifier, msg_start, len(result))
/home/jmulvany/Thesis_BU/venv/lib/python3.10/site-packages/sklearn/metrics/_classification.py:1344: UndefinedMetricWarning: Precision and F-score are ill-defined and being set to 0.0 in labels with no predicted samples. Use `zero_division` parameter to control this behavior.
  _warn_prf(average, modifier, msg_start, len(result))
Round 14 - Accuracy: 66.67%
F1 Score: 0.5333
Confusion Matrix:
[[  0 100]
 [  0 200]]
Classification Report:
              precision    recall  f1-score   support

         0.0     0.0000    0.0000    0.0000       100
         1.0     0.6667    1.0000    0.8000       200

    accuracy                         0.6667       300
   macro avg     0.3333    0.5000    0.4000       300
weighted avg     0.4444    0.6667    0.5333       300

/home/jmulvany/Thesis_BU/venv/lib/python3.10/site-packages/sklearn/metrics/_classification.py:1344: UndefinedMetricWarning: Precision and F-score are ill-defined and being set to 0.0 in labels with no predicted samples. Use `zero_division` parameter to control this behavior.
  _warn_prf(average, modifier, msg_start, len(result))
/home/jmulvany/Thesis_BU/venv/lib/python3.10/site-packages/sklearn/metrics/_classification.py:1344: UndefinedMetricWarning: Precision and F-score are ill-defined and being set to 0.0 in labels with no predicted samples. Use `zero_division` parameter to control this behavior.
  _warn_prf(average, modifier, msg_start, len(result))
/home/jmulvany/Thesis_BU/venv/lib/python3.10/site-packages/sklearn/metrics/_classification.py:1344: UndefinedMetricWarning: Precision and F-score are ill-defined and being set to 0.0 in labels with no predicted samples. Use `zero_division` parameter to control this behavior.
  _warn_prf(average, modifier, msg_start, len(result))
Round 14 duration: 29.48 seconds

--- Round 15/25 ---
/home/jmulvany/Thesis_BU/venv/lib/python3.10/site-packages/sklearn/metrics/_classification.py:1344: UndefinedMetricWarning: Precision and F-score are ill-defined and being set to 0.0 in labels with no predicted samples. Use `zero_division` parameter to control this behavior.
  _warn_prf(average, modifier, msg_start, len(result))
/home/jmulvany/Thesis_BU/venv/lib/python3.10/site-packages/sklearn/metrics/_classification.py:1344: UndefinedMetricWarning: Precision and F-score are ill-defined and being set to 0.0 in labels with no predicted samples. Use `zero_division` parameter to control this behavior.
  _warn_prf(average, modifier, msg_start, len(result))
/home/jmulvany/Thesis_BU/venv/lib/python3.10/site-packages/sklearn/metrics/_classification.py:1344: UndefinedMetricWarning: Precision and F-score are ill-defined and being set to 0.0 in labels with no predicted samples. Use `zero_division` parameter to control this behavior.
  _warn_prf(average, modifier, msg_start, len(result))
Round 15 - Accuracy: 33.33%
F1 Score: 0.1667
Confusion Matrix:
[[100   0]
 [200   0]]
Classification Report:
              precision    recall  f1-score   support

         0.0     0.3333    1.0000    0.5000       100
         1.0     0.0000    0.0000    0.0000       200

    accuracy                         0.3333       300
   macro avg     0.1667    0.5000    0.2500       300
weighted avg     0.1111    0.3333    0.1667       300

/home/jmulvany/Thesis_BU/venv/lib/python3.10/site-packages/sklearn/metrics/_classification.py:1344: UndefinedMetricWarning: Precision and F-score are ill-defined and being set to 0.0 in labels with no predicted samples. Use `zero_division` parameter to control this behavior.
  _warn_prf(average, modifier, msg_start, len(result))
/home/jmulvany/Thesis_BU/venv/lib/python3.10/site-packages/sklearn/metrics/_classification.py:1344: UndefinedMetricWarning: Precision and F-score are ill-defined and being set to 0.0 in labels with no predicted samples. Use `zero_division` parameter to control this behavior.
  _warn_prf(average, modifier, msg_start, len(result))
/home/jmulvany/Thesis_BU/venv/lib/python3.10/site-packages/sklearn/metrics/_classification.py:1344: UndefinedMetricWarning: Precision and F-score are ill-defined and being set to 0.0 in labels with no predicted samples. Use `zero_division` parameter to control this behavior.
  _warn_prf(average, modifier, msg_start, len(result))
Round 15 duration: 26.71 seconds

--- Round 16/25 ---
/home/jmulvany/Thesis_BU/venv/lib/python3.10/site-packages/sklearn/metrics/_classification.py:1344: UndefinedMetricWarning: Precision and F-score are ill-defined and being set to 0.0 in labels with no predicted samples. Use `zero_division` parameter to control this behavior.
  _warn_prf(average, modifier, msg_start, len(result))
/home/jmulvany/Thesis_BU/venv/lib/python3.10/site-packages/sklearn/metrics/_classification.py:1344: UndefinedMetricWarning: Precision and F-score are ill-defined and being set to 0.0 in labels with no predicted samples. Use `zero_division` parameter to control this behavior.
  _warn_prf(average, modifier, msg_start, len(result))
/home/jmulvany/Thesis_BU/venv/lib/python3.10/site-packages/sklearn/metrics/_classification.py:1344: UndefinedMetricWarning: Precision and F-score are ill-defined and being set to 0.0 in labels with no predicted samples. Use `zero_division` parameter to control this behavior.
  _warn_prf(average, modifier, msg_start, len(result))
Round 16 - Accuracy: 66.67%
F1 Score: 0.5333
Confusion Matrix:
[[  0 100]
 [  0 200]]
Classification Report:
              precision    recall  f1-score   support

         0.0     0.0000    0.0000    0.0000       100
         1.0     0.6667    1.0000    0.8000       200

    accuracy                         0.6667       300
   macro avg     0.3333    0.5000    0.4000       300
weighted avg     0.4444    0.6667    0.5333       300

/home/jmulvany/Thesis_BU/venv/lib/python3.10/site-packages/sklearn/metrics/_classification.py:1344: UndefinedMetricWarning: Precision and F-score are ill-defined and being set to 0.0 in labels with no predicted samples. Use `zero_division` parameter to control this behavior.
  _warn_prf(average, modifier, msg_start, len(result))
/home/jmulvany/Thesis_BU/venv/lib/python3.10/site-packages/sklearn/metrics/_classification.py:1344: UndefinedMetricWarning: Precision and F-score are ill-defined and being set to 0.0 in labels with no predicted samples. Use `zero_division` parameter to control this behavior.
  _warn_prf(average, modifier, msg_start, len(result))
/home/jmulvany/Thesis_BU/venv/lib/python3.10/site-packages/sklearn/metrics/_classification.py:1344: UndefinedMetricWarning: Precision and F-score are ill-defined and being set to 0.0 in labels with no predicted samples. Use `zero_division` parameter to control this behavior.
  _warn_prf(average, modifier, msg_start, len(result))
Round 16 duration: 25.99 seconds

--- Round 17/25 ---
/home/jmulvany/Thesis_BU/venv/lib/python3.10/site-packages/sklearn/metrics/_classification.py:1344: UndefinedMetricWarning: Precision and F-score are ill-defined and being set to 0.0 in labels with no predicted samples. Use `zero_division` parameter to control this behavior.
  _warn_prf(average, modifier, msg_start, len(result))
/home/jmulvany/Thesis_BU/venv/lib/python3.10/site-packages/sklearn/metrics/_classification.py:1344: UndefinedMetricWarning: Precision and F-score are ill-defined and being set to 0.0 in labels with no predicted samples. Use `zero_division` parameter to control this behavior.
  _warn_prf(average, modifier, msg_start, len(result))
/home/jmulvany/Thesis_BU/venv/lib/python3.10/site-packages/sklearn/metrics/_classification.py:1344: UndefinedMetricWarning: Precision and F-score are ill-defined and being set to 0.0 in labels with no predicted samples. Use `zero_division` parameter to control this behavior.
  _warn_prf(average, modifier, msg_start, len(result))
Round 17 - Accuracy: 66.67%
F1 Score: 0.5333
Confusion Matrix:
[[  0 100]
 [  0 200]]
Classification Report:
              precision    recall  f1-score   support

         0.0     0.0000    0.0000    0.0000       100
         1.0     0.6667    1.0000    0.8000       200

    accuracy                         0.6667       300
   macro avg     0.3333    0.5000    0.4000       300
weighted avg     0.4444    0.6667    0.5333       300

/home/jmulvany/Thesis_BU/venv/lib/python3.10/site-packages/sklearn/metrics/_classification.py:1344: UndefinedMetricWarning: Precision and F-score are ill-defined and being set to 0.0 in labels with no predicted samples. Use `zero_division` parameter to control this behavior.
  _warn_prf(average, modifier, msg_start, len(result))
/home/jmulvany/Thesis_BU/venv/lib/python3.10/site-packages/sklearn/metrics/_classification.py:1344: UndefinedMetricWarning: Precision and F-score are ill-defined and being set to 0.0 in labels with no predicted samples. Use `zero_division` parameter to control this behavior.
  _warn_prf(average, modifier, msg_start, len(result))
/home/jmulvany/Thesis_BU/venv/lib/python3.10/site-packages/sklearn/metrics/_classification.py:1344: UndefinedMetricWarning: Precision and F-score are ill-defined and being set to 0.0 in labels with no predicted samples. Use `zero_division` parameter to control this behavior.
  _warn_prf(average, modifier, msg_start, len(result))
Round 17 duration: 26.98 seconds

--- Round 18/25 ---
/home/jmulvany/Thesis_BU/venv/lib/python3.10/site-packages/sklearn/metrics/_classification.py:1344: UndefinedMetricWarning: Precision and F-score are ill-defined and being set to 0.0 in labels with no predicted samples. Use `zero_division` parameter to control this behavior.
  _warn_prf(average, modifier, msg_start, len(result))
/home/jmulvany/Thesis_BU/venv/lib/python3.10/site-packages/sklearn/metrics/_classification.py:1344: UndefinedMetricWarning: Precision and F-score are ill-defined and being set to 0.0 in labels with no predicted samples. Use `zero_division` parameter to control this behavior.
  _warn_prf(average, modifier, msg_start, len(result))
/home/jmulvany/Thesis_BU/venv/lib/python3.10/site-packages/sklearn/metrics/_classification.py:1344: UndefinedMetricWarning: Precision and F-score are ill-defined and being set to 0.0 in labels with no predicted samples. Use `zero_division` parameter to control this behavior.
  _warn_prf(average, modifier, msg_start, len(result))
Round 18 - Accuracy: 33.33%
F1 Score: 0.1667
Confusion Matrix:
[[100   0]
 [200   0]]
Classification Report:
              precision    recall  f1-score   support

         0.0     0.3333    1.0000    0.5000       100
         1.0     0.0000    0.0000    0.0000       200

    accuracy                         0.3333       300
   macro avg     0.1667    0.5000    0.2500       300
weighted avg     0.1111    0.3333    0.1667       300

/home/jmulvany/Thesis_BU/venv/lib/python3.10/site-packages/sklearn/metrics/_classification.py:1344: UndefinedMetricWarning: Precision and F-score are ill-defined and being set to 0.0 in labels with no predicted samples. Use `zero_division` parameter to control this behavior.
  _warn_prf(average, modifier, msg_start, len(result))
/home/jmulvany/Thesis_BU/venv/lib/python3.10/site-packages/sklearn/metrics/_classification.py:1344: UndefinedMetricWarning: Precision and F-score are ill-defined and being set to 0.0 in labels with no predicted samples. Use `zero_division` parameter to control this behavior.
  _warn_prf(average, modifier, msg_start, len(result))
/home/jmulvany/Thesis_BU/venv/lib/python3.10/site-packages/sklearn/metrics/_classification.py:1344: UndefinedMetricWarning: Precision and F-score are ill-defined and being set to 0.0 in labels with no predicted samples. Use `zero_division` parameter to control this behavior.
  _warn_prf(average, modifier, msg_start, len(result))
Round 18 duration: 27.36 seconds

--- Round 19/25 ---
/home/jmulvany/Thesis_BU/venv/lib/python3.10/site-packages/sklearn/metrics/_classification.py:1344: UndefinedMetricWarning: Precision and F-score are ill-defined and being set to 0.0 in labels with no predicted samples. Use `zero_division` parameter to control this behavior.
  _warn_prf(average, modifier, msg_start, len(result))
/home/jmulvany/Thesis_BU/venv/lib/python3.10/site-packages/sklearn/metrics/_classification.py:1344: UndefinedMetricWarning: Precision and F-score are ill-defined and being set to 0.0 in labels with no predicted samples. Use `zero_division` parameter to control this behavior.
  _warn_prf(average, modifier, msg_start, len(result))
/home/jmulvany/Thesis_BU/venv/lib/python3.10/site-packages/sklearn/metrics/_classification.py:1344: UndefinedMetricWarning: Precision and F-score are ill-defined and being set to 0.0 in labels with no predicted samples. Use `zero_division` parameter to control this behavior.
  _warn_prf(average, modifier, msg_start, len(result))
Round 19 - Accuracy: 33.33%
F1 Score: 0.1667
Confusion Matrix:
[[100   0]
 [200   0]]
Classification Report:
              precision    recall  f1-score   support

         0.0     0.3333    1.0000    0.5000       100
         1.0     0.0000    0.0000    0.0000       200

    accuracy                         0.3333       300
   macro avg     0.1667    0.5000    0.2500       300
weighted avg     0.1111    0.3333    0.1667       300

/home/jmulvany/Thesis_BU/venv/lib/python3.10/site-packages/sklearn/metrics/_classification.py:1344: UndefinedMetricWarning: Precision and F-score are ill-defined and being set to 0.0 in labels with no predicted samples. Use `zero_division` parameter to control this behavior.
  _warn_prf(average, modifier, msg_start, len(result))
/home/jmulvany/Thesis_BU/venv/lib/python3.10/site-packages/sklearn/metrics/_classification.py:1344: UndefinedMetricWarning: Precision and F-score are ill-defined and being set to 0.0 in labels with no predicted samples. Use `zero_division` parameter to control this behavior.
  _warn_prf(average, modifier, msg_start, len(result))
/home/jmulvany/Thesis_BU/venv/lib/python3.10/site-packages/sklearn/metrics/_classification.py:1344: UndefinedMetricWarning: Precision and F-score are ill-defined and being set to 0.0 in labels with no predicted samples. Use `zero_division` parameter to control this behavior.
  _warn_prf(average, modifier, msg_start, len(result))
Round 19 duration: 25.50 seconds

--- Round 20/25 ---
/home/jmulvany/Thesis_BU/venv/lib/python3.10/site-packages/sklearn/metrics/_classification.py:1344: UndefinedMetricWarning: Precision and F-score are ill-defined and being set to 0.0 in labels with no predicted samples. Use `zero_division` parameter to control this behavior.
  _warn_prf(average, modifier, msg_start, len(result))
/home/jmulvany/Thesis_BU/venv/lib/python3.10/site-packages/sklearn/metrics/_classification.py:1344: UndefinedMetricWarning: Precision and F-score are ill-defined and being set to 0.0 in labels with no predicted samples. Use `zero_division` parameter to control this behavior.
  _warn_prf(average, modifier, msg_start, len(result))
/home/jmulvany/Thesis_BU/venv/lib/python3.10/site-packages/sklearn/metrics/_classification.py:1344: UndefinedMetricWarning: Precision and F-score are ill-defined and being set to 0.0 in labels with no predicted samples. Use `zero_division` parameter to control this behavior.
  _warn_prf(average, modifier, msg_start, len(result))
Round 20 - Accuracy: 66.67%
F1 Score: 0.5333
Confusion Matrix:
[[  0 100]
 [  0 200]]
Classification Report:
              precision    recall  f1-score   support

         0.0     0.0000    0.0000    0.0000       100
         1.0     0.6667    1.0000    0.8000       200

    accuracy                         0.6667       300
   macro avg     0.3333    0.5000    0.4000       300
weighted avg     0.4444    0.6667    0.5333       300

/home/jmulvany/Thesis_BU/venv/lib/python3.10/site-packages/sklearn/metrics/_classification.py:1344: UndefinedMetricWarning: Precision and F-score are ill-defined and being set to 0.0 in labels with no predicted samples. Use `zero_division` parameter to control this behavior.
  _warn_prf(average, modifier, msg_start, len(result))
/home/jmulvany/Thesis_BU/venv/lib/python3.10/site-packages/sklearn/metrics/_classification.py:1344: UndefinedMetricWarning: Precision and F-score are ill-defined and being set to 0.0 in labels with no predicted samples. Use `zero_division` parameter to control this behavior.
  _warn_prf(average, modifier, msg_start, len(result))
/home/jmulvany/Thesis_BU/venv/lib/python3.10/site-packages/sklearn/metrics/_classification.py:1344: UndefinedMetricWarning: Precision and F-score are ill-defined and being set to 0.0 in labels with no predicted samples. Use `zero_division` parameter to control this behavior.
  _warn_prf(average, modifier, msg_start, len(result))
Round 20 duration: 26.57 seconds

--- Round 21/25 ---
/home/jmulvany/Thesis_BU/venv/lib/python3.10/site-packages/sklearn/metrics/_classification.py:1344: UndefinedMetricWarning: Precision and F-score are ill-defined and being set to 0.0 in labels with no predicted samples. Use `zero_division` parameter to control this behavior.
  _warn_prf(average, modifier, msg_start, len(result))
/home/jmulvany/Thesis_BU/venv/lib/python3.10/site-packages/sklearn/metrics/_classification.py:1344: UndefinedMetricWarning: Precision and F-score are ill-defined and being set to 0.0 in labels with no predicted samples. Use `zero_division` parameter to control this behavior.
  _warn_prf(average, modifier, msg_start, len(result))
/home/jmulvany/Thesis_BU/venv/lib/python3.10/site-packages/sklearn/metrics/_classification.py:1344: UndefinedMetricWarning: Precision and F-score are ill-defined and being set to 0.0 in labels with no predicted samples. Use `zero_division` parameter to control this behavior.
  _warn_prf(average, modifier, msg_start, len(result))
Round 21 - Accuracy: 66.67%
F1 Score: 0.5333
Confusion Matrix:
[[  0 100]
 [  0 200]]
Classification Report:
              precision    recall  f1-score   support

         0.0     0.0000    0.0000    0.0000       100
         1.0     0.6667    1.0000    0.8000       200

    accuracy                         0.6667       300
   macro avg     0.3333    0.5000    0.4000       300
weighted avg     0.4444    0.6667    0.5333       300

/home/jmulvany/Thesis_BU/venv/lib/python3.10/site-packages/sklearn/metrics/_classification.py:1344: UndefinedMetricWarning: Precision and F-score are ill-defined and being set to 0.0 in labels with no predicted samples. Use `zero_division` parameter to control this behavior.
  _warn_prf(average, modifier, msg_start, len(result))
/home/jmulvany/Thesis_BU/venv/lib/python3.10/site-packages/sklearn/metrics/_classification.py:1344: UndefinedMetricWarning: Precision and F-score are ill-defined and being set to 0.0 in labels with no predicted samples. Use `zero_division` parameter to control this behavior.
  _warn_prf(average, modifier, msg_start, len(result))
/home/jmulvany/Thesis_BU/venv/lib/python3.10/site-packages/sklearn/metrics/_classification.py:1344: UndefinedMetricWarning: Precision and F-score are ill-defined and being set to 0.0 in labels with no predicted samples. Use `zero_division` parameter to control this behavior.
  _warn_prf(average, modifier, msg_start, len(result))
Round 21 duration: 26.20 seconds

--- Round 22/25 ---
/home/jmulvany/Thesis_BU/venv/lib/python3.10/site-packages/sklearn/metrics/_classification.py:1344: UndefinedMetricWarning: Precision and F-score are ill-defined and being set to 0.0 in labels with no predicted samples. Use `zero_division` parameter to control this behavior.
  _warn_prf(average, modifier, msg_start, len(result))
/home/jmulvany/Thesis_BU/venv/lib/python3.10/site-packages/sklearn/metrics/_classification.py:1344: UndefinedMetricWarning: Precision and F-score are ill-defined and being set to 0.0 in labels with no predicted samples. Use `zero_division` parameter to control this behavior.
  _warn_prf(average, modifier, msg_start, len(result))
/home/jmulvany/Thesis_BU/venv/lib/python3.10/site-packages/sklearn/metrics/_classification.py:1344: UndefinedMetricWarning: Precision and F-score are ill-defined and being set to 0.0 in labels with no predicted samples. Use `zero_division` parameter to control this behavior.
  _warn_prf(average, modifier, msg_start, len(result))
Round 22 - Accuracy: 33.33%
F1 Score: 0.1667
Confusion Matrix:
[[100   0]
 [200   0]]
Classification Report:
              precision    recall  f1-score   support

         0.0     0.3333    1.0000    0.5000       100
         1.0     0.0000    0.0000    0.0000       200

    accuracy                         0.3333       300
   macro avg     0.1667    0.5000    0.2500       300
weighted avg     0.1111    0.3333    0.1667       300

/home/jmulvany/Thesis_BU/venv/lib/python3.10/site-packages/sklearn/metrics/_classification.py:1344: UndefinedMetricWarning: Precision and F-score are ill-defined and being set to 0.0 in labels with no predicted samples. Use `zero_division` parameter to control this behavior.
  _warn_prf(average, modifier, msg_start, len(result))
/home/jmulvany/Thesis_BU/venv/lib/python3.10/site-packages/sklearn/metrics/_classification.py:1344: UndefinedMetricWarning: Precision and F-score are ill-defined and being set to 0.0 in labels with no predicted samples. Use `zero_division` parameter to control this behavior.
  _warn_prf(average, modifier, msg_start, len(result))
/home/jmulvany/Thesis_BU/venv/lib/python3.10/site-packages/sklearn/metrics/_classification.py:1344: UndefinedMetricWarning: Precision and F-score are ill-defined and being set to 0.0 in labels with no predicted samples. Use `zero_division` parameter to control this behavior.
  _warn_prf(average, modifier, msg_start, len(result))
Round 22 duration: 26.45 seconds

--- Round 23/25 ---
/home/jmulvany/Thesis_BU/venv/lib/python3.10/site-packages/sklearn/metrics/_classification.py:1344: UndefinedMetricWarning: Precision and F-score are ill-defined and being set to 0.0 in labels with no predicted samples. Use `zero_division` parameter to control this behavior.
  _warn_prf(average, modifier, msg_start, len(result))
/home/jmulvany/Thesis_BU/venv/lib/python3.10/site-packages/sklearn/metrics/_classification.py:1344: UndefinedMetricWarning: Precision and F-score are ill-defined and being set to 0.0 in labels with no predicted samples. Use `zero_division` parameter to control this behavior.
  _warn_prf(average, modifier, msg_start, len(result))
/home/jmulvany/Thesis_BU/venv/lib/python3.10/site-packages/sklearn/metrics/_classification.py:1344: UndefinedMetricWarning: Precision and F-score are ill-defined and being set to 0.0 in labels with no predicted samples. Use `zero_division` parameter to control this behavior.
  _warn_prf(average, modifier, msg_start, len(result))
Round 23 - Accuracy: 33.33%
F1 Score: 0.1667
Confusion Matrix:
[[100   0]
 [200   0]]
Classification Report:
              precision    recall  f1-score   support

         0.0     0.3333    1.0000    0.5000       100
         1.0     0.0000    0.0000    0.0000       200

    accuracy                         0.3333       300
   macro avg     0.1667    0.5000    0.2500       300
weighted avg     0.1111    0.3333    0.1667       300

/home/jmulvany/Thesis_BU/venv/lib/python3.10/site-packages/sklearn/metrics/_classification.py:1344: UndefinedMetricWarning: Precision and F-score are ill-defined and being set to 0.0 in labels with no predicted samples. Use `zero_division` parameter to control this behavior.
  _warn_prf(average, modifier, msg_start, len(result))
/home/jmulvany/Thesis_BU/venv/lib/python3.10/site-packages/sklearn/metrics/_classification.py:1344: UndefinedMetricWarning: Precision and F-score are ill-defined and being set to 0.0 in labels with no predicted samples. Use `zero_division` parameter to control this behavior.
  _warn_prf(average, modifier, msg_start, len(result))
/home/jmulvany/Thesis_BU/venv/lib/python3.10/site-packages/sklearn/metrics/_classification.py:1344: UndefinedMetricWarning: Precision and F-score are ill-defined and being set to 0.0 in labels with no predicted samples. Use `zero_division` parameter to control this behavior.
  _warn_prf(average, modifier, msg_start, len(result))
Round 23 duration: 26.15 seconds

--- Round 24/25 ---
/home/jmulvany/Thesis_BU/venv/lib/python3.10/site-packages/sklearn/metrics/_classification.py:1344: UndefinedMetricWarning: Precision and F-score are ill-defined and being set to 0.0 in labels with no predicted samples. Use `zero_division` parameter to control this behavior.
  _warn_prf(average, modifier, msg_start, len(result))
/home/jmulvany/Thesis_BU/venv/lib/python3.10/site-packages/sklearn/metrics/_classification.py:1344: UndefinedMetricWarning: Precision and F-score are ill-defined and being set to 0.0 in labels with no predicted samples. Use `zero_division` parameter to control this behavior.
  _warn_prf(average, modifier, msg_start, len(result))
/home/jmulvany/Thesis_BU/venv/lib/python3.10/site-packages/sklearn/metrics/_classification.py:1344: UndefinedMetricWarning: Precision and F-score are ill-defined and being set to 0.0 in labels with no predicted samples. Use `zero_division` parameter to control this behavior.
  _warn_prf(average, modifier, msg_start, len(result))
Round 24 - Accuracy: 33.33%
F1 Score: 0.1667
Confusion Matrix:
[[100   0]
 [200   0]]
Classification Report:
              precision    recall  f1-score   support

         0.0     0.3333    1.0000    0.5000       100
         1.0     0.0000    0.0000    0.0000       200

    accuracy                         0.3333       300
   macro avg     0.1667    0.5000    0.2500       300
weighted avg     0.1111    0.3333    0.1667       300

/home/jmulvany/Thesis_BU/venv/lib/python3.10/site-packages/sklearn/metrics/_classification.py:1344: UndefinedMetricWarning: Precision and F-score are ill-defined and being set to 0.0 in labels with no predicted samples. Use `zero_division` parameter to control this behavior.
  _warn_prf(average, modifier, msg_start, len(result))
/home/jmulvany/Thesis_BU/venv/lib/python3.10/site-packages/sklearn/metrics/_classification.py:1344: UndefinedMetricWarning: Precision and F-score are ill-defined and being set to 0.0 in labels with no predicted samples. Use `zero_division` parameter to control this behavior.
  _warn_prf(average, modifier, msg_start, len(result))
/home/jmulvany/Thesis_BU/venv/lib/python3.10/site-packages/sklearn/metrics/_classification.py:1344: UndefinedMetricWarning: Precision and F-score are ill-defined and being set to 0.0 in labels with no predicted samples. Use `zero_division` parameter to control this behavior.
  _warn_prf(average, modifier, msg_start, len(result))
Round 24 duration: 26.40 seconds

--- Round 25/25 ---
/home/jmulvany/Thesis_BU/venv/lib/python3.10/site-packages/sklearn/metrics/_classification.py:1344: UndefinedMetricWarning: Precision and F-score are ill-defined and being set to 0.0 in labels with no predicted samples. Use `zero_division` parameter to control this behavior.
  _warn_prf(average, modifier, msg_start, len(result))
/home/jmulvany/Thesis_BU/venv/lib/python3.10/site-packages/sklearn/metrics/_classification.py:1344: UndefinedMetricWarning: Precision and F-score are ill-defined and being set to 0.0 in labels with no predicted samples. Use `zero_division` parameter to control this behavior.
  _warn_prf(average, modifier, msg_start, len(result))
/home/jmulvany/Thesis_BU/venv/lib/python3.10/site-packages/sklearn/metrics/_classification.py:1344: UndefinedMetricWarning: Precision and F-score are ill-defined and being set to 0.0 in labels with no predicted samples. Use `zero_division` parameter to control this behavior.
  _warn_prf(average, modifier, msg_start, len(result))
Round 25 - Accuracy: 33.33%
F1 Score: 0.1667
Confusion Matrix:
[[100   0]
 [200   0]]
Classification Report:
              precision    recall  f1-score   support

         0.0     0.3333    1.0000    0.5000       100
         1.0     0.0000    0.0000    0.0000       200

    accuracy                         0.3333       300
   macro avg     0.1667    0.5000    0.2500       300
weighted avg     0.1111    0.3333    0.1667       300

/home/jmulvany/Thesis_BU/venv/lib/python3.10/site-packages/sklearn/metrics/_classification.py:1344: UndefinedMetricWarning: Precision and F-score are ill-defined and being set to 0.0 in labels with no predicted samples. Use `zero_division` parameter to control this behavior.
  _warn_prf(average, modifier, msg_start, len(result))
/home/jmulvany/Thesis_BU/venv/lib/python3.10/site-packages/sklearn/metrics/_classification.py:1344: UndefinedMetricWarning: Precision and F-score are ill-defined and being set to 0.0 in labels with no predicted samples. Use `zero_division` parameter to control this behavior.
  _warn_prf(average, modifier, msg_start, len(result))
/home/jmulvany/Thesis_BU/venv/lib/python3.10/site-packages/sklearn/metrics/_classification.py:1344: UndefinedMetricWarning: Precision and F-score are ill-defined and being set to 0.0 in labels with no predicted samples. Use `zero_division` parameter to control this behavior.
  _warn_prf(average, modifier, msg_start, len(result))
Round 25 duration: 26.37 seconds

=== Timing Report ===
Total training time: 663.23 seconds
Average time per round: 26.53 seconds
Average time per round per client: 13.26 seconds
Round durations:
  Round 1: 33.16 seconds
  Round 2: 24.37 seconds
  Round 3: 26.44 seconds
  Round 4: 26.71 seconds
  Round 5: 26.16 seconds
  Round 6: 26.40 seconds
  Round 7: 26.10 seconds
  Round 8: 23.34 seconds
  Round 9: 23.37 seconds
  Round 10: 23.14 seconds
  Round 11: 29.27 seconds
  Round 12: 26.23 seconds
  Round 13: 28.39 seconds
  Round 14: 29.48 seconds
  Round 15: 26.71 seconds
  Round 16: 25.99 seconds
  Round 17: 26.98 seconds
  Round 18: 27.36 seconds
  Round 19: 25.50 seconds
  Round 20: 26.57 seconds
  Round 21: 26.20 seconds
  Round 22: 26.45 seconds
  Round 23: 26.15 seconds
  Round 24: 26.40 seconds
  Round 25: 26.37 seconds

=== Communication Overhead Report ===
Summary of Communication:
  Total Transferred: 3,731,611,143 bytes
  Total Sent: 379,645,100 bytes
  Total Received: 3,351,966,043 bytes
  Avg Sent per Client (Total): 189,822,550.00 bytes
  Avg Received per Client (Total): 1,675,983,021.50 bytes
  Avg Sent per Client per Round: 7,592,902.00 bytes
  Avg Received per Client per Round: 67,039,320.86 bytes

=== Resource Usage Report ===
CPU Usage:
  Average of averages: 2.21%
  Overall Peak: 38.95%
  Overall Min: 0.00%
  Average per round Peak: 29.02%
  Average per round Min: 0.00%
Memory Usage:
  Average of averages: 1592.60 MB
  Overall Peak: 1804.26 MB
  Overall Min: 798.83 MB
  Average per round Peak: 1671.00 MB
  Average per round Min: 1575.62 MB
Available Memory:
  Average of averages: 835.32 MB
  Overall Peak: 3266.25 MB
  Overall Min: 447.71 MB
  Average per round Peak: 916.35 MB
  Average per round Min: 680.23 MB

Training complete.
