2025-04-15 04:07:05.038111: I tensorflow/core/util/port.cc:110] oneDNN custom operations are on. You may see slightly different numerical results due to floating-point round-off errors from different computation orders. To turn them off, set the environment variable `TF_ENABLE_ONEDNN_OPTS=0`.
2025-04-15 04:07:05.060393: I tensorflow/tsl/cuda/cudart_stub.cc:28] Could not find cuda drivers on your machine, GPU will not be used.
2025-04-15 04:07:05.378943: I tensorflow/tsl/cuda/cudart_stub.cc:28] Could not find cuda drivers on your machine, GPU will not be used.
2025-04-15 04:07:05.382160: I tensorflow/core/platform/cpu_feature_guard.cc:182] This TensorFlow binary is optimized to use available CPU instructions in performance-critical operations.
To enable the following instructions: AVX2 AVX512F AVX512_VNNI FMA, in other operations, rebuild TensorFlow with the appropriate compiler flags.
2025-04-15 04:07:06.940637: W tensorflow/compiler/tf2tensorrt/utils/py_utils.cc:38] TF-TRT Warning: Could not find TensorRT
Waiting for clients to connect...
Connected to ('127.0.0.1', 37932)
Connected to ('127.0.0.1', 37948)

--- Round 1/25 ---
/home/jmulvany/Thesis_BU/venv/lib/python3.10/site-packages/sklearn/metrics/_classification.py:1344: UndefinedMetricWarning: Precision and F-score are ill-defined and being set to 0.0 in labels with no predicted samples. Use `zero_division` parameter to control this behavior.
  _warn_prf(average, modifier, msg_start, len(result))
/home/jmulvany/Thesis_BU/venv/lib/python3.10/site-packages/sklearn/metrics/_classification.py:1344: UndefinedMetricWarning: Precision and F-score are ill-defined and being set to 0.0 in labels with no predicted samples. Use `zero_division` parameter to control this behavior.
  _warn_prf(average, modifier, msg_start, len(result))
/home/jmulvany/Thesis_BU/venv/lib/python3.10/site-packages/sklearn/metrics/_classification.py:1344: UndefinedMetricWarning: Precision and F-score are ill-defined and being set to 0.0 in labels with no predicted samples. Use `zero_division` parameter to control this behavior.
  _warn_prf(average, modifier, msg_start, len(result))
Round 1 - Accuracy: 66.67%
F1 Score: 0.5333
Confusion Matrix:
[[  0 100]
 [  0 200]]
Classification Report:
              precision    recall  f1-score   support

         0.0     0.0000    0.0000    0.0000       100
         1.0     0.6667    1.0000    0.8000       200

    accuracy                         0.6667       300
   macro avg     0.3333    0.5000    0.4000       300
weighted avg     0.4444    0.6667    0.5333       300

/home/jmulvany/Thesis_BU/venv/lib/python3.10/site-packages/sklearn/metrics/_classification.py:1344: UndefinedMetricWarning: Precision and F-score are ill-defined and being set to 0.0 in labels with no predicted samples. Use `zero_division` parameter to control this behavior.
  _warn_prf(average, modifier, msg_start, len(result))
/home/jmulvany/Thesis_BU/venv/lib/python3.10/site-packages/sklearn/metrics/_classification.py:1344: UndefinedMetricWarning: Precision and F-score are ill-defined and being set to 0.0 in labels with no predicted samples. Use `zero_division` parameter to control this behavior.
  _warn_prf(average, modifier, msg_start, len(result))
/home/jmulvany/Thesis_BU/venv/lib/python3.10/site-packages/sklearn/metrics/_classification.py:1344: UndefinedMetricWarning: Precision and F-score are ill-defined and being set to 0.0 in labels with no predicted samples. Use `zero_division` parameter to control this behavior.
  _warn_prf(average, modifier, msg_start, len(result))
Round 1 duration: 23.05 seconds

--- Round 2/25 ---
Round 2 - Accuracy: 67.67%
F1 Score: 0.5560
Confusion Matrix:
[[  3  97]
 [  0 200]]
Classification Report:
              precision    recall  f1-score   support

         0.0     1.0000    0.0300    0.0583       100
         1.0     0.6734    1.0000    0.8048       200

    accuracy                         0.6767       300
   macro avg     0.8367    0.5150    0.4315       300
weighted avg     0.7823    0.6767    0.5560       300

Round 2 duration: 19.04 seconds

--- Round 3/25 ---
Round 3 - Accuracy: 35.33%
F1 Score: 0.2080
Confusion Matrix:
[[100   0]
 [194   6]]
Classification Report:
              precision    recall  f1-score   support

         0.0     0.3401    1.0000    0.5076       100
         1.0     1.0000    0.0300    0.0583       200

    accuracy                         0.3533       300
   macro avg     0.6701    0.5150    0.2829       300
weighted avg     0.7800    0.3533    0.2080       300

Round 3 duration: 19.03 seconds

--- Round 4/25 ---
Round 4 - Accuracy: 33.67%
F1 Score: 0.1737
Confusion Matrix:
[[100   0]
 [199   1]]
Classification Report:
              precision    recall  f1-score   support

         0.0     0.3344    1.0000    0.5013       100
         1.0     1.0000    0.0050    0.0100       200

    accuracy                         0.3367       300
   macro avg     0.6672    0.5025    0.2556       300
weighted avg     0.7781    0.3367    0.1737       300

Round 4 duration: 22.04 seconds

--- Round 5/25 ---
Round 5 - Accuracy: 82.67%
F1 Score: 0.8231
Confusion Matrix:
[[ 67  33]
 [ 19 181]]
Classification Report:
              precision    recall  f1-score   support

         0.0     0.7791    0.6700    0.7204       100
         1.0     0.8458    0.9050    0.8744       200

    accuracy                         0.8267       300
   macro avg     0.8124    0.7875    0.7974       300
weighted avg     0.8236    0.8267    0.8231       300

Round 5 duration: 42.08 seconds

--- Round 6/25 ---
/home/jmulvany/Thesis_BU/venv/lib/python3.10/site-packages/sklearn/metrics/_classification.py:1344: UndefinedMetricWarning: Precision and F-score are ill-defined and being set to 0.0 in labels with no predicted samples. Use `zero_division` parameter to control this behavior.
  _warn_prf(average, modifier, msg_start, len(result))
/home/jmulvany/Thesis_BU/venv/lib/python3.10/site-packages/sklearn/metrics/_classification.py:1344: UndefinedMetricWarning: Precision and F-score are ill-defined and being set to 0.0 in labels with no predicted samples. Use `zero_division` parameter to control this behavior.
  _warn_prf(average, modifier, msg_start, len(result))
/home/jmulvany/Thesis_BU/venv/lib/python3.10/site-packages/sklearn/metrics/_classification.py:1344: UndefinedMetricWarning: Precision and F-score are ill-defined and being set to 0.0 in labels with no predicted samples. Use `zero_division` parameter to control this behavior.
  _warn_prf(average, modifier, msg_start, len(result))
Round 6 - Accuracy: 33.33%
F1 Score: 0.1667
Confusion Matrix:
[[100   0]
 [200   0]]
Classification Report:
              precision    recall  f1-score   support

         0.0     0.3333    1.0000    0.5000       100
         1.0     0.0000    0.0000    0.0000       200

    accuracy                         0.3333       300
   macro avg     0.1667    0.5000    0.2500       300
weighted avg     0.1111    0.3333    0.1667       300

/home/jmulvany/Thesis_BU/venv/lib/python3.10/site-packages/sklearn/metrics/_classification.py:1344: UndefinedMetricWarning: Precision and F-score are ill-defined and being set to 0.0 in labels with no predicted samples. Use `zero_division` parameter to control this behavior.
  _warn_prf(average, modifier, msg_start, len(result))
/home/jmulvany/Thesis_BU/venv/lib/python3.10/site-packages/sklearn/metrics/_classification.py:1344: UndefinedMetricWarning: Precision and F-score are ill-defined and being set to 0.0 in labels with no predicted samples. Use `zero_division` parameter to control this behavior.
  _warn_prf(average, modifier, msg_start, len(result))
/home/jmulvany/Thesis_BU/venv/lib/python3.10/site-packages/sklearn/metrics/_classification.py:1344: UndefinedMetricWarning: Precision and F-score are ill-defined and being set to 0.0 in labels with no predicted samples. Use `zero_division` parameter to control this behavior.
  _warn_prf(average, modifier, msg_start, len(result))
Round 6 duration: 22.04 seconds

--- Round 7/25 ---
Round 7 - Accuracy: 79.00%
F1 Score: 0.7560
Confusion Matrix:
[[ 37  63]
 [  0 200]]
Classification Report:
              precision    recall  f1-score   support

         0.0     1.0000    0.3700    0.5401       100
         1.0     0.7605    1.0000    0.8639       200

    accuracy                         0.7900       300
   macro avg     0.8802    0.6850    0.7020       300
weighted avg     0.8403    0.7900    0.7560       300

Round 7 duration: 18.03 seconds

--- Round 8/25 ---
Round 8 - Accuracy: 83.33%
F1 Score: 0.8201
Confusion Matrix:
[[ 55  45]
 [  5 195]]
Classification Report:
              precision    recall  f1-score   support

         0.0     0.9167    0.5500    0.6875       100
         1.0     0.8125    0.9750    0.8864       200

    accuracy                         0.8333       300
   macro avg     0.8646    0.7625    0.7869       300
weighted avg     0.8472    0.8333    0.8201       300

Round 8 duration: 18.03 seconds

--- Round 9/25 ---
Round 9 - Accuracy: 84.67%
F1 Score: 0.8317
Confusion Matrix:
[[ 54  46]
 [  0 200]]
Classification Report:
              precision    recall  f1-score   support

         0.0     1.0000    0.5400    0.7013       100
         1.0     0.8130    1.0000    0.8969       200

    accuracy                         0.8467       300
   macro avg     0.9065    0.7700    0.7991       300
weighted avg     0.8753    0.8467    0.8317       300

Round 9 duration: 18.03 seconds

--- Round 10/25 ---
Round 10 - Accuracy: 80.00%
F1 Score: 0.7702
Confusion Matrix:
[[ 40  60]
 [  0 200]]
Classification Report:
              precision    recall  f1-score   support

         0.0     1.0000    0.4000    0.5714       100
         1.0     0.7692    1.0000    0.8696       200

    accuracy                         0.8000       300
   macro avg     0.8846    0.7000    0.7205       300
weighted avg     0.8462    0.8000    0.7702       300

Round 10 duration: 18.03 seconds

--- Round 11/25 ---
Round 11 - Accuracy: 85.00%
F1 Score: 0.8535
Confusion Matrix:
[[ 91   9]
 [ 36 164]]
Classification Report:
              precision    recall  f1-score   support

         0.0     0.7165    0.9100    0.8018       100
         1.0     0.9480    0.8200    0.8794       200

    accuracy                         0.8500       300
   macro avg     0.8323    0.8650    0.8406       300
weighted avg     0.8708    0.8500    0.8535       300

Round 11 duration: 25.04 seconds

--- Round 12/25 ---
Round 12 - Accuracy: 78.67%
F1 Score: 0.7924
Confusion Matrix:
[[ 86  14]
 [ 50 150]]
Classification Report:
              precision    recall  f1-score   support

         0.0     0.6324    0.8600    0.7288       100
         1.0     0.9146    0.7500    0.8242       200

    accuracy                         0.7867       300
   macro avg     0.7735    0.8050    0.7765       300
weighted avg     0.8205    0.7867    0.7924       300

Round 12 duration: 22.04 seconds

--- Round 13/25 ---
Round 13 - Accuracy: 85.00%
F1 Score: 0.8393
Confusion Matrix:
[[ 59  41]
 [  4 196]]
Classification Report:
              precision    recall  f1-score   support

         0.0     0.9365    0.5900    0.7239       100
         1.0     0.8270    0.9800    0.8970       200

    accuracy                         0.8500       300
   macro avg     0.8818    0.7850    0.8105       300
weighted avg     0.8635    0.8500    0.8393       300

Round 13 duration: 22.03 seconds

--- Round 14/25 ---
Round 14 - Accuracy: 68.33%
F1 Score: 0.6856
Confusion Matrix:
[[ 99   1]
 [ 94 106]]
Classification Report:
              precision    recall  f1-score   support

         0.0     0.5130    0.9900    0.6758       100
         1.0     0.9907    0.5300    0.6906       200

    accuracy                         0.6833       300
   macro avg     0.7518    0.7600    0.6832       300
weighted avg     0.8314    0.6833    0.6856       300

Round 14 duration: 16.03 seconds

--- Round 15/25 ---
Round 15 - Accuracy: 92.33%
F1 Score: 0.9230
Confusion Matrix:
[[ 87  13]
 [ 10 190]]
Classification Report:
              precision    recall  f1-score   support

         0.0     0.8969    0.8700    0.8832       100
         1.0     0.9360    0.9500    0.9429       200

    accuracy                         0.9233       300
   macro avg     0.9164    0.9100    0.9131       300
weighted avg     0.9229    0.9233    0.9230       300


*** F1 threshold reached: 0.9230 >= 0.9. Stopping training early. ***

=== Timing Report ===
Total training time: 321.58 seconds
Average time per round: 21.44 seconds
Average time per round per client: 10.72 seconds
Round durations:
  Round 1: 23.05 seconds
  Round 2: 19.04 seconds
  Round 3: 19.03 seconds
  Round 4: 22.04 seconds
  Round 5: 42.08 seconds
  Round 6: 22.04 seconds
  Round 7: 18.03 seconds
  Round 8: 18.03 seconds
  Round 9: 18.03 seconds
  Round 10: 18.03 seconds
  Round 11: 25.04 seconds
  Round 12: 22.04 seconds
  Round 13: 22.03 seconds
  Round 14: 16.03 seconds
  Round 15: 17.03 seconds

=== Communication Overhead Report ===
Summary of Communication:
  Total Transferred: 455,574,120 bytes
  Total Sent: 227,787,060 bytes
  Total Received: 227,787,060 bytes
  Avg Sent per Client (Total): 113,893,530.00 bytes
  Avg Received per Client (Total): 113,893,530.00 bytes
  Avg Sent per Client per Round: 7,592,902.00 bytes
  Avg Received per Client per Round: 7,592,902.00 bytes

=== Resource Usage Report ===
CPU Usage:
  Average of averages: 1.20%
  Overall Peak: 29.73%
  Overall Min: 0.00%
  Average per round Peak: 22.89%
  Average per round Min: 0.00%
Memory Usage:
  Average of averages: 1018.78 MB
  Overall Peak: 1153.88 MB
  Overall Min: 568.43 MB
  Average per round Peak: 1024.23 MB
  Average per round Min: 1010.88 MB
Available Memory:
  Average of averages: 1090.81 MB
  Overall Peak: 2680.01 MB
  Overall Min: 822.19 MB
  Average per round Peak: 1174.63 MB
  Average per round Min: 1069.21 MB

Training complete.
