2025-04-15 06:46:46.877018: I tensorflow/core/util/port.cc:110] oneDNN custom operations are on. You may see slightly different numerical results due to floating-point round-off errors from different computation orders. To turn them off, set the environment variable `TF_ENABLE_ONEDNN_OPTS=0`.
2025-04-15 06:46:46.910355: I tensorflow/tsl/cuda/cudart_stub.cc:28] Could not find cuda drivers on your machine, GPU will not be used.
2025-04-15 06:46:47.225384: I tensorflow/tsl/cuda/cudart_stub.cc:28] Could not find cuda drivers on your machine, GPU will not be used.
2025-04-15 06:46:47.226876: I tensorflow/core/platform/cpu_feature_guard.cc:182] This TensorFlow binary is optimized to use available CPU instructions in performance-critical operations.
To enable the following instructions: AVX2 AVX512F AVX512_VNNI FMA, in other operations, rebuild TensorFlow with the appropriate compiler flags.
2025-04-15 06:46:48.853863: W tensorflow/compiler/tf2tensorrt/utils/py_utils.cc:38] TF-TRT Warning: Could not find TensorRT
Waiting for clients to connect...
Connected to ('127.0.0.1', 43150)
Connected to ('127.0.0.1', 43160)

--- Round 1/25 ---
Round 1 - Accuracy: 38.00%
F1 Score: 0.2599
Confusion Matrix:
[[100   0]
 [186  14]]
Classification Report:
              precision    recall  f1-score   support

         0.0     0.3497    1.0000    0.5181       100
         1.0     1.0000    0.0700    0.1308       200

    accuracy                         0.3800       300
   macro avg     0.6748    0.5350    0.3245       300
weighted avg     0.7832    0.3800    0.2599       300

Round 1 duration: 27.34 seconds

--- Round 2/25 ---
/home/jmulvany/Thesis_BU/venv/lib/python3.10/site-packages/sklearn/metrics/_classification.py:1344: UndefinedMetricWarning: Precision and F-score are ill-defined and being set to 0.0 in labels with no predicted samples. Use `zero_division` parameter to control this behavior.
  _warn_prf(average, modifier, msg_start, len(result))
/home/jmulvany/Thesis_BU/venv/lib/python3.10/site-packages/sklearn/metrics/_classification.py:1344: UndefinedMetricWarning: Precision and F-score are ill-defined and being set to 0.0 in labels with no predicted samples. Use `zero_division` parameter to control this behavior.
  _warn_prf(average, modifier, msg_start, len(result))
/home/jmulvany/Thesis_BU/venv/lib/python3.10/site-packages/sklearn/metrics/_classification.py:1344: UndefinedMetricWarning: Precision and F-score are ill-defined and being set to 0.0 in labels with no predicted samples. Use `zero_division` parameter to control this behavior.
  _warn_prf(average, modifier, msg_start, len(result))
Round 2 - Accuracy: 33.33%
F1 Score: 0.1667
Confusion Matrix:
[[100   0]
 [200   0]]
Classification Report:
              precision    recall  f1-score   support

         0.0     0.3333    1.0000    0.5000       100
         1.0     0.0000    0.0000    0.0000       200

    accuracy                         0.3333       300
   macro avg     0.1667    0.5000    0.2500       300
weighted avg     0.1111    0.3333    0.1667       300

/home/jmulvany/Thesis_BU/venv/lib/python3.10/site-packages/sklearn/metrics/_classification.py:1344: UndefinedMetricWarning: Precision and F-score are ill-defined and being set to 0.0 in labels with no predicted samples. Use `zero_division` parameter to control this behavior.
  _warn_prf(average, modifier, msg_start, len(result))
/home/jmulvany/Thesis_BU/venv/lib/python3.10/site-packages/sklearn/metrics/_classification.py:1344: UndefinedMetricWarning: Precision and F-score are ill-defined and being set to 0.0 in labels with no predicted samples. Use `zero_division` parameter to control this behavior.
  _warn_prf(average, modifier, msg_start, len(result))
/home/jmulvany/Thesis_BU/venv/lib/python3.10/site-packages/sklearn/metrics/_classification.py:1344: UndefinedMetricWarning: Precision and F-score are ill-defined and being set to 0.0 in labels with no predicted samples. Use `zero_division` parameter to control this behavior.
  _warn_prf(average, modifier, msg_start, len(result))
Round 2 duration: 25.29 seconds

--- Round 3/25 ---
Round 3 - Accuracy: 35.00%
F1 Score: 0.2066
Confusion Matrix:
[[ 99   1]
 [194   6]]
Classification Report:
              precision    recall  f1-score   support

         0.0     0.3379    0.9900    0.5038       100
         1.0     0.8571    0.0300    0.0580       200

    accuracy                         0.3500       300
   macro avg     0.5975    0.5100    0.2809       300
weighted avg     0.6841    0.3500    0.2066       300

Round 3 duration: 23.47 seconds

--- Round 4/25 ---
Round 4 - Accuracy: 40.33%
F1 Score: 0.3143
Confusion Matrix:
[[ 97   3]
 [176  24]]
Classification Report:
              precision    recall  f1-score   support

         0.0     0.3553    0.9700    0.5201       100
         1.0     0.8889    0.1200    0.2115       200

    accuracy                         0.4033       300
   macro avg     0.6221    0.5450    0.3658       300
weighted avg     0.7110    0.4033    0.3143       300

Round 4 duration: 24.00 seconds

--- Round 5/25 ---
/home/jmulvany/Thesis_BU/venv/lib/python3.10/site-packages/sklearn/metrics/_classification.py:1344: UndefinedMetricWarning: Precision and F-score are ill-defined and being set to 0.0 in labels with no predicted samples. Use `zero_division` parameter to control this behavior.
  _warn_prf(average, modifier, msg_start, len(result))
/home/jmulvany/Thesis_BU/venv/lib/python3.10/site-packages/sklearn/metrics/_classification.py:1344: UndefinedMetricWarning: Precision and F-score are ill-defined and being set to 0.0 in labels with no predicted samples. Use `zero_division` parameter to control this behavior.
  _warn_prf(average, modifier, msg_start, len(result))
/home/jmulvany/Thesis_BU/venv/lib/python3.10/site-packages/sklearn/metrics/_classification.py:1344: UndefinedMetricWarning: Precision and F-score are ill-defined and being set to 0.0 in labels with no predicted samples. Use `zero_division` parameter to control this behavior.
  _warn_prf(average, modifier, msg_start, len(result))
Round 5 - Accuracy: 33.33%
F1 Score: 0.1667
Confusion Matrix:
[[100   0]
 [200   0]]
Classification Report:
              precision    recall  f1-score   support

         0.0     0.3333    1.0000    0.5000       100
         1.0     0.0000    0.0000    0.0000       200

    accuracy                         0.3333       300
   macro avg     0.1667    0.5000    0.2500       300
weighted avg     0.1111    0.3333    0.1667       300

/home/jmulvany/Thesis_BU/venv/lib/python3.10/site-packages/sklearn/metrics/_classification.py:1344: UndefinedMetricWarning: Precision and F-score are ill-defined and being set to 0.0 in labels with no predicted samples. Use `zero_division` parameter to control this behavior.
  _warn_prf(average, modifier, msg_start, len(result))
/home/jmulvany/Thesis_BU/venv/lib/python3.10/site-packages/sklearn/metrics/_classification.py:1344: UndefinedMetricWarning: Precision and F-score are ill-defined and being set to 0.0 in labels with no predicted samples. Use `zero_division` parameter to control this behavior.
  _warn_prf(average, modifier, msg_start, len(result))
/home/jmulvany/Thesis_BU/venv/lib/python3.10/site-packages/sklearn/metrics/_classification.py:1344: UndefinedMetricWarning: Precision and F-score are ill-defined and being set to 0.0 in labels with no predicted samples. Use `zero_division` parameter to control this behavior.
  _warn_prf(average, modifier, msg_start, len(result))
Round 5 duration: 26.23 seconds

--- Round 6/25 ---
/home/jmulvany/Thesis_BU/venv/lib/python3.10/site-packages/sklearn/metrics/_classification.py:1344: UndefinedMetricWarning: Precision and F-score are ill-defined and being set to 0.0 in labels with no predicted samples. Use `zero_division` parameter to control this behavior.
  _warn_prf(average, modifier, msg_start, len(result))
/home/jmulvany/Thesis_BU/venv/lib/python3.10/site-packages/sklearn/metrics/_classification.py:1344: UndefinedMetricWarning: Precision and F-score are ill-defined and being set to 0.0 in labels with no predicted samples. Use `zero_division` parameter to control this behavior.
  _warn_prf(average, modifier, msg_start, len(result))
/home/jmulvany/Thesis_BU/venv/lib/python3.10/site-packages/sklearn/metrics/_classification.py:1344: UndefinedMetricWarning: Precision and F-score are ill-defined and being set to 0.0 in labels with no predicted samples. Use `zero_division` parameter to control this behavior.
  _warn_prf(average, modifier, msg_start, len(result))
Round 6 - Accuracy: 33.33%
F1 Score: 0.1667
Confusion Matrix:
[[100   0]
 [200   0]]
Classification Report:
              precision    recall  f1-score   support

         0.0     0.3333    1.0000    0.5000       100
         1.0     0.0000    0.0000    0.0000       200

    accuracy                         0.3333       300
   macro avg     0.1667    0.5000    0.2500       300
weighted avg     0.1111    0.3333    0.1667       300

/home/jmulvany/Thesis_BU/venv/lib/python3.10/site-packages/sklearn/metrics/_classification.py:1344: UndefinedMetricWarning: Precision and F-score are ill-defined and being set to 0.0 in labels with no predicted samples. Use `zero_division` parameter to control this behavior.
  _warn_prf(average, modifier, msg_start, len(result))
/home/jmulvany/Thesis_BU/venv/lib/python3.10/site-packages/sklearn/metrics/_classification.py:1344: UndefinedMetricWarning: Precision and F-score are ill-defined and being set to 0.0 in labels with no predicted samples. Use `zero_division` parameter to control this behavior.
  _warn_prf(average, modifier, msg_start, len(result))
/home/jmulvany/Thesis_BU/venv/lib/python3.10/site-packages/sklearn/metrics/_classification.py:1344: UndefinedMetricWarning: Precision and F-score are ill-defined and being set to 0.0 in labels with no predicted samples. Use `zero_division` parameter to control this behavior.
  _warn_prf(average, modifier, msg_start, len(result))
Round 6 duration: 26.49 seconds

--- Round 7/25 ---
/home/jmulvany/Thesis_BU/venv/lib/python3.10/site-packages/sklearn/metrics/_classification.py:1344: UndefinedMetricWarning: Precision and F-score are ill-defined and being set to 0.0 in labels with no predicted samples. Use `zero_division` parameter to control this behavior.
  _warn_prf(average, modifier, msg_start, len(result))
/home/jmulvany/Thesis_BU/venv/lib/python3.10/site-packages/sklearn/metrics/_classification.py:1344: UndefinedMetricWarning: Precision and F-score are ill-defined and being set to 0.0 in labels with no predicted samples. Use `zero_division` parameter to control this behavior.
  _warn_prf(average, modifier, msg_start, len(result))
/home/jmulvany/Thesis_BU/venv/lib/python3.10/site-packages/sklearn/metrics/_classification.py:1344: UndefinedMetricWarning: Precision and F-score are ill-defined and being set to 0.0 in labels with no predicted samples. Use `zero_division` parameter to control this behavior.
  _warn_prf(average, modifier, msg_start, len(result))
Round 7 - Accuracy: 33.33%
F1 Score: 0.1667
Confusion Matrix:
[[100   0]
 [200   0]]
Classification Report:
              precision    recall  f1-score   support

         0.0     0.3333    1.0000    0.5000       100
         1.0     0.0000    0.0000    0.0000       200

    accuracy                         0.3333       300
   macro avg     0.1667    0.5000    0.2500       300
weighted avg     0.1111    0.3333    0.1667       300

/home/jmulvany/Thesis_BU/venv/lib/python3.10/site-packages/sklearn/metrics/_classification.py:1344: UndefinedMetricWarning: Precision and F-score are ill-defined and being set to 0.0 in labels with no predicted samples. Use `zero_division` parameter to control this behavior.
  _warn_prf(average, modifier, msg_start, len(result))
/home/jmulvany/Thesis_BU/venv/lib/python3.10/site-packages/sklearn/metrics/_classification.py:1344: UndefinedMetricWarning: Precision and F-score are ill-defined and being set to 0.0 in labels with no predicted samples. Use `zero_division` parameter to control this behavior.
  _warn_prf(average, modifier, msg_start, len(result))
/home/jmulvany/Thesis_BU/venv/lib/python3.10/site-packages/sklearn/metrics/_classification.py:1344: UndefinedMetricWarning: Precision and F-score are ill-defined and being set to 0.0 in labels with no predicted samples. Use `zero_division` parameter to control this behavior.
  _warn_prf(average, modifier, msg_start, len(result))
Round 7 duration: 25.06 seconds

--- Round 8/25 ---
/home/jmulvany/Thesis_BU/venv/lib/python3.10/site-packages/sklearn/metrics/_classification.py:1344: UndefinedMetricWarning: Precision and F-score are ill-defined and being set to 0.0 in labels with no predicted samples. Use `zero_division` parameter to control this behavior.
  _warn_prf(average, modifier, msg_start, len(result))
/home/jmulvany/Thesis_BU/venv/lib/python3.10/site-packages/sklearn/metrics/_classification.py:1344: UndefinedMetricWarning: Precision and F-score are ill-defined and being set to 0.0 in labels with no predicted samples. Use `zero_division` parameter to control this behavior.
  _warn_prf(average, modifier, msg_start, len(result))
/home/jmulvany/Thesis_BU/venv/lib/python3.10/site-packages/sklearn/metrics/_classification.py:1344: UndefinedMetricWarning: Precision and F-score are ill-defined and being set to 0.0 in labels with no predicted samples. Use `zero_division` parameter to control this behavior.
  _warn_prf(average, modifier, msg_start, len(result))
Round 8 - Accuracy: 33.33%
F1 Score: 0.1667
Confusion Matrix:
[[100   0]
 [200   0]]
Classification Report:
              precision    recall  f1-score   support

         0.0     0.3333    1.0000    0.5000       100
         1.0     0.0000    0.0000    0.0000       200

    accuracy                         0.3333       300
   macro avg     0.1667    0.5000    0.2500       300
weighted avg     0.1111    0.3333    0.1667       300

/home/jmulvany/Thesis_BU/venv/lib/python3.10/site-packages/sklearn/metrics/_classification.py:1344: UndefinedMetricWarning: Precision and F-score are ill-defined and being set to 0.0 in labels with no predicted samples. Use `zero_division` parameter to control this behavior.
  _warn_prf(average, modifier, msg_start, len(result))
/home/jmulvany/Thesis_BU/venv/lib/python3.10/site-packages/sklearn/metrics/_classification.py:1344: UndefinedMetricWarning: Precision and F-score are ill-defined and being set to 0.0 in labels with no predicted samples. Use `zero_division` parameter to control this behavior.
  _warn_prf(average, modifier, msg_start, len(result))
/home/jmulvany/Thesis_BU/venv/lib/python3.10/site-packages/sklearn/metrics/_classification.py:1344: UndefinedMetricWarning: Precision and F-score are ill-defined and being set to 0.0 in labels with no predicted samples. Use `zero_division` parameter to control this behavior.
  _warn_prf(average, modifier, msg_start, len(result))
Round 8 duration: 24.48 seconds

--- Round 9/25 ---
/home/jmulvany/Thesis_BU/venv/lib/python3.10/site-packages/sklearn/metrics/_classification.py:1344: UndefinedMetricWarning: Precision and F-score are ill-defined and being set to 0.0 in labels with no predicted samples. Use `zero_division` parameter to control this behavior.
  _warn_prf(average, modifier, msg_start, len(result))
/home/jmulvany/Thesis_BU/venv/lib/python3.10/site-packages/sklearn/metrics/_classification.py:1344: UndefinedMetricWarning: Precision and F-score are ill-defined and being set to 0.0 in labels with no predicted samples. Use `zero_division` parameter to control this behavior.
  _warn_prf(average, modifier, msg_start, len(result))
/home/jmulvany/Thesis_BU/venv/lib/python3.10/site-packages/sklearn/metrics/_classification.py:1344: UndefinedMetricWarning: Precision and F-score are ill-defined and being set to 0.0 in labels with no predicted samples. Use `zero_division` parameter to control this behavior.
  _warn_prf(average, modifier, msg_start, len(result))
Round 9 - Accuracy: 33.33%
F1 Score: 0.1667
Confusion Matrix:
[[100   0]
 [200   0]]
Classification Report:
              precision    recall  f1-score   support

         0.0     0.3333    1.0000    0.5000       100
         1.0     0.0000    0.0000    0.0000       200

    accuracy                         0.3333       300
   macro avg     0.1667    0.5000    0.2500       300
weighted avg     0.1111    0.3333    0.1667       300

/home/jmulvany/Thesis_BU/venv/lib/python3.10/site-packages/sklearn/metrics/_classification.py:1344: UndefinedMetricWarning: Precision and F-score are ill-defined and being set to 0.0 in labels with no predicted samples. Use `zero_division` parameter to control this behavior.
  _warn_prf(average, modifier, msg_start, len(result))
/home/jmulvany/Thesis_BU/venv/lib/python3.10/site-packages/sklearn/metrics/_classification.py:1344: UndefinedMetricWarning: Precision and F-score are ill-defined and being set to 0.0 in labels with no predicted samples. Use `zero_division` parameter to control this behavior.
  _warn_prf(average, modifier, msg_start, len(result))
/home/jmulvany/Thesis_BU/venv/lib/python3.10/site-packages/sklearn/metrics/_classification.py:1344: UndefinedMetricWarning: Precision and F-score are ill-defined and being set to 0.0 in labels with no predicted samples. Use `zero_division` parameter to control this behavior.
  _warn_prf(average, modifier, msg_start, len(result))
Round 9 duration: 25.29 seconds

--- Round 10/25 ---
Round 10 - Accuracy: 82.00%
F1 Score: 0.8128
Confusion Matrix:
[[ 61  39]
 [ 15 185]]
Classification Report:
              precision    recall  f1-score   support

         0.0     0.8026    0.6100    0.6932       100
         1.0     0.8259    0.9250    0.8726       200

    accuracy                         0.8200       300
   macro avg     0.8143    0.7675    0.7829       300
weighted avg     0.8181    0.8200    0.8128       300

Round 10 duration: 26.15 seconds

--- Round 11/25 ---
Round 11 - Accuracy: 85.67%
F1 Score: 0.8457
Confusion Matrix:
[[ 59  41]
 [  2 198]]
Classification Report:
              precision    recall  f1-score   support

         0.0     0.9672    0.5900    0.7329       100
         1.0     0.8285    0.9900    0.9021       200

    accuracy                         0.8567       300
   macro avg     0.8978    0.7900    0.8175       300
weighted avg     0.8747    0.8567    0.8457       300

Round 11 duration: 30.33 seconds

--- Round 12/25 ---
Round 12 - Accuracy: 87.33%
F1 Score: 0.8640
Confusion Matrix:
[[ 62  38]
 [  0 200]]
Classification Report:
              precision    recall  f1-score   support

         0.0     1.0000    0.6200    0.7654       100
         1.0     0.8403    1.0000    0.9132       200

    accuracy                         0.8733       300
   macro avg     0.9202    0.8100    0.8393       300
weighted avg     0.8936    0.8733    0.8640       300

Round 12 duration: 26.22 seconds

--- Round 13/25 ---
Round 13 - Accuracy: 89.00%
F1 Score: 0.8844
Confusion Matrix:
[[ 69  31]
 [  2 198]]
Classification Report:
              precision    recall  f1-score   support

         0.0     0.9718    0.6900    0.8070       100
         1.0     0.8646    0.9900    0.9231       200

    accuracy                         0.8900       300
   macro avg     0.9182    0.8400    0.8650       300
weighted avg     0.9004    0.8900    0.8844       300

Round 13 duration: 25.10 seconds

--- Round 14/25 ---
Round 14 - Accuracy: 90.00%
F1 Score: 0.8960
Confusion Matrix:
[[ 73  27]
 [  3 197]]
Classification Report:
              precision    recall  f1-score   support

         0.0     0.9605    0.7300    0.8295       100
         1.0     0.8795    0.9850    0.9292       200

    accuracy                         0.9000       300
   macro avg     0.9200    0.8575    0.8794       300
weighted avg     0.9065    0.9000    0.8960       300

Round 14 duration: 25.48 seconds

--- Round 15/25 ---
Round 15 - Accuracy: 85.33%
F1 Score: 0.8408
Confusion Matrix:
[[ 57  43]
 [  1 199]]
Classification Report:
              precision    recall  f1-score   support

         0.0     0.9828    0.5700    0.7215       100
         1.0     0.8223    0.9950    0.9005       200

    accuracy                         0.8533       300
   macro avg     0.9025    0.7825    0.8110       300
weighted avg     0.8758    0.8533    0.8408       300

Round 15 duration: 30.73 seconds

--- Round 16/25 ---
Round 16 - Accuracy: 86.33%
F1 Score: 0.8521
Confusion Matrix:
[[ 59  41]
 [  0 200]]
Classification Report:
              precision    recall  f1-score   support

         0.0     1.0000    0.5900    0.7421       100
         1.0     0.8299    1.0000    0.9070       200

    accuracy                         0.8633       300
   macro avg     0.9149    0.7950    0.8246       300
weighted avg     0.8866    0.8633    0.8521       300

Round 16 duration: 27.24 seconds

--- Round 17/25 ---
Round 17 - Accuracy: 93.67%
F1 Score: 0.9350
Confusion Matrix:
[[ 82  18]
 [  1 199]]
Classification Report:
              precision    recall  f1-score   support

         0.0     0.9880    0.8200    0.8962       100
         1.0     0.9171    0.9950    0.9544       200

    accuracy                         0.9367       300
   macro avg     0.9525    0.9075    0.9253       300
weighted avg     0.9407    0.9367    0.9350       300


*** F1 threshold reached: 0.9350 >= 0.9. Stopping training early. ***

=== Timing Report ===
Total training time: 445.14 seconds
Average time per round: 26.18 seconds
Average time per round per client: 13.09 seconds
Round durations:
  Round 1: 27.34 seconds
  Round 2: 25.29 seconds
  Round 3: 23.47 seconds
  Round 4: 24.00 seconds
  Round 5: 26.23 seconds
  Round 6: 26.49 seconds
  Round 7: 25.06 seconds
  Round 8: 24.48 seconds
  Round 9: 25.29 seconds
  Round 10: 26.15 seconds
  Round 11: 30.33 seconds
  Round 12: 26.22 seconds
  Round 13: 25.10 seconds
  Round 14: 25.48 seconds
  Round 15: 30.73 seconds
  Round 16: 27.24 seconds
  Round 17: 26.25 seconds

=== Communication Overhead Report ===
Summary of Communication:
  Total Transferred: 3,122,246,502 bytes
  Total Sent: 258,158,668 bytes
  Total Received: 2,864,087,834 bytes
  Avg Sent per Client (Total): 129,079,334.00 bytes
  Avg Received per Client (Total): 1,432,043,917.00 bytes
  Avg Sent per Client per Round: 7,592,902.00 bytes
  Avg Received per Client per Round: 84,237,877.47 bytes

=== Resource Usage Report ===
CPU Usage:
  Average of averages: 2.08%
  Overall Peak: 38.20%
  Overall Min: 0.00%
  Average per round Peak: 28.03%
  Average per round Min: 0.00%
Memory Usage:
  Average of averages: 1509.81 MB
  Overall Peak: 1923.92 MB
  Overall Min: 689.23 MB
  Average per round Peak: 1628.74 MB
  Average per round Min: 1489.27 MB
Available Memory:
  Average of averages: 1058.60 MB
  Overall Peak: 3448.99 MB
  Overall Min: 517.97 MB
  Average per round Peak: 1166.61 MB
  Average per round Min: 857.08 MB

Training complete.
