2025-04-15 04:27:00.294883: I tensorflow/core/util/port.cc:110] oneDNN custom operations are on. You may see slightly different numerical results due to floating-point round-off errors from different computation orders. To turn them off, set the environment variable `TF_ENABLE_ONEDNN_OPTS=0`.
2025-04-15 04:27:00.325124: I tensorflow/tsl/cuda/cudart_stub.cc:28] Could not find cuda drivers on your machine, GPU will not be used.
2025-04-15 04:27:00.642812: I tensorflow/tsl/cuda/cudart_stub.cc:28] Could not find cuda drivers on your machine, GPU will not be used.
2025-04-15 04:27:00.644706: I tensorflow/core/platform/cpu_feature_guard.cc:182] This TensorFlow binary is optimized to use available CPU instructions in performance-critical operations.
To enable the following instructions: AVX2 AVX512F AVX512_VNNI FMA, in other operations, rebuild TensorFlow with the appropriate compiler flags.
2025-04-15 04:27:02.260268: W tensorflow/compiler/tf2tensorrt/utils/py_utils.cc:38] TF-TRT Warning: Could not find TensorRT
Waiting for clients to connect...
Connected to ('127.0.0.1', 52186)
Connected to ('127.0.0.1', 52200)

--- Round 1/25 ---
/home/jmulvany/Thesis_BU/venv/lib/python3.10/site-packages/sklearn/metrics/_classification.py:1344: UndefinedMetricWarning: Precision and F-score are ill-defined and being set to 0.0 in labels with no predicted samples. Use `zero_division` parameter to control this behavior.
  _warn_prf(average, modifier, msg_start, len(result))
/home/jmulvany/Thesis_BU/venv/lib/python3.10/site-packages/sklearn/metrics/_classification.py:1344: UndefinedMetricWarning: Precision and F-score are ill-defined and being set to 0.0 in labels with no predicted samples. Use `zero_division` parameter to control this behavior.
  _warn_prf(average, modifier, msg_start, len(result))
/home/jmulvany/Thesis_BU/venv/lib/python3.10/site-packages/sklearn/metrics/_classification.py:1344: UndefinedMetricWarning: Precision and F-score are ill-defined and being set to 0.0 in labels with no predicted samples. Use `zero_division` parameter to control this behavior.
  _warn_prf(average, modifier, msg_start, len(result))
Round 1 - Accuracy: 33.33%
F1 Score: 0.1667
Confusion Matrix:
[[100   0]
 [200   0]]
Classification Report:
              precision    recall  f1-score   support

         0.0     0.3333    1.0000    0.5000       100
         1.0     0.0000    0.0000    0.0000       200

    accuracy                         0.3333       300
   macro avg     0.1667    0.5000    0.2500       300
weighted avg     0.1111    0.3333    0.1667       300

/home/jmulvany/Thesis_BU/venv/lib/python3.10/site-packages/sklearn/metrics/_classification.py:1344: UndefinedMetricWarning: Precision and F-score are ill-defined and being set to 0.0 in labels with no predicted samples. Use `zero_division` parameter to control this behavior.
  _warn_prf(average, modifier, msg_start, len(result))
/home/jmulvany/Thesis_BU/venv/lib/python3.10/site-packages/sklearn/metrics/_classification.py:1344: UndefinedMetricWarning: Precision and F-score are ill-defined and being set to 0.0 in labels with no predicted samples. Use `zero_division` parameter to control this behavior.
  _warn_prf(average, modifier, msg_start, len(result))
/home/jmulvany/Thesis_BU/venv/lib/python3.10/site-packages/sklearn/metrics/_classification.py:1344: UndefinedMetricWarning: Precision and F-score are ill-defined and being set to 0.0 in labels with no predicted samples. Use `zero_division` parameter to control this behavior.
  _warn_prf(average, modifier, msg_start, len(result))
Round 1 duration: 20.03 seconds

--- Round 2/25 ---
/home/jmulvany/Thesis_BU/venv/lib/python3.10/site-packages/sklearn/metrics/_classification.py:1344: UndefinedMetricWarning: Precision and F-score are ill-defined and being set to 0.0 in labels with no predicted samples. Use `zero_division` parameter to control this behavior.
  _warn_prf(average, modifier, msg_start, len(result))
/home/jmulvany/Thesis_BU/venv/lib/python3.10/site-packages/sklearn/metrics/_classification.py:1344: UndefinedMetricWarning: Precision and F-score are ill-defined and being set to 0.0 in labels with no predicted samples. Use `zero_division` parameter to control this behavior.
  _warn_prf(average, modifier, msg_start, len(result))
/home/jmulvany/Thesis_BU/venv/lib/python3.10/site-packages/sklearn/metrics/_classification.py:1344: UndefinedMetricWarning: Precision and F-score are ill-defined and being set to 0.0 in labels with no predicted samples. Use `zero_division` parameter to control this behavior.
  _warn_prf(average, modifier, msg_start, len(result))
Round 2 - Accuracy: 33.33%
F1 Score: 0.1667
Confusion Matrix:
[[100   0]
 [200   0]]
Classification Report:
              precision    recall  f1-score   support

         0.0     0.3333    1.0000    0.5000       100
         1.0     0.0000    0.0000    0.0000       200

    accuracy                         0.3333       300
   macro avg     0.1667    0.5000    0.2500       300
weighted avg     0.1111    0.3333    0.1667       300

/home/jmulvany/Thesis_BU/venv/lib/python3.10/site-packages/sklearn/metrics/_classification.py:1344: UndefinedMetricWarning: Precision and F-score are ill-defined and being set to 0.0 in labels with no predicted samples. Use `zero_division` parameter to control this behavior.
  _warn_prf(average, modifier, msg_start, len(result))
/home/jmulvany/Thesis_BU/venv/lib/python3.10/site-packages/sklearn/metrics/_classification.py:1344: UndefinedMetricWarning: Precision and F-score are ill-defined and being set to 0.0 in labels with no predicted samples. Use `zero_division` parameter to control this behavior.
  _warn_prf(average, modifier, msg_start, len(result))
/home/jmulvany/Thesis_BU/venv/lib/python3.10/site-packages/sklearn/metrics/_classification.py:1344: UndefinedMetricWarning: Precision and F-score are ill-defined and being set to 0.0 in labels with no predicted samples. Use `zero_division` parameter to control this behavior.
  _warn_prf(average, modifier, msg_start, len(result))
Round 2 duration: 22.04 seconds

--- Round 3/25 ---
/home/jmulvany/Thesis_BU/venv/lib/python3.10/site-packages/sklearn/metrics/_classification.py:1344: UndefinedMetricWarning: Precision and F-score are ill-defined and being set to 0.0 in labels with no predicted samples. Use `zero_division` parameter to control this behavior.
  _warn_prf(average, modifier, msg_start, len(result))
/home/jmulvany/Thesis_BU/venv/lib/python3.10/site-packages/sklearn/metrics/_classification.py:1344: UndefinedMetricWarning: Precision and F-score are ill-defined and being set to 0.0 in labels with no predicted samples. Use `zero_division` parameter to control this behavior.
  _warn_prf(average, modifier, msg_start, len(result))
/home/jmulvany/Thesis_BU/venv/lib/python3.10/site-packages/sklearn/metrics/_classification.py:1344: UndefinedMetricWarning: Precision and F-score are ill-defined and being set to 0.0 in labels with no predicted samples. Use `zero_division` parameter to control this behavior.
  _warn_prf(average, modifier, msg_start, len(result))
Round 3 - Accuracy: 33.33%
F1 Score: 0.1667
Confusion Matrix:
[[100   0]
 [200   0]]
Classification Report:
              precision    recall  f1-score   support

         0.0     0.3333    1.0000    0.5000       100
         1.0     0.0000    0.0000    0.0000       200

    accuracy                         0.3333       300
   macro avg     0.1667    0.5000    0.2500       300
weighted avg     0.1111    0.3333    0.1667       300

/home/jmulvany/Thesis_BU/venv/lib/python3.10/site-packages/sklearn/metrics/_classification.py:1344: UndefinedMetricWarning: Precision and F-score are ill-defined and being set to 0.0 in labels with no predicted samples. Use `zero_division` parameter to control this behavior.
  _warn_prf(average, modifier, msg_start, len(result))
/home/jmulvany/Thesis_BU/venv/lib/python3.10/site-packages/sklearn/metrics/_classification.py:1344: UndefinedMetricWarning: Precision and F-score are ill-defined and being set to 0.0 in labels with no predicted samples. Use `zero_division` parameter to control this behavior.
  _warn_prf(average, modifier, msg_start, len(result))
/home/jmulvany/Thesis_BU/venv/lib/python3.10/site-packages/sklearn/metrics/_classification.py:1344: UndefinedMetricWarning: Precision and F-score are ill-defined and being set to 0.0 in labels with no predicted samples. Use `zero_division` parameter to control this behavior.
  _warn_prf(average, modifier, msg_start, len(result))
Round 3 duration: 16.02 seconds

--- Round 4/25 ---
/home/jmulvany/Thesis_BU/venv/lib/python3.10/site-packages/sklearn/metrics/_classification.py:1344: UndefinedMetricWarning: Precision and F-score are ill-defined and being set to 0.0 in labels with no predicted samples. Use `zero_division` parameter to control this behavior.
  _warn_prf(average, modifier, msg_start, len(result))
/home/jmulvany/Thesis_BU/venv/lib/python3.10/site-packages/sklearn/metrics/_classification.py:1344: UndefinedMetricWarning: Precision and F-score are ill-defined and being set to 0.0 in labels with no predicted samples. Use `zero_division` parameter to control this behavior.
  _warn_prf(average, modifier, msg_start, len(result))
/home/jmulvany/Thesis_BU/venv/lib/python3.10/site-packages/sklearn/metrics/_classification.py:1344: UndefinedMetricWarning: Precision and F-score are ill-defined and being set to 0.0 in labels with no predicted samples. Use `zero_division` parameter to control this behavior.
  _warn_prf(average, modifier, msg_start, len(result))
Round 4 - Accuracy: 33.33%
F1 Score: 0.1667
Confusion Matrix:
[[100   0]
 [200   0]]
Classification Report:
              precision    recall  f1-score   support

         0.0     0.3333    1.0000    0.5000       100
         1.0     0.0000    0.0000    0.0000       200

    accuracy                         0.3333       300
   macro avg     0.1667    0.5000    0.2500       300
weighted avg     0.1111    0.3333    0.1667       300

/home/jmulvany/Thesis_BU/venv/lib/python3.10/site-packages/sklearn/metrics/_classification.py:1344: UndefinedMetricWarning: Precision and F-score are ill-defined and being set to 0.0 in labels with no predicted samples. Use `zero_division` parameter to control this behavior.
  _warn_prf(average, modifier, msg_start, len(result))
/home/jmulvany/Thesis_BU/venv/lib/python3.10/site-packages/sklearn/metrics/_classification.py:1344: UndefinedMetricWarning: Precision and F-score are ill-defined and being set to 0.0 in labels with no predicted samples. Use `zero_division` parameter to control this behavior.
  _warn_prf(average, modifier, msg_start, len(result))
/home/jmulvany/Thesis_BU/venv/lib/python3.10/site-packages/sklearn/metrics/_classification.py:1344: UndefinedMetricWarning: Precision and F-score are ill-defined and being set to 0.0 in labels with no predicted samples. Use `zero_division` parameter to control this behavior.
  _warn_prf(average, modifier, msg_start, len(result))
Round 4 duration: 22.04 seconds

--- Round 5/25 ---
Round 5 - Accuracy: 34.33%
F1 Score: 0.1876
Confusion Matrix:
[[100   0]
 [197   3]]
Classification Report:
              precision    recall  f1-score   support

         0.0     0.3367    1.0000    0.5038       100
         1.0     1.0000    0.0150    0.0296       200

    accuracy                         0.3433       300
   macro avg     0.6684    0.5075    0.2667       300
weighted avg     0.7789    0.3433    0.1876       300

Round 5 duration: 22.04 seconds

--- Round 6/25 ---
Round 6 - Accuracy: 33.67%
F1 Score: 0.1737
Confusion Matrix:
[[100   0]
 [199   1]]
Classification Report:
              precision    recall  f1-score   support

         0.0     0.3344    1.0000    0.5013       100
         1.0     1.0000    0.0050    0.0100       200

    accuracy                         0.3367       300
   macro avg     0.6672    0.5025    0.2556       300
weighted avg     0.7781    0.3367    0.1737       300

Round 6 duration: 22.04 seconds

--- Round 7/25 ---
Round 7 - Accuracy: 61.00%
F1 Score: 0.6014
Confusion Matrix:
[[100   0]
 [117  83]]
Classification Report:
              precision    recall  f1-score   support

         0.0     0.4608    1.0000    0.6309       100
         1.0     1.0000    0.4150    0.5866       200

    accuracy                         0.6100       300
   macro avg     0.7304    0.7075    0.6087       300
weighted avg     0.8203    0.6100    0.6014       300

Round 7 duration: 22.04 seconds

--- Round 8/25 ---
Round 8 - Accuracy: 77.00%
F1 Score: 0.7763
Confusion Matrix:
[[ 95   5]
 [ 64 136]]
Classification Report:
              precision    recall  f1-score   support

         0.0     0.5975    0.9500    0.7336       100
         1.0     0.9645    0.6800    0.7977       200

    accuracy                         0.7700       300
   macro avg     0.7810    0.8150    0.7656       300
weighted avg     0.8422    0.7700    0.7763       300

Round 8 duration: 15.04 seconds

--- Round 9/25 ---
Round 9 - Accuracy: 86.00%
F1 Score: 0.8623
Confusion Matrix:
[[ 87  13]
 [ 29 171]]
Classification Report:
              precision    recall  f1-score   support

         0.0     0.7500    0.8700    0.8056       100
         1.0     0.9293    0.8550    0.8906       200

    accuracy                         0.8600       300
   macro avg     0.8397    0.8625    0.8481       300
weighted avg     0.8696    0.8600    0.8623       300

Round 9 duration: 16.03 seconds

--- Round 10/25 ---
Round 10 - Accuracy: 88.00%
F1 Score: 0.8794
Confusion Matrix:
[[ 80  20]
 [ 16 184]]
Classification Report:
              precision    recall  f1-score   support

         0.0     0.8333    0.8000    0.8163       100
         1.0     0.9020    0.9200    0.9109       200

    accuracy                         0.8800       300
   macro avg     0.8676    0.8600    0.8636       300
weighted avg     0.8791    0.8800    0.8794       300

Round 10 duration: 22.04 seconds

--- Round 11/25 ---
Round 11 - Accuracy: 92.33%
F1 Score: 0.9224
Confusion Matrix:
[[ 84  16]
 [  7 193]]
Classification Report:
              precision    recall  f1-score   support

         0.0     0.9231    0.8400    0.8796       100
         1.0     0.9234    0.9650    0.9438       200

    accuracy                         0.9233       300
   macro avg     0.9233    0.9025    0.9117       300
weighted avg     0.9233    0.9233    0.9224       300


*** F1 threshold reached: 0.9224 >= 0.9. Stopping training early. ***

=== Timing Report ===
Total training time: 223.38 seconds
Average time per round: 20.31 seconds
Average time per round per client: 10.15 seconds
Round durations:
  Round 1: 20.03 seconds
  Round 2: 22.04 seconds
  Round 3: 16.02 seconds
  Round 4: 22.04 seconds
  Round 5: 22.04 seconds
  Round 6: 22.04 seconds
  Round 7: 22.04 seconds
  Round 8: 15.04 seconds
  Round 9: 16.03 seconds
  Round 10: 22.04 seconds
  Round 11: 24.04 seconds

=== Communication Overhead Report ===
Summary of Communication:
  Total Transferred: 334,087,688 bytes
  Total Sent: 167,043,844 bytes
  Total Received: 167,043,844 bytes
  Avg Sent per Client (Total): 83,521,922.00 bytes
  Avg Received per Client (Total): 83,521,922.00 bytes
  Avg Sent per Client per Round: 7,592,902.00 bytes
  Avg Received per Client per Round: 7,592,902.00 bytes

=== Resource Usage Report ===
CPU Usage:
  Average of averages: 1.25%
  Overall Peak: 28.98%
  Overall Min: 0.00%
  Average per round Peak: 23.82%
  Average per round Min: 0.00%
Memory Usage:
  Average of averages: 1000.15 MB
  Overall Peak: 1085.16 MB
  Overall Min: 570.58 MB
  Average per round Peak: 1001.61 MB
  Average per round Min: 989.65 MB
Available Memory:
  Average of averages: 1104.91 MB
  Overall Peak: 2597.67 MB
  Overall Min: 801.80 MB
  Average per round Peak: 1216.82 MB
  Average per round Min: 1073.66 MB

Training complete.
