2025-04-15 04:13:52.363847: I tensorflow/core/util/port.cc:110] oneDNN custom operations are on. You may see slightly different numerical results due to floating-point round-off errors from different computation orders. To turn them off, set the environment variable `TF_ENABLE_ONEDNN_OPTS=0`.
2025-04-15 04:13:52.396782: I tensorflow/tsl/cuda/cudart_stub.cc:28] Could not find cuda drivers on your machine, GPU will not be used.
2025-04-15 04:13:52.727879: I tensorflow/tsl/cuda/cudart_stub.cc:28] Could not find cuda drivers on your machine, GPU will not be used.
2025-04-15 04:13:52.732730: I tensorflow/core/platform/cpu_feature_guard.cc:182] This TensorFlow binary is optimized to use available CPU instructions in performance-critical operations.
To enable the following instructions: AVX2 AVX512F AVX512_VNNI FMA, in other operations, rebuild TensorFlow with the appropriate compiler flags.
2025-04-15 04:13:54.278753: W tensorflow/compiler/tf2tensorrt/utils/py_utils.cc:38] TF-TRT Warning: Could not find TensorRT
Waiting for clients to connect...
Connected to ('127.0.0.1', 56166)
Connected to ('127.0.0.1', 56176)

--- Round 1/25 ---
/home/jmulvany/Thesis_BU/venv/lib/python3.10/site-packages/sklearn/metrics/_classification.py:1344: UndefinedMetricWarning: Precision and F-score are ill-defined and being set to 0.0 in labels with no predicted samples. Use `zero_division` parameter to control this behavior.
  _warn_prf(average, modifier, msg_start, len(result))
/home/jmulvany/Thesis_BU/venv/lib/python3.10/site-packages/sklearn/metrics/_classification.py:1344: UndefinedMetricWarning: Precision and F-score are ill-defined and being set to 0.0 in labels with no predicted samples. Use `zero_division` parameter to control this behavior.
  _warn_prf(average, modifier, msg_start, len(result))
/home/jmulvany/Thesis_BU/venv/lib/python3.10/site-packages/sklearn/metrics/_classification.py:1344: UndefinedMetricWarning: Precision and F-score are ill-defined and being set to 0.0 in labels with no predicted samples. Use `zero_division` parameter to control this behavior.
  _warn_prf(average, modifier, msg_start, len(result))
Round 1 - Accuracy: 66.67%
F1 Score: 0.5333
Confusion Matrix:
[[  0 100]
 [  0 200]]
Classification Report:
              precision    recall  f1-score   support

         0.0     0.0000    0.0000    0.0000       100
         1.0     0.6667    1.0000    0.8000       200

    accuracy                         0.6667       300
   macro avg     0.3333    0.5000    0.4000       300
weighted avg     0.4444    0.6667    0.5333       300

/home/jmulvany/Thesis_BU/venv/lib/python3.10/site-packages/sklearn/metrics/_classification.py:1344: UndefinedMetricWarning: Precision and F-score are ill-defined and being set to 0.0 in labels with no predicted samples. Use `zero_division` parameter to control this behavior.
  _warn_prf(average, modifier, msg_start, len(result))
/home/jmulvany/Thesis_BU/venv/lib/python3.10/site-packages/sklearn/metrics/_classification.py:1344: UndefinedMetricWarning: Precision and F-score are ill-defined and being set to 0.0 in labels with no predicted samples. Use `zero_division` parameter to control this behavior.
  _warn_prf(average, modifier, msg_start, len(result))
/home/jmulvany/Thesis_BU/venv/lib/python3.10/site-packages/sklearn/metrics/_classification.py:1344: UndefinedMetricWarning: Precision and F-score are ill-defined and being set to 0.0 in labels with no predicted samples. Use `zero_division` parameter to control this behavior.
  _warn_prf(average, modifier, msg_start, len(result))
Round 1 duration: 23.04 seconds

--- Round 2/25 ---
/home/jmulvany/Thesis_BU/venv/lib/python3.10/site-packages/sklearn/metrics/_classification.py:1344: UndefinedMetricWarning: Precision and F-score are ill-defined and being set to 0.0 in labels with no predicted samples. Use `zero_division` parameter to control this behavior.
  _warn_prf(average, modifier, msg_start, len(result))
/home/jmulvany/Thesis_BU/venv/lib/python3.10/site-packages/sklearn/metrics/_classification.py:1344: UndefinedMetricWarning: Precision and F-score are ill-defined and being set to 0.0 in labels with no predicted samples. Use `zero_division` parameter to control this behavior.
  _warn_prf(average, modifier, msg_start, len(result))
/home/jmulvany/Thesis_BU/venv/lib/python3.10/site-packages/sklearn/metrics/_classification.py:1344: UndefinedMetricWarning: Precision and F-score are ill-defined and being set to 0.0 in labels with no predicted samples. Use `zero_division` parameter to control this behavior.
  _warn_prf(average, modifier, msg_start, len(result))
Round 2 - Accuracy: 33.33%
F1 Score: 0.1667
Confusion Matrix:
[[100   0]
 [200   0]]
Classification Report:
              precision    recall  f1-score   support

         0.0     0.3333    1.0000    0.5000       100
         1.0     0.0000    0.0000    0.0000       200

    accuracy                         0.3333       300
   macro avg     0.1667    0.5000    0.2500       300
weighted avg     0.1111    0.3333    0.1667       300

/home/jmulvany/Thesis_BU/venv/lib/python3.10/site-packages/sklearn/metrics/_classification.py:1344: UndefinedMetricWarning: Precision and F-score are ill-defined and being set to 0.0 in labels with no predicted samples. Use `zero_division` parameter to control this behavior.
  _warn_prf(average, modifier, msg_start, len(result))
/home/jmulvany/Thesis_BU/venv/lib/python3.10/site-packages/sklearn/metrics/_classification.py:1344: UndefinedMetricWarning: Precision and F-score are ill-defined and being set to 0.0 in labels with no predicted samples. Use `zero_division` parameter to control this behavior.
  _warn_prf(average, modifier, msg_start, len(result))
/home/jmulvany/Thesis_BU/venv/lib/python3.10/site-packages/sklearn/metrics/_classification.py:1344: UndefinedMetricWarning: Precision and F-score are ill-defined and being set to 0.0 in labels with no predicted samples. Use `zero_division` parameter to control this behavior.
  _warn_prf(average, modifier, msg_start, len(result))
Round 2 duration: 22.04 seconds

--- Round 3/25 ---
Round 3 - Accuracy: 68.00%
F1 Score: 0.6808
Confusion Matrix:
[[ 53  47]
 [ 49 151]]
Classification Report:
              precision    recall  f1-score   support

         0.0     0.5196    0.5300    0.5248       100
         1.0     0.7626    0.7550    0.7588       200

    accuracy                         0.6800       300
   macro avg     0.6411    0.6425    0.6418       300
weighted avg     0.6816    0.6800    0.6808       300

Round 3 duration: 16.03 seconds

--- Round 4/25 ---
/home/jmulvany/Thesis_BU/venv/lib/python3.10/site-packages/sklearn/metrics/_classification.py:1344: UndefinedMetricWarning: Precision and F-score are ill-defined and being set to 0.0 in labels with no predicted samples. Use `zero_division` parameter to control this behavior.
  _warn_prf(average, modifier, msg_start, len(result))
/home/jmulvany/Thesis_BU/venv/lib/python3.10/site-packages/sklearn/metrics/_classification.py:1344: UndefinedMetricWarning: Precision and F-score are ill-defined and being set to 0.0 in labels with no predicted samples. Use `zero_division` parameter to control this behavior.
  _warn_prf(average, modifier, msg_start, len(result))
/home/jmulvany/Thesis_BU/venv/lib/python3.10/site-packages/sklearn/metrics/_classification.py:1344: UndefinedMetricWarning: Precision and F-score are ill-defined and being set to 0.0 in labels with no predicted samples. Use `zero_division` parameter to control this behavior.
  _warn_prf(average, modifier, msg_start, len(result))
Round 4 - Accuracy: 66.67%
F1 Score: 0.5333
Confusion Matrix:
[[  0 100]
 [  0 200]]
Classification Report:
              precision    recall  f1-score   support

         0.0     0.0000    0.0000    0.0000       100
         1.0     0.6667    1.0000    0.8000       200

    accuracy                         0.6667       300
   macro avg     0.3333    0.5000    0.4000       300
weighted avg     0.4444    0.6667    0.5333       300

/home/jmulvany/Thesis_BU/venv/lib/python3.10/site-packages/sklearn/metrics/_classification.py:1344: UndefinedMetricWarning: Precision and F-score are ill-defined and being set to 0.0 in labels with no predicted samples. Use `zero_division` parameter to control this behavior.
  _warn_prf(average, modifier, msg_start, len(result))
/home/jmulvany/Thesis_BU/venv/lib/python3.10/site-packages/sklearn/metrics/_classification.py:1344: UndefinedMetricWarning: Precision and F-score are ill-defined and being set to 0.0 in labels with no predicted samples. Use `zero_division` parameter to control this behavior.
  _warn_prf(average, modifier, msg_start, len(result))
/home/jmulvany/Thesis_BU/venv/lib/python3.10/site-packages/sklearn/metrics/_classification.py:1344: UndefinedMetricWarning: Precision and F-score are ill-defined and being set to 0.0 in labels with no predicted samples. Use `zero_division` parameter to control this behavior.
  _warn_prf(average, modifier, msg_start, len(result))
Round 4 duration: 22.04 seconds

--- Round 5/25 ---
Round 5 - Accuracy: 71.67%
F1 Score: 0.7230
Confusion Matrix:
[[ 70  30]
 [ 55 145]]
Classification Report:
              precision    recall  f1-score   support

         0.0     0.5600    0.7000    0.6222       100
         1.0     0.8286    0.7250    0.7733       200

    accuracy                         0.7167       300
   macro avg     0.6943    0.7125    0.6978       300
weighted avg     0.7390    0.7167    0.7230       300

Round 5 duration: 22.04 seconds

--- Round 6/25 ---
Round 6 - Accuracy: 46.33%
F1 Score: 0.4235
Confusion Matrix:
[[ 92   8]
 [153  47]]
Classification Report:
              precision    recall  f1-score   support

         0.0     0.3755    0.9200    0.5333       100
         1.0     0.8545    0.2350    0.3686       200

    accuracy                         0.4633       300
   macro avg     0.6150    0.5775    0.4510       300
weighted avg     0.6949    0.4633    0.4235       300

Round 6 duration: 16.04 seconds

--- Round 7/25 ---
Round 7 - Accuracy: 66.33%
F1 Score: 0.6711
Confusion Matrix:
[[ 85  15]
 [ 86 114]]
Classification Report:
              precision    recall  f1-score   support

         0.0     0.4971    0.8500    0.6273       100
         1.0     0.8837    0.5700    0.6930       200

    accuracy                         0.6633       300
   macro avg     0.6904    0.7100    0.6602       300
weighted avg     0.7548    0.6633    0.6711       300

Round 7 duration: 17.04 seconds

--- Round 8/25 ---
Round 8 - Accuracy: 79.33%
F1 Score: 0.7608
Confusion Matrix:
[[ 38  62]
 [  0 200]]
Classification Report:
              precision    recall  f1-score   support

         0.0     1.0000    0.3800    0.5507       100
         1.0     0.7634    1.0000    0.8658       200

    accuracy                         0.7933       300
   macro avg     0.8817    0.6900    0.7083       300
weighted avg     0.8422    0.7933    0.7608       300

Round 8 duration: 22.04 seconds

--- Round 9/25 ---
Round 9 - Accuracy: 78.00%
F1 Score: 0.7414
Confusion Matrix:
[[ 34  66]
 [  0 200]]
Classification Report:
              precision    recall  f1-score   support

         0.0     1.0000    0.3400    0.5075       100
         1.0     0.7519    1.0000    0.8584       200

    accuracy                         0.7800       300
   macro avg     0.8759    0.6700    0.6829       300
weighted avg     0.8346    0.7800    0.7414       300

Round 9 duration: 19.20 seconds

--- Round 10/25 ---
Round 10 - Accuracy: 86.33%
F1 Score: 0.8521
Confusion Matrix:
[[ 59  41]
 [  0 200]]
Classification Report:
              precision    recall  f1-score   support

         0.0     1.0000    0.5900    0.7421       100
         1.0     0.8299    1.0000    0.9070       200

    accuracy                         0.8633       300
   macro avg     0.9149    0.7950    0.8246       300
weighted avg     0.8866    0.8633    0.8521       300

Round 10 duration: 22.05 seconds

--- Round 11/25 ---
Round 11 - Accuracy: 84.00%
F1 Score: 0.8233
Confusion Matrix:
[[ 52  48]
 [  0 200]]
Classification Report:
              precision    recall  f1-score   support

         0.0     1.0000    0.5200    0.6842       100
         1.0     0.8065    1.0000    0.8929       200

    accuracy                         0.8400       300
   macro avg     0.9032    0.7600    0.7885       300
weighted avg     0.8710    0.8400    0.8233       300

Round 11 duration: 22.04 seconds

--- Round 12/25 ---
Round 12 - Accuracy: 87.00%
F1 Score: 0.8607
Confusion Matrix:
[[ 62  38]
 [  1 199]]
Classification Report:
              precision    recall  f1-score   support

         0.0     0.9841    0.6200    0.7607       100
         1.0     0.8397    0.9950    0.9108       200

    accuracy                         0.8700       300
   macro avg     0.9119    0.8075    0.8357       300
weighted avg     0.8878    0.8700    0.8607       300

Round 12 duration: 22.03 seconds

--- Round 13/25 ---
Round 13 - Accuracy: 92.00%
F1 Score: 0.9171
Confusion Matrix:
[[ 77  23]
 [  1 199]]
Classification Report:
              precision    recall  f1-score   support

         0.0     0.9872    0.7700    0.8652       100
         1.0     0.8964    0.9950    0.9431       200

    accuracy                         0.9200       300
   macro avg     0.9418    0.8825    0.9041       300
weighted avg     0.9267    0.9200    0.9171       300


*** F1 threshold reached: 0.9171 >= 0.9. Stopping training early. ***

=== Timing Report ===
Total training time: 264.65 seconds
Average time per round: 20.36 seconds
Average time per round per client: 10.18 seconds
Round durations:
  Round 1: 23.04 seconds
  Round 2: 22.04 seconds
  Round 3: 16.03 seconds
  Round 4: 22.04 seconds
  Round 5: 22.04 seconds
  Round 6: 16.04 seconds
  Round 7: 17.04 seconds
  Round 8: 22.04 seconds
  Round 9: 19.20 seconds
  Round 10: 22.05 seconds
  Round 11: 22.04 seconds
  Round 12: 22.03 seconds
  Round 13: 19.03 seconds

=== Communication Overhead Report ===
Summary of Communication:
  Total Transferred: 394,830,904 bytes
  Total Sent: 197,415,452 bytes
  Total Received: 197,415,452 bytes
  Avg Sent per Client (Total): 98,707,726.00 bytes
  Avg Received per Client (Total): 98,707,726.00 bytes
  Avg Sent per Client per Round: 7,592,902.00 bytes
  Avg Received per Client per Round: 7,592,902.00 bytes

=== Resource Usage Report ===
CPU Usage:
  Average of averages: 1.27%
  Overall Peak: 29.73%
  Overall Min: 0.00%
  Average per round Peak: 23.31%
  Average per round Min: 0.00%
Memory Usage:
  Average of averages: 998.46 MB
  Overall Peak: 1153.54 MB
  Overall Min: 569.37 MB
  Average per round Peak: 1000.05 MB
  Average per round Min: 989.48 MB
Available Memory:
  Average of averages: 1126.80 MB
  Overall Peak: 2675.42 MB
  Overall Min: 837.90 MB
  Average per round Peak: 1221.06 MB
  Average per round Min: 1101.40 MB

Training complete.
