2025-04-15 05:34:57.630451: I tensorflow/core/util/port.cc:110] oneDNN custom operations are on. You may see slightly different numerical results due to floating-point round-off errors from different computation orders. To turn them off, set the environment variable `TF_ENABLE_ONEDNN_OPTS=0`.
2025-04-15 05:34:57.655528: I tensorflow/tsl/cuda/cudart_stub.cc:28] Could not find cuda drivers on your machine, GPU will not be used.
2025-04-15 05:34:57.968828: I tensorflow/tsl/cuda/cudart_stub.cc:28] Could not find cuda drivers on your machine, GPU will not be used.
2025-04-15 05:34:57.970253: I tensorflow/core/platform/cpu_feature_guard.cc:182] This TensorFlow binary is optimized to use available CPU instructions in performance-critical operations.
To enable the following instructions: AVX2 AVX512F AVX512_VNNI FMA, in other operations, rebuild TensorFlow with the appropriate compiler flags.
2025-04-15 05:34:59.340971: W tensorflow/compiler/tf2tensorrt/utils/py_utils.cc:38] TF-TRT Warning: Could not find TensorRT
Waiting for clients to connect...
Connected to ('127.0.0.1', 42344)
Connected to ('127.0.0.1', 42354)

--- Round 1/25 ---
/home/jmulvany/Thesis_BU/venv/lib/python3.10/site-packages/sklearn/metrics/_classification.py:1344: UndefinedMetricWarning: Precision and F-score are ill-defined and being set to 0.0 in labels with no predicted samples. Use `zero_division` parameter to control this behavior.
  _warn_prf(average, modifier, msg_start, len(result))
/home/jmulvany/Thesis_BU/venv/lib/python3.10/site-packages/sklearn/metrics/_classification.py:1344: UndefinedMetricWarning: Precision and F-score are ill-defined and being set to 0.0 in labels with no predicted samples. Use `zero_division` parameter to control this behavior.
  _warn_prf(average, modifier, msg_start, len(result))
/home/jmulvany/Thesis_BU/venv/lib/python3.10/site-packages/sklearn/metrics/_classification.py:1344: UndefinedMetricWarning: Precision and F-score are ill-defined and being set to 0.0 in labels with no predicted samples. Use `zero_division` parameter to control this behavior.
  _warn_prf(average, modifier, msg_start, len(result))
Round 1 - Accuracy: 33.33%
F1 Score: 0.1667
Confusion Matrix:
[[100   0]
 [200   0]]
Classification Report:
              precision    recall  f1-score   support

         0.0     0.3333    1.0000    0.5000       100
         1.0     0.0000    0.0000    0.0000       200

    accuracy                         0.3333       300
   macro avg     0.1667    0.5000    0.2500       300
weighted avg     0.1111    0.3333    0.1667       300

/home/jmulvany/Thesis_BU/venv/lib/python3.10/site-packages/sklearn/metrics/_classification.py:1344: UndefinedMetricWarning: Precision and F-score are ill-defined and being set to 0.0 in labels with no predicted samples. Use `zero_division` parameter to control this behavior.
  _warn_prf(average, modifier, msg_start, len(result))
/home/jmulvany/Thesis_BU/venv/lib/python3.10/site-packages/sklearn/metrics/_classification.py:1344: UndefinedMetricWarning: Precision and F-score are ill-defined and being set to 0.0 in labels with no predicted samples. Use `zero_division` parameter to control this behavior.
  _warn_prf(average, modifier, msg_start, len(result))
/home/jmulvany/Thesis_BU/venv/lib/python3.10/site-packages/sklearn/metrics/_classification.py:1344: UndefinedMetricWarning: Precision and F-score are ill-defined and being set to 0.0 in labels with no predicted samples. Use `zero_division` parameter to control this behavior.
  _warn_prf(average, modifier, msg_start, len(result))
Round 1 duration: 24.77 seconds

--- Round 2/25 ---
/home/jmulvany/Thesis_BU/venv/lib/python3.10/site-packages/sklearn/metrics/_classification.py:1344: UndefinedMetricWarning: Precision and F-score are ill-defined and being set to 0.0 in labels with no predicted samples. Use `zero_division` parameter to control this behavior.
  _warn_prf(average, modifier, msg_start, len(result))
/home/jmulvany/Thesis_BU/venv/lib/python3.10/site-packages/sklearn/metrics/_classification.py:1344: UndefinedMetricWarning: Precision and F-score are ill-defined and being set to 0.0 in labels with no predicted samples. Use `zero_division` parameter to control this behavior.
  _warn_prf(average, modifier, msg_start, len(result))
/home/jmulvany/Thesis_BU/venv/lib/python3.10/site-packages/sklearn/metrics/_classification.py:1344: UndefinedMetricWarning: Precision and F-score are ill-defined and being set to 0.0 in labels with no predicted samples. Use `zero_division` parameter to control this behavior.
  _warn_prf(average, modifier, msg_start, len(result))
Round 2 - Accuracy: 33.33%
F1 Score: 0.1667
Confusion Matrix:
[[100   0]
 [200   0]]
Classification Report:
              precision    recall  f1-score   support

         0.0     0.3333    1.0000    0.5000       100
         1.0     0.0000    0.0000    0.0000       200

    accuracy                         0.3333       300
   macro avg     0.1667    0.5000    0.2500       300
weighted avg     0.1111    0.3333    0.1667       300

/home/jmulvany/Thesis_BU/venv/lib/python3.10/site-packages/sklearn/metrics/_classification.py:1344: UndefinedMetricWarning: Precision and F-score are ill-defined and being set to 0.0 in labels with no predicted samples. Use `zero_division` parameter to control this behavior.
  _warn_prf(average, modifier, msg_start, len(result))
/home/jmulvany/Thesis_BU/venv/lib/python3.10/site-packages/sklearn/metrics/_classification.py:1344: UndefinedMetricWarning: Precision and F-score are ill-defined and being set to 0.0 in labels with no predicted samples. Use `zero_division` parameter to control this behavior.
  _warn_prf(average, modifier, msg_start, len(result))
/home/jmulvany/Thesis_BU/venv/lib/python3.10/site-packages/sklearn/metrics/_classification.py:1344: UndefinedMetricWarning: Precision and F-score are ill-defined and being set to 0.0 in labels with no predicted samples. Use `zero_division` parameter to control this behavior.
  _warn_prf(average, modifier, msg_start, len(result))
Round 2 duration: 25.39 seconds

--- Round 3/25 ---
/home/jmulvany/Thesis_BU/venv/lib/python3.10/site-packages/sklearn/metrics/_classification.py:1344: UndefinedMetricWarning: Precision and F-score are ill-defined and being set to 0.0 in labels with no predicted samples. Use `zero_division` parameter to control this behavior.
  _warn_prf(average, modifier, msg_start, len(result))
/home/jmulvany/Thesis_BU/venv/lib/python3.10/site-packages/sklearn/metrics/_classification.py:1344: UndefinedMetricWarning: Precision and F-score are ill-defined and being set to 0.0 in labels with no predicted samples. Use `zero_division` parameter to control this behavior.
  _warn_prf(average, modifier, msg_start, len(result))
/home/jmulvany/Thesis_BU/venv/lib/python3.10/site-packages/sklearn/metrics/_classification.py:1344: UndefinedMetricWarning: Precision and F-score are ill-defined and being set to 0.0 in labels with no predicted samples. Use `zero_division` parameter to control this behavior.
  _warn_prf(average, modifier, msg_start, len(result))
Round 3 - Accuracy: 33.33%
F1 Score: 0.1667
Confusion Matrix:
[[100   0]
 [200   0]]
Classification Report:
              precision    recall  f1-score   support

         0.0     0.3333    1.0000    0.5000       100
         1.0     0.0000    0.0000    0.0000       200

    accuracy                         0.3333       300
   macro avg     0.1667    0.5000    0.2500       300
weighted avg     0.1111    0.3333    0.1667       300

/home/jmulvany/Thesis_BU/venv/lib/python3.10/site-packages/sklearn/metrics/_classification.py:1344: UndefinedMetricWarning: Precision and F-score are ill-defined and being set to 0.0 in labels with no predicted samples. Use `zero_division` parameter to control this behavior.
  _warn_prf(average, modifier, msg_start, len(result))
/home/jmulvany/Thesis_BU/venv/lib/python3.10/site-packages/sklearn/metrics/_classification.py:1344: UndefinedMetricWarning: Precision and F-score are ill-defined and being set to 0.0 in labels with no predicted samples. Use `zero_division` parameter to control this behavior.
  _warn_prf(average, modifier, msg_start, len(result))
/home/jmulvany/Thesis_BU/venv/lib/python3.10/site-packages/sklearn/metrics/_classification.py:1344: UndefinedMetricWarning: Precision and F-score are ill-defined and being set to 0.0 in labels with no predicted samples. Use `zero_division` parameter to control this behavior.
  _warn_prf(average, modifier, msg_start, len(result))
Round 3 duration: 23.78 seconds

--- Round 4/25 ---
Round 4 - Accuracy: 36.33%
F1 Score: 0.2279
Confusion Matrix:
[[100   0]
 [191   9]]
Classification Report:
              precision    recall  f1-score   support

         0.0     0.3436    1.0000    0.5115       100
         1.0     1.0000    0.0450    0.0861       200

    accuracy                         0.3633       300
   macro avg     0.6718    0.5225    0.2988       300
weighted avg     0.7812    0.3633    0.2279       300

Round 4 duration: 23.28 seconds

--- Round 5/25 ---
/home/jmulvany/Thesis_BU/venv/lib/python3.10/site-packages/sklearn/metrics/_classification.py:1344: UndefinedMetricWarning: Precision and F-score are ill-defined and being set to 0.0 in labels with no predicted samples. Use `zero_division` parameter to control this behavior.
  _warn_prf(average, modifier, msg_start, len(result))
/home/jmulvany/Thesis_BU/venv/lib/python3.10/site-packages/sklearn/metrics/_classification.py:1344: UndefinedMetricWarning: Precision and F-score are ill-defined and being set to 0.0 in labels with no predicted samples. Use `zero_division` parameter to control this behavior.
  _warn_prf(average, modifier, msg_start, len(result))
/home/jmulvany/Thesis_BU/venv/lib/python3.10/site-packages/sklearn/metrics/_classification.py:1344: UndefinedMetricWarning: Precision and F-score are ill-defined and being set to 0.0 in labels with no predicted samples. Use `zero_division` parameter to control this behavior.
  _warn_prf(average, modifier, msg_start, len(result))
Round 5 - Accuracy: 33.33%
F1 Score: 0.1667
Confusion Matrix:
[[100   0]
 [200   0]]
Classification Report:
              precision    recall  f1-score   support

         0.0     0.3333    1.0000    0.5000       100
         1.0     0.0000    0.0000    0.0000       200

    accuracy                         0.3333       300
   macro avg     0.1667    0.5000    0.2500       300
weighted avg     0.1111    0.3333    0.1667       300

/home/jmulvany/Thesis_BU/venv/lib/python3.10/site-packages/sklearn/metrics/_classification.py:1344: UndefinedMetricWarning: Precision and F-score are ill-defined and being set to 0.0 in labels with no predicted samples. Use `zero_division` parameter to control this behavior.
  _warn_prf(average, modifier, msg_start, len(result))
/home/jmulvany/Thesis_BU/venv/lib/python3.10/site-packages/sklearn/metrics/_classification.py:1344: UndefinedMetricWarning: Precision and F-score are ill-defined and being set to 0.0 in labels with no predicted samples. Use `zero_division` parameter to control this behavior.
  _warn_prf(average, modifier, msg_start, len(result))
/home/jmulvany/Thesis_BU/venv/lib/python3.10/site-packages/sklearn/metrics/_classification.py:1344: UndefinedMetricWarning: Precision and F-score are ill-defined and being set to 0.0 in labels with no predicted samples. Use `zero_division` parameter to control this behavior.
  _warn_prf(average, modifier, msg_start, len(result))
Round 5 duration: 22.62 seconds

--- Round 6/25 ---
/home/jmulvany/Thesis_BU/venv/lib/python3.10/site-packages/sklearn/metrics/_classification.py:1344: UndefinedMetricWarning: Precision and F-score are ill-defined and being set to 0.0 in labels with no predicted samples. Use `zero_division` parameter to control this behavior.
  _warn_prf(average, modifier, msg_start, len(result))
/home/jmulvany/Thesis_BU/venv/lib/python3.10/site-packages/sklearn/metrics/_classification.py:1344: UndefinedMetricWarning: Precision and F-score are ill-defined and being set to 0.0 in labels with no predicted samples. Use `zero_division` parameter to control this behavior.
  _warn_prf(average, modifier, msg_start, len(result))
/home/jmulvany/Thesis_BU/venv/lib/python3.10/site-packages/sklearn/metrics/_classification.py:1344: UndefinedMetricWarning: Precision and F-score are ill-defined and being set to 0.0 in labels with no predicted samples. Use `zero_division` parameter to control this behavior.
  _warn_prf(average, modifier, msg_start, len(result))
Round 6 - Accuracy: 33.33%
F1 Score: 0.1667
Confusion Matrix:
[[100   0]
 [200   0]]
Classification Report:
              precision    recall  f1-score   support

         0.0     0.3333    1.0000    0.5000       100
         1.0     0.0000    0.0000    0.0000       200

    accuracy                         0.3333       300
   macro avg     0.1667    0.5000    0.2500       300
weighted avg     0.1111    0.3333    0.1667       300

/home/jmulvany/Thesis_BU/venv/lib/python3.10/site-packages/sklearn/metrics/_classification.py:1344: UndefinedMetricWarning: Precision and F-score are ill-defined and being set to 0.0 in labels with no predicted samples. Use `zero_division` parameter to control this behavior.
  _warn_prf(average, modifier, msg_start, len(result))
/home/jmulvany/Thesis_BU/venv/lib/python3.10/site-packages/sklearn/metrics/_classification.py:1344: UndefinedMetricWarning: Precision and F-score are ill-defined and being set to 0.0 in labels with no predicted samples. Use `zero_division` parameter to control this behavior.
  _warn_prf(average, modifier, msg_start, len(result))
/home/jmulvany/Thesis_BU/venv/lib/python3.10/site-packages/sklearn/metrics/_classification.py:1344: UndefinedMetricWarning: Precision and F-score are ill-defined and being set to 0.0 in labels with no predicted samples. Use `zero_division` parameter to control this behavior.
  _warn_prf(average, modifier, msg_start, len(result))
Round 6 duration: 25.15 seconds

--- Round 7/25 ---
Round 7 - Accuracy: 43.67%
F1 Score: 0.3596
Confusion Matrix:
[[100   0]
 [169  31]]
Classification Report:
              precision    recall  f1-score   support

         0.0     0.3717    1.0000    0.5420       100
         1.0     1.0000    0.1550    0.2684       200

    accuracy                         0.4367       300
   macro avg     0.6859    0.5775    0.4052       300
weighted avg     0.7906    0.4367    0.3596       300

Round 7 duration: 23.28 seconds

--- Round 8/25 ---
Round 8 - Accuracy: 78.67%
F1 Score: 0.7924
Confusion Matrix:
[[ 86  14]
 [ 50 150]]
Classification Report:
              precision    recall  f1-score   support

         0.0     0.6324    0.8600    0.7288       100
         1.0     0.9146    0.7500    0.8242       200

    accuracy                         0.7867       300
   macro avg     0.7735    0.8050    0.7765       300
weighted avg     0.8205    0.7867    0.7924       300

Round 8 duration: 25.20 seconds

--- Round 9/25 ---
Round 9 - Accuracy: 55.67%
F1 Score: 0.5381
Confusion Matrix:
[[ 98   2]
 [131  69]]
Classification Report:
              precision    recall  f1-score   support

         0.0     0.4279    0.9800    0.5957       100
         1.0     0.9718    0.3450    0.5092       200

    accuracy                         0.5567       300
   macro avg     0.6999    0.6625    0.5525       300
weighted avg     0.7905    0.5567    0.5381       300

Round 9 duration: 25.17 seconds

--- Round 10/25 ---
Round 10 - Accuracy: 84.00%
F1 Score: 0.8329
Confusion Matrix:
[[ 63  37]
 [ 11 189]]
Classification Report:
              precision    recall  f1-score   support

         0.0     0.8514    0.6300    0.7241       100
         1.0     0.8363    0.9450    0.8873       200

    accuracy                         0.8400       300
   macro avg     0.8438    0.7875    0.8057       300
weighted avg     0.8413    0.8400    0.8329       300

Round 10 duration: 25.87 seconds

--- Round 11/25 ---
Round 11 - Accuracy: 85.67%
F1 Score: 0.8589
Confusion Matrix:
[[ 86  14]
 [ 29 171]]
Classification Report:
              precision    recall  f1-score   support

         0.0     0.7478    0.8600    0.8000       100
         1.0     0.9243    0.8550    0.8883       200

    accuracy                         0.8567       300
   macro avg     0.8361    0.8575    0.8442       300
weighted avg     0.8655    0.8567    0.8589       300

Round 11 duration: 39.59 seconds

--- Round 12/25 ---
Round 12 - Accuracy: 86.67%
F1 Score: 0.8624
Confusion Matrix:
[[ 70  30]
 [ 10 190]]
Classification Report:
              precision    recall  f1-score   support

         0.0     0.8750    0.7000    0.7778       100
         1.0     0.8636    0.9500    0.9048       200

    accuracy                         0.8667       300
   macro avg     0.8693    0.8250    0.8413       300
weighted avg     0.8674    0.8667    0.8624       300

Round 12 duration: 27.37 seconds

--- Round 13/25 ---
Round 13 - Accuracy: 92.00%
F1 Score: 0.9178
Confusion Matrix:
[[ 79  21]
 [  3 197]]
Classification Report:
              precision    recall  f1-score   support

         0.0     0.9634    0.7900    0.8681       100
         1.0     0.9037    0.9850    0.9426       200

    accuracy                         0.9200       300
   macro avg     0.9335    0.8875    0.9054       300
weighted avg     0.9236    0.9200    0.9178       300


*** F1 threshold reached: 0.9178 >= 0.9. Stopping training early. ***

=== Timing Report ===
Total training time: 337.76 seconds
Average time per round: 25.98 seconds
Average time per round per client: 12.99 seconds
Round durations:
  Round 1: 24.77 seconds
  Round 2: 25.39 seconds
  Round 3: 23.78 seconds
  Round 4: 23.28 seconds
  Round 5: 22.62 seconds
  Round 6: 25.15 seconds
  Round 7: 23.28 seconds
  Round 8: 25.20 seconds
  Round 9: 25.17 seconds
  Round 10: 25.87 seconds
  Round 11: 39.59 seconds
  Round 12: 27.37 seconds
  Round 13: 26.28 seconds

=== Communication Overhead Report ===
Summary of Communication:
  Total Transferred: 2,387,624,239 bytes
  Total Sent: 197,415,452 bytes
  Total Received: 2,190,208,787 bytes
  Avg Sent per Client (Total): 98,707,726.00 bytes
  Avg Received per Client (Total): 1,095,104,393.50 bytes
  Avg Sent per Client per Round: 7,592,902.00 bytes
  Avg Received per Client per Round: 84,238,799.50 bytes

=== Resource Usage Report ===
CPU Usage:
  Average of averages: 2.52%
  Overall Peak: 39.48%
  Overall Min: 0.00%
  Average per round Peak: 28.12%
  Average per round Min: 0.00%
Memory Usage:
  Average of averages: 1447.63 MB
  Overall Peak: 1773.95 MB
  Overall Min: 688.17 MB
  Average per round Peak: 1581.80 MB
  Average per round Min: 1425.79 MB
Available Memory:
  Average of averages: 1139.10 MB
  Overall Peak: 3398.96 MB
  Overall Min: 543.45 MB
  Average per round Peak: 1266.51 MB
  Average per round Min: 897.82 MB

Training complete.
