2025-04-15 04:19:44.421731: I tensorflow/core/util/port.cc:110] oneDNN custom operations are on. You may see slightly different numerical results due to floating-point round-off errors from different computation orders. To turn them off, set the environment variable `TF_ENABLE_ONEDNN_OPTS=0`.
2025-04-15 04:19:44.441427: I tensorflow/tsl/cuda/cudart_stub.cc:28] Could not find cuda drivers on your machine, GPU will not be used.
2025-04-15 04:19:44.751194: I tensorflow/tsl/cuda/cudart_stub.cc:28] Could not find cuda drivers on your machine, GPU will not be used.
2025-04-15 04:19:44.755910: I tensorflow/core/platform/cpu_feature_guard.cc:182] This TensorFlow binary is optimized to use available CPU instructions in performance-critical operations.
To enable the following instructions: AVX2 AVX512F AVX512_VNNI FMA, in other operations, rebuild TensorFlow with the appropriate compiler flags.
2025-04-15 04:19:46.005222: W tensorflow/compiler/tf2tensorrt/utils/py_utils.cc:38] TF-TRT Warning: Could not find TensorRT
Waiting for clients to connect...
Connected to ('127.0.0.1', 34730)
Connected to ('127.0.0.1', 34746)

--- Round 1/25 ---
Round 1 - Accuracy: 69.33%
F1 Score: 0.5914
Confusion Matrix:
[[  8  92]
 [  0 200]]
Classification Report:
              precision    recall  f1-score   support

         0.0     1.0000    0.0800    0.1481       100
         1.0     0.6849    1.0000    0.8130       200

    accuracy                         0.6933       300
   macro avg     0.8425    0.5400    0.4806       300
weighted avg     0.7900    0.6933    0.5914       300

Round 1 duration: 23.04 seconds

--- Round 2/25 ---
Round 2 - Accuracy: 66.67%
F1 Score: 0.6586
Confusion Matrix:
[[ 42  58]
 [ 42 158]]
Classification Report:
              precision    recall  f1-score   support

         0.0     0.5000    0.4200    0.4565       100
         1.0     0.7315    0.7900    0.7596       200

    accuracy                         0.6667       300
   macro avg     0.6157    0.6050    0.6081       300
weighted avg     0.6543    0.6667    0.6586       300

Round 2 duration: 22.05 seconds

--- Round 3/25 ---
/home/jmulvany/Thesis_BU/venv/lib/python3.10/site-packages/sklearn/metrics/_classification.py:1344: UndefinedMetricWarning: Precision and F-score are ill-defined and being set to 0.0 in labels with no predicted samples. Use `zero_division` parameter to control this behavior.
  _warn_prf(average, modifier, msg_start, len(result))
/home/jmulvany/Thesis_BU/venv/lib/python3.10/site-packages/sklearn/metrics/_classification.py:1344: UndefinedMetricWarning: Precision and F-score are ill-defined and being set to 0.0 in labels with no predicted samples. Use `zero_division` parameter to control this behavior.
  _warn_prf(average, modifier, msg_start, len(result))
/home/jmulvany/Thesis_BU/venv/lib/python3.10/site-packages/sklearn/metrics/_classification.py:1344: UndefinedMetricWarning: Precision and F-score are ill-defined and being set to 0.0 in labels with no predicted samples. Use `zero_division` parameter to control this behavior.
  _warn_prf(average, modifier, msg_start, len(result))
Round 3 - Accuracy: 33.33%
F1 Score: 0.1667
Confusion Matrix:
[[100   0]
 [200   0]]
Classification Report:
              precision    recall  f1-score   support

         0.0     0.3333    1.0000    0.5000       100
         1.0     0.0000    0.0000    0.0000       200

    accuracy                         0.3333       300
   macro avg     0.1667    0.5000    0.2500       300
weighted avg     0.1111    0.3333    0.1667       300

/home/jmulvany/Thesis_BU/venv/lib/python3.10/site-packages/sklearn/metrics/_classification.py:1344: UndefinedMetricWarning: Precision and F-score are ill-defined and being set to 0.0 in labels with no predicted samples. Use `zero_division` parameter to control this behavior.
  _warn_prf(average, modifier, msg_start, len(result))
/home/jmulvany/Thesis_BU/venv/lib/python3.10/site-packages/sklearn/metrics/_classification.py:1344: UndefinedMetricWarning: Precision and F-score are ill-defined and being set to 0.0 in labels with no predicted samples. Use `zero_division` parameter to control this behavior.
  _warn_prf(average, modifier, msg_start, len(result))
/home/jmulvany/Thesis_BU/venv/lib/python3.10/site-packages/sklearn/metrics/_classification.py:1344: UndefinedMetricWarning: Precision and F-score are ill-defined and being set to 0.0 in labels with no predicted samples. Use `zero_division` parameter to control this behavior.
  _warn_prf(average, modifier, msg_start, len(result))
Round 3 duration: 15.03 seconds

--- Round 4/25 ---
/home/jmulvany/Thesis_BU/venv/lib/python3.10/site-packages/sklearn/metrics/_classification.py:1344: UndefinedMetricWarning: Precision and F-score are ill-defined and being set to 0.0 in labels with no predicted samples. Use `zero_division` parameter to control this behavior.
  _warn_prf(average, modifier, msg_start, len(result))
/home/jmulvany/Thesis_BU/venv/lib/python3.10/site-packages/sklearn/metrics/_classification.py:1344: UndefinedMetricWarning: Precision and F-score are ill-defined and being set to 0.0 in labels with no predicted samples. Use `zero_division` parameter to control this behavior.
  _warn_prf(average, modifier, msg_start, len(result))
/home/jmulvany/Thesis_BU/venv/lib/python3.10/site-packages/sklearn/metrics/_classification.py:1344: UndefinedMetricWarning: Precision and F-score are ill-defined and being set to 0.0 in labels with no predicted samples. Use `zero_division` parameter to control this behavior.
  _warn_prf(average, modifier, msg_start, len(result))
Round 4 - Accuracy: 33.33%
F1 Score: 0.1667
Confusion Matrix:
[[100   0]
 [200   0]]
Classification Report:
              precision    recall  f1-score   support

         0.0     0.3333    1.0000    0.5000       100
         1.0     0.0000    0.0000    0.0000       200

    accuracy                         0.3333       300
   macro avg     0.1667    0.5000    0.2500       300
weighted avg     0.1111    0.3333    0.1667       300

/home/jmulvany/Thesis_BU/venv/lib/python3.10/site-packages/sklearn/metrics/_classification.py:1344: UndefinedMetricWarning: Precision and F-score are ill-defined and being set to 0.0 in labels with no predicted samples. Use `zero_division` parameter to control this behavior.
  _warn_prf(average, modifier, msg_start, len(result))
/home/jmulvany/Thesis_BU/venv/lib/python3.10/site-packages/sklearn/metrics/_classification.py:1344: UndefinedMetricWarning: Precision and F-score are ill-defined and being set to 0.0 in labels with no predicted samples. Use `zero_division` parameter to control this behavior.
  _warn_prf(average, modifier, msg_start, len(result))
/home/jmulvany/Thesis_BU/venv/lib/python3.10/site-packages/sklearn/metrics/_classification.py:1344: UndefinedMetricWarning: Precision and F-score are ill-defined and being set to 0.0 in labels with no predicted samples. Use `zero_division` parameter to control this behavior.
  _warn_prf(average, modifier, msg_start, len(result))
Round 4 duration: 22.04 seconds

--- Round 5/25 ---
/home/jmulvany/Thesis_BU/venv/lib/python3.10/site-packages/sklearn/metrics/_classification.py:1344: UndefinedMetricWarning: Precision and F-score are ill-defined and being set to 0.0 in labels with no predicted samples. Use `zero_division` parameter to control this behavior.
  _warn_prf(average, modifier, msg_start, len(result))
/home/jmulvany/Thesis_BU/venv/lib/python3.10/site-packages/sklearn/metrics/_classification.py:1344: UndefinedMetricWarning: Precision and F-score are ill-defined and being set to 0.0 in labels with no predicted samples. Use `zero_division` parameter to control this behavior.
  _warn_prf(average, modifier, msg_start, len(result))
/home/jmulvany/Thesis_BU/venv/lib/python3.10/site-packages/sklearn/metrics/_classification.py:1344: UndefinedMetricWarning: Precision and F-score are ill-defined and being set to 0.0 in labels with no predicted samples. Use `zero_division` parameter to control this behavior.
  _warn_prf(average, modifier, msg_start, len(result))
Round 5 - Accuracy: 33.33%
F1 Score: 0.1667
Confusion Matrix:
[[100   0]
 [200   0]]
Classification Report:
              precision    recall  f1-score   support

         0.0     0.3333    1.0000    0.5000       100
         1.0     0.0000    0.0000    0.0000       200

    accuracy                         0.3333       300
   macro avg     0.1667    0.5000    0.2500       300
weighted avg     0.1111    0.3333    0.1667       300

/home/jmulvany/Thesis_BU/venv/lib/python3.10/site-packages/sklearn/metrics/_classification.py:1344: UndefinedMetricWarning: Precision and F-score are ill-defined and being set to 0.0 in labels with no predicted samples. Use `zero_division` parameter to control this behavior.
  _warn_prf(average, modifier, msg_start, len(result))
/home/jmulvany/Thesis_BU/venv/lib/python3.10/site-packages/sklearn/metrics/_classification.py:1344: UndefinedMetricWarning: Precision and F-score are ill-defined and being set to 0.0 in labels with no predicted samples. Use `zero_division` parameter to control this behavior.
  _warn_prf(average, modifier, msg_start, len(result))
/home/jmulvany/Thesis_BU/venv/lib/python3.10/site-packages/sklearn/metrics/_classification.py:1344: UndefinedMetricWarning: Precision and F-score are ill-defined and being set to 0.0 in labels with no predicted samples. Use `zero_division` parameter to control this behavior.
  _warn_prf(average, modifier, msg_start, len(result))
Round 5 duration: 17.03 seconds

--- Round 6/25 ---
/home/jmulvany/Thesis_BU/venv/lib/python3.10/site-packages/sklearn/metrics/_classification.py:1344: UndefinedMetricWarning: Precision and F-score are ill-defined and being set to 0.0 in labels with no predicted samples. Use `zero_division` parameter to control this behavior.
  _warn_prf(average, modifier, msg_start, len(result))
/home/jmulvany/Thesis_BU/venv/lib/python3.10/site-packages/sklearn/metrics/_classification.py:1344: UndefinedMetricWarning: Precision and F-score are ill-defined and being set to 0.0 in labels with no predicted samples. Use `zero_division` parameter to control this behavior.
  _warn_prf(average, modifier, msg_start, len(result))
/home/jmulvany/Thesis_BU/venv/lib/python3.10/site-packages/sklearn/metrics/_classification.py:1344: UndefinedMetricWarning: Precision and F-score are ill-defined and being set to 0.0 in labels with no predicted samples. Use `zero_division` parameter to control this behavior.
  _warn_prf(average, modifier, msg_start, len(result))
Round 6 - Accuracy: 33.33%
F1 Score: 0.1667
Confusion Matrix:
[[100   0]
 [200   0]]
Classification Report:
              precision    recall  f1-score   support

         0.0     0.3333    1.0000    0.5000       100
         1.0     0.0000    0.0000    0.0000       200

    accuracy                         0.3333       300
   macro avg     0.1667    0.5000    0.2500       300
weighted avg     0.1111    0.3333    0.1667       300

/home/jmulvany/Thesis_BU/venv/lib/python3.10/site-packages/sklearn/metrics/_classification.py:1344: UndefinedMetricWarning: Precision and F-score are ill-defined and being set to 0.0 in labels with no predicted samples. Use `zero_division` parameter to control this behavior.
  _warn_prf(average, modifier, msg_start, len(result))
/home/jmulvany/Thesis_BU/venv/lib/python3.10/site-packages/sklearn/metrics/_classification.py:1344: UndefinedMetricWarning: Precision and F-score are ill-defined and being set to 0.0 in labels with no predicted samples. Use `zero_division` parameter to control this behavior.
  _warn_prf(average, modifier, msg_start, len(result))
/home/jmulvany/Thesis_BU/venv/lib/python3.10/site-packages/sklearn/metrics/_classification.py:1344: UndefinedMetricWarning: Precision and F-score are ill-defined and being set to 0.0 in labels with no predicted samples. Use `zero_division` parameter to control this behavior.
  _warn_prf(average, modifier, msg_start, len(result))
Round 6 duration: 22.04 seconds

--- Round 7/25 ---
/home/jmulvany/Thesis_BU/venv/lib/python3.10/site-packages/sklearn/metrics/_classification.py:1344: UndefinedMetricWarning: Precision and F-score are ill-defined and being set to 0.0 in labels with no predicted samples. Use `zero_division` parameter to control this behavior.
  _warn_prf(average, modifier, msg_start, len(result))
/home/jmulvany/Thesis_BU/venv/lib/python3.10/site-packages/sklearn/metrics/_classification.py:1344: UndefinedMetricWarning: Precision and F-score are ill-defined and being set to 0.0 in labels with no predicted samples. Use `zero_division` parameter to control this behavior.
  _warn_prf(average, modifier, msg_start, len(result))
/home/jmulvany/Thesis_BU/venv/lib/python3.10/site-packages/sklearn/metrics/_classification.py:1344: UndefinedMetricWarning: Precision and F-score are ill-defined and being set to 0.0 in labels with no predicted samples. Use `zero_division` parameter to control this behavior.
  _warn_prf(average, modifier, msg_start, len(result))
Round 7 - Accuracy: 33.33%
F1 Score: 0.1667
Confusion Matrix:
[[100   0]
 [200   0]]
Classification Report:
              precision    recall  f1-score   support

         0.0     0.3333    1.0000    0.5000       100
         1.0     0.0000    0.0000    0.0000       200

    accuracy                         0.3333       300
   macro avg     0.1667    0.5000    0.2500       300
weighted avg     0.1111    0.3333    0.1667       300

/home/jmulvany/Thesis_BU/venv/lib/python3.10/site-packages/sklearn/metrics/_classification.py:1344: UndefinedMetricWarning: Precision and F-score are ill-defined and being set to 0.0 in labels with no predicted samples. Use `zero_division` parameter to control this behavior.
  _warn_prf(average, modifier, msg_start, len(result))
/home/jmulvany/Thesis_BU/venv/lib/python3.10/site-packages/sklearn/metrics/_classification.py:1344: UndefinedMetricWarning: Precision and F-score are ill-defined and being set to 0.0 in labels with no predicted samples. Use `zero_division` parameter to control this behavior.
  _warn_prf(average, modifier, msg_start, len(result))
/home/jmulvany/Thesis_BU/venv/lib/python3.10/site-packages/sklearn/metrics/_classification.py:1344: UndefinedMetricWarning: Precision and F-score are ill-defined and being set to 0.0 in labels with no predicted samples. Use `zero_division` parameter to control this behavior.
  _warn_prf(average, modifier, msg_start, len(result))
Round 7 duration: 22.05 seconds

--- Round 8/25 ---
Round 8 - Accuracy: 60.00%
F1 Score: 0.6033
Confusion Matrix:
[[ 86  14]
 [106  94]]
Classification Report:
              precision    recall  f1-score   support

         0.0     0.4479    0.8600    0.5890       100
         1.0     0.8704    0.4700    0.6104       200

    accuracy                         0.6000       300
   macro avg     0.6591    0.6650    0.5997       300
weighted avg     0.7296    0.6000    0.6033       300

Round 8 duration: 51.00 seconds

--- Round 9/25 ---
Round 9 - Accuracy: 57.00%
F1 Score: 0.5550
Confusion Matrix:
[[ 98   2]
 [127  73]]
Classification Report:
              precision    recall  f1-score   support

         0.0     0.4356    0.9800    0.6031       100
         1.0     0.9733    0.3650    0.5309       200

    accuracy                         0.5700       300
   macro avg     0.7044    0.6725    0.5670       300
weighted avg     0.7941    0.5700    0.5550       300

Round 9 duration: 30.07 seconds

--- Round 10/25 ---
Round 10 - Accuracy: 81.00%
F1 Score: 0.7908
Confusion Matrix:
[[ 48  52]
 [  5 195]]
Classification Report:
              precision    recall  f1-score   support

         0.0     0.9057    0.4800    0.6275       100
         1.0     0.7895    0.9750    0.8725       200

    accuracy                         0.8100       300
   macro avg     0.8476    0.7275    0.7500       300
weighted avg     0.8282    0.8100    0.7908       300

Round 10 duration: 20.03 seconds

--- Round 11/25 ---
Round 11 - Accuracy: 89.00%
F1 Score: 0.8913
Confusion Matrix:
[[ 89  11]
 [ 22 178]]
Classification Report:
              precision    recall  f1-score   support

         0.0     0.8018    0.8900    0.8436       100
         1.0     0.9418    0.8900    0.9152       200

    accuracy                         0.8900       300
   macro avg     0.8718    0.8900    0.8794       300
weighted avg     0.8951    0.8900    0.8913       300

Round 11 duration: 20.03 seconds

--- Round 12/25 ---
Round 12 - Accuracy: 86.33%
F1 Score: 0.8582
Confusion Matrix:
[[ 68  32]
 [  9 191]]
Classification Report:
              precision    recall  f1-score   support

         0.0     0.8831    0.6800    0.7684       100
         1.0     0.8565    0.9550    0.9031       200

    accuracy                         0.8633       300
   macro avg     0.8698    0.8175    0.8357       300
weighted avg     0.8654    0.8633    0.8582       300

Round 12 duration: 19.04 seconds

--- Round 13/25 ---
Round 13 - Accuracy: 81.00%
F1 Score: 0.7840
Confusion Matrix:
[[ 43  57]
 [  0 200]]
Classification Report:
              precision    recall  f1-score   support

         0.0     1.0000    0.4300    0.6014       100
         1.0     0.7782    1.0000    0.8753       200

    accuracy                         0.8100       300
   macro avg     0.8891    0.7150    0.7383       300
weighted avg     0.8521    0.8100    0.7840       300

Round 13 duration: 17.03 seconds

--- Round 14/25 ---
Round 14 - Accuracy: 89.67%
F1 Score: 0.8973
Confusion Matrix:
[[ 87  13]
 [ 18 182]]
Classification Report:
              precision    recall  f1-score   support

         0.0     0.8286    0.8700    0.8488       100
         1.0     0.9333    0.9100    0.9215       200

    accuracy                         0.8967       300
   macro avg     0.8810    0.8900    0.8851       300
weighted avg     0.8984    0.8967    0.8973       300

Round 14 duration: 22.04 seconds

--- Round 15/25 ---
Round 15 - Accuracy: 93.33%
F1 Score: 0.9337
Confusion Matrix:
[[ 92   8]
 [ 12 188]]
Classification Report:
              precision    recall  f1-score   support

         0.0     0.8846    0.9200    0.9020       100
         1.0     0.9592    0.9400    0.9495       200

    accuracy                         0.9333       300
   macro avg     0.9219    0.9300    0.9257       300
weighted avg     0.9343    0.9333    0.9337       300


*** F1 threshold reached: 0.9337 >= 0.9. Stopping training early. ***

=== Timing Report ===
Total training time: 344.54 seconds
Average time per round: 22.97 seconds
Average time per round per client: 11.48 seconds
Round durations:
  Round 1: 23.04 seconds
  Round 2: 22.05 seconds
  Round 3: 15.03 seconds
  Round 4: 22.04 seconds
  Round 5: 17.03 seconds
  Round 6: 22.04 seconds
  Round 7: 22.05 seconds
  Round 8: 51.00 seconds
  Round 9: 30.07 seconds
  Round 10: 20.03 seconds
  Round 11: 20.03 seconds
  Round 12: 19.04 seconds
  Round 13: 17.03 seconds
  Round 14: 22.04 seconds
  Round 15: 22.04 seconds

=== Communication Overhead Report ===
Summary of Communication:
  Total Transferred: 455,574,120 bytes
  Total Sent: 227,787,060 bytes
  Total Received: 227,787,060 bytes
  Avg Sent per Client (Total): 113,893,530.00 bytes
  Avg Received per Client (Total): 113,893,530.00 bytes
  Avg Sent per Client per Round: 7,592,902.00 bytes
  Avg Received per Client per Round: 7,592,902.00 bytes

=== Resource Usage Report ===
CPU Usage:
  Average of averages: 1.59%
  Overall Peak: 37.92%
  Overall Min: 0.00%
  Average per round Peak: 25.43%
  Average per round Min: 0.00%
Memory Usage:
  Average of averages: 1014.90 MB
  Overall Peak: 1153.16 MB
  Overall Min: 571.32 MB
  Average per round Peak: 1019.65 MB
  Average per round Min: 1007.03 MB
Available Memory:
  Average of averages: 1106.62 MB
  Overall Peak: 2705.71 MB
  Overall Min: 788.27 MB
  Average per round Peak: 1199.28 MB
  Average per round Min: 1083.28 MB

Training complete.
