2025-04-15 03:50:35.570115: I tensorflow/core/util/port.cc:110] oneDNN custom operations are on. You may see slightly different numerical results due to floating-point round-off errors from different computation orders. To turn them off, set the environment variable `TF_ENABLE_ONEDNN_OPTS=0`.
2025-04-15 03:50:35.616561: I tensorflow/tsl/cuda/cudart_stub.cc:28] Could not find cuda drivers on your machine, GPU will not be used.
2025-04-15 03:50:36.045958: I tensorflow/tsl/cuda/cudart_stub.cc:28] Could not find cuda drivers on your machine, GPU will not be used.
2025-04-15 03:50:36.054460: I tensorflow/core/platform/cpu_feature_guard.cc:182] This TensorFlow binary is optimized to use available CPU instructions in performance-critical operations.
To enable the following instructions: AVX2 AVX512F AVX512_VNNI FMA, in other operations, rebuild TensorFlow with the appropriate compiler flags.
2025-04-15 03:50:42.253093: W tensorflow/compiler/tf2tensorrt/utils/py_utils.cc:38] TF-TRT Warning: Could not find TensorRT
Waiting for clients to connect...
Connected to ('127.0.0.1', 56666)
Connected to ('127.0.0.1', 56672)

--- Round 1/25 ---
/home/jmulvany/Thesis_BU/venv/lib/python3.10/site-packages/sklearn/metrics/_classification.py:1344: UndefinedMetricWarning: Precision and F-score are ill-defined and being set to 0.0 in labels with no predicted samples. Use `zero_division` parameter to control this behavior.
  _warn_prf(average, modifier, msg_start, len(result))
/home/jmulvany/Thesis_BU/venv/lib/python3.10/site-packages/sklearn/metrics/_classification.py:1344: UndefinedMetricWarning: Precision and F-score are ill-defined and being set to 0.0 in labels with no predicted samples. Use `zero_division` parameter to control this behavior.
  _warn_prf(average, modifier, msg_start, len(result))
/home/jmulvany/Thesis_BU/venv/lib/python3.10/site-packages/sklearn/metrics/_classification.py:1344: UndefinedMetricWarning: Precision and F-score are ill-defined and being set to 0.0 in labels with no predicted samples. Use `zero_division` parameter to control this behavior.
  _warn_prf(average, modifier, msg_start, len(result))
Round 1 - Accuracy: 66.67%
F1 Score: 0.5333
Confusion Matrix:
[[  0 100]
 [  0 200]]
Classification Report:
              precision    recall  f1-score   support

         0.0     0.0000    0.0000    0.0000       100
         1.0     0.6667    1.0000    0.8000       200

    accuracy                         0.6667       300
   macro avg     0.3333    0.5000    0.4000       300
weighted avg     0.4444    0.6667    0.5333       300

/home/jmulvany/Thesis_BU/venv/lib/python3.10/site-packages/sklearn/metrics/_classification.py:1344: UndefinedMetricWarning: Precision and F-score are ill-defined and being set to 0.0 in labels with no predicted samples. Use `zero_division` parameter to control this behavior.
  _warn_prf(average, modifier, msg_start, len(result))
/home/jmulvany/Thesis_BU/venv/lib/python3.10/site-packages/sklearn/metrics/_classification.py:1344: UndefinedMetricWarning: Precision and F-score are ill-defined and being set to 0.0 in labels with no predicted samples. Use `zero_division` parameter to control this behavior.
  _warn_prf(average, modifier, msg_start, len(result))
/home/jmulvany/Thesis_BU/venv/lib/python3.10/site-packages/sklearn/metrics/_classification.py:1344: UndefinedMetricWarning: Precision and F-score are ill-defined and being set to 0.0 in labels with no predicted samples. Use `zero_division` parameter to control this behavior.
  _warn_prf(average, modifier, msg_start, len(result))
Round 1 duration: 44.46 seconds

--- Round 2/25 ---
/home/jmulvany/Thesis_BU/venv/lib/python3.10/site-packages/sklearn/metrics/_classification.py:1344: UndefinedMetricWarning: Precision and F-score are ill-defined and being set to 0.0 in labels with no predicted samples. Use `zero_division` parameter to control this behavior.
  _warn_prf(average, modifier, msg_start, len(result))
/home/jmulvany/Thesis_BU/venv/lib/python3.10/site-packages/sklearn/metrics/_classification.py:1344: UndefinedMetricWarning: Precision and F-score are ill-defined and being set to 0.0 in labels with no predicted samples. Use `zero_division` parameter to control this behavior.
  _warn_prf(average, modifier, msg_start, len(result))
/home/jmulvany/Thesis_BU/venv/lib/python3.10/site-packages/sklearn/metrics/_classification.py:1344: UndefinedMetricWarning: Precision and F-score are ill-defined and being set to 0.0 in labels with no predicted samples. Use `zero_division` parameter to control this behavior.
  _warn_prf(average, modifier, msg_start, len(result))
Round 2 - Accuracy: 66.67%
F1 Score: 0.5333
Confusion Matrix:
[[  0 100]
 [  0 200]]
Classification Report:
              precision    recall  f1-score   support

         0.0     0.0000    0.0000    0.0000       100
         1.0     0.6667    1.0000    0.8000       200

    accuracy                         0.6667       300
   macro avg     0.3333    0.5000    0.4000       300
weighted avg     0.4444    0.6667    0.5333       300

/home/jmulvany/Thesis_BU/venv/lib/python3.10/site-packages/sklearn/metrics/_classification.py:1344: UndefinedMetricWarning: Precision and F-score are ill-defined and being set to 0.0 in labels with no predicted samples. Use `zero_division` parameter to control this behavior.
  _warn_prf(average, modifier, msg_start, len(result))
/home/jmulvany/Thesis_BU/venv/lib/python3.10/site-packages/sklearn/metrics/_classification.py:1344: UndefinedMetricWarning: Precision and F-score are ill-defined and being set to 0.0 in labels with no predicted samples. Use `zero_division` parameter to control this behavior.
  _warn_prf(average, modifier, msg_start, len(result))
/home/jmulvany/Thesis_BU/venv/lib/python3.10/site-packages/sklearn/metrics/_classification.py:1344: UndefinedMetricWarning: Precision and F-score are ill-defined and being set to 0.0 in labels with no predicted samples. Use `zero_division` parameter to control this behavior.
  _warn_prf(average, modifier, msg_start, len(result))
Round 2 duration: 23.05 seconds

--- Round 3/25 ---
/home/jmulvany/Thesis_BU/venv/lib/python3.10/site-packages/sklearn/metrics/_classification.py:1344: UndefinedMetricWarning: Precision and F-score are ill-defined and being set to 0.0 in labels with no predicted samples. Use `zero_division` parameter to control this behavior.
  _warn_prf(average, modifier, msg_start, len(result))
/home/jmulvany/Thesis_BU/venv/lib/python3.10/site-packages/sklearn/metrics/_classification.py:1344: UndefinedMetricWarning: Precision and F-score are ill-defined and being set to 0.0 in labels with no predicted samples. Use `zero_division` parameter to control this behavior.
  _warn_prf(average, modifier, msg_start, len(result))
/home/jmulvany/Thesis_BU/venv/lib/python3.10/site-packages/sklearn/metrics/_classification.py:1344: UndefinedMetricWarning: Precision and F-score are ill-defined and being set to 0.0 in labels with no predicted samples. Use `zero_division` parameter to control this behavior.
  _warn_prf(average, modifier, msg_start, len(result))
Round 3 - Accuracy: 66.67%
F1 Score: 0.5333
Confusion Matrix:
[[  0 100]
 [  0 200]]
Classification Report:
              precision    recall  f1-score   support

         0.0     0.0000    0.0000    0.0000       100
         1.0     0.6667    1.0000    0.8000       200

    accuracy                         0.6667       300
   macro avg     0.3333    0.5000    0.4000       300
weighted avg     0.4444    0.6667    0.5333       300

/home/jmulvany/Thesis_BU/venv/lib/python3.10/site-packages/sklearn/metrics/_classification.py:1344: UndefinedMetricWarning: Precision and F-score are ill-defined and being set to 0.0 in labels with no predicted samples. Use `zero_division` parameter to control this behavior.
  _warn_prf(average, modifier, msg_start, len(result))
/home/jmulvany/Thesis_BU/venv/lib/python3.10/site-packages/sklearn/metrics/_classification.py:1344: UndefinedMetricWarning: Precision and F-score are ill-defined and being set to 0.0 in labels with no predicted samples. Use `zero_division` parameter to control this behavior.
  _warn_prf(average, modifier, msg_start, len(result))
/home/jmulvany/Thesis_BU/venv/lib/python3.10/site-packages/sklearn/metrics/_classification.py:1344: UndefinedMetricWarning: Precision and F-score are ill-defined and being set to 0.0 in labels with no predicted samples. Use `zero_division` parameter to control this behavior.
  _warn_prf(average, modifier, msg_start, len(result))
Round 3 duration: 43.13 seconds

--- Round 4/25 ---
Round 4 - Accuracy: 79.67%
F1 Score: 0.7928
Confusion Matrix:
[[ 63  37]
 [ 24 176]]
Classification Report:
              precision    recall  f1-score   support

         0.0     0.7241    0.6300    0.6738       100
         1.0     0.8263    0.8800    0.8523       200

    accuracy                         0.7967       300
   macro avg     0.7752    0.7550    0.7630       300
weighted avg     0.7922    0.7967    0.7928       300

Round 4 duration: 35.11 seconds

--- Round 5/25 ---
Round 5 - Accuracy: 72.67%
F1 Score: 0.6549
Confusion Matrix:
[[ 18  82]
 [  0 200]]
Classification Report:
              precision    recall  f1-score   support

         0.0     1.0000    0.1800    0.3051       100
         1.0     0.7092    1.0000    0.8299       200

    accuracy                         0.7267       300
   macro avg     0.8546    0.5900    0.5675       300
weighted avg     0.8061    0.7267    0.6549       300

Round 5 duration: 44.12 seconds

--- Round 6/25 ---
Round 6 - Accuracy: 76.67%
F1 Score: 0.7235
Confusion Matrix:
[[ 31  69]
 [  1 199]]
Classification Report:
              precision    recall  f1-score   support

         0.0     0.9688    0.3100    0.4697       100
         1.0     0.7425    0.9950    0.8504       200

    accuracy                         0.7667       300
   macro avg     0.8556    0.6525    0.6601       300
weighted avg     0.8179    0.7667    0.7235       300

Round 6 duration: 44.09 seconds

--- Round 7/25 ---
Round 7 - Accuracy: 78.33%
F1 Score: 0.7483
Confusion Matrix:
[[ 36  64]
 [  1 199]]
Classification Report:
              precision    recall  f1-score   support

         0.0     0.9730    0.3600    0.5255       100
         1.0     0.7567    0.9950    0.8596       200

    accuracy                         0.7833       300
   macro avg     0.8648    0.6775    0.6926       300
weighted avg     0.8288    0.7833    0.7483       300

Round 7 duration: 21.04 seconds

--- Round 8/25 ---
Round 8 - Accuracy: 72.33%
F1 Score: 0.7300
Confusion Matrix:
[[ 73  27]
 [ 56 144]]
Classification Report:
              precision    recall  f1-score   support

         0.0     0.5659    0.7300    0.6376       100
         1.0     0.8421    0.7200    0.7763       200

    accuracy                         0.7233       300
   macro avg     0.7040    0.7250    0.7069       300
weighted avg     0.7500    0.7233    0.7300       300

Round 8 duration: 23.05 seconds

--- Round 9/25 ---
Round 9 - Accuracy: 81.33%
F1 Score: 0.8095
Confusion Matrix:
[[ 65  35]
 [ 21 179]]
Classification Report:
              precision    recall  f1-score   support

         0.0     0.7558    0.6500    0.6989       100
         1.0     0.8364    0.8950    0.8647       200

    accuracy                         0.8133       300
   macro avg     0.7961    0.7725    0.7818       300
weighted avg     0.8096    0.8133    0.8095       300

Round 9 duration: 44.12 seconds

--- Round 10/25 ---
Round 10 - Accuracy: 88.67%
F1 Score: 0.8817
Confusion Matrix:
[[ 70  30]
 [  4 196]]
Classification Report:
              precision    recall  f1-score   support

         0.0     0.9459    0.7000    0.8046       100
         1.0     0.8673    0.9800    0.9202       200

    accuracy                         0.8867       300
   macro avg     0.9066    0.8400    0.8624       300
weighted avg     0.8935    0.8867    0.8817       300

Round 10 duration: 44.08 seconds

--- Round 11/25 ---
Round 11 - Accuracy: 87.00%
F1 Score: 0.8614
Confusion Matrix:
[[ 63  37]
 [  2 198]]
Classification Report:
              precision    recall  f1-score   support

         0.0     0.9692    0.6300    0.7636       100
         1.0     0.8426    0.9900    0.9103       200

    accuracy                         0.8700       300
   macro avg     0.9059    0.8100    0.8370       300
weighted avg     0.8848    0.8700    0.8614       300

Round 11 duration: 26.05 seconds

--- Round 12/25 ---
Round 12 - Accuracy: 80.00%
F1 Score: 0.7702
Confusion Matrix:
[[ 40  60]
 [  0 200]]
Classification Report:
              precision    recall  f1-score   support

         0.0     1.0000    0.4000    0.5714       100
         1.0     0.7692    1.0000    0.8696       200

    accuracy                         0.8000       300
   macro avg     0.8846    0.7000    0.7205       300
weighted avg     0.8462    0.8000    0.7702       300

Round 12 duration: 22.17 seconds

--- Round 13/25 ---
Round 13 - Accuracy: 85.00%
F1 Score: 0.8367
Confusion Matrix:
[[ 56  44]
 [  1 199]]
Classification Report:
              precision    recall  f1-score   support

         0.0     0.9825    0.5600    0.7134       100
         1.0     0.8189    0.9950    0.8984       200

    accuracy                         0.8500       300
   macro avg     0.9007    0.7775    0.8059       300
weighted avg     0.8734    0.8500    0.8367       300

Round 13 duration: 23.04 seconds

--- Round 14/25 ---
Round 14 - Accuracy: 89.33%
F1 Score: 0.8954
Confusion Matrix:
[[ 94   6]
 [ 26 174]]
Classification Report:
              precision    recall  f1-score   support

         0.0     0.7833    0.9400    0.8545       100
         1.0     0.9667    0.8700    0.9158       200

    accuracy                         0.8933       300
   macro avg     0.8750    0.9050    0.8852       300
weighted avg     0.9056    0.8933    0.8954       300

Round 14 duration: 22.04 seconds

--- Round 15/25 ---
Round 15 - Accuracy: 92.00%
F1 Score: 0.9171
Confusion Matrix:
[[ 77  23]
 [  1 199]]
Classification Report:
              precision    recall  f1-score   support

         0.0     0.9872    0.7700    0.8652       100
         1.0     0.8964    0.9950    0.9431       200

    accuracy                         0.9200       300
   macro avg     0.9418    0.8825    0.9041       300
weighted avg     0.9267    0.9200    0.9171       300


*** F1 threshold reached: 0.9171 >= 0.9. Stopping training early. ***

=== Timing Report ===
Total training time: 480.58 seconds
Average time per round: 32.04 seconds
Average time per round per client: 16.02 seconds
Round durations:
  Round 1: 44.46 seconds
  Round 2: 23.05 seconds
  Round 3: 43.13 seconds
  Round 4: 35.11 seconds
  Round 5: 44.12 seconds
  Round 6: 44.09 seconds
  Round 7: 21.04 seconds
  Round 8: 23.05 seconds
  Round 9: 44.12 seconds
  Round 10: 44.08 seconds
  Round 11: 26.05 seconds
  Round 12: 22.17 seconds
  Round 13: 23.04 seconds
  Round 14: 22.04 seconds
  Round 15: 21.04 seconds

=== Communication Overhead Report ===
Summary of Communication:
  Total Transferred: 455,574,120 bytes
  Total Sent: 227,787,060 bytes
  Total Received: 227,787,060 bytes
  Avg Sent per Client (Total): 113,893,530.00 bytes
  Avg Received per Client (Total): 113,893,530.00 bytes
  Avg Sent per Client per Round: 7,592,902.00 bytes
  Avg Received per Client per Round: 7,592,902.00 bytes

=== Resource Usage Report ===
CPU Usage:
  Average of averages: 1.84%
  Overall Peak: 54.67%
  Overall Min: 0.00%
  Average per round Peak: 33.41%
  Average per round Min: 0.00%
Memory Usage:
  Average of averages: 1005.76 MB
  Overall Peak: 1145.33 MB
  Overall Min: 570.44 MB
  Average per round Peak: 1033.69 MB
  Average per round Min: 997.29 MB
Available Memory:
  Average of averages: 948.37 MB
  Overall Peak: 2327.80 MB
  Overall Min: 746.88 MB
  Average per round Peak: 1033.47 MB
  Average per round Min: 901.19 MB

Training complete.
