2025-04-15 05:50:09.268568: I tensorflow/core/util/port.cc:110] oneDNN custom operations are on. You may see slightly different numerical results due to floating-point round-off errors from different computation orders. To turn them off, set the environment variable `TF_ENABLE_ONEDNN_OPTS=0`.
2025-04-15 05:50:09.291134: I tensorflow/tsl/cuda/cudart_stub.cc:28] Could not find cuda drivers on your machine, GPU will not be used.
2025-04-15 05:50:09.568242: I tensorflow/tsl/cuda/cudart_stub.cc:28] Could not find cuda drivers on your machine, GPU will not be used.
2025-04-15 05:50:09.570239: I tensorflow/core/platform/cpu_feature_guard.cc:182] This TensorFlow binary is optimized to use available CPU instructions in performance-critical operations.
To enable the following instructions: AVX2 AVX512F AVX512_VNNI FMA, in other operations, rebuild TensorFlow with the appropriate compiler flags.
2025-04-15 05:50:10.943737: W tensorflow/compiler/tf2tensorrt/utils/py_utils.cc:38] TF-TRT Warning: Could not find TensorRT
Waiting for clients to connect...
Connected to ('127.0.0.1', 55142)
Connected to ('127.0.0.1', 55144)

--- Round 1/25 ---
Round 1 - Accuracy: 67.67%
F1 Score: 0.5560
Confusion Matrix:
[[  3  97]
 [  0 200]]
Classification Report:
              precision    recall  f1-score   support

         0.0     1.0000    0.0300    0.0583       100
         1.0     0.6734    1.0000    0.8048       200

    accuracy                         0.6767       300
   macro avg     0.8367    0.5150    0.4315       300
weighted avg     0.7823    0.6767    0.5560       300

Round 1 duration: 28.45 seconds

--- Round 2/25 ---
/home/jmulvany/Thesis_BU/venv/lib/python3.10/site-packages/sklearn/metrics/_classification.py:1344: UndefinedMetricWarning: Precision and F-score are ill-defined and being set to 0.0 in labels with no predicted samples. Use `zero_division` parameter to control this behavior.
  _warn_prf(average, modifier, msg_start, len(result))
/home/jmulvany/Thesis_BU/venv/lib/python3.10/site-packages/sklearn/metrics/_classification.py:1344: UndefinedMetricWarning: Precision and F-score are ill-defined and being set to 0.0 in labels with no predicted samples. Use `zero_division` parameter to control this behavior.
  _warn_prf(average, modifier, msg_start, len(result))
/home/jmulvany/Thesis_BU/venv/lib/python3.10/site-packages/sklearn/metrics/_classification.py:1344: UndefinedMetricWarning: Precision and F-score are ill-defined and being set to 0.0 in labels with no predicted samples. Use `zero_division` parameter to control this behavior.
  _warn_prf(average, modifier, msg_start, len(result))
Round 2 - Accuracy: 33.33%
F1 Score: 0.1667
Confusion Matrix:
[[100   0]
 [200   0]]
Classification Report:
              precision    recall  f1-score   support

         0.0     0.3333    1.0000    0.5000       100
         1.0     0.0000    0.0000    0.0000       200

    accuracy                         0.3333       300
   macro avg     0.1667    0.5000    0.2500       300
weighted avg     0.1111    0.3333    0.1667       300

/home/jmulvany/Thesis_BU/venv/lib/python3.10/site-packages/sklearn/metrics/_classification.py:1344: UndefinedMetricWarning: Precision and F-score are ill-defined and being set to 0.0 in labels with no predicted samples. Use `zero_division` parameter to control this behavior.
  _warn_prf(average, modifier, msg_start, len(result))
/home/jmulvany/Thesis_BU/venv/lib/python3.10/site-packages/sklearn/metrics/_classification.py:1344: UndefinedMetricWarning: Precision and F-score are ill-defined and being set to 0.0 in labels with no predicted samples. Use `zero_division` parameter to control this behavior.
  _warn_prf(average, modifier, msg_start, len(result))
/home/jmulvany/Thesis_BU/venv/lib/python3.10/site-packages/sklearn/metrics/_classification.py:1344: UndefinedMetricWarning: Precision and F-score are ill-defined and being set to 0.0 in labels with no predicted samples. Use `zero_division` parameter to control this behavior.
  _warn_prf(average, modifier, msg_start, len(result))
Round 2 duration: 24.17 seconds

--- Round 3/25 ---
/home/jmulvany/Thesis_BU/venv/lib/python3.10/site-packages/sklearn/metrics/_classification.py:1344: UndefinedMetricWarning: Precision and F-score are ill-defined and being set to 0.0 in labels with no predicted samples. Use `zero_division` parameter to control this behavior.
  _warn_prf(average, modifier, msg_start, len(result))
/home/jmulvany/Thesis_BU/venv/lib/python3.10/site-packages/sklearn/metrics/_classification.py:1344: UndefinedMetricWarning: Precision and F-score are ill-defined and being set to 0.0 in labels with no predicted samples. Use `zero_division` parameter to control this behavior.
  _warn_prf(average, modifier, msg_start, len(result))
/home/jmulvany/Thesis_BU/venv/lib/python3.10/site-packages/sklearn/metrics/_classification.py:1344: UndefinedMetricWarning: Precision and F-score are ill-defined and being set to 0.0 in labels with no predicted samples. Use `zero_division` parameter to control this behavior.
  _warn_prf(average, modifier, msg_start, len(result))
Round 3 - Accuracy: 33.33%
F1 Score: 0.1667
Confusion Matrix:
[[100   0]
 [200   0]]
Classification Report:
              precision    recall  f1-score   support

         0.0     0.3333    1.0000    0.5000       100
         1.0     0.0000    0.0000    0.0000       200

    accuracy                         0.3333       300
   macro avg     0.1667    0.5000    0.2500       300
weighted avg     0.1111    0.3333    0.1667       300

/home/jmulvany/Thesis_BU/venv/lib/python3.10/site-packages/sklearn/metrics/_classification.py:1344: UndefinedMetricWarning: Precision and F-score are ill-defined and being set to 0.0 in labels with no predicted samples. Use `zero_division` parameter to control this behavior.
  _warn_prf(average, modifier, msg_start, len(result))
/home/jmulvany/Thesis_BU/venv/lib/python3.10/site-packages/sklearn/metrics/_classification.py:1344: UndefinedMetricWarning: Precision and F-score are ill-defined and being set to 0.0 in labels with no predicted samples. Use `zero_division` parameter to control this behavior.
  _warn_prf(average, modifier, msg_start, len(result))
/home/jmulvany/Thesis_BU/venv/lib/python3.10/site-packages/sklearn/metrics/_classification.py:1344: UndefinedMetricWarning: Precision and F-score are ill-defined and being set to 0.0 in labels with no predicted samples. Use `zero_division` parameter to control this behavior.
  _warn_prf(average, modifier, msg_start, len(result))
Round 3 duration: 23.41 seconds

--- Round 4/25 ---
Round 4 - Accuracy: 56.67%
F1 Score: 0.5765
Confusion Matrix:
[[ 71  29]
 [101  99]]
Classification Report:
              precision    recall  f1-score   support

         0.0     0.4128    0.7100    0.5221       100
         1.0     0.7734    0.4950    0.6037       200

    accuracy                         0.5667       300
   macro avg     0.5931    0.6025    0.5629       300
weighted avg     0.6532    0.5667    0.5765       300

Round 4 duration: 25.33 seconds

--- Round 5/25 ---
/home/jmulvany/Thesis_BU/venv/lib/python3.10/site-packages/sklearn/metrics/_classification.py:1344: UndefinedMetricWarning: Precision and F-score are ill-defined and being set to 0.0 in labels with no predicted samples. Use `zero_division` parameter to control this behavior.
  _warn_prf(average, modifier, msg_start, len(result))
/home/jmulvany/Thesis_BU/venv/lib/python3.10/site-packages/sklearn/metrics/_classification.py:1344: UndefinedMetricWarning: Precision and F-score are ill-defined and being set to 0.0 in labels with no predicted samples. Use `zero_division` parameter to control this behavior.
  _warn_prf(average, modifier, msg_start, len(result))
/home/jmulvany/Thesis_BU/venv/lib/python3.10/site-packages/sklearn/metrics/_classification.py:1344: UndefinedMetricWarning: Precision and F-score are ill-defined and being set to 0.0 in labels with no predicted samples. Use `zero_division` parameter to control this behavior.
  _warn_prf(average, modifier, msg_start, len(result))
Round 5 - Accuracy: 33.33%
F1 Score: 0.1667
Confusion Matrix:
[[100   0]
 [200   0]]
Classification Report:
              precision    recall  f1-score   support

         0.0     0.3333    1.0000    0.5000       100
         1.0     0.0000    0.0000    0.0000       200

    accuracy                         0.3333       300
   macro avg     0.1667    0.5000    0.2500       300
weighted avg     0.1111    0.3333    0.1667       300

/home/jmulvany/Thesis_BU/venv/lib/python3.10/site-packages/sklearn/metrics/_classification.py:1344: UndefinedMetricWarning: Precision and F-score are ill-defined and being set to 0.0 in labels with no predicted samples. Use `zero_division` parameter to control this behavior.
  _warn_prf(average, modifier, msg_start, len(result))
/home/jmulvany/Thesis_BU/venv/lib/python3.10/site-packages/sklearn/metrics/_classification.py:1344: UndefinedMetricWarning: Precision and F-score are ill-defined and being set to 0.0 in labels with no predicted samples. Use `zero_division` parameter to control this behavior.
  _warn_prf(average, modifier, msg_start, len(result))
/home/jmulvany/Thesis_BU/venv/lib/python3.10/site-packages/sklearn/metrics/_classification.py:1344: UndefinedMetricWarning: Precision and F-score are ill-defined and being set to 0.0 in labels with no predicted samples. Use `zero_division` parameter to control this behavior.
  _warn_prf(average, modifier, msg_start, len(result))
Round 5 duration: 25.41 seconds

--- Round 6/25 ---
/home/jmulvany/Thesis_BU/venv/lib/python3.10/site-packages/sklearn/metrics/_classification.py:1344: UndefinedMetricWarning: Precision and F-score are ill-defined and being set to 0.0 in labels with no predicted samples. Use `zero_division` parameter to control this behavior.
  _warn_prf(average, modifier, msg_start, len(result))
/home/jmulvany/Thesis_BU/venv/lib/python3.10/site-packages/sklearn/metrics/_classification.py:1344: UndefinedMetricWarning: Precision and F-score are ill-defined and being set to 0.0 in labels with no predicted samples. Use `zero_division` parameter to control this behavior.
  _warn_prf(average, modifier, msg_start, len(result))
/home/jmulvany/Thesis_BU/venv/lib/python3.10/site-packages/sklearn/metrics/_classification.py:1344: UndefinedMetricWarning: Precision and F-score are ill-defined and being set to 0.0 in labels with no predicted samples. Use `zero_division` parameter to control this behavior.
  _warn_prf(average, modifier, msg_start, len(result))
Round 6 - Accuracy: 33.33%
F1 Score: 0.1667
Confusion Matrix:
[[100   0]
 [200   0]]
Classification Report:
              precision    recall  f1-score   support

         0.0     0.3333    1.0000    0.5000       100
         1.0     0.0000    0.0000    0.0000       200

    accuracy                         0.3333       300
   macro avg     0.1667    0.5000    0.2500       300
weighted avg     0.1111    0.3333    0.1667       300

/home/jmulvany/Thesis_BU/venv/lib/python3.10/site-packages/sklearn/metrics/_classification.py:1344: UndefinedMetricWarning: Precision and F-score are ill-defined and being set to 0.0 in labels with no predicted samples. Use `zero_division` parameter to control this behavior.
  _warn_prf(average, modifier, msg_start, len(result))
/home/jmulvany/Thesis_BU/venv/lib/python3.10/site-packages/sklearn/metrics/_classification.py:1344: UndefinedMetricWarning: Precision and F-score are ill-defined and being set to 0.0 in labels with no predicted samples. Use `zero_division` parameter to control this behavior.
  _warn_prf(average, modifier, msg_start, len(result))
/home/jmulvany/Thesis_BU/venv/lib/python3.10/site-packages/sklearn/metrics/_classification.py:1344: UndefinedMetricWarning: Precision and F-score are ill-defined and being set to 0.0 in labels with no predicted samples. Use `zero_division` parameter to control this behavior.
  _warn_prf(average, modifier, msg_start, len(result))
Round 6 duration: 23.23 seconds

--- Round 7/25 ---
Round 7 - Accuracy: 51.00%
F1 Score: 0.5006
Confusion Matrix:
[[ 84  16]
 [131  69]]
Classification Report:
              precision    recall  f1-score   support

         0.0     0.3907    0.8400    0.5333       100
         1.0     0.8118    0.3450    0.4842       200

    accuracy                         0.5100       300
   macro avg     0.6012    0.5925    0.5088       300
weighted avg     0.6714    0.5100    0.5006       300

Round 7 duration: 23.10 seconds

--- Round 8/25 ---
Round 8 - Accuracy: 34.33%
F1 Score: 0.1931
Confusion Matrix:
[[ 99   1]
 [196   4]]
Classification Report:
              precision    recall  f1-score   support

         0.0     0.3356    0.9900    0.5013       100
         1.0     0.8000    0.0200    0.0390       200

    accuracy                         0.3433       300
   macro avg     0.5678    0.5050    0.2701       300
weighted avg     0.6452    0.3433    0.1931       300

Round 8 duration: 25.53 seconds

--- Round 9/25 ---
Round 9 - Accuracy: 37.33%
F1 Score: 0.2520
Confusion Matrix:
[[ 99   1]
 [187  13]]
Classification Report:
              precision    recall  f1-score   support

         0.0     0.3462    0.9900    0.5130       100
         1.0     0.9286    0.0650    0.1215       200

    accuracy                         0.3733       300
   macro avg     0.6374    0.5275    0.3172       300
weighted avg     0.7344    0.3733    0.2520       300

Round 9 duration: 25.13 seconds

--- Round 10/25 ---
Round 10 - Accuracy: 87.33%
F1 Score: 0.8666
Confusion Matrix:
[[ 66  34]
 [  4 196]]
Classification Report:
              precision    recall  f1-score   support

         0.0     0.9429    0.6600    0.7765       100
         1.0     0.8522    0.9800    0.9116       200

    accuracy                         0.8733       300
   macro avg     0.8975    0.8200    0.8440       300
weighted avg     0.8824    0.8733    0.8666       300

Round 10 duration: 22.22 seconds

--- Round 11/25 ---
Round 11 - Accuracy: 93.00%
F1 Score: 0.9276
Confusion Matrix:
[[ 79  21]
 [  0 200]]
Classification Report:
              precision    recall  f1-score   support

         0.0     1.0000    0.7900    0.8827       100
         1.0     0.9050    1.0000    0.9501       200

    accuracy                         0.9300       300
   macro avg     0.9525    0.8950    0.9164       300
weighted avg     0.9367    0.9300    0.9276       300


*** F1 threshold reached: 0.9276 >= 0.9. Stopping training early. ***

=== Timing Report ===
Total training time: 273.00 seconds
Average time per round: 24.82 seconds
Average time per round per client: 12.41 seconds
Round durations:
  Round 1: 28.45 seconds
  Round 2: 24.17 seconds
  Round 3: 23.41 seconds
  Round 4: 25.33 seconds
  Round 5: 25.41 seconds
  Round 6: 23.23 seconds
  Round 7: 23.10 seconds
  Round 8: 25.53 seconds
  Round 9: 25.13 seconds
  Round 10: 22.22 seconds
  Round 11: 27.01 seconds

=== Communication Overhead Report ===
Summary of Communication:
  Total Transferred: 2,020,243,389 bytes
  Total Sent: 167,043,844 bytes
  Total Received: 1,853,199,545 bytes
  Avg Sent per Client (Total): 83,521,922.00 bytes
  Avg Received per Client (Total): 926,599,772.50 bytes
  Avg Sent per Client per Round: 7,592,902.00 bytes
  Avg Received per Client per Round: 84,236,342.95 bytes

=== Resource Usage Report ===
CPU Usage:
  Average of averages: 2.20%
  Overall Peak: 35.65%
  Overall Min: 0.00%
  Average per round Peak: 28.31%
  Average per round Min: 0.00%
Memory Usage:
  Average of averages: 1408.13 MB
  Overall Peak: 1718.71 MB
  Overall Min: 688.60 MB
  Average per round Peak: 1539.86 MB
  Average per round Min: 1382.47 MB
Available Memory:
  Average of averages: 1194.39 MB
  Overall Peak: 3418.12 MB
  Overall Min: 688.79 MB
  Average per round Peak: 1337.70 MB
  Average per round Min: 984.24 MB

Training complete.
