2025-04-15 04:56:04.594727: I tensorflow/core/util/port.cc:110] oneDNN custom operations are on. You may see slightly different numerical results due to floating-point round-off errors from different computation orders. To turn them off, set the environment variable `TF_ENABLE_ONEDNN_OPTS=0`.
2025-04-15 04:56:04.601538: I tensorflow/tsl/cuda/cudart_stub.cc:28] Could not find cuda drivers on your machine, GPU will not be used.
2025-04-15 04:56:04.666622: I tensorflow/tsl/cuda/cudart_stub.cc:28] Could not find cuda drivers on your machine, GPU will not be used.
2025-04-15 04:56:04.667593: I tensorflow/core/platform/cpu_feature_guard.cc:182] This TensorFlow binary is optimized to use available CPU instructions in performance-critical operations.
To enable the following instructions: AVX2 AVX512F AVX512_VNNI FMA, in other operations, rebuild TensorFlow with the appropriate compiler flags.
2025-04-15 04:56:05.400795: W tensorflow/compiler/tf2tensorrt/utils/py_utils.cc:38] TF-TRT Warning: Could not find TensorRT
Waiting for clients to connect...
Connected to ('127.0.0.1', 45266)
Connected to ('127.0.0.1', 45268)

--- Round 1/25 ---
Round 1 - Accuracy: 72.00%
F1 Score: 0.6626
Confusion Matrix:
[[ 22  78]
 [  6 194]]
Classification Report:
              precision    recall  f1-score   support

         0.0     0.7857    0.2200    0.3437       100
         1.0     0.7132    0.9700    0.8220       200

    accuracy                         0.7200       300
   macro avg     0.7495    0.5950    0.5829       300
weighted avg     0.7374    0.7200    0.6626       300

Round 1 duration: 25.57 seconds

--- Round 2/25 ---
Round 2 - Accuracy: 54.33%
F1 Score: 0.5318
Confusion Matrix:
[[ 91   9]
 [128  72]]
Classification Report:
              precision    recall  f1-score   support

         0.0     0.4155    0.9100    0.5705       100
         1.0     0.8889    0.3600    0.5125       200

    accuracy                         0.5433       300
   macro avg     0.6522    0.6350    0.5415       300
weighted avg     0.7311    0.5433    0.5318       300

Round 2 duration: 31.15 seconds

--- Round 3/25 ---
Round 3 - Accuracy: 33.67%
F1 Score: 0.1737
Confusion Matrix:
[[100   0]
 [199   1]]
Classification Report:
              precision    recall  f1-score   support

         0.0     0.3344    1.0000    0.5013       100
         1.0     1.0000    0.0050    0.0100       200

    accuracy                         0.3367       300
   macro avg     0.6672    0.5025    0.2556       300
weighted avg     0.7781    0.3367    0.1737       300

Round 3 duration: 25.61 seconds

--- Round 4/25 ---
Round 4 - Accuracy: 75.33%
F1 Score: 0.7464
Confusion Matrix:
[[ 54  46]
 [ 28 172]]
Classification Report:
              precision    recall  f1-score   support

         0.0     0.6585    0.5400    0.5934       100
         1.0     0.7890    0.8600    0.8230       200

    accuracy                         0.7533       300
   macro avg     0.7238    0.7000    0.7082       300
weighted avg     0.7455    0.7533    0.7464       300

Round 4 duration: 25.07 seconds

--- Round 5/25 ---
Round 5 - Accuracy: 79.00%
F1 Score: 0.7762
Confusion Matrix:
[[ 51  49]
 [ 14 186]]
Classification Report:
              precision    recall  f1-score   support

         0.0     0.7846    0.5100    0.6182       100
         1.0     0.7915    0.9300    0.8552       200

    accuracy                         0.7900       300
   macro avg     0.7881    0.7200    0.7367       300
weighted avg     0.7892    0.7900    0.7762       300

Round 5 duration: 28.87 seconds

--- Round 6/25 ---
Round 6 - Accuracy: 74.00%
F1 Score: 0.7307
Confusion Matrix:
[[ 50  50]
 [ 28 172]]
Classification Report:
              precision    recall  f1-score   support

         0.0     0.6410    0.5000    0.5618       100
         1.0     0.7748    0.8600    0.8152       200

    accuracy                         0.7400       300
   macro avg     0.7079    0.6800    0.6885       300
weighted avg     0.7302    0.7400    0.7307       300

Round 6 duration: 27.85 seconds

--- Round 7/25 ---
Round 7 - Accuracy: 73.33%
F1 Score: 0.7404
Confusion Matrix:
[[ 91   9]
 [ 71 129]]
Classification Report:
              precision    recall  f1-score   support

         0.0     0.5617    0.9100    0.6947       100
         1.0     0.9348    0.6450    0.7633       200

    accuracy                         0.7333       300
   macro avg     0.7483    0.7775    0.7290       300
weighted avg     0.8104    0.7333    0.7404       300

Round 7 duration: 27.16 seconds

--- Round 8/25 ---
Round 8 - Accuracy: 75.67%
F1 Score: 0.7055
Confusion Matrix:
[[ 27  73]
 [  0 200]]
Classification Report:
              precision    recall  f1-score   support

         0.0     1.0000    0.2700    0.4252       100
         1.0     0.7326    1.0000    0.8457       200

    accuracy                         0.7567       300
   macro avg     0.8663    0.6350    0.6354       300
weighted avg     0.8217    0.7567    0.7055       300

Round 8 duration: 24.33 seconds

--- Round 9/25 ---
Round 9 - Accuracy: 84.33%
F1 Score: 0.8418
Confusion Matrix:
[[ 73  27]
 [ 20 180]]
Classification Report:
              precision    recall  f1-score   support

         0.0     0.7849    0.7300    0.7565       100
         1.0     0.8696    0.9000    0.8845       200

    accuracy                         0.8433       300
   macro avg     0.8273    0.8150    0.8205       300
weighted avg     0.8414    0.8433    0.8418       300

Round 9 duration: 26.07 seconds

--- Round 10/25 ---
Round 10 - Accuracy: 89.00%
F1 Score: 0.8844
Confusion Matrix:
[[ 69  31]
 [  2 198]]
Classification Report:
              precision    recall  f1-score   support

         0.0     0.9718    0.6900    0.8070       100
         1.0     0.8646    0.9900    0.9231       200

    accuracy                         0.8900       300
   macro avg     0.9182    0.8400    0.8650       300
weighted avg     0.9004    0.8900    0.8844       300

Round 10 duration: 24.78 seconds

--- Round 11/25 ---
Round 11 - Accuracy: 89.33%
F1 Score: 0.8881
Confusion Matrix:
[[ 70  30]
 [  2 198]]
Classification Report:
              precision    recall  f1-score   support

         0.0     0.9722    0.7000    0.8140       100
         1.0     0.8684    0.9900    0.9252       200

    accuracy                         0.8933       300
   macro avg     0.9203    0.8450    0.8696       300
weighted avg     0.9030    0.8933    0.8881       300

Round 11 duration: 54.52 seconds

--- Round 12/25 ---
Round 12 - Accuracy: 83.67%
F1 Score: 0.8191
Confusion Matrix:
[[ 51  49]
 [  0 200]]
Classification Report:
              precision    recall  f1-score   support

         0.0     1.0000    0.5100    0.6755       100
         1.0     0.8032    1.0000    0.8909       200

    accuracy                         0.8367       300
   macro avg     0.9016    0.7550    0.7832       300
weighted avg     0.8688    0.8367    0.8191       300

Round 12 duration: 26.66 seconds

--- Round 13/25 ---
Round 13 - Accuracy: 91.67%
F1 Score: 0.9145
Confusion Matrix:
[[ 79  21]
 [  4 196]]
Classification Report:
              precision    recall  f1-score   support

         0.0     0.9518    0.7900    0.8634       100
         1.0     0.9032    0.9800    0.9400       200

    accuracy                         0.9167       300
   macro avg     0.9275    0.8850    0.9017       300
weighted avg     0.9194    0.9167    0.9145       300


*** F1 threshold reached: 0.9145 >= 0.9. Stopping training early. ***

=== Timing Report ===
Total training time: 371.99 seconds
Average time per round: 28.61 seconds
Average time per round per client: 14.31 seconds
Round durations:
  Round 1: 25.57 seconds
  Round 2: 31.15 seconds
  Round 3: 25.61 seconds
  Round 4: 25.07 seconds
  Round 5: 28.87 seconds
  Round 6: 27.85 seconds
  Round 7: 27.16 seconds
  Round 8: 24.33 seconds
  Round 9: 26.07 seconds
  Round 10: 24.78 seconds
  Round 11: 54.52 seconds
  Round 12: 26.66 seconds
  Round 13: 24.33 seconds

=== Communication Overhead Report ===
Summary of Communication:
  Total Transferred: 2,387,621,844 bytes
  Total Sent: 197,415,452 bytes
  Total Received: 2,190,206,392 bytes
  Avg Sent per Client (Total): 98,707,726.00 bytes
  Avg Received per Client (Total): 1,095,103,196.00 bytes
  Avg Sent per Client per Round: 7,592,902.00 bytes
  Avg Received per Client per Round: 84,238,707.38 bytes

=== Resource Usage Report ===
CPU Usage:
  Average of averages: 2.81%
  Overall Peak: 44.67%
  Overall Min: 0.00%
  Average per round Peak: 32.82%
  Average per round Min: 0.00%
Memory Usage:
  Average of averages: 1331.16 MB
  Overall Peak: 1534.84 MB
  Overall Min: 694.24 MB
  Average per round Peak: 1450.05 MB
  Average per round Min: 1303.17 MB
Available Memory:
  Average of averages: 570.90 MB
  Overall Peak: 2452.86 MB
  Overall Min: 176.23 MB
  Average per round Peak: 698.71 MB
  Average per round Min: 369.61 MB

Training complete.
