2025-04-15 05:10:20.559661: I tensorflow/core/util/port.cc:110] oneDNN custom operations are on. You may see slightly different numerical results due to floating-point round-off errors from different computation orders. To turn them off, set the environment variable `TF_ENABLE_ONEDNN_OPTS=0`.
2025-04-15 05:10:20.573785: I tensorflow/tsl/cuda/cudart_stub.cc:28] Could not find cuda drivers on your machine, GPU will not be used.
2025-04-15 05:10:20.818759: I tensorflow/tsl/cuda/cudart_stub.cc:28] Could not find cuda drivers on your machine, GPU will not be used.
2025-04-15 05:10:20.822619: I tensorflow/core/platform/cpu_feature_guard.cc:182] This TensorFlow binary is optimized to use available CPU instructions in performance-critical operations.
To enable the following instructions: AVX2 AVX512F AVX512_VNNI FMA, in other operations, rebuild TensorFlow with the appropriate compiler flags.
2025-04-15 05:10:21.781105: W tensorflow/compiler/tf2tensorrt/utils/py_utils.cc:38] TF-TRT Warning: Could not find TensorRT
Waiting for clients to connect...
Connected to ('127.0.0.1', 37996)
Connected to ('127.0.0.1', 38008)

--- Round 1/25 ---
/home/jmulvany/Thesis_BU/venv/lib/python3.10/site-packages/sklearn/metrics/_classification.py:1344: UndefinedMetricWarning: Precision and F-score are ill-defined and being set to 0.0 in labels with no predicted samples. Use `zero_division` parameter to control this behavior.
  _warn_prf(average, modifier, msg_start, len(result))
/home/jmulvany/Thesis_BU/venv/lib/python3.10/site-packages/sklearn/metrics/_classification.py:1344: UndefinedMetricWarning: Precision and F-score are ill-defined and being set to 0.0 in labels with no predicted samples. Use `zero_division` parameter to control this behavior.
  _warn_prf(average, modifier, msg_start, len(result))
/home/jmulvany/Thesis_BU/venv/lib/python3.10/site-packages/sklearn/metrics/_classification.py:1344: UndefinedMetricWarning: Precision and F-score are ill-defined and being set to 0.0 in labels with no predicted samples. Use `zero_division` parameter to control this behavior.
  _warn_prf(average, modifier, msg_start, len(result))
Round 1 - Accuracy: 66.67%
F1 Score: 0.5333
Confusion Matrix:
[[  0 100]
 [  0 200]]
Classification Report:
              precision    recall  f1-score   support

         0.0     0.0000    0.0000    0.0000       100
         1.0     0.6667    1.0000    0.8000       200

    accuracy                         0.6667       300
   macro avg     0.3333    0.5000    0.4000       300
weighted avg     0.4444    0.6667    0.5333       300

/home/jmulvany/Thesis_BU/venv/lib/python3.10/site-packages/sklearn/metrics/_classification.py:1344: UndefinedMetricWarning: Precision and F-score are ill-defined and being set to 0.0 in labels with no predicted samples. Use `zero_division` parameter to control this behavior.
  _warn_prf(average, modifier, msg_start, len(result))
/home/jmulvany/Thesis_BU/venv/lib/python3.10/site-packages/sklearn/metrics/_classification.py:1344: UndefinedMetricWarning: Precision and F-score are ill-defined and being set to 0.0 in labels with no predicted samples. Use `zero_division` parameter to control this behavior.
  _warn_prf(average, modifier, msg_start, len(result))
/home/jmulvany/Thesis_BU/venv/lib/python3.10/site-packages/sklearn/metrics/_classification.py:1344: UndefinedMetricWarning: Precision and F-score are ill-defined and being set to 0.0 in labels with no predicted samples. Use `zero_division` parameter to control this behavior.
  _warn_prf(average, modifier, msg_start, len(result))
Round 1 duration: 27.42 seconds

--- Round 2/25 ---
Round 2 - Accuracy: 76.33%
F1 Score: 0.7452
Confusion Matrix:
[[ 45  55]
 [ 16 184]]
Classification Report:
              precision    recall  f1-score   support

         0.0     0.7377    0.4500    0.5590       100
         1.0     0.7699    0.9200    0.8383       200

    accuracy                         0.7633       300
   macro avg     0.7538    0.6850    0.6986       300
weighted avg     0.7592    0.7633    0.7452       300

Round 2 duration: 23.42 seconds

--- Round 3/25 ---
Round 3 - Accuracy: 47.67%
F1 Score: 0.4254
Confusion Matrix:
[[ 99   1]
 [156  44]]
Classification Report:
              precision    recall  f1-score   support

         0.0     0.3882    0.9900    0.5577       100
         1.0     0.9778    0.2200    0.3592       200

    accuracy                         0.4767       300
   macro avg     0.6830    0.6050    0.4585       300
weighted avg     0.7813    0.4767    0.4254       300

Round 3 duration: 25.23 seconds

--- Round 4/25 ---
/home/jmulvany/Thesis_BU/venv/lib/python3.10/site-packages/sklearn/metrics/_classification.py:1344: UndefinedMetricWarning: Precision and F-score are ill-defined and being set to 0.0 in labels with no predicted samples. Use `zero_division` parameter to control this behavior.
  _warn_prf(average, modifier, msg_start, len(result))
/home/jmulvany/Thesis_BU/venv/lib/python3.10/site-packages/sklearn/metrics/_classification.py:1344: UndefinedMetricWarning: Precision and F-score are ill-defined and being set to 0.0 in labels with no predicted samples. Use `zero_division` parameter to control this behavior.
  _warn_prf(average, modifier, msg_start, len(result))
/home/jmulvany/Thesis_BU/venv/lib/python3.10/site-packages/sklearn/metrics/_classification.py:1344: UndefinedMetricWarning: Precision and F-score are ill-defined and being set to 0.0 in labels with no predicted samples. Use `zero_division` parameter to control this behavior.
  _warn_prf(average, modifier, msg_start, len(result))
Round 4 - Accuracy: 33.33%
F1 Score: 0.1667
Confusion Matrix:
[[100   0]
 [200   0]]
Classification Report:
              precision    recall  f1-score   support

         0.0     0.3333    1.0000    0.5000       100
         1.0     0.0000    0.0000    0.0000       200

    accuracy                         0.3333       300
   macro avg     0.1667    0.5000    0.2500       300
weighted avg     0.1111    0.3333    0.1667       300

/home/jmulvany/Thesis_BU/venv/lib/python3.10/site-packages/sklearn/metrics/_classification.py:1344: UndefinedMetricWarning: Precision and F-score are ill-defined and being set to 0.0 in labels with no predicted samples. Use `zero_division` parameter to control this behavior.
  _warn_prf(average, modifier, msg_start, len(result))
/home/jmulvany/Thesis_BU/venv/lib/python3.10/site-packages/sklearn/metrics/_classification.py:1344: UndefinedMetricWarning: Precision and F-score are ill-defined and being set to 0.0 in labels with no predicted samples. Use `zero_division` parameter to control this behavior.
  _warn_prf(average, modifier, msg_start, len(result))
/home/jmulvany/Thesis_BU/venv/lib/python3.10/site-packages/sklearn/metrics/_classification.py:1344: UndefinedMetricWarning: Precision and F-score are ill-defined and being set to 0.0 in labels with no predicted samples. Use `zero_division` parameter to control this behavior.
  _warn_prf(average, modifier, msg_start, len(result))
Round 4 duration: 22.86 seconds

--- Round 5/25 ---
/home/jmulvany/Thesis_BU/venv/lib/python3.10/site-packages/sklearn/metrics/_classification.py:1344: UndefinedMetricWarning: Precision and F-score are ill-defined and being set to 0.0 in labels with no predicted samples. Use `zero_division` parameter to control this behavior.
  _warn_prf(average, modifier, msg_start, len(result))
/home/jmulvany/Thesis_BU/venv/lib/python3.10/site-packages/sklearn/metrics/_classification.py:1344: UndefinedMetricWarning: Precision and F-score are ill-defined and being set to 0.0 in labels with no predicted samples. Use `zero_division` parameter to control this behavior.
  _warn_prf(average, modifier, msg_start, len(result))
/home/jmulvany/Thesis_BU/venv/lib/python3.10/site-packages/sklearn/metrics/_classification.py:1344: UndefinedMetricWarning: Precision and F-score are ill-defined and being set to 0.0 in labels with no predicted samples. Use `zero_division` parameter to control this behavior.
  _warn_prf(average, modifier, msg_start, len(result))
Round 5 - Accuracy: 33.33%
F1 Score: 0.1667
Confusion Matrix:
[[100   0]
 [200   0]]
Classification Report:
              precision    recall  f1-score   support

         0.0     0.3333    1.0000    0.5000       100
         1.0     0.0000    0.0000    0.0000       200

    accuracy                         0.3333       300
   macro avg     0.1667    0.5000    0.2500       300
weighted avg     0.1111    0.3333    0.1667       300

/home/jmulvany/Thesis_BU/venv/lib/python3.10/site-packages/sklearn/metrics/_classification.py:1344: UndefinedMetricWarning: Precision and F-score are ill-defined and being set to 0.0 in labels with no predicted samples. Use `zero_division` parameter to control this behavior.
  _warn_prf(average, modifier, msg_start, len(result))
/home/jmulvany/Thesis_BU/venv/lib/python3.10/site-packages/sklearn/metrics/_classification.py:1344: UndefinedMetricWarning: Precision and F-score are ill-defined and being set to 0.0 in labels with no predicted samples. Use `zero_division` parameter to control this behavior.
  _warn_prf(average, modifier, msg_start, len(result))
/home/jmulvany/Thesis_BU/venv/lib/python3.10/site-packages/sklearn/metrics/_classification.py:1344: UndefinedMetricWarning: Precision and F-score are ill-defined and being set to 0.0 in labels with no predicted samples. Use `zero_division` parameter to control this behavior.
  _warn_prf(average, modifier, msg_start, len(result))
Round 5 duration: 23.17 seconds

--- Round 6/25 ---
/home/jmulvany/Thesis_BU/venv/lib/python3.10/site-packages/sklearn/metrics/_classification.py:1344: UndefinedMetricWarning: Precision and F-score are ill-defined and being set to 0.0 in labels with no predicted samples. Use `zero_division` parameter to control this behavior.
  _warn_prf(average, modifier, msg_start, len(result))
/home/jmulvany/Thesis_BU/venv/lib/python3.10/site-packages/sklearn/metrics/_classification.py:1344: UndefinedMetricWarning: Precision and F-score are ill-defined and being set to 0.0 in labels with no predicted samples. Use `zero_division` parameter to control this behavior.
  _warn_prf(average, modifier, msg_start, len(result))
/home/jmulvany/Thesis_BU/venv/lib/python3.10/site-packages/sklearn/metrics/_classification.py:1344: UndefinedMetricWarning: Precision and F-score are ill-defined and being set to 0.0 in labels with no predicted samples. Use `zero_division` parameter to control this behavior.
  _warn_prf(average, modifier, msg_start, len(result))
Round 6 - Accuracy: 33.33%
F1 Score: 0.1667
Confusion Matrix:
[[100   0]
 [200   0]]
Classification Report:
              precision    recall  f1-score   support

         0.0     0.3333    1.0000    0.5000       100
         1.0     0.0000    0.0000    0.0000       200

    accuracy                         0.3333       300
   macro avg     0.1667    0.5000    0.2500       300
weighted avg     0.1111    0.3333    0.1667       300

/home/jmulvany/Thesis_BU/venv/lib/python3.10/site-packages/sklearn/metrics/_classification.py:1344: UndefinedMetricWarning: Precision and F-score are ill-defined and being set to 0.0 in labels with no predicted samples. Use `zero_division` parameter to control this behavior.
  _warn_prf(average, modifier, msg_start, len(result))
/home/jmulvany/Thesis_BU/venv/lib/python3.10/site-packages/sklearn/metrics/_classification.py:1344: UndefinedMetricWarning: Precision and F-score are ill-defined and being set to 0.0 in labels with no predicted samples. Use `zero_division` parameter to control this behavior.
  _warn_prf(average, modifier, msg_start, len(result))
/home/jmulvany/Thesis_BU/venv/lib/python3.10/site-packages/sklearn/metrics/_classification.py:1344: UndefinedMetricWarning: Precision and F-score are ill-defined and being set to 0.0 in labels with no predicted samples. Use `zero_division` parameter to control this behavior.
  _warn_prf(average, modifier, msg_start, len(result))
Round 6 duration: 25.09 seconds

--- Round 7/25 ---
Round 7 - Accuracy: 70.67%
F1 Score: 0.7099
Confusion Matrix:
[[ 61  39]
 [ 49 151]]
Classification Report:
              precision    recall  f1-score   support

         0.0     0.5545    0.6100    0.5810       100
         1.0     0.7947    0.7550    0.7744       200

    accuracy                         0.7067       300
   macro avg     0.6746    0.6825    0.6777       300
weighted avg     0.7147    0.7067    0.7099       300

Round 7 duration: 26.53 seconds

--- Round 8/25 ---
Round 8 - Accuracy: 76.33%
F1 Score: 0.7666
Confusion Matrix:
[[ 71  29]
 [ 42 158]]
Classification Report:
              precision    recall  f1-score   support

         0.0     0.6283    0.7100    0.6667       100
         1.0     0.8449    0.7900    0.8165       200

    accuracy                         0.7633       300
   macro avg     0.7366    0.7500    0.7416       300
weighted avg     0.7727    0.7633    0.7666       300

Round 8 duration: 26.19 seconds

--- Round 9/25 ---
Round 9 - Accuracy: 84.33%
F1 Score: 0.8398
Confusion Matrix:
[[ 69  31]
 [ 16 184]]
Classification Report:
              precision    recall  f1-score   support

         0.0     0.8118    0.6900    0.7459       100
         1.0     0.8558    0.9200    0.8867       200

    accuracy                         0.8433       300
   macro avg     0.8338    0.8050    0.8163       300
weighted avg     0.8411    0.8433    0.8398       300

Round 9 duration: 21.24 seconds

--- Round 10/25 ---
Round 10 - Accuracy: 89.33%
F1 Score: 0.8899
Confusion Matrix:
[[ 74  26]
 [  6 194]]
Classification Report:
              precision    recall  f1-score   support

         0.0     0.9250    0.7400    0.8222       100
         1.0     0.8818    0.9700    0.9238       200

    accuracy                         0.8933       300
   macro avg     0.9034    0.8550    0.8730       300
weighted avg     0.8962    0.8933    0.8899       300

Round 10 duration: 25.48 seconds

--- Round 11/25 ---
Round 11 - Accuracy: 85.67%
F1 Score: 0.8544
Confusion Matrix:
[[ 73  27]
 [ 16 184]]
Classification Report:
              precision    recall  f1-score   support

         0.0     0.8202    0.7300    0.7725       100
         1.0     0.8720    0.9200    0.8954       200

    accuracy                         0.8567       300
   macro avg     0.8461    0.8250    0.8339       300
weighted avg     0.8548    0.8567    0.8544       300

Round 11 duration: 28.09 seconds

--- Round 12/25 ---
Round 12 - Accuracy: 83.00%
F1 Score: 0.8279
Confusion Matrix:
[[ 70  30]
 [ 21 179]]
Classification Report:
              precision    recall  f1-score   support

         0.0     0.7692    0.7000    0.7330       100
         1.0     0.8565    0.8950    0.8753       200

    accuracy                         0.8300       300
   macro avg     0.8128    0.7975    0.8041       300
weighted avg     0.8274    0.8300    0.8279       300

Round 12 duration: 27.91 seconds

--- Round 13/25 ---
Round 13 - Accuracy: 90.00%
F1 Score: 0.8964
Confusion Matrix:
[[ 74  26]
 [  4 196]]
Classification Report:
              precision    recall  f1-score   support

         0.0     0.9487    0.7400    0.8315       100
         1.0     0.8829    0.9800    0.9289       200

    accuracy                         0.9000       300
   macro avg     0.9158    0.8600    0.8802       300
weighted avg     0.9048    0.9000    0.8964       300

Round 13 duration: 25.39 seconds

--- Round 14/25 ---
Round 14 - Accuracy: 89.00%
F1 Score: 0.8854
Confusion Matrix:
[[ 71  29]
 [  4 196]]
Classification Report:
              precision    recall  f1-score   support

         0.0     0.9467    0.7100    0.8114       100
         1.0     0.8711    0.9800    0.9224       200

    accuracy                         0.8900       300
   macro avg     0.9089    0.8450    0.8669       300
weighted avg     0.8963    0.8900    0.8854       300

Round 14 duration: 25.14 seconds

--- Round 15/25 ---
Round 15 - Accuracy: 92.33%
F1 Score: 0.9204
Confusion Matrix:
[[ 77  23]
 [  0 200]]
Classification Report:
              precision    recall  f1-score   support

         0.0     1.0000    0.7700    0.8701       100
         1.0     0.8969    1.0000    0.9456       200

    accuracy                         0.9233       300
   macro avg     0.9484    0.8850    0.9078       300
weighted avg     0.9312    0.9233    0.9204       300


*** F1 threshold reached: 0.9204 >= 0.9. Stopping training early. ***

=== Timing Report ===
Total training time: 375.37 seconds
Average time per round: 25.02 seconds
Average time per round per client: 12.51 seconds
Round durations:
  Round 1: 27.42 seconds
  Round 2: 23.42 seconds
  Round 3: 25.23 seconds
  Round 4: 22.86 seconds
  Round 5: 23.17 seconds
  Round 6: 25.09 seconds
  Round 7: 26.53 seconds
  Round 8: 26.19 seconds
  Round 9: 21.24 seconds
  Round 10: 25.48 seconds
  Round 11: 28.09 seconds
  Round 12: 27.91 seconds
  Round 13: 25.39 seconds
  Round 14: 25.14 seconds
  Round 15: 22.21 seconds

=== Communication Overhead Report ===
Summary of Communication:
  Total Transferred: 2,754,910,657 bytes
  Total Sent: 227,787,060 bytes
  Total Received: 2,527,123,597 bytes
  Avg Sent per Client (Total): 113,893,530.00 bytes
  Avg Received per Client (Total): 1,263,561,798.50 bytes
  Avg Sent per Client per Round: 7,592,902.00 bytes
  Avg Received per Client per Round: 84,237,453.23 bytes

=== Resource Usage Report ===
CPU Usage:
  Average of averages: 2.33%
  Overall Peak: 43.05%
  Overall Min: 0.00%
  Average per round Peak: 30.17%
  Average per round Min: 0.00%
Memory Usage:
  Average of averages: 1420.61 MB
  Overall Peak: 1635.63 MB
  Overall Min: 689.67 MB
  Average per round Peak: 1520.62 MB
  Average per round Min: 1400.29 MB
Available Memory:
  Average of averages: 1136.71 MB
  Overall Peak: 3473.24 MB
  Overall Min: 549.27 MB
  Average per round Peak: 1258.46 MB
  Average per round Min: 931.89 MB

Training complete.
