2025-04-15 06:24:42.086093: I tensorflow/core/util/port.cc:110] oneDNN custom operations are on. You may see slightly different numerical results due to floating-point round-off errors from different computation orders. To turn them off, set the environment variable `TF_ENABLE_ONEDNN_OPTS=0`.
2025-04-15 06:24:42.110661: I tensorflow/tsl/cuda/cudart_stub.cc:28] Could not find cuda drivers on your machine, GPU will not be used.
2025-04-15 06:24:42.347324: I tensorflow/tsl/cuda/cudart_stub.cc:28] Could not find cuda drivers on your machine, GPU will not be used.
2025-04-15 06:24:42.350059: I tensorflow/core/platform/cpu_feature_guard.cc:182] This TensorFlow binary is optimized to use available CPU instructions in performance-critical operations.
To enable the following instructions: AVX2 AVX512F AVX512_VNNI FMA, in other operations, rebuild TensorFlow with the appropriate compiler flags.
2025-04-15 06:24:43.911522: W tensorflow/compiler/tf2tensorrt/utils/py_utils.cc:38] TF-TRT Warning: Could not find TensorRT
Waiting for clients to connect...
Connected to ('127.0.0.1', 51658)
Connected to ('127.0.0.1', 51674)

--- Round 1/25 ---
/home/jmulvany/Thesis_BU/venv/lib/python3.10/site-packages/sklearn/metrics/_classification.py:1344: UndefinedMetricWarning: Precision and F-score are ill-defined and being set to 0.0 in labels with no predicted samples. Use `zero_division` parameter to control this behavior.
  _warn_prf(average, modifier, msg_start, len(result))
/home/jmulvany/Thesis_BU/venv/lib/python3.10/site-packages/sklearn/metrics/_classification.py:1344: UndefinedMetricWarning: Precision and F-score are ill-defined and being set to 0.0 in labels with no predicted samples. Use `zero_division` parameter to control this behavior.
  _warn_prf(average, modifier, msg_start, len(result))
/home/jmulvany/Thesis_BU/venv/lib/python3.10/site-packages/sklearn/metrics/_classification.py:1344: UndefinedMetricWarning: Precision and F-score are ill-defined and being set to 0.0 in labels with no predicted samples. Use `zero_division` parameter to control this behavior.
  _warn_prf(average, modifier, msg_start, len(result))
Round 1 - Accuracy: 66.67%
F1 Score: 0.5333
Confusion Matrix:
[[  0 100]
 [  0 200]]
Classification Report:
              precision    recall  f1-score   support

         0.0     0.0000    0.0000    0.0000       100
         1.0     0.6667    1.0000    0.8000       200

    accuracy                         0.6667       300
   macro avg     0.3333    0.5000    0.4000       300
weighted avg     0.4444    0.6667    0.5333       300

/home/jmulvany/Thesis_BU/venv/lib/python3.10/site-packages/sklearn/metrics/_classification.py:1344: UndefinedMetricWarning: Precision and F-score are ill-defined and being set to 0.0 in labels with no predicted samples. Use `zero_division` parameter to control this behavior.
  _warn_prf(average, modifier, msg_start, len(result))
/home/jmulvany/Thesis_BU/venv/lib/python3.10/site-packages/sklearn/metrics/_classification.py:1344: UndefinedMetricWarning: Precision and F-score are ill-defined and being set to 0.0 in labels with no predicted samples. Use `zero_division` parameter to control this behavior.
  _warn_prf(average, modifier, msg_start, len(result))
/home/jmulvany/Thesis_BU/venv/lib/python3.10/site-packages/sklearn/metrics/_classification.py:1344: UndefinedMetricWarning: Precision and F-score are ill-defined and being set to 0.0 in labels with no predicted samples. Use `zero_division` parameter to control this behavior.
  _warn_prf(average, modifier, msg_start, len(result))
Round 1 duration: 26.33 seconds

--- Round 2/25 ---
/home/jmulvany/Thesis_BU/venv/lib/python3.10/site-packages/sklearn/metrics/_classification.py:1344: UndefinedMetricWarning: Precision and F-score are ill-defined and being set to 0.0 in labels with no predicted samples. Use `zero_division` parameter to control this behavior.
  _warn_prf(average, modifier, msg_start, len(result))
/home/jmulvany/Thesis_BU/venv/lib/python3.10/site-packages/sklearn/metrics/_classification.py:1344: UndefinedMetricWarning: Precision and F-score are ill-defined and being set to 0.0 in labels with no predicted samples. Use `zero_division` parameter to control this behavior.
  _warn_prf(average, modifier, msg_start, len(result))
/home/jmulvany/Thesis_BU/venv/lib/python3.10/site-packages/sklearn/metrics/_classification.py:1344: UndefinedMetricWarning: Precision and F-score are ill-defined and being set to 0.0 in labels with no predicted samples. Use `zero_division` parameter to control this behavior.
  _warn_prf(average, modifier, msg_start, len(result))
Round 2 - Accuracy: 66.67%
F1 Score: 0.5333
Confusion Matrix:
[[  0 100]
 [  0 200]]
Classification Report:
              precision    recall  f1-score   support

         0.0     0.0000    0.0000    0.0000       100
         1.0     0.6667    1.0000    0.8000       200

    accuracy                         0.6667       300
   macro avg     0.3333    0.5000    0.4000       300
weighted avg     0.4444    0.6667    0.5333       300

/home/jmulvany/Thesis_BU/venv/lib/python3.10/site-packages/sklearn/metrics/_classification.py:1344: UndefinedMetricWarning: Precision and F-score are ill-defined and being set to 0.0 in labels with no predicted samples. Use `zero_division` parameter to control this behavior.
  _warn_prf(average, modifier, msg_start, len(result))
/home/jmulvany/Thesis_BU/venv/lib/python3.10/site-packages/sklearn/metrics/_classification.py:1344: UndefinedMetricWarning: Precision and F-score are ill-defined and being set to 0.0 in labels with no predicted samples. Use `zero_division` parameter to control this behavior.
  _warn_prf(average, modifier, msg_start, len(result))
/home/jmulvany/Thesis_BU/venv/lib/python3.10/site-packages/sklearn/metrics/_classification.py:1344: UndefinedMetricWarning: Precision and F-score are ill-defined and being set to 0.0 in labels with no predicted samples. Use `zero_division` parameter to control this behavior.
  _warn_prf(average, modifier, msg_start, len(result))
Round 2 duration: 24.47 seconds

--- Round 3/25 ---
Round 3 - Accuracy: 72.33%
F1 Score: 0.6490
Confusion Matrix:
[[ 17  83]
 [  0 200]]
Classification Report:
              precision    recall  f1-score   support

         0.0     1.0000    0.1700    0.2906       100
         1.0     0.7067    1.0000    0.8282       200

    accuracy                         0.7233       300
   macro avg     0.8534    0.5850    0.5594       300
weighted avg     0.8045    0.7233    0.6490       300

Round 3 duration: 25.26 seconds

--- Round 4/25 ---
Round 4 - Accuracy: 79.00%
F1 Score: 0.7596
Confusion Matrix:
[[ 39  61]
 [  2 198]]
Classification Report:
              precision    recall  f1-score   support

         0.0     0.9512    0.3900    0.5532       100
         1.0     0.7645    0.9900    0.8627       200

    accuracy                         0.7900       300
   macro avg     0.8578    0.6900    0.7080       300
weighted avg     0.8267    0.7900    0.7596       300

Round 4 duration: 24.01 seconds

--- Round 5/25 ---
/home/jmulvany/Thesis_BU/venv/lib/python3.10/site-packages/sklearn/metrics/_classification.py:1344: UndefinedMetricWarning: Precision and F-score are ill-defined and being set to 0.0 in labels with no predicted samples. Use `zero_division` parameter to control this behavior.
  _warn_prf(average, modifier, msg_start, len(result))
/home/jmulvany/Thesis_BU/venv/lib/python3.10/site-packages/sklearn/metrics/_classification.py:1344: UndefinedMetricWarning: Precision and F-score are ill-defined and being set to 0.0 in labels with no predicted samples. Use `zero_division` parameter to control this behavior.
  _warn_prf(average, modifier, msg_start, len(result))
/home/jmulvany/Thesis_BU/venv/lib/python3.10/site-packages/sklearn/metrics/_classification.py:1344: UndefinedMetricWarning: Precision and F-score are ill-defined and being set to 0.0 in labels with no predicted samples. Use `zero_division` parameter to control this behavior.
  _warn_prf(average, modifier, msg_start, len(result))
Round 5 - Accuracy: 33.33%
F1 Score: 0.1667
Confusion Matrix:
[[100   0]
 [200   0]]
Classification Report:
              precision    recall  f1-score   support

         0.0     0.3333    1.0000    0.5000       100
         1.0     0.0000    0.0000    0.0000       200

    accuracy                         0.3333       300
   macro avg     0.1667    0.5000    0.2500       300
weighted avg     0.1111    0.3333    0.1667       300

/home/jmulvany/Thesis_BU/venv/lib/python3.10/site-packages/sklearn/metrics/_classification.py:1344: UndefinedMetricWarning: Precision and F-score are ill-defined and being set to 0.0 in labels with no predicted samples. Use `zero_division` parameter to control this behavior.
  _warn_prf(average, modifier, msg_start, len(result))
/home/jmulvany/Thesis_BU/venv/lib/python3.10/site-packages/sklearn/metrics/_classification.py:1344: UndefinedMetricWarning: Precision and F-score are ill-defined and being set to 0.0 in labels with no predicted samples. Use `zero_division` parameter to control this behavior.
  _warn_prf(average, modifier, msg_start, len(result))
/home/jmulvany/Thesis_BU/venv/lib/python3.10/site-packages/sklearn/metrics/_classification.py:1344: UndefinedMetricWarning: Precision and F-score are ill-defined and being set to 0.0 in labels with no predicted samples. Use `zero_division` parameter to control this behavior.
  _warn_prf(average, modifier, msg_start, len(result))
Round 5 duration: 25.43 seconds

--- Round 6/25 ---
/home/jmulvany/Thesis_BU/venv/lib/python3.10/site-packages/sklearn/metrics/_classification.py:1344: UndefinedMetricWarning: Precision and F-score are ill-defined and being set to 0.0 in labels with no predicted samples. Use `zero_division` parameter to control this behavior.
  _warn_prf(average, modifier, msg_start, len(result))
/home/jmulvany/Thesis_BU/venv/lib/python3.10/site-packages/sklearn/metrics/_classification.py:1344: UndefinedMetricWarning: Precision and F-score are ill-defined and being set to 0.0 in labels with no predicted samples. Use `zero_division` parameter to control this behavior.
  _warn_prf(average, modifier, msg_start, len(result))
/home/jmulvany/Thesis_BU/venv/lib/python3.10/site-packages/sklearn/metrics/_classification.py:1344: UndefinedMetricWarning: Precision and F-score are ill-defined and being set to 0.0 in labels with no predicted samples. Use `zero_division` parameter to control this behavior.
  _warn_prf(average, modifier, msg_start, len(result))
Round 6 - Accuracy: 33.33%
F1 Score: 0.1667
Confusion Matrix:
[[100   0]
 [200   0]]
Classification Report:
              precision    recall  f1-score   support

         0.0     0.3333    1.0000    0.5000       100
         1.0     0.0000    0.0000    0.0000       200

    accuracy                         0.3333       300
   macro avg     0.1667    0.5000    0.2500       300
weighted avg     0.1111    0.3333    0.1667       300

/home/jmulvany/Thesis_BU/venv/lib/python3.10/site-packages/sklearn/metrics/_classification.py:1344: UndefinedMetricWarning: Precision and F-score are ill-defined and being set to 0.0 in labels with no predicted samples. Use `zero_division` parameter to control this behavior.
  _warn_prf(average, modifier, msg_start, len(result))
/home/jmulvany/Thesis_BU/venv/lib/python3.10/site-packages/sklearn/metrics/_classification.py:1344: UndefinedMetricWarning: Precision and F-score are ill-defined and being set to 0.0 in labels with no predicted samples. Use `zero_division` parameter to control this behavior.
  _warn_prf(average, modifier, msg_start, len(result))
/home/jmulvany/Thesis_BU/venv/lib/python3.10/site-packages/sklearn/metrics/_classification.py:1344: UndefinedMetricWarning: Precision and F-score are ill-defined and being set to 0.0 in labels with no predicted samples. Use `zero_division` parameter to control this behavior.
  _warn_prf(average, modifier, msg_start, len(result))
Round 6 duration: 25.21 seconds

--- Round 7/25 ---
Round 7 - Accuracy: 83.33%
F1 Score: 0.8219
Confusion Matrix:
[[ 57  43]
 [  7 193]]
Classification Report:
              precision    recall  f1-score   support

         0.0     0.8906    0.5700    0.6951       100
         1.0     0.8178    0.9650    0.8853       200

    accuracy                         0.8333       300
   macro avg     0.8542    0.7675    0.7902       300
weighted avg     0.8421    0.8333    0.8219       300

Round 7 duration: 23.74 seconds

--- Round 8/25 ---
Round 8 - Accuracy: 79.33%
F1 Score: 0.7868
Confusion Matrix:
[[ 59  41]
 [ 21 179]]
Classification Report:
              precision    recall  f1-score   support

         0.0     0.7375    0.5900    0.6556       100
         1.0     0.8136    0.8950    0.8524       200

    accuracy                         0.7933       300
   macro avg     0.7756    0.7425    0.7540       300
weighted avg     0.7883    0.7933    0.7868       300

Round 8 duration: 25.22 seconds

--- Round 9/25 ---
Round 9 - Accuracy: 85.00%
F1 Score: 0.8443
Confusion Matrix:
[[ 66  34]
 [ 11 189]]
Classification Report:
              precision    recall  f1-score   support

         0.0     0.8571    0.6600    0.7458       100
         1.0     0.8475    0.9450    0.8936       200

    accuracy                         0.8500       300
   macro avg     0.8523    0.8025    0.8197       300
weighted avg     0.8507    0.8500    0.8443       300

Round 9 duration: 26.34 seconds

--- Round 10/25 ---
Round 10 - Accuracy: 88.00%
F1 Score: 0.8775
Confusion Matrix:
[[ 75  25]
 [ 11 189]]
Classification Report:
              precision    recall  f1-score   support

         0.0     0.8721    0.7500    0.8065       100
         1.0     0.8832    0.9450    0.9130       200

    accuracy                         0.8800       300
   macro avg     0.8776    0.8475    0.8597       300
weighted avg     0.8795    0.8800    0.8775       300

Round 10 duration: 25.15 seconds

--- Round 11/25 ---
Round 11 - Accuracy: 87.00%
F1 Score: 0.8691
Confusion Matrix:
[[ 78  22]
 [ 17 183]]
Classification Report:
              precision    recall  f1-score   support

         0.0     0.8211    0.7800    0.8000       100
         1.0     0.8927    0.9150    0.9037       200

    accuracy                         0.8700       300
   macro avg     0.8569    0.8475    0.8519       300
weighted avg     0.8688    0.8700    0.8691       300

Round 11 duration: 50.12 seconds

--- Round 12/25 ---
Round 12 - Accuracy: 87.67%
F1 Score: 0.8715
Confusion Matrix:
[[ 69  31]
 [  6 194]]
Classification Report:
              precision    recall  f1-score   support

         0.0     0.9200    0.6900    0.7886       100
         1.0     0.8622    0.9700    0.9129       200

    accuracy                         0.8767       300
   macro avg     0.8911    0.8300    0.8508       300
weighted avg     0.8815    0.8767    0.8715       300

Round 12 duration: 22.22 seconds

--- Round 13/25 ---
Round 13 - Accuracy: 91.67%
F1 Score: 0.9166
Confusion Matrix:
[[ 87  13]
 [ 12 188]]
Classification Report:
              precision    recall  f1-score   support

         0.0     0.8788    0.8700    0.8744       100
         1.0     0.9353    0.9400    0.9377       200

    accuracy                         0.9167       300
   macro avg     0.9071    0.9050    0.9060       300
weighted avg     0.9165    0.9167    0.9166       300


*** F1 threshold reached: 0.9166 >= 0.9. Stopping training early. ***

=== Timing Report ===
Total training time: 350.58 seconds
Average time per round: 26.97 seconds
Average time per round per client: 13.48 seconds
Round durations:
  Round 1: 26.33 seconds
  Round 2: 24.47 seconds
  Round 3: 25.26 seconds
  Round 4: 24.01 seconds
  Round 5: 25.43 seconds
  Round 6: 25.21 seconds
  Round 7: 23.74 seconds
  Round 8: 25.22 seconds
  Round 9: 26.34 seconds
  Round 10: 25.15 seconds
  Round 11: 50.12 seconds
  Round 12: 22.22 seconds
  Round 13: 27.08 seconds

=== Communication Overhead Report ===
Summary of Communication:
  Total Transferred: 2,387,626,712 bytes
  Total Sent: 197,415,452 bytes
  Total Received: 2,190,211,260 bytes
  Avg Sent per Client (Total): 98,707,726.00 bytes
  Avg Received per Client (Total): 1,095,105,630.00 bytes
  Avg Sent per Client per Round: 7,592,902.00 bytes
  Avg Received per Client per Round: 84,238,894.62 bytes

=== Resource Usage Report ===
CPU Usage:
  Average of averages: 2.51%
  Overall Peak: 42.95%
  Overall Min: 0.00%
  Average per round Peak: 30.62%
  Average per round Min: 0.00%
Memory Usage:
  Average of averages: 1449.63 MB
  Overall Peak: 1767.70 MB
  Overall Min: 688.71 MB
  Average per round Peak: 1568.65 MB
  Average per round Min: 1425.13 MB
Available Memory:
  Average of averages: 1174.09 MB
  Overall Peak: 3460.52 MB
  Overall Min: 638.36 MB
  Average per round Peak: 1308.15 MB
  Average per round Min: 978.73 MB

Training complete.
