2025-04-15 04:44:40.937292: I tensorflow/core/util/port.cc:110] oneDNN custom operations are on. You may see slightly different numerical results due to floating-point round-off errors from different computation orders. To turn them off, set the environment variable `TF_ENABLE_ONEDNN_OPTS=0`.
2025-04-15 04:44:40.956285: I tensorflow/tsl/cuda/cudart_stub.cc:28] Could not find cuda drivers on your machine, GPU will not be used.
2025-04-15 04:44:41.245211: I tensorflow/tsl/cuda/cudart_stub.cc:28] Could not find cuda drivers on your machine, GPU will not be used.
2025-04-15 04:44:41.248292: I tensorflow/core/platform/cpu_feature_guard.cc:182] This TensorFlow binary is optimized to use available CPU instructions in performance-critical operations.
To enable the following instructions: AVX2 AVX512F AVX512_VNNI FMA, in other operations, rebuild TensorFlow with the appropriate compiler flags.
2025-04-15 04:44:42.535453: W tensorflow/compiler/tf2tensorrt/utils/py_utils.cc:38] TF-TRT Warning: Could not find TensorRT
Waiting for clients to connect...
Connected to ('127.0.0.1', 45904)
Connected to ('127.0.0.1', 45906)

--- Round 1/25 ---
/home/jmulvany/Thesis_BU/venv/lib/python3.10/site-packages/sklearn/metrics/_classification.py:1344: UndefinedMetricWarning: Precision and F-score are ill-defined and being set to 0.0 in labels with no predicted samples. Use `zero_division` parameter to control this behavior.
  _warn_prf(average, modifier, msg_start, len(result))
/home/jmulvany/Thesis_BU/venv/lib/python3.10/site-packages/sklearn/metrics/_classification.py:1344: UndefinedMetricWarning: Precision and F-score are ill-defined and being set to 0.0 in labels with no predicted samples. Use `zero_division` parameter to control this behavior.
  _warn_prf(average, modifier, msg_start, len(result))
/home/jmulvany/Thesis_BU/venv/lib/python3.10/site-packages/sklearn/metrics/_classification.py:1344: UndefinedMetricWarning: Precision and F-score are ill-defined and being set to 0.0 in labels with no predicted samples. Use `zero_division` parameter to control this behavior.
  _warn_prf(average, modifier, msg_start, len(result))
Round 1 - Accuracy: 66.67%
F1 Score: 0.5333
Confusion Matrix:
[[  0 100]
 [  0 200]]
Classification Report:
              precision    recall  f1-score   support

         0.0     0.0000    0.0000    0.0000       100
         1.0     0.6667    1.0000    0.8000       200

    accuracy                         0.6667       300
   macro avg     0.3333    0.5000    0.4000       300
weighted avg     0.4444    0.6667    0.5333       300

/home/jmulvany/Thesis_BU/venv/lib/python3.10/site-packages/sklearn/metrics/_classification.py:1344: UndefinedMetricWarning: Precision and F-score are ill-defined and being set to 0.0 in labels with no predicted samples. Use `zero_division` parameter to control this behavior.
  _warn_prf(average, modifier, msg_start, len(result))
/home/jmulvany/Thesis_BU/venv/lib/python3.10/site-packages/sklearn/metrics/_classification.py:1344: UndefinedMetricWarning: Precision and F-score are ill-defined and being set to 0.0 in labels with no predicted samples. Use `zero_division` parameter to control this behavior.
  _warn_prf(average, modifier, msg_start, len(result))
/home/jmulvany/Thesis_BU/venv/lib/python3.10/site-packages/sklearn/metrics/_classification.py:1344: UndefinedMetricWarning: Precision and F-score are ill-defined and being set to 0.0 in labels with no predicted samples. Use `zero_division` parameter to control this behavior.
  _warn_prf(average, modifier, msg_start, len(result))
Round 1 duration: 18.03 seconds

--- Round 2/25 ---
Round 2 - Accuracy: 62.00%
F1 Score: 0.6307
Confusion Matrix:
[[ 70  30]
 [ 84 116]]
Classification Report:
              precision    recall  f1-score   support

         0.0     0.4545    0.7000    0.5512       100
         1.0     0.7945    0.5800    0.6705       200

    accuracy                         0.6200       300
   macro avg     0.6245    0.6400    0.6109       300
weighted avg     0.6812    0.6200    0.6307       300

Round 2 duration: 17.03 seconds

--- Round 3/25 ---
Round 3 - Accuracy: 59.67%
F1 Score: 0.6011
Confusion Matrix:
[[ 84  16]
 [105  95]]
Classification Report:
              precision    recall  f1-score   support

         0.0     0.4444    0.8400    0.5813       100
         1.0     0.8559    0.4750    0.6109       200

    accuracy                         0.5967       300
   macro avg     0.6502    0.6575    0.5961       300
weighted avg     0.7187    0.5967    0.6011       300

Round 3 duration: 22.04 seconds

--- Round 4/25 ---
Round 4 - Accuracy: 37.67%
F1 Score: 0.2756
Confusion Matrix:
[[ 95   5]
 [182  18]]
Classification Report:
              precision    recall  f1-score   support

         0.0     0.3430    0.9500    0.5040       100
         1.0     0.7826    0.0900    0.1614       200

    accuracy                         0.3767       300
   macro avg     0.5628    0.5200    0.3327       300
weighted avg     0.6361    0.3767    0.2756       300

Round 4 duration: 16.03 seconds

--- Round 5/25 ---
Round 5 - Accuracy: 62.00%
F1 Score: 0.6268
Confusion Matrix:
[[ 83  17]
 [ 97 103]]
Classification Report:
              precision    recall  f1-score   support

         0.0     0.4611    0.8300    0.5929       100
         1.0     0.8583    0.5150    0.6438       200

    accuracy                         0.6200       300
   macro avg     0.6597    0.6725    0.6183       300
weighted avg     0.7259    0.6200    0.6268       300

Round 5 duration: 22.04 seconds

--- Round 6/25 ---
Round 6 - Accuracy: 63.67%
F1 Score: 0.6417
Confusion Matrix:
[[ 52  48]
 [ 61 139]]
Classification Report:
              precision    recall  f1-score   support

         0.0     0.4602    0.5200    0.4883       100
         1.0     0.7433    0.6950    0.7183       200

    accuracy                         0.6367       300
   macro avg     0.6017    0.6075    0.6033       300
weighted avg     0.6489    0.6367    0.6417       300

Round 6 duration: 17.03 seconds

--- Round 7/25 ---
Round 7 - Accuracy: 44.00%
F1 Score: 0.4045
Confusion Matrix:
[[ 86  14]
 [154  46]]
Classification Report:
              precision    recall  f1-score   support

         0.0     0.3583    0.8600    0.5059       100
         1.0     0.7667    0.2300    0.3538       200

    accuracy                         0.4400       300
   macro avg     0.5625    0.5450    0.4299       300
weighted avg     0.6306    0.4400    0.4045       300

Round 7 duration: 22.04 seconds

--- Round 8/25 ---
Round 8 - Accuracy: 67.33%
F1 Score: 0.6775
Confusion Matrix:
[[ 57  43]
 [ 55 145]]
Classification Report:
              precision    recall  f1-score   support

         0.0     0.5089    0.5700    0.5377       100
         1.0     0.7713    0.7250    0.7474       200

    accuracy                         0.6733       300
   macro avg     0.6401    0.6475    0.6426       300
weighted avg     0.6838    0.6733    0.6775       300

Round 8 duration: 19.03 seconds

--- Round 9/25 ---
Round 9 - Accuracy: 80.00%
F1 Score: 0.7778
Confusion Matrix:
[[ 45  55]
 [  5 195]]
Classification Report:
              precision    recall  f1-score   support

         0.0     0.9000    0.4500    0.6000       100
         1.0     0.7800    0.9750    0.8667       200

    accuracy                         0.8000       300
   macro avg     0.8400    0.7125    0.7333       300
weighted avg     0.8200    0.8000    0.7778       300

Round 9 duration: 22.03 seconds

--- Round 10/25 ---
Round 10 - Accuracy: 77.00%
F1 Score: 0.7766
Confusion Matrix:
[[ 90  10]
 [ 59 141]]
Classification Report:
              precision    recall  f1-score   support

         0.0     0.6040    0.9000    0.7229       100
         1.0     0.9338    0.7050    0.8034       200

    accuracy                         0.7700       300
   macro avg     0.7689    0.8025    0.7632       300
weighted avg     0.8239    0.7700    0.7766       300

Round 10 duration: 16.03 seconds

--- Round 11/25 ---
Round 11 - Accuracy: 84.00%
F1 Score: 0.8411
Confusion Matrix:
[[ 79  21]
 [ 27 173]]
Classification Report:
              precision    recall  f1-score   support

         0.0     0.7453    0.7900    0.7670       100
         1.0     0.8918    0.8650    0.8782       200

    accuracy                         0.8400       300
   macro avg     0.8185    0.8275    0.8226       300
weighted avg     0.8429    0.8400    0.8411       300

Round 11 duration: 20.03 seconds

--- Round 12/25 ---
Round 12 - Accuracy: 87.33%
F1 Score: 0.8750
Confusion Matrix:
[[ 87  13]
 [ 25 175]]
Classification Report:
              precision    recall  f1-score   support

         0.0     0.7768    0.8700    0.8208       100
         1.0     0.9309    0.8750    0.9021       200

    accuracy                         0.8733       300
   macro avg     0.8538    0.8725    0.8614       300
weighted avg     0.8795    0.8733    0.8750       300

Round 12 duration: 22.04 seconds

--- Round 13/25 ---
Round 13 - Accuracy: 91.00%
F1 Score: 0.9105
Confusion Matrix:
[[ 89  11]
 [ 16 184]]
Classification Report:
              precision    recall  f1-score   support

         0.0     0.8476    0.8900    0.8683       100
         1.0     0.9436    0.9200    0.9316       200

    accuracy                         0.9100       300
   macro avg     0.8956    0.9050    0.9000       300
weighted avg     0.9116    0.9100    0.9105       300


*** F1 threshold reached: 0.9105 >= 0.9. Stopping training early. ***

=== Timing Report ===
Total training time: 250.42 seconds
Average time per round: 19.26 seconds
Average time per round per client: 9.63 seconds
Round durations:
  Round 1: 18.03 seconds
  Round 2: 17.03 seconds
  Round 3: 22.04 seconds
  Round 4: 16.03 seconds
  Round 5: 22.04 seconds
  Round 6: 17.03 seconds
  Round 7: 22.04 seconds
  Round 8: 19.03 seconds
  Round 9: 22.03 seconds
  Round 10: 16.03 seconds
  Round 11: 20.03 seconds
  Round 12: 22.04 seconds
  Round 13: 17.03 seconds

=== Communication Overhead Report ===
Summary of Communication:
  Total Transferred: 394,830,904 bytes
  Total Sent: 197,415,452 bytes
  Total Received: 197,415,452 bytes
  Avg Sent per Client (Total): 98,707,726.00 bytes
  Avg Received per Client (Total): 98,707,726.00 bytes
  Avg Sent per Client per Round: 7,592,902.00 bytes
  Avg Received per Client per Round: 7,592,902.00 bytes

=== Resource Usage Report ===
CPU Usage:
  Average of averages: 1.36%
  Overall Peak: 31.70%
  Overall Min: 0.00%
  Average per round Peak: 24.03%
  Average per round Min: 0.00%
Memory Usage:
  Average of averages: 995.25 MB
  Overall Peak: 1152.41 MB
  Overall Min: 569.00 MB
  Average per round Peak: 1016.60 MB
  Average per round Min: 986.03 MB
Available Memory:
  Average of averages: 1154.86 MB
  Overall Peak: 2704.79 MB
  Overall Min: 844.98 MB
  Average per round Peak: 1246.88 MB
  Average per round Min: 1116.19 MB

Training complete.
