2025-04-15 05:42:04.445606: I tensorflow/core/util/port.cc:110] oneDNN custom operations are on. You may see slightly different numerical results due to floating-point round-off errors from different computation orders. To turn them off, set the environment variable `TF_ENABLE_ONEDNN_OPTS=0`.
2025-04-15 05:42:04.468563: I tensorflow/tsl/cuda/cudart_stub.cc:28] Could not find cuda drivers on your machine, GPU will not be used.
2025-04-15 05:42:04.779679: I tensorflow/tsl/cuda/cudart_stub.cc:28] Could not find cuda drivers on your machine, GPU will not be used.
2025-04-15 05:42:04.783561: I tensorflow/core/platform/cpu_feature_guard.cc:182] This TensorFlow binary is optimized to use available CPU instructions in performance-critical operations.
To enable the following instructions: AVX2 AVX512F AVX512_VNNI FMA, in other operations, rebuild TensorFlow with the appropriate compiler flags.
2025-04-15 05:42:06.228574: W tensorflow/compiler/tf2tensorrt/utils/py_utils.cc:38] TF-TRT Warning: Could not find TensorRT
Waiting for clients to connect...
Connected to ('127.0.0.1', 45912)
Connected to ('127.0.0.1', 45916)

--- Round 1/25 ---
Round 1 - Accuracy: 67.00%
F1 Score: 0.5410
Confusion Matrix:
[[  1  99]
 [  0 200]]
Classification Report:
              precision    recall  f1-score   support

         0.0     1.0000    0.0100    0.0198       100
         1.0     0.6689    1.0000    0.8016       200

    accuracy                         0.6700       300
   macro avg     0.8344    0.5050    0.4107       300
weighted avg     0.7793    0.6700    0.5410       300

Round 1 duration: 26.33 seconds

--- Round 2/25 ---
/home/jmulvany/Thesis_BU/venv/lib/python3.10/site-packages/sklearn/metrics/_classification.py:1344: UndefinedMetricWarning: Precision and F-score are ill-defined and being set to 0.0 in labels with no predicted samples. Use `zero_division` parameter to control this behavior.
  _warn_prf(average, modifier, msg_start, len(result))
/home/jmulvany/Thesis_BU/venv/lib/python3.10/site-packages/sklearn/metrics/_classification.py:1344: UndefinedMetricWarning: Precision and F-score are ill-defined and being set to 0.0 in labels with no predicted samples. Use `zero_division` parameter to control this behavior.
  _warn_prf(average, modifier, msg_start, len(result))
/home/jmulvany/Thesis_BU/venv/lib/python3.10/site-packages/sklearn/metrics/_classification.py:1344: UndefinedMetricWarning: Precision and F-score are ill-defined and being set to 0.0 in labels with no predicted samples. Use `zero_division` parameter to control this behavior.
  _warn_prf(average, modifier, msg_start, len(result))
Round 2 - Accuracy: 33.33%
F1 Score: 0.1667
Confusion Matrix:
[[100   0]
 [200   0]]
Classification Report:
              precision    recall  f1-score   support

         0.0     0.3333    1.0000    0.5000       100
         1.0     0.0000    0.0000    0.0000       200

    accuracy                         0.3333       300
   macro avg     0.1667    0.5000    0.2500       300
weighted avg     0.1111    0.3333    0.1667       300

/home/jmulvany/Thesis_BU/venv/lib/python3.10/site-packages/sklearn/metrics/_classification.py:1344: UndefinedMetricWarning: Precision and F-score are ill-defined and being set to 0.0 in labels with no predicted samples. Use `zero_division` parameter to control this behavior.
  _warn_prf(average, modifier, msg_start, len(result))
/home/jmulvany/Thesis_BU/venv/lib/python3.10/site-packages/sklearn/metrics/_classification.py:1344: UndefinedMetricWarning: Precision and F-score are ill-defined and being set to 0.0 in labels with no predicted samples. Use `zero_division` parameter to control this behavior.
  _warn_prf(average, modifier, msg_start, len(result))
/home/jmulvany/Thesis_BU/venv/lib/python3.10/site-packages/sklearn/metrics/_classification.py:1344: UndefinedMetricWarning: Precision and F-score are ill-defined and being set to 0.0 in labels with no predicted samples. Use `zero_division` parameter to control this behavior.
  _warn_prf(average, modifier, msg_start, len(result))
Round 2 duration: 25.23 seconds

--- Round 3/25 ---
Round 3 - Accuracy: 55.33%
F1 Score: 0.5399
Confusion Matrix:
[[ 94   6]
 [128  72]]
Classification Report:
              precision    recall  f1-score   support

         0.0     0.4234    0.9400    0.5839       100
         1.0     0.9231    0.3600    0.5180       200

    accuracy                         0.5533       300
   macro avg     0.6733    0.6500    0.5509       300
weighted avg     0.7565    0.5533    0.5399       300

Round 3 duration: 26.09 seconds

--- Round 4/25 ---
/home/jmulvany/Thesis_BU/venv/lib/python3.10/site-packages/sklearn/metrics/_classification.py:1344: UndefinedMetricWarning: Precision and F-score are ill-defined and being set to 0.0 in labels with no predicted samples. Use `zero_division` parameter to control this behavior.
  _warn_prf(average, modifier, msg_start, len(result))
/home/jmulvany/Thesis_BU/venv/lib/python3.10/site-packages/sklearn/metrics/_classification.py:1344: UndefinedMetricWarning: Precision and F-score are ill-defined and being set to 0.0 in labels with no predicted samples. Use `zero_division` parameter to control this behavior.
  _warn_prf(average, modifier, msg_start, len(result))
/home/jmulvany/Thesis_BU/venv/lib/python3.10/site-packages/sklearn/metrics/_classification.py:1344: UndefinedMetricWarning: Precision and F-score are ill-defined and being set to 0.0 in labels with no predicted samples. Use `zero_division` parameter to control this behavior.
  _warn_prf(average, modifier, msg_start, len(result))
Round 4 - Accuracy: 33.33%
F1 Score: 0.1667
Confusion Matrix:
[[100   0]
 [200   0]]
Classification Report:
              precision    recall  f1-score   support

         0.0     0.3333    1.0000    0.5000       100
         1.0     0.0000    0.0000    0.0000       200

    accuracy                         0.3333       300
   macro avg     0.1667    0.5000    0.2500       300
weighted avg     0.1111    0.3333    0.1667       300

/home/jmulvany/Thesis_BU/venv/lib/python3.10/site-packages/sklearn/metrics/_classification.py:1344: UndefinedMetricWarning: Precision and F-score are ill-defined and being set to 0.0 in labels with no predicted samples. Use `zero_division` parameter to control this behavior.
  _warn_prf(average, modifier, msg_start, len(result))
/home/jmulvany/Thesis_BU/venv/lib/python3.10/site-packages/sklearn/metrics/_classification.py:1344: UndefinedMetricWarning: Precision and F-score are ill-defined and being set to 0.0 in labels with no predicted samples. Use `zero_division` parameter to control this behavior.
  _warn_prf(average, modifier, msg_start, len(result))
/home/jmulvany/Thesis_BU/venv/lib/python3.10/site-packages/sklearn/metrics/_classification.py:1344: UndefinedMetricWarning: Precision and F-score are ill-defined and being set to 0.0 in labels with no predicted samples. Use `zero_division` parameter to control this behavior.
  _warn_prf(average, modifier, msg_start, len(result))
Round 4 duration: 25.27 seconds

--- Round 5/25 ---
/home/jmulvany/Thesis_BU/venv/lib/python3.10/site-packages/sklearn/metrics/_classification.py:1344: UndefinedMetricWarning: Precision and F-score are ill-defined and being set to 0.0 in labels with no predicted samples. Use `zero_division` parameter to control this behavior.
  _warn_prf(average, modifier, msg_start, len(result))
/home/jmulvany/Thesis_BU/venv/lib/python3.10/site-packages/sklearn/metrics/_classification.py:1344: UndefinedMetricWarning: Precision and F-score are ill-defined and being set to 0.0 in labels with no predicted samples. Use `zero_division` parameter to control this behavior.
  _warn_prf(average, modifier, msg_start, len(result))
/home/jmulvany/Thesis_BU/venv/lib/python3.10/site-packages/sklearn/metrics/_classification.py:1344: UndefinedMetricWarning: Precision and F-score are ill-defined and being set to 0.0 in labels with no predicted samples. Use `zero_division` parameter to control this behavior.
  _warn_prf(average, modifier, msg_start, len(result))
Round 5 - Accuracy: 33.33%
F1 Score: 0.1667
Confusion Matrix:
[[100   0]
 [200   0]]
Classification Report:
              precision    recall  f1-score   support

         0.0     0.3333    1.0000    0.5000       100
         1.0     0.0000    0.0000    0.0000       200

    accuracy                         0.3333       300
   macro avg     0.1667    0.5000    0.2500       300
weighted avg     0.1111    0.3333    0.1667       300

/home/jmulvany/Thesis_BU/venv/lib/python3.10/site-packages/sklearn/metrics/_classification.py:1344: UndefinedMetricWarning: Precision and F-score are ill-defined and being set to 0.0 in labels with no predicted samples. Use `zero_division` parameter to control this behavior.
  _warn_prf(average, modifier, msg_start, len(result))
/home/jmulvany/Thesis_BU/venv/lib/python3.10/site-packages/sklearn/metrics/_classification.py:1344: UndefinedMetricWarning: Precision and F-score are ill-defined and being set to 0.0 in labels with no predicted samples. Use `zero_division` parameter to control this behavior.
  _warn_prf(average, modifier, msg_start, len(result))
/home/jmulvany/Thesis_BU/venv/lib/python3.10/site-packages/sklearn/metrics/_classification.py:1344: UndefinedMetricWarning: Precision and F-score are ill-defined and being set to 0.0 in labels with no predicted samples. Use `zero_division` parameter to control this behavior.
  _warn_prf(average, modifier, msg_start, len(result))
Round 5 duration: 22.49 seconds

--- Round 6/25 ---
/home/jmulvany/Thesis_BU/venv/lib/python3.10/site-packages/sklearn/metrics/_classification.py:1344: UndefinedMetricWarning: Precision and F-score are ill-defined and being set to 0.0 in labels with no predicted samples. Use `zero_division` parameter to control this behavior.
  _warn_prf(average, modifier, msg_start, len(result))
/home/jmulvany/Thesis_BU/venv/lib/python3.10/site-packages/sklearn/metrics/_classification.py:1344: UndefinedMetricWarning: Precision and F-score are ill-defined and being set to 0.0 in labels with no predicted samples. Use `zero_division` parameter to control this behavior.
  _warn_prf(average, modifier, msg_start, len(result))
/home/jmulvany/Thesis_BU/venv/lib/python3.10/site-packages/sklearn/metrics/_classification.py:1344: UndefinedMetricWarning: Precision and F-score are ill-defined and being set to 0.0 in labels with no predicted samples. Use `zero_division` parameter to control this behavior.
  _warn_prf(average, modifier, msg_start, len(result))
Round 6 - Accuracy: 33.33%
F1 Score: 0.1667
Confusion Matrix:
[[100   0]
 [200   0]]
Classification Report:
              precision    recall  f1-score   support

         0.0     0.3333    1.0000    0.5000       100
         1.0     0.0000    0.0000    0.0000       200

    accuracy                         0.3333       300
   macro avg     0.1667    0.5000    0.2500       300
weighted avg     0.1111    0.3333    0.1667       300

/home/jmulvany/Thesis_BU/venv/lib/python3.10/site-packages/sklearn/metrics/_classification.py:1344: UndefinedMetricWarning: Precision and F-score are ill-defined and being set to 0.0 in labels with no predicted samples. Use `zero_division` parameter to control this behavior.
  _warn_prf(average, modifier, msg_start, len(result))
/home/jmulvany/Thesis_BU/venv/lib/python3.10/site-packages/sklearn/metrics/_classification.py:1344: UndefinedMetricWarning: Precision and F-score are ill-defined and being set to 0.0 in labels with no predicted samples. Use `zero_division` parameter to control this behavior.
  _warn_prf(average, modifier, msg_start, len(result))
/home/jmulvany/Thesis_BU/venv/lib/python3.10/site-packages/sklearn/metrics/_classification.py:1344: UndefinedMetricWarning: Precision and F-score are ill-defined and being set to 0.0 in labels with no predicted samples. Use `zero_division` parameter to control this behavior.
  _warn_prf(average, modifier, msg_start, len(result))
Round 6 duration: 22.09 seconds

--- Round 7/25 ---
/home/jmulvany/Thesis_BU/venv/lib/python3.10/site-packages/sklearn/metrics/_classification.py:1344: UndefinedMetricWarning: Precision and F-score are ill-defined and being set to 0.0 in labels with no predicted samples. Use `zero_division` parameter to control this behavior.
  _warn_prf(average, modifier, msg_start, len(result))
/home/jmulvany/Thesis_BU/venv/lib/python3.10/site-packages/sklearn/metrics/_classification.py:1344: UndefinedMetricWarning: Precision and F-score are ill-defined and being set to 0.0 in labels with no predicted samples. Use `zero_division` parameter to control this behavior.
  _warn_prf(average, modifier, msg_start, len(result))
/home/jmulvany/Thesis_BU/venv/lib/python3.10/site-packages/sklearn/metrics/_classification.py:1344: UndefinedMetricWarning: Precision and F-score are ill-defined and being set to 0.0 in labels with no predicted samples. Use `zero_division` parameter to control this behavior.
  _warn_prf(average, modifier, msg_start, len(result))
Round 7 - Accuracy: 33.33%
F1 Score: 0.1667
Confusion Matrix:
[[100   0]
 [200   0]]
Classification Report:
              precision    recall  f1-score   support

         0.0     0.3333    1.0000    0.5000       100
         1.0     0.0000    0.0000    0.0000       200

    accuracy                         0.3333       300
   macro avg     0.1667    0.5000    0.2500       300
weighted avg     0.1111    0.3333    0.1667       300

/home/jmulvany/Thesis_BU/venv/lib/python3.10/site-packages/sklearn/metrics/_classification.py:1344: UndefinedMetricWarning: Precision and F-score are ill-defined and being set to 0.0 in labels with no predicted samples. Use `zero_division` parameter to control this behavior.
  _warn_prf(average, modifier, msg_start, len(result))
/home/jmulvany/Thesis_BU/venv/lib/python3.10/site-packages/sklearn/metrics/_classification.py:1344: UndefinedMetricWarning: Precision and F-score are ill-defined and being set to 0.0 in labels with no predicted samples. Use `zero_division` parameter to control this behavior.
  _warn_prf(average, modifier, msg_start, len(result))
/home/jmulvany/Thesis_BU/venv/lib/python3.10/site-packages/sklearn/metrics/_classification.py:1344: UndefinedMetricWarning: Precision and F-score are ill-defined and being set to 0.0 in labels with no predicted samples. Use `zero_division` parameter to control this behavior.
  _warn_prf(average, modifier, msg_start, len(result))
Round 7 duration: 23.44 seconds

--- Round 8/25 ---
Round 8 - Accuracy: 79.33%
F1 Score: 0.7859
Confusion Matrix:
[[ 58  42]
 [ 20 180]]
Classification Report:
              precision    recall  f1-score   support

         0.0     0.7436    0.5800    0.6517       100
         1.0     0.8108    0.9000    0.8531       200

    accuracy                         0.7933       300
   macro avg     0.7772    0.7400    0.7524       300
weighted avg     0.7884    0.7933    0.7859       300

Round 8 duration: 23.09 seconds

--- Round 9/25 ---
Round 9 - Accuracy: 85.67%
F1 Score: 0.8448
Confusion Matrix:
[[ 58  42]
 [  1 199]]
Classification Report:
              precision    recall  f1-score   support

         0.0     0.9831    0.5800    0.7296       100
         1.0     0.8257    0.9950    0.9025       200

    accuracy                         0.8567       300
   macro avg     0.9044    0.7875    0.8160       300
weighted avg     0.8782    0.8567    0.8448       300

Round 9 duration: 23.66 seconds

--- Round 10/25 ---
Round 10 - Accuracy: 70.67%
F1 Score: 0.7149
Confusion Matrix:
[[ 77  23]
 [ 65 135]]
Classification Report:
              precision    recall  f1-score   support

         0.0     0.5423    0.7700    0.6364       100
         1.0     0.8544    0.6750    0.7542       200

    accuracy                         0.7067       300
   macro avg     0.6983    0.7225    0.6953       300
weighted avg     0.7504    0.7067    0.7149       300

Round 10 duration: 25.29 seconds

--- Round 11/25 ---
Round 11 - Accuracy: 86.00%
F1 Score: 0.8497
Confusion Matrix:
[[ 60  40]
 [  2 198]]
Classification Report:
              precision    recall  f1-score   support

         0.0     0.9677    0.6000    0.7407       100
         1.0     0.8319    0.9900    0.9041       200

    accuracy                         0.8600       300
   macro avg     0.8998    0.7950    0.8224       300
weighted avg     0.8772    0.8600    0.8497       300

Round 11 duration: 28.24 seconds

--- Round 12/25 ---
Round 12 - Accuracy: 86.00%
F1 Score: 0.8480
Confusion Matrix:
[[ 58  42]
 [  0 200]]
Classification Report:
              precision    recall  f1-score   support

         0.0     1.0000    0.5800    0.7342       100
         1.0     0.8264    1.0000    0.9050       200

    accuracy                         0.8600       300
   macro avg     0.9132    0.7900    0.8196       300
weighted avg     0.8843    0.8600    0.8480       300

Round 12 duration: 24.27 seconds

--- Round 13/25 ---
Round 13 - Accuracy: 87.33%
F1 Score: 0.8640
Confusion Matrix:
[[ 62  38]
 [  0 200]]
Classification Report:
              precision    recall  f1-score   support

         0.0     1.0000    0.6200    0.7654       100
         1.0     0.8403    1.0000    0.9132       200

    accuracy                         0.8733       300
   macro avg     0.9202    0.8100    0.8393       300
weighted avg     0.8936    0.8733    0.8640       300

Round 13 duration: 25.26 seconds

--- Round 14/25 ---
Round 14 - Accuracy: 89.00%
F1 Score: 0.8833
Confusion Matrix:
[[ 67  33]
 [  0 200]]
Classification Report:
              precision    recall  f1-score   support

         0.0     1.0000    0.6700    0.8024       100
         1.0     0.8584    1.0000    0.9238       200

    accuracy                         0.8900       300
   macro avg     0.9292    0.8350    0.8631       300
weighted avg     0.9056    0.8900    0.8833       300

Round 14 duration: 22.05 seconds

--- Round 15/25 ---
Round 15 - Accuracy: 84.33%
F1 Score: 0.8374
Confusion Matrix:
[[ 65  35]
 [ 12 188]]
Classification Report:
              precision    recall  f1-score   support

         0.0     0.8442    0.6500    0.7345       100
         1.0     0.8430    0.9400    0.8889       200

    accuracy                         0.8433       300
   macro avg     0.8436    0.7950    0.8117       300
weighted avg     0.8434    0.8433    0.8374       300

Round 15 duration: 25.47 seconds

--- Round 16/25 ---
Round 16 - Accuracy: 90.67%
F1 Score: 0.9044
Confusion Matrix:
[[ 78  22]
 [  6 194]]
Classification Report:
              precision    recall  f1-score   support

         0.0     0.9286    0.7800    0.8478       100
         1.0     0.8981    0.9700    0.9327       200

    accuracy                         0.9067       300
   macro avg     0.9134    0.8750    0.8903       300
weighted avg     0.9083    0.9067    0.9044       300


*** F1 threshold reached: 0.9044 >= 0.9. Stopping training early. ***

=== Timing Report ===
Total training time: 394.84 seconds
Average time per round: 24.68 seconds
Average time per round per client: 12.34 seconds
Round durations:
  Round 1: 26.33 seconds
  Round 2: 25.23 seconds
  Round 3: 26.09 seconds
  Round 4: 25.27 seconds
  Round 5: 22.49 seconds
  Round 6: 22.09 seconds
  Round 7: 23.44 seconds
  Round 8: 23.09 seconds
  Round 9: 23.66 seconds
  Round 10: 25.29 seconds
  Round 11: 28.24 seconds
  Round 12: 24.27 seconds
  Round 13: 25.26 seconds
  Round 14: 22.05 seconds
  Round 15: 25.47 seconds
  Round 16: 26.57 seconds

=== Communication Overhead Report ===
Summary of Communication:
  Total Transferred: 2,938,595,528 bytes
  Total Sent: 242,972,864 bytes
  Total Received: 2,695,622,664 bytes
  Avg Sent per Client (Total): 121,486,432.00 bytes
  Avg Received per Client (Total): 1,347,811,332.00 bytes
  Avg Sent per Client per Round: 7,592,902.00 bytes
  Avg Received per Client per Round: 84,238,208.25 bytes

=== Resource Usage Report ===
CPU Usage:
  Average of averages: 2.33%
  Overall Peak: 35.42%
  Overall Min: 0.00%
  Average per round Peak: 27.67%
  Average per round Min: 0.00%
Memory Usage:
  Average of averages: 1474.94 MB
  Overall Peak: 1804.57 MB
  Overall Min: 688.20 MB
  Average per round Peak: 1591.09 MB
  Average per round Min: 1455.63 MB
Available Memory:
  Average of averages: 1090.89 MB
  Overall Peak: 3429.63 MB
  Overall Min: 538.89 MB
  Average per round Peak: 1199.54 MB
  Average per round Min: 910.93 MB

Training complete.
