2025-04-15 07:57:00.328023: I tensorflow/core/util/port.cc:110] oneDNN custom operations are on. You may see slightly different numerical results due to floating-point round-off errors from different computation orders. To turn them off, set the environment variable `TF_ENABLE_ONEDNN_OPTS=0`.
2025-04-15 07:57:00.338049: I tensorflow/tsl/cuda/cudart_stub.cc:28] Could not find cuda drivers on your machine, GPU will not be used.
2025-04-15 07:57:00.455831: I tensorflow/tsl/cuda/cudart_stub.cc:28] Could not find cuda drivers on your machine, GPU will not be used.
2025-04-15 07:57:00.457106: I tensorflow/core/platform/cpu_feature_guard.cc:182] This TensorFlow binary is optimized to use available CPU instructions in performance-critical operations.
To enable the following instructions: AVX2 AVX512F AVX512_VNNI FMA, in other operations, rebuild TensorFlow with the appropriate compiler flags.
2025-04-15 07:57:01.259142: W tensorflow/compiler/tf2tensorrt/utils/py_utils.cc:38] TF-TRT Warning: Could not find TensorRT
Waiting for clients to connect...
Connected to ('127.0.0.1', 51318)
Connected to ('127.0.0.1', 51328)

--- Round 1/25 ---
Round 1 - Accuracy: 70.33%
F1 Score: 0.6470
Confusion Matrix:
[[ 21  79]
 [ 10 190]]
Classification Report:
              precision    recall  f1-score   support

         0.0     0.6774    0.2100    0.3206       100
         1.0     0.7063    0.9500    0.8102       200

    accuracy                         0.7033       300
   macro avg     0.6919    0.5800    0.5654       300
weighted avg     0.6967    0.7033    0.6470       300

Round 1 duration: 23.04 seconds

--- Round 2/25 ---
Round 2 - Accuracy: 56.67%
F1 Score: 0.5685
Confusion Matrix:
[[ 83  17]
 [113  87]]
Classification Report:
              precision    recall  f1-score   support

         0.0     0.4235    0.8300    0.5608       100
         1.0     0.8365    0.4350    0.5724       200

    accuracy                         0.5667       300
   macro avg     0.6300    0.6325    0.5666       300
weighted avg     0.6988    0.5667    0.5685       300

Round 2 duration: 16.03 seconds

--- Round 3/25 ---
Round 3 - Accuracy: 33.67%
F1 Score: 0.1737
Confusion Matrix:
[[100   0]
 [199   1]]
Classification Report:
              precision    recall  f1-score   support

         0.0     0.3344    1.0000    0.5013       100
         1.0     1.0000    0.0050    0.0100       200

    accuracy                         0.3367       300
   macro avg     0.6672    0.5025    0.2556       300
weighted avg     0.7781    0.3367    0.1737       300

Round 3 duration: 18.04 seconds

--- Round 4/25 ---
Round 4 - Accuracy: 47.00%
F1 Score: 0.4418
Confusion Matrix:
[[ 88  12]
 [147  53]]
Classification Report:
              precision    recall  f1-score   support

         0.0     0.3745    0.8800    0.5254       100
         1.0     0.8154    0.2650    0.4000       200

    accuracy                         0.4700       300
   macro avg     0.5949    0.5725    0.4627       300
weighted avg     0.6684    0.4700    0.4418       300

Round 4 duration: 22.04 seconds

--- Round 5/25 ---
/home/jmulvany/Thesis_BU/venv/lib/python3.10/site-packages/sklearn/metrics/_classification.py:1344: UndefinedMetricWarning: Precision and F-score are ill-defined and being set to 0.0 in labels with no predicted samples. Use `zero_division` parameter to control this behavior.
  _warn_prf(average, modifier, msg_start, len(result))
/home/jmulvany/Thesis_BU/venv/lib/python3.10/site-packages/sklearn/metrics/_classification.py:1344: UndefinedMetricWarning: Precision and F-score are ill-defined and being set to 0.0 in labels with no predicted samples. Use `zero_division` parameter to control this behavior.
  _warn_prf(average, modifier, msg_start, len(result))
/home/jmulvany/Thesis_BU/venv/lib/python3.10/site-packages/sklearn/metrics/_classification.py:1344: UndefinedMetricWarning: Precision and F-score are ill-defined and being set to 0.0 in labels with no predicted samples. Use `zero_division` parameter to control this behavior.
  _warn_prf(average, modifier, msg_start, len(result))
Round 5 - Accuracy: 33.33%
F1 Score: 0.1667
Confusion Matrix:
[[100   0]
 [200   0]]
Classification Report:
              precision    recall  f1-score   support

         0.0     0.3333    1.0000    0.5000       100
         1.0     0.0000    0.0000    0.0000       200

    accuracy                         0.3333       300
   macro avg     0.1667    0.5000    0.2500       300
weighted avg     0.1111    0.3333    0.1667       300

/home/jmulvany/Thesis_BU/venv/lib/python3.10/site-packages/sklearn/metrics/_classification.py:1344: UndefinedMetricWarning: Precision and F-score are ill-defined and being set to 0.0 in labels with no predicted samples. Use `zero_division` parameter to control this behavior.
  _warn_prf(average, modifier, msg_start, len(result))
/home/jmulvany/Thesis_BU/venv/lib/python3.10/site-packages/sklearn/metrics/_classification.py:1344: UndefinedMetricWarning: Precision and F-score are ill-defined and being set to 0.0 in labels with no predicted samples. Use `zero_division` parameter to control this behavior.
  _warn_prf(average, modifier, msg_start, len(result))
/home/jmulvany/Thesis_BU/venv/lib/python3.10/site-packages/sklearn/metrics/_classification.py:1344: UndefinedMetricWarning: Precision and F-score are ill-defined and being set to 0.0 in labels with no predicted samples. Use `zero_division` parameter to control this behavior.
  _warn_prf(average, modifier, msg_start, len(result))
Round 5 duration: 18.03 seconds

--- Round 6/25 ---
/home/jmulvany/Thesis_BU/venv/lib/python3.10/site-packages/sklearn/metrics/_classification.py:1344: UndefinedMetricWarning: Precision and F-score are ill-defined and being set to 0.0 in labels with no predicted samples. Use `zero_division` parameter to control this behavior.
  _warn_prf(average, modifier, msg_start, len(result))
/home/jmulvany/Thesis_BU/venv/lib/python3.10/site-packages/sklearn/metrics/_classification.py:1344: UndefinedMetricWarning: Precision and F-score are ill-defined and being set to 0.0 in labels with no predicted samples. Use `zero_division` parameter to control this behavior.
  _warn_prf(average, modifier, msg_start, len(result))
/home/jmulvany/Thesis_BU/venv/lib/python3.10/site-packages/sklearn/metrics/_classification.py:1344: UndefinedMetricWarning: Precision and F-score are ill-defined and being set to 0.0 in labels with no predicted samples. Use `zero_division` parameter to control this behavior.
  _warn_prf(average, modifier, msg_start, len(result))
Round 6 - Accuracy: 33.33%
F1 Score: 0.1667
Confusion Matrix:
[[100   0]
 [200   0]]
Classification Report:
              precision    recall  f1-score   support

         0.0     0.3333    1.0000    0.5000       100
         1.0     0.0000    0.0000    0.0000       200

    accuracy                         0.3333       300
   macro avg     0.1667    0.5000    0.2500       300
weighted avg     0.1111    0.3333    0.1667       300

/home/jmulvany/Thesis_BU/venv/lib/python3.10/site-packages/sklearn/metrics/_classification.py:1344: UndefinedMetricWarning: Precision and F-score are ill-defined and being set to 0.0 in labels with no predicted samples. Use `zero_division` parameter to control this behavior.
  _warn_prf(average, modifier, msg_start, len(result))
/home/jmulvany/Thesis_BU/venv/lib/python3.10/site-packages/sklearn/metrics/_classification.py:1344: UndefinedMetricWarning: Precision and F-score are ill-defined and being set to 0.0 in labels with no predicted samples. Use `zero_division` parameter to control this behavior.
  _warn_prf(average, modifier, msg_start, len(result))
/home/jmulvany/Thesis_BU/venv/lib/python3.10/site-packages/sklearn/metrics/_classification.py:1344: UndefinedMetricWarning: Precision and F-score are ill-defined and being set to 0.0 in labels with no predicted samples. Use `zero_division` parameter to control this behavior.
  _warn_prf(average, modifier, msg_start, len(result))
Round 6 duration: 20.03 seconds

--- Round 7/25 ---
/home/jmulvany/Thesis_BU/venv/lib/python3.10/site-packages/sklearn/metrics/_classification.py:1344: UndefinedMetricWarning: Precision and F-score are ill-defined and being set to 0.0 in labels with no predicted samples. Use `zero_division` parameter to control this behavior.
  _warn_prf(average, modifier, msg_start, len(result))
/home/jmulvany/Thesis_BU/venv/lib/python3.10/site-packages/sklearn/metrics/_classification.py:1344: UndefinedMetricWarning: Precision and F-score are ill-defined and being set to 0.0 in labels with no predicted samples. Use `zero_division` parameter to control this behavior.
  _warn_prf(average, modifier, msg_start, len(result))
/home/jmulvany/Thesis_BU/venv/lib/python3.10/site-packages/sklearn/metrics/_classification.py:1344: UndefinedMetricWarning: Precision and F-score are ill-defined and being set to 0.0 in labels with no predicted samples. Use `zero_division` parameter to control this behavior.
  _warn_prf(average, modifier, msg_start, len(result))
Round 7 - Accuracy: 33.33%
F1 Score: 0.1667
Confusion Matrix:
[[100   0]
 [200   0]]
Classification Report:
              precision    recall  f1-score   support

         0.0     0.3333    1.0000    0.5000       100
         1.0     0.0000    0.0000    0.0000       200

    accuracy                         0.3333       300
   macro avg     0.1667    0.5000    0.2500       300
weighted avg     0.1111    0.3333    0.1667       300

/home/jmulvany/Thesis_BU/venv/lib/python3.10/site-packages/sklearn/metrics/_classification.py:1344: UndefinedMetricWarning: Precision and F-score are ill-defined and being set to 0.0 in labels with no predicted samples. Use `zero_division` parameter to control this behavior.
  _warn_prf(average, modifier, msg_start, len(result))
/home/jmulvany/Thesis_BU/venv/lib/python3.10/site-packages/sklearn/metrics/_classification.py:1344: UndefinedMetricWarning: Precision and F-score are ill-defined and being set to 0.0 in labels with no predicted samples. Use `zero_division` parameter to control this behavior.
  _warn_prf(average, modifier, msg_start, len(result))
/home/jmulvany/Thesis_BU/venv/lib/python3.10/site-packages/sklearn/metrics/_classification.py:1344: UndefinedMetricWarning: Precision and F-score are ill-defined and being set to 0.0 in labels with no predicted samples. Use `zero_division` parameter to control this behavior.
  _warn_prf(average, modifier, msg_start, len(result))
Round 7 duration: 22.03 seconds

--- Round 8/25 ---
Round 8 - Accuracy: 73.33%
F1 Score: 0.7397
Confusion Matrix:
[[ 74  26]
 [ 54 146]]
Classification Report:
              precision    recall  f1-score   support

         0.0     0.5781    0.7400    0.6491       100
         1.0     0.8488    0.7300    0.7849       200

    accuracy                         0.7333       300
   macro avg     0.7135    0.7350    0.7170       300
weighted avg     0.7586    0.7333    0.7397       300

Round 8 duration: 22.04 seconds

--- Round 9/25 ---
Round 9 - Accuracy: 72.67%
F1 Score: 0.7302
Confusion Matrix:
[[ 65  35]
 [ 47 153]]
Classification Report:
              precision    recall  f1-score   support

         0.0     0.5804    0.6500    0.6132       100
         1.0     0.8138    0.7650    0.7887       200

    accuracy                         0.7267       300
   macro avg     0.6971    0.7075    0.7009       300
weighted avg     0.7360    0.7267    0.7302       300

Round 9 duration: 18.03 seconds

--- Round 10/25 ---
Round 10 - Accuracy: 75.33%
F1 Score: 0.7596
Confusion Matrix:
[[ 79  21]
 [ 53 147]]
Classification Report:
              precision    recall  f1-score   support

         0.0     0.5985    0.7900    0.6810       100
         1.0     0.8750    0.7350    0.7989       200

    accuracy                         0.7533       300
   macro avg     0.7367    0.7625    0.7400       300
weighted avg     0.7828    0.7533    0.7596       300

Round 10 duration: 22.03 seconds

--- Round 11/25 ---
Round 11 - Accuracy: 52.33%
F1 Score: 0.4921
Confusion Matrix:
[[ 99   1]
 [142  58]]
Classification Report:
              precision    recall  f1-score   support

         0.0     0.4108    0.9900    0.5806       100
         1.0     0.9831    0.2900    0.4479       200

    accuracy                         0.5233       300
   macro avg     0.6969    0.6400    0.5143       300
weighted avg     0.7923    0.5233    0.4921       300

Round 11 duration: 20.03 seconds

--- Round 12/25 ---
Round 12 - Accuracy: 91.00%
F1 Score: 0.9099
Confusion Matrix:
[[ 86  14]
 [ 13 187]]
Classification Report:
              precision    recall  f1-score   support

         0.0     0.8687    0.8600    0.8643       100
         1.0     0.9303    0.9350    0.9327       200

    accuracy                         0.9100       300
   macro avg     0.8995    0.8975    0.8985       300
weighted avg     0.9098    0.9100    0.9099       300


*** F1 threshold reached: 0.9099 >= 0.9. Stopping training early. ***

=== Timing Report ===
Total training time: 243.42 seconds
Average time per round: 20.28 seconds
Average time per round per client: 10.14 seconds
Round durations:
  Round 1: 23.04 seconds
  Round 2: 16.03 seconds
  Round 3: 18.04 seconds
  Round 4: 22.04 seconds
  Round 5: 18.03 seconds
  Round 6: 20.03 seconds
  Round 7: 22.03 seconds
  Round 8: 22.04 seconds
  Round 9: 18.03 seconds
  Round 10: 22.03 seconds
  Round 11: 20.03 seconds
  Round 12: 22.03 seconds

=== Communication Overhead Report ===
Summary of Communication:
  Total Transferred: 364,459,296 bytes
  Total Sent: 182,229,648 bytes
  Total Received: 182,229,648 bytes
  Avg Sent per Client (Total): 91,114,824.00 bytes
  Avg Received per Client (Total): 91,114,824.00 bytes
  Avg Sent per Client per Round: 7,592,902.00 bytes
  Avg Received per Client per Round: 7,592,902.00 bytes

=== Resource Usage Report ===
CPU Usage:
  Average of averages: 1.25%
  Overall Peak: 29.45%
  Overall Min: 0.00%
  Average per round Peak: 23.97%
  Average per round Min: 0.00%
Memory Usage:
  Average of averages: 969.06 MB
  Overall Peak: 1139.00 MB
  Overall Min: 559.41 MB
  Average per round Peak: 970.49 MB
  Average per round Min: 959.42 MB
Available Memory:
  Average of averages: 2180.50 MB
  Overall Peak: 3714.24 MB
  Overall Min: 1850.79 MB
  Average per round Peak: 2280.68 MB
  Average per round Min: 2162.82 MB

Training complete.
