2025-04-15 05:56:10.583294: I tensorflow/core/util/port.cc:110] oneDNN custom operations are on. You may see slightly different numerical results due to floating-point round-off errors from different computation orders. To turn them off, set the environment variable `TF_ENABLE_ONEDNN_OPTS=0`.
2025-04-15 05:56:10.606956: I tensorflow/tsl/cuda/cudart_stub.cc:28] Could not find cuda drivers on your machine, GPU will not be used.
2025-04-15 05:56:10.955426: I tensorflow/tsl/cuda/cudart_stub.cc:28] Could not find cuda drivers on your machine, GPU will not be used.
2025-04-15 05:56:10.957279: I tensorflow/core/platform/cpu_feature_guard.cc:182] This TensorFlow binary is optimized to use available CPU instructions in performance-critical operations.
To enable the following instructions: AVX2 AVX512F AVX512_VNNI FMA, in other operations, rebuild TensorFlow with the appropriate compiler flags.
2025-04-15 05:56:12.337273: W tensorflow/compiler/tf2tensorrt/utils/py_utils.cc:38] TF-TRT Warning: Could not find TensorRT
Waiting for clients to connect...
Connected to ('127.0.0.1', 40328)
Connected to ('127.0.0.1', 40332)

--- Round 1/25 ---
/home/jmulvany/Thesis_BU/venv/lib/python3.10/site-packages/sklearn/metrics/_classification.py:1344: UndefinedMetricWarning: Precision and F-score are ill-defined and being set to 0.0 in labels with no predicted samples. Use `zero_division` parameter to control this behavior.
  _warn_prf(average, modifier, msg_start, len(result))
/home/jmulvany/Thesis_BU/venv/lib/python3.10/site-packages/sklearn/metrics/_classification.py:1344: UndefinedMetricWarning: Precision and F-score are ill-defined and being set to 0.0 in labels with no predicted samples. Use `zero_division` parameter to control this behavior.
  _warn_prf(average, modifier, msg_start, len(result))
/home/jmulvany/Thesis_BU/venv/lib/python3.10/site-packages/sklearn/metrics/_classification.py:1344: UndefinedMetricWarning: Precision and F-score are ill-defined and being set to 0.0 in labels with no predicted samples. Use `zero_division` parameter to control this behavior.
  _warn_prf(average, modifier, msg_start, len(result))
Round 1 - Accuracy: 33.33%
F1 Score: 0.1667
Confusion Matrix:
[[100   0]
 [200   0]]
Classification Report:
              precision    recall  f1-score   support

         0.0     0.3333    1.0000    0.5000       100
         1.0     0.0000    0.0000    0.0000       200

    accuracy                         0.3333       300
   macro avg     0.1667    0.5000    0.2500       300
weighted avg     0.1111    0.3333    0.1667       300

/home/jmulvany/Thesis_BU/venv/lib/python3.10/site-packages/sklearn/metrics/_classification.py:1344: UndefinedMetricWarning: Precision and F-score are ill-defined and being set to 0.0 in labels with no predicted samples. Use `zero_division` parameter to control this behavior.
  _warn_prf(average, modifier, msg_start, len(result))
/home/jmulvany/Thesis_BU/venv/lib/python3.10/site-packages/sklearn/metrics/_classification.py:1344: UndefinedMetricWarning: Precision and F-score are ill-defined and being set to 0.0 in labels with no predicted samples. Use `zero_division` parameter to control this behavior.
  _warn_prf(average, modifier, msg_start, len(result))
/home/jmulvany/Thesis_BU/venv/lib/python3.10/site-packages/sklearn/metrics/_classification.py:1344: UndefinedMetricWarning: Precision and F-score are ill-defined and being set to 0.0 in labels with no predicted samples. Use `zero_division` parameter to control this behavior.
  _warn_prf(average, modifier, msg_start, len(result))
Round 1 duration: 27.15 seconds

--- Round 2/25 ---
/home/jmulvany/Thesis_BU/venv/lib/python3.10/site-packages/sklearn/metrics/_classification.py:1344: UndefinedMetricWarning: Precision and F-score are ill-defined and being set to 0.0 in labels with no predicted samples. Use `zero_division` parameter to control this behavior.
  _warn_prf(average, modifier, msg_start, len(result))
/home/jmulvany/Thesis_BU/venv/lib/python3.10/site-packages/sklearn/metrics/_classification.py:1344: UndefinedMetricWarning: Precision and F-score are ill-defined and being set to 0.0 in labels with no predicted samples. Use `zero_division` parameter to control this behavior.
  _warn_prf(average, modifier, msg_start, len(result))
/home/jmulvany/Thesis_BU/venv/lib/python3.10/site-packages/sklearn/metrics/_classification.py:1344: UndefinedMetricWarning: Precision and F-score are ill-defined and being set to 0.0 in labels with no predicted samples. Use `zero_division` parameter to control this behavior.
  _warn_prf(average, modifier, msg_start, len(result))
Round 2 - Accuracy: 33.33%
F1 Score: 0.1667
Confusion Matrix:
[[100   0]
 [200   0]]
Classification Report:
              precision    recall  f1-score   support

         0.0     0.3333    1.0000    0.5000       100
         1.0     0.0000    0.0000    0.0000       200

    accuracy                         0.3333       300
   macro avg     0.1667    0.5000    0.2500       300
weighted avg     0.1111    0.3333    0.1667       300

/home/jmulvany/Thesis_BU/venv/lib/python3.10/site-packages/sklearn/metrics/_classification.py:1344: UndefinedMetricWarning: Precision and F-score are ill-defined and being set to 0.0 in labels with no predicted samples. Use `zero_division` parameter to control this behavior.
  _warn_prf(average, modifier, msg_start, len(result))
/home/jmulvany/Thesis_BU/venv/lib/python3.10/site-packages/sklearn/metrics/_classification.py:1344: UndefinedMetricWarning: Precision and F-score are ill-defined and being set to 0.0 in labels with no predicted samples. Use `zero_division` parameter to control this behavior.
  _warn_prf(average, modifier, msg_start, len(result))
/home/jmulvany/Thesis_BU/venv/lib/python3.10/site-packages/sklearn/metrics/_classification.py:1344: UndefinedMetricWarning: Precision and F-score are ill-defined and being set to 0.0 in labels with no predicted samples. Use `zero_division` parameter to control this behavior.
  _warn_prf(average, modifier, msg_start, len(result))
Round 2 duration: 23.69 seconds

--- Round 3/25 ---
/home/jmulvany/Thesis_BU/venv/lib/python3.10/site-packages/sklearn/metrics/_classification.py:1344: UndefinedMetricWarning: Precision and F-score are ill-defined and being set to 0.0 in labels with no predicted samples. Use `zero_division` parameter to control this behavior.
  _warn_prf(average, modifier, msg_start, len(result))
/home/jmulvany/Thesis_BU/venv/lib/python3.10/site-packages/sklearn/metrics/_classification.py:1344: UndefinedMetricWarning: Precision and F-score are ill-defined and being set to 0.0 in labels with no predicted samples. Use `zero_division` parameter to control this behavior.
  _warn_prf(average, modifier, msg_start, len(result))
/home/jmulvany/Thesis_BU/venv/lib/python3.10/site-packages/sklearn/metrics/_classification.py:1344: UndefinedMetricWarning: Precision and F-score are ill-defined and being set to 0.0 in labels with no predicted samples. Use `zero_division` parameter to control this behavior.
  _warn_prf(average, modifier, msg_start, len(result))
Round 3 - Accuracy: 33.33%
F1 Score: 0.1667
Confusion Matrix:
[[100   0]
 [200   0]]
Classification Report:
              precision    recall  f1-score   support

         0.0     0.3333    1.0000    0.5000       100
         1.0     0.0000    0.0000    0.0000       200

    accuracy                         0.3333       300
   macro avg     0.1667    0.5000    0.2500       300
weighted avg     0.1111    0.3333    0.1667       300

/home/jmulvany/Thesis_BU/venv/lib/python3.10/site-packages/sklearn/metrics/_classification.py:1344: UndefinedMetricWarning: Precision and F-score are ill-defined and being set to 0.0 in labels with no predicted samples. Use `zero_division` parameter to control this behavior.
  _warn_prf(average, modifier, msg_start, len(result))
/home/jmulvany/Thesis_BU/venv/lib/python3.10/site-packages/sklearn/metrics/_classification.py:1344: UndefinedMetricWarning: Precision and F-score are ill-defined and being set to 0.0 in labels with no predicted samples. Use `zero_division` parameter to control this behavior.
  _warn_prf(average, modifier, msg_start, len(result))
/home/jmulvany/Thesis_BU/venv/lib/python3.10/site-packages/sklearn/metrics/_classification.py:1344: UndefinedMetricWarning: Precision and F-score are ill-defined and being set to 0.0 in labels with no predicted samples. Use `zero_division` parameter to control this behavior.
  _warn_prf(average, modifier, msg_start, len(result))
Round 3 duration: 25.29 seconds

--- Round 4/25 ---
/home/jmulvany/Thesis_BU/venv/lib/python3.10/site-packages/sklearn/metrics/_classification.py:1344: UndefinedMetricWarning: Precision and F-score are ill-defined and being set to 0.0 in labels with no predicted samples. Use `zero_division` parameter to control this behavior.
  _warn_prf(average, modifier, msg_start, len(result))
/home/jmulvany/Thesis_BU/venv/lib/python3.10/site-packages/sklearn/metrics/_classification.py:1344: UndefinedMetricWarning: Precision and F-score are ill-defined and being set to 0.0 in labels with no predicted samples. Use `zero_division` parameter to control this behavior.
  _warn_prf(average, modifier, msg_start, len(result))
/home/jmulvany/Thesis_BU/venv/lib/python3.10/site-packages/sklearn/metrics/_classification.py:1344: UndefinedMetricWarning: Precision and F-score are ill-defined and being set to 0.0 in labels with no predicted samples. Use `zero_division` parameter to control this behavior.
  _warn_prf(average, modifier, msg_start, len(result))
Round 4 - Accuracy: 33.33%
F1 Score: 0.1667
Confusion Matrix:
[[100   0]
 [200   0]]
Classification Report:
              precision    recall  f1-score   support

         0.0     0.3333    1.0000    0.5000       100
         1.0     0.0000    0.0000    0.0000       200

    accuracy                         0.3333       300
   macro avg     0.1667    0.5000    0.2500       300
weighted avg     0.1111    0.3333    0.1667       300

/home/jmulvany/Thesis_BU/venv/lib/python3.10/site-packages/sklearn/metrics/_classification.py:1344: UndefinedMetricWarning: Precision and F-score are ill-defined and being set to 0.0 in labels with no predicted samples. Use `zero_division` parameter to control this behavior.
  _warn_prf(average, modifier, msg_start, len(result))
/home/jmulvany/Thesis_BU/venv/lib/python3.10/site-packages/sklearn/metrics/_classification.py:1344: UndefinedMetricWarning: Precision and F-score are ill-defined and being set to 0.0 in labels with no predicted samples. Use `zero_division` parameter to control this behavior.
  _warn_prf(average, modifier, msg_start, len(result))
/home/jmulvany/Thesis_BU/venv/lib/python3.10/site-packages/sklearn/metrics/_classification.py:1344: UndefinedMetricWarning: Precision and F-score are ill-defined and being set to 0.0 in labels with no predicted samples. Use `zero_division` parameter to control this behavior.
  _warn_prf(average, modifier, msg_start, len(result))
Round 4 duration: 25.44 seconds

--- Round 5/25 ---
/home/jmulvany/Thesis_BU/venv/lib/python3.10/site-packages/sklearn/metrics/_classification.py:1344: UndefinedMetricWarning: Precision and F-score are ill-defined and being set to 0.0 in labels with no predicted samples. Use `zero_division` parameter to control this behavior.
  _warn_prf(average, modifier, msg_start, len(result))
/home/jmulvany/Thesis_BU/venv/lib/python3.10/site-packages/sklearn/metrics/_classification.py:1344: UndefinedMetricWarning: Precision and F-score are ill-defined and being set to 0.0 in labels with no predicted samples. Use `zero_division` parameter to control this behavior.
  _warn_prf(average, modifier, msg_start, len(result))
/home/jmulvany/Thesis_BU/venv/lib/python3.10/site-packages/sklearn/metrics/_classification.py:1344: UndefinedMetricWarning: Precision and F-score are ill-defined and being set to 0.0 in labels with no predicted samples. Use `zero_division` parameter to control this behavior.
  _warn_prf(average, modifier, msg_start, len(result))
Round 5 - Accuracy: 33.33%
F1 Score: 0.1667
Confusion Matrix:
[[100   0]
 [200   0]]
Classification Report:
              precision    recall  f1-score   support

         0.0     0.3333    1.0000    0.5000       100
         1.0     0.0000    0.0000    0.0000       200

    accuracy                         0.3333       300
   macro avg     0.1667    0.5000    0.2500       300
weighted avg     0.1111    0.3333    0.1667       300

/home/jmulvany/Thesis_BU/venv/lib/python3.10/site-packages/sklearn/metrics/_classification.py:1344: UndefinedMetricWarning: Precision and F-score are ill-defined and being set to 0.0 in labels with no predicted samples. Use `zero_division` parameter to control this behavior.
  _warn_prf(average, modifier, msg_start, len(result))
/home/jmulvany/Thesis_BU/venv/lib/python3.10/site-packages/sklearn/metrics/_classification.py:1344: UndefinedMetricWarning: Precision and F-score are ill-defined and being set to 0.0 in labels with no predicted samples. Use `zero_division` parameter to control this behavior.
  _warn_prf(average, modifier, msg_start, len(result))
/home/jmulvany/Thesis_BU/venv/lib/python3.10/site-packages/sklearn/metrics/_classification.py:1344: UndefinedMetricWarning: Precision and F-score are ill-defined and being set to 0.0 in labels with no predicted samples. Use `zero_division` parameter to control this behavior.
  _warn_prf(average, modifier, msg_start, len(result))
Round 5 duration: 25.12 seconds

--- Round 6/25 ---
/home/jmulvany/Thesis_BU/venv/lib/python3.10/site-packages/sklearn/metrics/_classification.py:1344: UndefinedMetricWarning: Precision and F-score are ill-defined and being set to 0.0 in labels with no predicted samples. Use `zero_division` parameter to control this behavior.
  _warn_prf(average, modifier, msg_start, len(result))
/home/jmulvany/Thesis_BU/venv/lib/python3.10/site-packages/sklearn/metrics/_classification.py:1344: UndefinedMetricWarning: Precision and F-score are ill-defined and being set to 0.0 in labels with no predicted samples. Use `zero_division` parameter to control this behavior.
  _warn_prf(average, modifier, msg_start, len(result))
/home/jmulvany/Thesis_BU/venv/lib/python3.10/site-packages/sklearn/metrics/_classification.py:1344: UndefinedMetricWarning: Precision and F-score are ill-defined and being set to 0.0 in labels with no predicted samples. Use `zero_division` parameter to control this behavior.
  _warn_prf(average, modifier, msg_start, len(result))
Round 6 - Accuracy: 33.33%
F1 Score: 0.1667
Confusion Matrix:
[[100   0]
 [200   0]]
Classification Report:
              precision    recall  f1-score   support

         0.0     0.3333    1.0000    0.5000       100
         1.0     0.0000    0.0000    0.0000       200

    accuracy                         0.3333       300
   macro avg     0.1667    0.5000    0.2500       300
weighted avg     0.1111    0.3333    0.1667       300

/home/jmulvany/Thesis_BU/venv/lib/python3.10/site-packages/sklearn/metrics/_classification.py:1344: UndefinedMetricWarning: Precision and F-score are ill-defined and being set to 0.0 in labels with no predicted samples. Use `zero_division` parameter to control this behavior.
  _warn_prf(average, modifier, msg_start, len(result))
/home/jmulvany/Thesis_BU/venv/lib/python3.10/site-packages/sklearn/metrics/_classification.py:1344: UndefinedMetricWarning: Precision and F-score are ill-defined and being set to 0.0 in labels with no predicted samples. Use `zero_division` parameter to control this behavior.
  _warn_prf(average, modifier, msg_start, len(result))
/home/jmulvany/Thesis_BU/venv/lib/python3.10/site-packages/sklearn/metrics/_classification.py:1344: UndefinedMetricWarning: Precision and F-score are ill-defined and being set to 0.0 in labels with no predicted samples. Use `zero_division` parameter to control this behavior.
  _warn_prf(average, modifier, msg_start, len(result))
Round 6 duration: 24.74 seconds

--- Round 7/25 ---
/home/jmulvany/Thesis_BU/venv/lib/python3.10/site-packages/sklearn/metrics/_classification.py:1344: UndefinedMetricWarning: Precision and F-score are ill-defined and being set to 0.0 in labels with no predicted samples. Use `zero_division` parameter to control this behavior.
  _warn_prf(average, modifier, msg_start, len(result))
/home/jmulvany/Thesis_BU/venv/lib/python3.10/site-packages/sklearn/metrics/_classification.py:1344: UndefinedMetricWarning: Precision and F-score are ill-defined and being set to 0.0 in labels with no predicted samples. Use `zero_division` parameter to control this behavior.
  _warn_prf(average, modifier, msg_start, len(result))
/home/jmulvany/Thesis_BU/venv/lib/python3.10/site-packages/sklearn/metrics/_classification.py:1344: UndefinedMetricWarning: Precision and F-score are ill-defined and being set to 0.0 in labels with no predicted samples. Use `zero_division` parameter to control this behavior.
  _warn_prf(average, modifier, msg_start, len(result))
Round 7 - Accuracy: 33.33%
F1 Score: 0.1667
Confusion Matrix:
[[100   0]
 [200   0]]
Classification Report:
              precision    recall  f1-score   support

         0.0     0.3333    1.0000    0.5000       100
         1.0     0.0000    0.0000    0.0000       200

    accuracy                         0.3333       300
   macro avg     0.1667    0.5000    0.2500       300
weighted avg     0.1111    0.3333    0.1667       300

/home/jmulvany/Thesis_BU/venv/lib/python3.10/site-packages/sklearn/metrics/_classification.py:1344: UndefinedMetricWarning: Precision and F-score are ill-defined and being set to 0.0 in labels with no predicted samples. Use `zero_division` parameter to control this behavior.
  _warn_prf(average, modifier, msg_start, len(result))
/home/jmulvany/Thesis_BU/venv/lib/python3.10/site-packages/sklearn/metrics/_classification.py:1344: UndefinedMetricWarning: Precision and F-score are ill-defined and being set to 0.0 in labels with no predicted samples. Use `zero_division` parameter to control this behavior.
  _warn_prf(average, modifier, msg_start, len(result))
/home/jmulvany/Thesis_BU/venv/lib/python3.10/site-packages/sklearn/metrics/_classification.py:1344: UndefinedMetricWarning: Precision and F-score are ill-defined and being set to 0.0 in labels with no predicted samples. Use `zero_division` parameter to control this behavior.
  _warn_prf(average, modifier, msg_start, len(result))
Round 7 duration: 26.07 seconds

--- Round 8/25 ---
Round 8 - Accuracy: 59.33%
F1 Score: 0.5905
Confusion Matrix:
[[ 92   8]
 [114  86]]
Classification Report:
              precision    recall  f1-score   support

         0.0     0.4466    0.9200    0.6013       100
         1.0     0.9149    0.4300    0.5850       200

    accuracy                         0.5933       300
   macro avg     0.6807    0.6750    0.5932       300
weighted avg     0.7588    0.5933    0.5905       300

Round 8 duration: 28.42 seconds

--- Round 9/25 ---
Round 9 - Accuracy: 77.67%
F1 Score: 0.7478
Confusion Matrix:
[[ 39  61]
 [  6 194]]
Classification Report:
              precision    recall  f1-score   support

         0.0     0.8667    0.3900    0.5379       100
         1.0     0.7608    0.9700    0.8527       200

    accuracy                         0.7767       300
   macro avg     0.8137    0.6800    0.6953       300
weighted avg     0.7961    0.7767    0.7478       300

Round 9 duration: 24.11 seconds

--- Round 10/25 ---
Round 10 - Accuracy: 88.00%
F1 Score: 0.8724
Confusion Matrix:
[[ 65  35]
 [  1 199]]
Classification Report:
              precision    recall  f1-score   support

         0.0     0.9848    0.6500    0.7831       100
         1.0     0.8504    0.9950    0.9171       200

    accuracy                         0.8800       300
   macro avg     0.9176    0.8225    0.8501       300
weighted avg     0.8952    0.8800    0.8724       300

Round 10 duration: 25.34 seconds

--- Round 11/25 ---
Round 11 - Accuracy: 88.67%
F1 Score: 0.8821
Confusion Matrix:
[[ 71  29]
 [  5 195]]
Classification Report:
              precision    recall  f1-score   support

         0.0     0.9342    0.7100    0.8068       100
         1.0     0.8705    0.9750    0.9198       200

    accuracy                         0.8867       300
   macro avg     0.9024    0.8425    0.8633       300
weighted avg     0.8918    0.8867    0.8821       300

Round 11 duration: 29.11 seconds

--- Round 12/25 ---
Round 12 - Accuracy: 84.00%
F1 Score: 0.8436
Confusion Matrix:
[[ 89  11]
 [ 37 163]]
Classification Report:
              precision    recall  f1-score   support

         0.0     0.7063    0.8900    0.7876       100
         1.0     0.9368    0.8150    0.8717       200

    accuracy                         0.8400       300
   macro avg     0.8216    0.8525    0.8296       300
weighted avg     0.8600    0.8400    0.8436       300

Round 12 duration: 26.43 seconds

--- Round 13/25 ---
Round 13 - Accuracy: 94.00%
F1 Score: 0.9395
Confusion Matrix:
[[ 88  12]
 [  6 194]]
Classification Report:
              precision    recall  f1-score   support

         0.0     0.9362    0.8800    0.9072       100
         1.0     0.9417    0.9700    0.9557       200

    accuracy                         0.9400       300
   macro avg     0.9390    0.9250    0.9314       300
weighted avg     0.9399    0.9400    0.9395       300


*** F1 threshold reached: 0.9395 >= 0.9. Stopping training early. ***

=== Timing Report ===
Total training time: 335.27 seconds
Average time per round: 25.79 seconds
Average time per round per client: 12.89 seconds
Round durations:
  Round 1: 27.15 seconds
  Round 2: 23.69 seconds
  Round 3: 25.29 seconds
  Round 4: 25.44 seconds
  Round 5: 25.12 seconds
  Round 6: 24.74 seconds
  Round 7: 26.07 seconds
  Round 8: 28.42 seconds
  Round 9: 24.11 seconds
  Round 10: 25.34 seconds
  Round 11: 29.11 seconds
  Round 12: 26.43 seconds
  Round 13: 24.36 seconds

=== Communication Overhead Report ===
Summary of Communication:
  Total Transferred: 2,387,615,737 bytes
  Total Sent: 197,415,452 bytes
  Total Received: 2,190,200,285 bytes
  Avg Sent per Client (Total): 98,707,726.00 bytes
  Avg Received per Client (Total): 1,095,100,142.50 bytes
  Avg Sent per Client per Round: 7,592,902.00 bytes
  Avg Received per Client per Round: 84,238,472.50 bytes

=== Resource Usage Report ===
CPU Usage:
  Average of averages: 2.38%
  Overall Peak: 37.20%
  Overall Min: 0.00%
  Average per round Peak: 29.06%
  Average per round Min: 0.00%
Memory Usage:
  Average of averages: 1412.06 MB
  Overall Peak: 1722.82 MB
  Overall Min: 686.55 MB
  Average per round Peak: 1523.73 MB
  Average per round Min: 1391.73 MB
Available Memory:
  Average of averages: 1183.80 MB
  Overall Peak: 3417.80 MB
  Overall Min: 651.54 MB
  Average per round Peak: 1305.14 MB
  Average per round Min: 994.99 MB

Training complete.
