2025-04-15 05:03:46.769987: I tensorflow/core/util/port.cc:110] oneDNN custom operations are on. You may see slightly different numerical results due to floating-point round-off errors from different computation orders. To turn them off, set the environment variable `TF_ENABLE_ONEDNN_OPTS=0`.
2025-04-15 05:03:46.798161: I tensorflow/tsl/cuda/cudart_stub.cc:28] Could not find cuda drivers on your machine, GPU will not be used.
2025-04-15 05:03:47.010636: I tensorflow/tsl/cuda/cudart_stub.cc:28] Could not find cuda drivers on your machine, GPU will not be used.
2025-04-15 05:03:47.012848: I tensorflow/core/platform/cpu_feature_guard.cc:182] This TensorFlow binary is optimized to use available CPU instructions in performance-critical operations.
To enable the following instructions: AVX2 AVX512F AVX512_VNNI FMA, in other operations, rebuild TensorFlow with the appropriate compiler flags.
2025-04-15 05:03:48.723484: W tensorflow/compiler/tf2tensorrt/utils/py_utils.cc:38] TF-TRT Warning: Could not find TensorRT
Waiting for clients to connect...
Connected to ('127.0.0.1', 49626)
Connected to ('127.0.0.1', 49640)

--- Round 1/25 ---
/home/jmulvany/Thesis_BU/venv/lib/python3.10/site-packages/sklearn/metrics/_classification.py:1344: UndefinedMetricWarning: Precision and F-score are ill-defined and being set to 0.0 in labels with no predicted samples. Use `zero_division` parameter to control this behavior.
  _warn_prf(average, modifier, msg_start, len(result))
/home/jmulvany/Thesis_BU/venv/lib/python3.10/site-packages/sklearn/metrics/_classification.py:1344: UndefinedMetricWarning: Precision and F-score are ill-defined and being set to 0.0 in labels with no predicted samples. Use `zero_division` parameter to control this behavior.
  _warn_prf(average, modifier, msg_start, len(result))
/home/jmulvany/Thesis_BU/venv/lib/python3.10/site-packages/sklearn/metrics/_classification.py:1344: UndefinedMetricWarning: Precision and F-score are ill-defined and being set to 0.0 in labels with no predicted samples. Use `zero_division` parameter to control this behavior.
  _warn_prf(average, modifier, msg_start, len(result))
Round 1 - Accuracy: 66.67%
F1 Score: 0.5333
Confusion Matrix:
[[  0 100]
 [  0 200]]
Classification Report:
              precision    recall  f1-score   support

         0.0     0.0000    0.0000    0.0000       100
         1.0     0.6667    1.0000    0.8000       200

    accuracy                         0.6667       300
   macro avg     0.3333    0.5000    0.4000       300
weighted avg     0.4444    0.6667    0.5333       300

/home/jmulvany/Thesis_BU/venv/lib/python3.10/site-packages/sklearn/metrics/_classification.py:1344: UndefinedMetricWarning: Precision and F-score are ill-defined and being set to 0.0 in labels with no predicted samples. Use `zero_division` parameter to control this behavior.
  _warn_prf(average, modifier, msg_start, len(result))
/home/jmulvany/Thesis_BU/venv/lib/python3.10/site-packages/sklearn/metrics/_classification.py:1344: UndefinedMetricWarning: Precision and F-score are ill-defined and being set to 0.0 in labels with no predicted samples. Use `zero_division` parameter to control this behavior.
  _warn_prf(average, modifier, msg_start, len(result))
/home/jmulvany/Thesis_BU/venv/lib/python3.10/site-packages/sklearn/metrics/_classification.py:1344: UndefinedMetricWarning: Precision and F-score are ill-defined and being set to 0.0 in labels with no predicted samples. Use `zero_division` parameter to control this behavior.
  _warn_prf(average, modifier, msg_start, len(result))
Round 1 duration: 27.24 seconds

--- Round 2/25 ---
/home/jmulvany/Thesis_BU/venv/lib/python3.10/site-packages/sklearn/metrics/_classification.py:1344: UndefinedMetricWarning: Precision and F-score are ill-defined and being set to 0.0 in labels with no predicted samples. Use `zero_division` parameter to control this behavior.
  _warn_prf(average, modifier, msg_start, len(result))
/home/jmulvany/Thesis_BU/venv/lib/python3.10/site-packages/sklearn/metrics/_classification.py:1344: UndefinedMetricWarning: Precision and F-score are ill-defined and being set to 0.0 in labels with no predicted samples. Use `zero_division` parameter to control this behavior.
  _warn_prf(average, modifier, msg_start, len(result))
/home/jmulvany/Thesis_BU/venv/lib/python3.10/site-packages/sklearn/metrics/_classification.py:1344: UndefinedMetricWarning: Precision and F-score are ill-defined and being set to 0.0 in labels with no predicted samples. Use `zero_division` parameter to control this behavior.
  _warn_prf(average, modifier, msg_start, len(result))
Round 2 - Accuracy: 66.67%
F1 Score: 0.5333
Confusion Matrix:
[[  0 100]
 [  0 200]]
Classification Report:
              precision    recall  f1-score   support

         0.0     0.0000    0.0000    0.0000       100
         1.0     0.6667    1.0000    0.8000       200

    accuracy                         0.6667       300
   macro avg     0.3333    0.5000    0.4000       300
weighted avg     0.4444    0.6667    0.5333       300

/home/jmulvany/Thesis_BU/venv/lib/python3.10/site-packages/sklearn/metrics/_classification.py:1344: UndefinedMetricWarning: Precision and F-score are ill-defined and being set to 0.0 in labels with no predicted samples. Use `zero_division` parameter to control this behavior.
  _warn_prf(average, modifier, msg_start, len(result))
/home/jmulvany/Thesis_BU/venv/lib/python3.10/site-packages/sklearn/metrics/_classification.py:1344: UndefinedMetricWarning: Precision and F-score are ill-defined and being set to 0.0 in labels with no predicted samples. Use `zero_division` parameter to control this behavior.
  _warn_prf(average, modifier, msg_start, len(result))
/home/jmulvany/Thesis_BU/venv/lib/python3.10/site-packages/sklearn/metrics/_classification.py:1344: UndefinedMetricWarning: Precision and F-score are ill-defined and being set to 0.0 in labels with no predicted samples. Use `zero_division` parameter to control this behavior.
  _warn_prf(average, modifier, msg_start, len(result))
Round 2 duration: 23.87 seconds

--- Round 3/25 ---
Round 3 - Accuracy: 49.00%
F1 Score: 0.4566
Confusion Matrix:
[[ 94   6]
 [147  53]]
Classification Report:
              precision    recall  f1-score   support

         0.0     0.3900    0.9400    0.5513       100
         1.0     0.8983    0.2650    0.4093       200

    accuracy                         0.4900       300
   macro avg     0.6442    0.6025    0.4803       300
weighted avg     0.7289    0.4900    0.4566       300

Round 3 duration: 22.90 seconds

--- Round 4/25 ---
Round 4 - Accuracy: 65.67%
F1 Score: 0.6662
Confusion Matrix:
[[ 77  23]
 [ 80 120]]
Classification Report:
              precision    recall  f1-score   support

         0.0     0.4904    0.7700    0.5992       100
         1.0     0.8392    0.6000    0.6997       200

    accuracy                         0.6567       300
   macro avg     0.6648    0.6850    0.6495       300
weighted avg     0.7229    0.6567    0.6662       300

Round 4 duration: 26.69 seconds

--- Round 5/25 ---
Round 5 - Accuracy: 70.00%
F1 Score: 0.7074
Confusion Matrix:
[[ 70  30]
 [ 60 140]]
Classification Report:
              precision    recall  f1-score   support

         0.0     0.5385    0.7000    0.6087       100
         1.0     0.8235    0.7000    0.7568       200

    accuracy                         0.7000       300
   macro avg     0.6810    0.7000    0.6827       300
weighted avg     0.7285    0.7000    0.7074       300

Round 5 duration: 27.15 seconds

--- Round 6/25 ---
Round 6 - Accuracy: 79.33%
F1 Score: 0.7757
Confusion Matrix:
[[ 48  52]
 [ 10 190]]
Classification Report:
              precision    recall  f1-score   support

         0.0     0.8276    0.4800    0.6076       100
         1.0     0.7851    0.9500    0.8597       200

    accuracy                         0.7933       300
   macro avg     0.8064    0.7150    0.7337       300
weighted avg     0.7993    0.7933    0.7757       300

Round 6 duration: 24.50 seconds

--- Round 7/25 ---
Round 7 - Accuracy: 65.67%
F1 Score: 0.6620
Confusion Matrix:
[[ 56  44]
 [ 59 141]]
Classification Report:
              precision    recall  f1-score   support

         0.0     0.4870    0.5600    0.5209       100
         1.0     0.7622    0.7050    0.7325       200

    accuracy                         0.6567       300
   macro avg     0.6246    0.6325    0.6267       300
weighted avg     0.6704    0.6567    0.6620       300

Round 7 duration: 22.47 seconds

--- Round 8/25 ---
Round 8 - Accuracy: 81.67%
F1 Score: 0.8064
Confusion Matrix:
[[ 57  43]
 [ 12 188]]
Classification Report:
              precision    recall  f1-score   support

         0.0     0.8261    0.5700    0.6746       100
         1.0     0.8139    0.9400    0.8724       200

    accuracy                         0.8167       300
   macro avg     0.8200    0.7550    0.7735       300
weighted avg     0.8179    0.8167    0.8064       300

Round 8 duration: 25.17 seconds

--- Round 9/25 ---
Round 9 - Accuracy: 80.67%
F1 Score: 0.8088
Confusion Matrix:
[[ 76  24]
 [ 34 166]]
Classification Report:
              precision    recall  f1-score   support

         0.0     0.6909    0.7600    0.7238       100
         1.0     0.8737    0.8300    0.8513       200

    accuracy                         0.8067       300
   macro avg     0.7823    0.7950    0.7875       300
weighted avg     0.8128    0.8067    0.8088       300

Round 9 duration: 23.08 seconds

--- Round 10/25 ---
Round 10 - Accuracy: 87.67%
F1 Score: 0.8720
Confusion Matrix:
[[ 70  30]
 [  7 193]]
Classification Report:
              precision    recall  f1-score   support

         0.0     0.9091    0.7000    0.7910       100
         1.0     0.8655    0.9650    0.9125       200

    accuracy                         0.8767       300
   macro avg     0.8873    0.8325    0.8517       300
weighted avg     0.8800    0.8767    0.8720       300

Round 10 duration: 25.12 seconds

--- Round 11/25 ---
/home/jmulvany/Thesis_BU/venv/lib/python3.10/site-packages/sklearn/metrics/_classification.py:1344: UndefinedMetricWarning: Precision and F-score are ill-defined and being set to 0.0 in labels with no predicted samples. Use `zero_division` parameter to control this behavior.
  _warn_prf(average, modifier, msg_start, len(result))
/home/jmulvany/Thesis_BU/venv/lib/python3.10/site-packages/sklearn/metrics/_classification.py:1344: UndefinedMetricWarning: Precision and F-score are ill-defined and being set to 0.0 in labels with no predicted samples. Use `zero_division` parameter to control this behavior.
  _warn_prf(average, modifier, msg_start, len(result))
/home/jmulvany/Thesis_BU/venv/lib/python3.10/site-packages/sklearn/metrics/_classification.py:1344: UndefinedMetricWarning: Precision and F-score are ill-defined and being set to 0.0 in labels with no predicted samples. Use `zero_division` parameter to control this behavior.
  _warn_prf(average, modifier, msg_start, len(result))
Round 11 - Accuracy: 66.67%
F1 Score: 0.5333
Confusion Matrix:
[[  0 100]
 [  0 200]]
Classification Report:
              precision    recall  f1-score   support

         0.0     0.0000    0.0000    0.0000       100
         1.0     0.6667    1.0000    0.8000       200

    accuracy                         0.6667       300
   macro avg     0.3333    0.5000    0.4000       300
weighted avg     0.4444    0.6667    0.5333       300

/home/jmulvany/Thesis_BU/venv/lib/python3.10/site-packages/sklearn/metrics/_classification.py:1344: UndefinedMetricWarning: Precision and F-score are ill-defined and being set to 0.0 in labels with no predicted samples. Use `zero_division` parameter to control this behavior.
  _warn_prf(average, modifier, msg_start, len(result))
/home/jmulvany/Thesis_BU/venv/lib/python3.10/site-packages/sklearn/metrics/_classification.py:1344: UndefinedMetricWarning: Precision and F-score are ill-defined and being set to 0.0 in labels with no predicted samples. Use `zero_division` parameter to control this behavior.
  _warn_prf(average, modifier, msg_start, len(result))
/home/jmulvany/Thesis_BU/venv/lib/python3.10/site-packages/sklearn/metrics/_classification.py:1344: UndefinedMetricWarning: Precision and F-score are ill-defined and being set to 0.0 in labels with no predicted samples. Use `zero_division` parameter to control this behavior.
  _warn_prf(average, modifier, msg_start, len(result))
Round 11 duration: 29.43 seconds

--- Round 12/25 ---
Round 12 - Accuracy: 93.00%
F1 Score: 0.9293
Confusion Matrix:
[[ 86  14]
 [  7 193]]
Classification Report:
              precision    recall  f1-score   support

         0.0     0.9247    0.8600    0.8912       100
         1.0     0.9324    0.9650    0.9484       200

    accuracy                         0.9300       300
   macro avg     0.9285    0.9125    0.9198       300
weighted avg     0.9298    0.9300    0.9293       300


*** F1 threshold reached: 0.9293 >= 0.9. Stopping training early. ***

=== Timing Report ===
Total training time: 304.74 seconds
Average time per round: 25.40 seconds
Average time per round per client: 12.70 seconds
Round durations:
  Round 1: 27.24 seconds
  Round 2: 23.87 seconds
  Round 3: 22.90 seconds
  Round 4: 26.69 seconds
  Round 5: 27.15 seconds
  Round 6: 24.50 seconds
  Round 7: 22.47 seconds
  Round 8: 25.17 seconds
  Round 9: 23.08 seconds
  Round 10: 25.12 seconds
  Round 11: 29.43 seconds
  Round 12: 27.11 seconds

=== Communication Overhead Report ===
Summary of Communication:
  Total Transferred: 2,203,963,302 bytes
  Total Sent: 182,229,648 bytes
  Total Received: 2,021,733,654 bytes
  Avg Sent per Client (Total): 91,114,824.00 bytes
  Avg Received per Client (Total): 1,010,866,827.00 bytes
  Avg Sent per Client per Round: 7,592,902.00 bytes
  Avg Received per Client per Round: 84,238,902.25 bytes

=== Resource Usage Report ===
CPU Usage:
  Average of averages: 2.56%
  Overall Peak: 39.45%
  Overall Min: 0.00%
  Average per round Peak: 28.67%
  Average per round Min: 0.00%
Memory Usage:
  Average of averages: 1431.47 MB
  Overall Peak: 1824.22 MB
  Overall Min: 695.50 MB
  Average per round Peak: 1559.18 MB
  Average per round Min: 1407.82 MB
Available Memory:
  Average of averages: 969.15 MB
  Overall Peak: 2969.55 MB
  Overall Min: 601.44 MB
  Average per round Peak: 1103.43 MB
  Average per round Min: 758.27 MB

Training complete.
