2025-04-16 19:47:08.314610: I tensorflow/core/util/port.cc:110] oneDNN custom operations are on. You may see slightly different numerical results due to floating-point round-off errors from different computation orders. To turn them off, set the environment variable `TF_ENABLE_ONEDNN_OPTS=0`.
2025-04-16 19:47:08.340267: I tensorflow/tsl/cuda/cudart_stub.cc:28] Could not find cuda drivers on your machine, GPU will not be used.
2025-04-16 19:47:08.655746: I tensorflow/tsl/cuda/cudart_stub.cc:28] Could not find cuda drivers on your machine, GPU will not be used.
2025-04-16 19:47:08.658366: I tensorflow/core/platform/cpu_feature_guard.cc:182] This TensorFlow binary is optimized to use available CPU instructions in performance-critical operations.
To enable the following instructions: AVX2 AVX512F AVX512_VNNI FMA, in other operations, rebuild TensorFlow with the appropriate compiler flags.
2025-04-16 19:47:10.311323: W tensorflow/compiler/tf2tensorrt/utils/py_utils.cc:38] TF-TRT Warning: Could not find TensorRT
Waiting for clients to connect...
Connected to ('127.0.0.1', 47668)
Connected to ('127.0.0.1', 47678)

--- Round 1/25 ---
Round 1 - Accuracy: 67.67%
F1 Score: 0.5560
Confusion Matrix:
[[  3  97]
 [  0 200]]
Classification Report:
              precision    recall  f1-score   support

         0.0     1.0000    0.0300    0.0583       100
         1.0     0.6734    1.0000    0.8048       200

    accuracy                         0.6767       300
   macro avg     0.8367    0.5150    0.4315       300
weighted avg     0.7823    0.6767    0.5560       300

Round 1 duration: 35.11 seconds

--- Round 2/25 ---
Round 2 - Accuracy: 58.67%
F1 Score: 0.5884
Confusion Matrix:
[[ 86  14]
 [110  90]]
Classification Report:
              precision    recall  f1-score   support

         0.0     0.4388    0.8600    0.5811       100
         1.0     0.8654    0.4500    0.5921       200

    accuracy                         0.5867       300
   macro avg     0.6521    0.6550    0.5866       300
weighted avg     0.7232    0.5867    0.5884       300

Round 2 duration: 28.45 seconds

--- Round 3/25 ---
Round 3 - Accuracy: 64.00%
F1 Score: 0.6494
Confusion Matrix:
[[ 78  22]
 [ 86 114]]
Classification Report:
              precision    recall  f1-score   support

         0.0     0.4756    0.7800    0.5909       100
         1.0     0.8382    0.5700    0.6786       200

    accuracy                         0.6400       300
   macro avg     0.6569    0.6750    0.6347       300
weighted avg     0.7174    0.6400    0.6494       300

Round 3 duration: 26.34 seconds

--- Round 4/25 ---
Round 4 - Accuracy: 61.00%
F1 Score: 0.6149
Confusion Matrix:
[[ 85  15]
 [102  98]]
Classification Report:
              precision    recall  f1-score   support

         0.0     0.4545    0.8500    0.5923       100
         1.0     0.8673    0.4900    0.6262       200

    accuracy                         0.6100       300
   macro avg     0.6609    0.6700    0.6093       300
weighted avg     0.7297    0.6100    0.6149       300

Round 4 duration: 39.98 seconds

--- Round 5/25 ---
Round 5 - Accuracy: 45.33%
F1 Score: 0.4011
Confusion Matrix:
[[ 95   5]
 [159  41]]
Classification Report:
              precision    recall  f1-score   support

         0.0     0.3740    0.9500    0.5367       100
         1.0     0.8913    0.2050    0.3333       200

    accuracy                         0.4533       300
   macro avg     0.6327    0.5775    0.4350       300
weighted avg     0.7189    0.4533    0.4011       300

Round 5 duration: 34.61 seconds

--- Round 6/25 ---
Round 6 - Accuracy: 60.33%
F1 Score: 0.6029
Confusion Matrix:
[[ 91   9]
 [110  90]]
Classification Report:
              precision    recall  f1-score   support

         0.0     0.4527    0.9100    0.6047       100
         1.0     0.9091    0.4500    0.6020       200

    accuracy                         0.6033       300
   macro avg     0.6809    0.6800    0.6033       300
weighted avg     0.7570    0.6033    0.6029       300

Round 6 duration: 61.38 seconds

--- Round 7/25 ---
Round 7 - Accuracy: 70.00%
F1 Score: 0.6916
Confusion Matrix:
[[ 46  54]
 [ 36 164]]
Classification Report:
              precision    recall  f1-score   support

         0.0     0.5610    0.4600    0.5055       100
         1.0     0.7523    0.8200    0.7847       200

    accuracy                         0.7000       300
   macro avg     0.6566    0.6400    0.6451       300
weighted avg     0.6885    0.7000    0.6916       300

Round 7 duration: 41.76 seconds

--- Round 8/25 ---
Round 8 - Accuracy: 71.67%
F1 Score: 0.7082
Confusion Matrix:
[[ 48  52]
 [ 33 167]]
Classification Report:
              precision    recall  f1-score   support

         0.0     0.5926    0.4800    0.5304       100
         1.0     0.7626    0.8350    0.7971       200

    accuracy                         0.7167       300
   macro avg     0.6776    0.6575    0.6638       300
weighted avg     0.7059    0.7167    0.7082       300

Round 8 duration: 56.27 seconds

--- Round 9/25 ---
Round 9 - Accuracy: 34.33%
F1 Score: 0.1876
Confusion Matrix:
[[100   0]
 [197   3]]
Classification Report:
              precision    recall  f1-score   support

         0.0     0.3367    1.0000    0.5038       100
         1.0     1.0000    0.0150    0.0296       200

    accuracy                         0.3433       300
   macro avg     0.6684    0.5075    0.2667       300
weighted avg     0.7789    0.3433    0.1876       300

Round 9 duration: 57.39 seconds

--- Round 10/25 ---
Round 10 - Accuracy: 50.67%
F1 Score: 0.4667
Confusion Matrix:
[[100   0]
 [148  52]]
Classification Report:
              precision    recall  f1-score   support

         0.0     0.4032    1.0000    0.5747       100
         1.0     1.0000    0.2600    0.4127       200

    accuracy                         0.5067       300
   macro avg     0.7016    0.6300    0.4937       300
weighted avg     0.8011    0.5067    0.4667       300

Round 10 duration: 49.42 seconds

--- Round 11/25 ---
Round 11 - Accuracy: 83.67%
F1 Score: 0.8399
Confusion Matrix:
[[ 86  14]
 [ 35 165]]
Classification Report:
              precision    recall  f1-score   support

         0.0     0.7107    0.8600    0.7783       100
         1.0     0.9218    0.8250    0.8707       200

    accuracy                         0.8367       300
   macro avg     0.8163    0.8425    0.8245       300
weighted avg     0.8514    0.8367    0.8399       300

Round 11 duration: 47.89 seconds

--- Round 12/25 ---
Round 12 - Accuracy: 91.33%
F1 Score: 0.9133
Confusion Matrix:
[[ 87  13]
 [ 13 187]]
Classification Report:
              precision    recall  f1-score   support

         0.0     0.8700    0.8700    0.8700       100
         1.0     0.9350    0.9350    0.9350       200

    accuracy                         0.9133       300
   macro avg     0.9025    0.9025    0.9025       300
weighted avg     0.9133    0.9133    0.9133       300


*** F1 threshold reached: 0.9133 >= 0.9. Stopping training early. ***

=== Timing Report ===
Total training time: 513.90 seconds
Average time per round: 42.83 seconds
Average time per round per client: 21.41 seconds
Round durations:
  Round 1: 35.11 seconds
  Round 2: 28.45 seconds
  Round 3: 26.34 seconds
  Round 4: 39.98 seconds
  Round 5: 34.61 seconds
  Round 6: 61.38 seconds
  Round 7: 41.76 seconds
  Round 8: 56.27 seconds
  Round 9: 57.39 seconds
  Round 10: 49.42 seconds
  Round 11: 47.89 seconds
  Round 12: 35.28 seconds

=== Communication Overhead Report ===
Summary of Communication:
  Total Transferred: 2,203,955,266 bytes
  Total Sent: 182,229,648 bytes
  Total Received: 2,021,725,618 bytes
  Avg Sent per Client (Total): 91,114,824.00 bytes
  Avg Received per Client (Total): 1,010,862,809.00 bytes
  Avg Sent per Client per Round: 7,592,902.00 bytes
  Avg Received per Client per Round: 84,238,567.42 bytes

=== Resource Usage Report ===
CPU Usage:
  Average of averages: 3.54%
  Overall Peak: 66.42%
  Overall Min: 0.00%
  Average per round Peak: 42.71%
  Average per round Min: 0.00%
Memory Usage:
  Average of averages: 1394.86 MB
  Overall Peak: 1702.41 MB
  Overall Min: 684.61 MB
  Average per round Peak: 1517.18 MB
  Average per round Min: 1363.80 MB
Available Memory:
  Average of averages: 992.02 MB
  Overall Peak: 3100.16 MB
  Overall Min: 421.32 MB
  Average per round Peak: 1130.02 MB
  Average per round Min: 750.88 MB

Training complete.
