2025-04-14 20:32:25.671839: I tensorflow/core/util/port.cc:110] oneDNN custom operations are on. You may see slightly different numerical results due to floating-point round-off errors from different computation orders. To turn them off, set the environment variable `TF_ENABLE_ONEDNN_OPTS=0`.
2025-04-14 20:32:25.729101: I tensorflow/tsl/cuda/cudart_stub.cc:28] Could not find cuda drivers on your machine, GPU will not be used.
2025-04-14 20:32:26.259758: I tensorflow/tsl/cuda/cudart_stub.cc:28] Could not find cuda drivers on your machine, GPU will not be used.
2025-04-14 20:32:26.261793: I tensorflow/core/platform/cpu_feature_guard.cc:182] This TensorFlow binary is optimized to use available CPU instructions in performance-critical operations.
To enable the following instructions: AVX2 AVX512F AVX512_VNNI FMA, in other operations, rebuild TensorFlow with the appropriate compiler flags.
2025-04-14 20:32:28.007357: W tensorflow/compiler/tf2tensorrt/utils/py_utils.cc:38] TF-TRT Warning: Could not find TensorRT
Waiting for clients to connect...
Connected to ('127.0.0.1', 57314)
Connected to ('127.0.0.1', 57324)

--- Round 1/24 ---
Round 1 - Accuracy: 50.67%
F1 Score: 0.4832
Confusion Matrix:
[[ 92   8]
 [140  60]]
Classification Report:
              precision    recall  f1-score   support

         0.0     0.3966    0.9200    0.5542       100
         1.0     0.8824    0.3000    0.4478       200

    accuracy                         0.5067       300
   macro avg     0.6395    0.6100    0.5010       300
weighted avg     0.7204    0.5067    0.4832       300

Round 1 duration: 53.64 seconds

--- Round 2/24 ---
/home/jmulvany/Thesis_BU/venv/lib/python3.10/site-packages/sklearn/metrics/_classification.py:1344: UndefinedMetricWarning: Precision and F-score are ill-defined and being set to 0.0 in labels with no predicted samples. Use `zero_division` parameter to control this behavior.
  _warn_prf(average, modifier, msg_start, len(result))
/home/jmulvany/Thesis_BU/venv/lib/python3.10/site-packages/sklearn/metrics/_classification.py:1344: UndefinedMetricWarning: Precision and F-score are ill-defined and being set to 0.0 in labels with no predicted samples. Use `zero_division` parameter to control this behavior.
  _warn_prf(average, modifier, msg_start, len(result))
/home/jmulvany/Thesis_BU/venv/lib/python3.10/site-packages/sklearn/metrics/_classification.py:1344: UndefinedMetricWarning: Precision and F-score are ill-defined and being set to 0.0 in labels with no predicted samples. Use `zero_division` parameter to control this behavior.
  _warn_prf(average, modifier, msg_start, len(result))
Round 2 - Accuracy: 33.33%
F1 Score: 0.1667
Confusion Matrix:
[[100   0]
 [200   0]]
Classification Report:
              precision    recall  f1-score   support

         0.0     0.3333    1.0000    0.5000       100
         1.0     0.0000    0.0000    0.0000       200

    accuracy                         0.3333       300
   macro avg     0.1667    0.5000    0.2500       300
weighted avg     0.1111    0.3333    0.1667       300

/home/jmulvany/Thesis_BU/venv/lib/python3.10/site-packages/sklearn/metrics/_classification.py:1344: UndefinedMetricWarning: Precision and F-score are ill-defined and being set to 0.0 in labels with no predicted samples. Use `zero_division` parameter to control this behavior.
  _warn_prf(average, modifier, msg_start, len(result))
/home/jmulvany/Thesis_BU/venv/lib/python3.10/site-packages/sklearn/metrics/_classification.py:1344: UndefinedMetricWarning: Precision and F-score are ill-defined and being set to 0.0 in labels with no predicted samples. Use `zero_division` parameter to control this behavior.
  _warn_prf(average, modifier, msg_start, len(result))
/home/jmulvany/Thesis_BU/venv/lib/python3.10/site-packages/sklearn/metrics/_classification.py:1344: UndefinedMetricWarning: Precision and F-score are ill-defined and being set to 0.0 in labels with no predicted samples. Use `zero_division` parameter to control this behavior.
  _warn_prf(average, modifier, msg_start, len(result))
Round 2 duration: 52.42 seconds

--- Round 3/24 ---
/home/jmulvany/Thesis_BU/venv/lib/python3.10/site-packages/sklearn/metrics/_classification.py:1344: UndefinedMetricWarning: Precision and F-score are ill-defined and being set to 0.0 in labels with no predicted samples. Use `zero_division` parameter to control this behavior.
  _warn_prf(average, modifier, msg_start, len(result))
/home/jmulvany/Thesis_BU/venv/lib/python3.10/site-packages/sklearn/metrics/_classification.py:1344: UndefinedMetricWarning: Precision and F-score are ill-defined and being set to 0.0 in labels with no predicted samples. Use `zero_division` parameter to control this behavior.
  _warn_prf(average, modifier, msg_start, len(result))
/home/jmulvany/Thesis_BU/venv/lib/python3.10/site-packages/sklearn/metrics/_classification.py:1344: UndefinedMetricWarning: Precision and F-score are ill-defined and being set to 0.0 in labels with no predicted samples. Use `zero_division` parameter to control this behavior.
  _warn_prf(average, modifier, msg_start, len(result))
Round 3 - Accuracy: 33.33%
F1 Score: 0.1667
Confusion Matrix:
[[100   0]
 [200   0]]
Classification Report:
              precision    recall  f1-score   support

         0.0     0.3333    1.0000    0.5000       100
         1.0     0.0000    0.0000    0.0000       200

    accuracy                         0.3333       300
   macro avg     0.1667    0.5000    0.2500       300
weighted avg     0.1111    0.3333    0.1667       300

/home/jmulvany/Thesis_BU/venv/lib/python3.10/site-packages/sklearn/metrics/_classification.py:1344: UndefinedMetricWarning: Precision and F-score are ill-defined and being set to 0.0 in labels with no predicted samples. Use `zero_division` parameter to control this behavior.
  _warn_prf(average, modifier, msg_start, len(result))
/home/jmulvany/Thesis_BU/venv/lib/python3.10/site-packages/sklearn/metrics/_classification.py:1344: UndefinedMetricWarning: Precision and F-score are ill-defined and being set to 0.0 in labels with no predicted samples. Use `zero_division` parameter to control this behavior.
  _warn_prf(average, modifier, msg_start, len(result))
/home/jmulvany/Thesis_BU/venv/lib/python3.10/site-packages/sklearn/metrics/_classification.py:1344: UndefinedMetricWarning: Precision and F-score are ill-defined and being set to 0.0 in labels with no predicted samples. Use `zero_division` parameter to control this behavior.
  _warn_prf(average, modifier, msg_start, len(result))
Round 3 duration: 61.14 seconds

--- Round 4/24 ---
Round 4 - Accuracy: 44.67%
F1 Score: 0.3759
Confusion Matrix:
[[100   0]
 [166  34]]
Classification Report:
              precision    recall  f1-score   support

         0.0     0.3759    1.0000    0.5464       100
         1.0     1.0000    0.1700    0.2906       200

    accuracy                         0.4467       300
   macro avg     0.6880    0.5850    0.4185       300
weighted avg     0.7920    0.4467    0.3759       300

Round 4 duration: 39.73 seconds

--- Round 5/24 ---
/home/jmulvany/Thesis_BU/venv/lib/python3.10/site-packages/sklearn/metrics/_classification.py:1344: UndefinedMetricWarning: Precision and F-score are ill-defined and being set to 0.0 in labels with no predicted samples. Use `zero_division` parameter to control this behavior.
  _warn_prf(average, modifier, msg_start, len(result))
/home/jmulvany/Thesis_BU/venv/lib/python3.10/site-packages/sklearn/metrics/_classification.py:1344: UndefinedMetricWarning: Precision and F-score are ill-defined and being set to 0.0 in labels with no predicted samples. Use `zero_division` parameter to control this behavior.
  _warn_prf(average, modifier, msg_start, len(result))
/home/jmulvany/Thesis_BU/venv/lib/python3.10/site-packages/sklearn/metrics/_classification.py:1344: UndefinedMetricWarning: Precision and F-score are ill-defined and being set to 0.0 in labels with no predicted samples. Use `zero_division` parameter to control this behavior.
  _warn_prf(average, modifier, msg_start, len(result))
Round 5 - Accuracy: 33.33%
F1 Score: 0.1667
Confusion Matrix:
[[100   0]
 [200   0]]
Classification Report:
              precision    recall  f1-score   support

         0.0     0.3333    1.0000    0.5000       100
         1.0     0.0000    0.0000    0.0000       200

    accuracy                         0.3333       300
   macro avg     0.1667    0.5000    0.2500       300
weighted avg     0.1111    0.3333    0.1667       300

/home/jmulvany/Thesis_BU/venv/lib/python3.10/site-packages/sklearn/metrics/_classification.py:1344: UndefinedMetricWarning: Precision and F-score are ill-defined and being set to 0.0 in labels with no predicted samples. Use `zero_division` parameter to control this behavior.
  _warn_prf(average, modifier, msg_start, len(result))
/home/jmulvany/Thesis_BU/venv/lib/python3.10/site-packages/sklearn/metrics/_classification.py:1344: UndefinedMetricWarning: Precision and F-score are ill-defined and being set to 0.0 in labels with no predicted samples. Use `zero_division` parameter to control this behavior.
  _warn_prf(average, modifier, msg_start, len(result))
/home/jmulvany/Thesis_BU/venv/lib/python3.10/site-packages/sklearn/metrics/_classification.py:1344: UndefinedMetricWarning: Precision and F-score are ill-defined and being set to 0.0 in labels with no predicted samples. Use `zero_division` parameter to control this behavior.
  _warn_prf(average, modifier, msg_start, len(result))
Round 5 duration: 58.51 seconds

--- Round 6/24 ---
/home/jmulvany/Thesis_BU/venv/lib/python3.10/site-packages/sklearn/metrics/_classification.py:1344: UndefinedMetricWarning: Precision and F-score are ill-defined and being set to 0.0 in labels with no predicted samples. Use `zero_division` parameter to control this behavior.
  _warn_prf(average, modifier, msg_start, len(result))
/home/jmulvany/Thesis_BU/venv/lib/python3.10/site-packages/sklearn/metrics/_classification.py:1344: UndefinedMetricWarning: Precision and F-score are ill-defined and being set to 0.0 in labels with no predicted samples. Use `zero_division` parameter to control this behavior.
  _warn_prf(average, modifier, msg_start, len(result))
/home/jmulvany/Thesis_BU/venv/lib/python3.10/site-packages/sklearn/metrics/_classification.py:1344: UndefinedMetricWarning: Precision and F-score are ill-defined and being set to 0.0 in labels with no predicted samples. Use `zero_division` parameter to control this behavior.
  _warn_prf(average, modifier, msg_start, len(result))
Round 6 - Accuracy: 33.33%
F1 Score: 0.1667
Confusion Matrix:
[[100   0]
 [200   0]]
Classification Report:
              precision    recall  f1-score   support

         0.0     0.3333    1.0000    0.5000       100
         1.0     0.0000    0.0000    0.0000       200

    accuracy                         0.3333       300
   macro avg     0.1667    0.5000    0.2500       300
weighted avg     0.1111    0.3333    0.1667       300

/home/jmulvany/Thesis_BU/venv/lib/python3.10/site-packages/sklearn/metrics/_classification.py:1344: UndefinedMetricWarning: Precision and F-score are ill-defined and being set to 0.0 in labels with no predicted samples. Use `zero_division` parameter to control this behavior.
  _warn_prf(average, modifier, msg_start, len(result))
/home/jmulvany/Thesis_BU/venv/lib/python3.10/site-packages/sklearn/metrics/_classification.py:1344: UndefinedMetricWarning: Precision and F-score are ill-defined and being set to 0.0 in labels with no predicted samples. Use `zero_division` parameter to control this behavior.
  _warn_prf(average, modifier, msg_start, len(result))
/home/jmulvany/Thesis_BU/venv/lib/python3.10/site-packages/sklearn/metrics/_classification.py:1344: UndefinedMetricWarning: Precision and F-score are ill-defined and being set to 0.0 in labels with no predicted samples. Use `zero_division` parameter to control this behavior.
  _warn_prf(average, modifier, msg_start, len(result))
Round 6 duration: 30.26 seconds

--- Round 7/24 ---
Round 7 - Accuracy: 78.67%
F1 Score: 0.7843
Confusion Matrix:
[[ 64  36]
 [ 28 172]]
Classification Report:
              precision    recall  f1-score   support

         0.0     0.6957    0.6400    0.6667       100
         1.0     0.8269    0.8600    0.8431       200

    accuracy                         0.7867       300
   macro avg     0.7613    0.7500    0.7549       300
weighted avg     0.7832    0.7867    0.7843       300

Round 7 duration: 25.00 seconds

--- Round 8/24 ---
Round 8 - Accuracy: 86.00%
F1 Score: 0.8550
Confusion Matrix:
[[ 68  32]
 [ 10 190]]
Classification Report:
              precision    recall  f1-score   support

         0.0     0.8718    0.6800    0.7640       100
         1.0     0.8559    0.9500    0.9005       200

    accuracy                         0.8600       300
   macro avg     0.8638    0.8150    0.8323       300
weighted avg     0.8612    0.8600    0.8550       300

Round 8 duration: 39.31 seconds

--- Round 9/24 ---
Round 9 - Accuracy: 81.00%
F1 Score: 0.7932
Confusion Matrix:
[[ 50  50]
 [  7 193]]
Classification Report:
              precision    recall  f1-score   support

         0.0     0.8772    0.5000    0.6369       100
         1.0     0.7942    0.9650    0.8713       200

    accuracy                         0.8100       300
   macro avg     0.8357    0.7325    0.7541       300
weighted avg     0.8219    0.8100    0.7932       300

Round 9 duration: 33.48 seconds

--- Round 10/24 ---
Round 10 - Accuracy: 82.00%
F1 Score: 0.8012
Confusion Matrix:
[[ 49  51]
 [  3 197]]
Classification Report:
              precision    recall  f1-score   support

         0.0     0.9423    0.4900    0.6447       100
         1.0     0.7944    0.9850    0.8795       200

    accuracy                         0.8200       300
   macro avg     0.8683    0.7375    0.7621       300
weighted avg     0.8437    0.8200    0.8012       300

Round 10 duration: 29.10 seconds

--- Round 11/24 ---
Round 11 - Accuracy: 86.33%
F1 Score: 0.8521
Confusion Matrix:
[[ 59  41]
 [  0 200]]
Classification Report:
              precision    recall  f1-score   support

         0.0     1.0000    0.5900    0.7421       100
         1.0     0.8299    1.0000    0.9070       200

    accuracy                         0.8633       300
   macro avg     0.9149    0.7950    0.8246       300
weighted avg     0.8866    0.8633    0.8521       300

Round 11 duration: 36.05 seconds

--- Round 12/24 ---
Round 12 - Accuracy: 92.00%
F1 Score: 0.9191
Confusion Matrix:
[[ 84  16]
 [  8 192]]
Classification Report:
              precision    recall  f1-score   support

         0.0     0.9130    0.8400    0.8750       100
         1.0     0.9231    0.9600    0.9412       200

    accuracy                         0.9200       300
   macro avg     0.9181    0.9000    0.9081       300
weighted avg     0.9197    0.9200    0.9191       300


*** F1 threshold reached: 0.9191 >= 0.9. Stopping training early. ***

=== Timing Report ===
Total training time: 483.61 seconds
Average time per round: 40.30 seconds
Average time per round per client: 20.15 seconds
Round durations:
  Round 1: 53.64 seconds
  Round 2: 52.42 seconds
  Round 3: 61.14 seconds
  Round 4: 39.73 seconds
  Round 5: 58.51 seconds
  Round 6: 30.26 seconds
  Round 7: 25.00 seconds
  Round 8: 39.31 seconds
  Round 9: 33.48 seconds
  Round 10: 29.10 seconds
  Round 11: 36.05 seconds
  Round 12: 24.98 seconds

=== Communication Overhead Report ===
Summary of Communication:
  Total Transferred: 2,203,963,533 bytes
  Total Sent: 182,229,648 bytes
  Total Received: 2,021,733,885 bytes
  Avg Sent per Client (Total): 91,114,824.00 bytes
  Avg Received per Client (Total): 1,010,866,942.50 bytes
  Avg Sent per Client per Round: 7,592,902.00 bytes
  Avg Received per Client per Round: 84,238,911.88 bytes

=== Resource Usage Report ===
CPU Usage:
  Average of averages: 3.85%
  Overall Peak: 72.45%
  Overall Min: 0.00%
  Average per round Peak: 42.63%
  Average per round Min: 0.00%
Memory Usage:
  Average of averages: 1403.65 MB
  Overall Peak: 1714.09 MB
  Overall Min: 697.90 MB
  Average per round Peak: 1534.51 MB
  Average per round Min: 1376.06 MB
Available Memory:
  Average of averages: 1383.68 MB
  Overall Peak: 3613.09 MB
  Overall Min: 753.37 MB
  Average per round Peak: 1527.80 MB
  Average per round Min: 1161.44 MB

Training complete.
