2025-04-14 18:00:37.213197: I tensorflow/core/util/port.cc:110] oneDNN custom operations are on. You may see slightly different numerical results due to floating-point round-off errors from different computation orders. To turn them off, set the environment variable `TF_ENABLE_ONEDNN_OPTS=0`.
2025-04-14 18:00:37.319366: I tensorflow/tsl/cuda/cudart_stub.cc:28] Could not find cuda drivers on your machine, GPU will not be used.
2025-04-14 18:00:37.748154: I tensorflow/tsl/cuda/cudart_stub.cc:28] Could not find cuda drivers on your machine, GPU will not be used.
2025-04-14 18:00:37.749368: I tensorflow/core/platform/cpu_feature_guard.cc:182] This TensorFlow binary is optimized to use available CPU instructions in performance-critical operations.
To enable the following instructions: AVX2 AVX512F AVX512_VNNI FMA, in other operations, rebuild TensorFlow with the appropriate compiler flags.
2025-04-14 18:00:40.282633: W tensorflow/compiler/tf2tensorrt/utils/py_utils.cc:38] TF-TRT Warning: Could not find TensorRT
Waiting for clients to connect...
Connected to ('127.0.0.1', 33150)
Connected to ('127.0.0.1', 33152)

--- Round 1/24 ---
/home/jmulvany/Thesis_BU/venv/lib/python3.10/site-packages/sklearn/metrics/_classification.py:1344: UndefinedMetricWarning: Precision and F-score are ill-defined and being set to 0.0 in labels with no predicted samples. Use `zero_division` parameter to control this behavior.
  _warn_prf(average, modifier, msg_start, len(result))
/home/jmulvany/Thesis_BU/venv/lib/python3.10/site-packages/sklearn/metrics/_classification.py:1344: UndefinedMetricWarning: Precision and F-score are ill-defined and being set to 0.0 in labels with no predicted samples. Use `zero_division` parameter to control this behavior.
  _warn_prf(average, modifier, msg_start, len(result))
/home/jmulvany/Thesis_BU/venv/lib/python3.10/site-packages/sklearn/metrics/_classification.py:1344: UndefinedMetricWarning: Precision and F-score are ill-defined and being set to 0.0 in labels with no predicted samples. Use `zero_division` parameter to control this behavior.
  _warn_prf(average, modifier, msg_start, len(result))
Round 1 - Accuracy: 66.67%
F1 Score: 0.5333
Confusion Matrix:
[[  0 100]
 [  0 200]]
Classification Report:
              precision    recall  f1-score   support

         0.0     0.0000    0.0000    0.0000       100
         1.0     0.6667    1.0000    0.8000       200

    accuracy                         0.6667       300
   macro avg     0.3333    0.5000    0.4000       300
weighted avg     0.4444    0.6667    0.5333       300

/home/jmulvany/Thesis_BU/venv/lib/python3.10/site-packages/sklearn/metrics/_classification.py:1344: UndefinedMetricWarning: Precision and F-score are ill-defined and being set to 0.0 in labels with no predicted samples. Use `zero_division` parameter to control this behavior.
  _warn_prf(average, modifier, msg_start, len(result))
/home/jmulvany/Thesis_BU/venv/lib/python3.10/site-packages/sklearn/metrics/_classification.py:1344: UndefinedMetricWarning: Precision and F-score are ill-defined and being set to 0.0 in labels with no predicted samples. Use `zero_division` parameter to control this behavior.
  _warn_prf(average, modifier, msg_start, len(result))
/home/jmulvany/Thesis_BU/venv/lib/python3.10/site-packages/sklearn/metrics/_classification.py:1344: UndefinedMetricWarning: Precision and F-score are ill-defined and being set to 0.0 in labels with no predicted samples. Use `zero_division` parameter to control this behavior.
  _warn_prf(average, modifier, msg_start, len(result))
Round 1 duration: 61.40 seconds

--- Round 2/24 ---
Round 2 - Accuracy: 60.33%
F1 Score: 0.6145
Confusion Matrix:
[[ 68  32]
 [ 87 113]]
Classification Report:
              precision    recall  f1-score   support

         0.0     0.4387    0.6800    0.5333       100
         1.0     0.7793    0.5650    0.6551       200

    accuracy                         0.6033       300
   macro avg     0.6090    0.6225    0.5942       300
weighted avg     0.6658    0.6033    0.6145       300

Round 2 duration: 44.30 seconds

--- Round 3/24 ---
Round 3 - Accuracy: 53.67%
F1 Score: 0.5304
Confusion Matrix:
[[ 86  14]
 [125  75]]
Classification Report:
              precision    recall  f1-score   support

         0.0     0.4076    0.8600    0.5531       100
         1.0     0.8427    0.3750    0.5190       200

    accuracy                         0.5367       300
   macro avg     0.6251    0.6175    0.5360       300
weighted avg     0.6977    0.5367    0.5304       300

Round 3 duration: 52.66 seconds

--- Round 4/24 ---
/home/jmulvany/Thesis_BU/venv/lib/python3.10/site-packages/sklearn/metrics/_classification.py:1344: UndefinedMetricWarning: Precision and F-score are ill-defined and being set to 0.0 in labels with no predicted samples. Use `zero_division` parameter to control this behavior.
  _warn_prf(average, modifier, msg_start, len(result))
/home/jmulvany/Thesis_BU/venv/lib/python3.10/site-packages/sklearn/metrics/_classification.py:1344: UndefinedMetricWarning: Precision and F-score are ill-defined and being set to 0.0 in labels with no predicted samples. Use `zero_division` parameter to control this behavior.
  _warn_prf(average, modifier, msg_start, len(result))
/home/jmulvany/Thesis_BU/venv/lib/python3.10/site-packages/sklearn/metrics/_classification.py:1344: UndefinedMetricWarning: Precision and F-score are ill-defined and being set to 0.0 in labels with no predicted samples. Use `zero_division` parameter to control this behavior.
  _warn_prf(average, modifier, msg_start, len(result))
Round 4 - Accuracy: 33.33%
F1 Score: 0.1667
Confusion Matrix:
[[100   0]
 [200   0]]
Classification Report:
              precision    recall  f1-score   support

         0.0     0.3333    1.0000    0.5000       100
         1.0     0.0000    0.0000    0.0000       200

    accuracy                         0.3333       300
   macro avg     0.1667    0.5000    0.2500       300
weighted avg     0.1111    0.3333    0.1667       300

/home/jmulvany/Thesis_BU/venv/lib/python3.10/site-packages/sklearn/metrics/_classification.py:1344: UndefinedMetricWarning: Precision and F-score are ill-defined and being set to 0.0 in labels with no predicted samples. Use `zero_division` parameter to control this behavior.
  _warn_prf(average, modifier, msg_start, len(result))
/home/jmulvany/Thesis_BU/venv/lib/python3.10/site-packages/sklearn/metrics/_classification.py:1344: UndefinedMetricWarning: Precision and F-score are ill-defined and being set to 0.0 in labels with no predicted samples. Use `zero_division` parameter to control this behavior.
  _warn_prf(average, modifier, msg_start, len(result))
/home/jmulvany/Thesis_BU/venv/lib/python3.10/site-packages/sklearn/metrics/_classification.py:1344: UndefinedMetricWarning: Precision and F-score are ill-defined and being set to 0.0 in labels with no predicted samples. Use `zero_division` parameter to control this behavior.
  _warn_prf(average, modifier, msg_start, len(result))
Round 4 duration: 44.00 seconds

--- Round 5/24 ---
Round 5 - Accuracy: 47.33%
F1 Score: 0.4463
Confusion Matrix:
[[ 88  12]
 [146  54]]
Classification Report:
              precision    recall  f1-score   support

         0.0     0.3761    0.8800    0.5269       100
         1.0     0.8182    0.2700    0.4060       200

    accuracy                         0.4733       300
   macro avg     0.5971    0.5750    0.4665       300
weighted avg     0.6708    0.4733    0.4463       300

Round 5 duration: 17.03 seconds

--- Round 6/24 ---
Round 6 - Accuracy: 64.00%
F1 Score: 0.6501
Confusion Matrix:
[[ 67  33]
 [ 75 125]]
Classification Report:
              precision    recall  f1-score   support

         0.0     0.4718    0.6700    0.5537       100
         1.0     0.7911    0.6250    0.6983       200

    accuracy                         0.6400       300
   macro avg     0.6315    0.6475    0.6260       300
weighted avg     0.6847    0.6400    0.6501       300

Round 6 duration: 19.96 seconds

--- Round 7/24 ---
Round 7 - Accuracy: 63.67%
F1 Score: 0.6451
Confusion Matrix:
[[ 59  41]
 [ 68 132]]
Classification Report:
              precision    recall  f1-score   support

         0.0     0.4646    0.5900    0.5198       100
         1.0     0.7630    0.6600    0.7078       200

    accuracy                         0.6367       300
   macro avg     0.6138    0.6250    0.6138       300
weighted avg     0.6635    0.6367    0.6451       300

Round 7 duration: 21.96 seconds

--- Round 8/24 ---
Round 8 - Accuracy: 67.33%
F1 Score: 0.6782
Confusion Matrix:
[[ 93   7]
 [ 91 109]]
Classification Report:
              precision    recall  f1-score   support

         0.0     0.5054    0.9300    0.6549       100
         1.0     0.9397    0.5450    0.6899       200

    accuracy                         0.6733       300
   macro avg     0.7225    0.7375    0.6724       300
weighted avg     0.7949    0.6733    0.6782       300

Round 8 duration: 20.04 seconds

--- Round 9/24 ---
Round 9 - Accuracy: 82.67%
F1 Score: 0.8129
Confusion Matrix:
[[ 54  46]
 [  6 194]]
Classification Report:
              precision    recall  f1-score   support

         0.0     0.9000    0.5400    0.6750       100
         1.0     0.8083    0.9700    0.8818       200

    accuracy                         0.8267       300
   macro avg     0.8542    0.7550    0.7784       300
weighted avg     0.8389    0.8267    0.8129       300

Round 9 duration: 19.95 seconds

--- Round 10/24 ---
Round 10 - Accuracy: 87.00%
F1 Score: 0.8607
Confusion Matrix:
[[ 62  38]
 [  1 199]]
Classification Report:
              precision    recall  f1-score   support

         0.0     0.9841    0.6200    0.7607       100
         1.0     0.8397    0.9950    0.9108       200

    accuracy                         0.8700       300
   macro avg     0.9119    0.8075    0.8357       300
weighted avg     0.8878    0.8700    0.8607       300

Round 10 duration: 16.02 seconds

--- Round 11/24 ---
Round 11 - Accuracy: 86.00%
F1 Score: 0.8525
Confusion Matrix:
[[ 64  36]
 [  6 194]]
Classification Report:
              precision    recall  f1-score   support

         0.0     0.9143    0.6400    0.7529       100
         1.0     0.8435    0.9700    0.9023       200

    accuracy                         0.8600       300
   macro avg     0.8789    0.8050    0.8276       300
weighted avg     0.8671    0.8600    0.8525       300

Round 11 duration: 39.60 seconds

--- Round 12/24 ---
Round 12 - Accuracy: 89.67%
F1 Score: 0.8919
Confusion Matrix:
[[ 71  29]
 [  2 198]]
Classification Report:
              precision    recall  f1-score   support

         0.0     0.9726    0.7100    0.8208       100
         1.0     0.8722    0.9900    0.9274       200

    accuracy                         0.8967       300
   macro avg     0.9224    0.8500    0.8741       300
weighted avg     0.9057    0.8967    0.8919       300

Round 12 duration: 48.00 seconds

--- Round 13/24 ---
Round 13 - Accuracy: 90.67%
F1 Score: 0.9029
Confusion Matrix:
[[ 74  26]
 [  2 198]]
Classification Report:
              precision    recall  f1-score   support

         0.0     0.9737    0.7400    0.8409       100
         1.0     0.8839    0.9900    0.9340       200

    accuracy                         0.9067       300
   macro avg     0.9288    0.8650    0.8874       300
weighted avg     0.9138    0.9067    0.9029       300


*** F1 threshold reached: 0.9029 >= 0.9. Stopping training early. ***

=== Timing Report ===
Total training time: 427.94 seconds
Average time per round: 32.92 seconds
Average time per round per client: 16.46 seconds
Round durations:
  Round 1: 61.40 seconds
  Round 2: 44.30 seconds
  Round 3: 52.66 seconds
  Round 4: 44.00 seconds
  Round 5: 17.03 seconds
  Round 6: 19.96 seconds
  Round 7: 21.96 seconds
  Round 8: 20.04 seconds
  Round 9: 19.95 seconds
  Round 10: 16.02 seconds
  Round 11: 39.60 seconds
  Round 12: 48.00 seconds
  Round 13: 23.03 seconds

=== Communication Overhead Report ===
Summary of Communication:
  Total Transferred: 394,830,904 bytes
  Total Sent: 197,415,452 bytes
  Total Received: 197,415,452 bytes
  Avg Sent per Client (Total): 98,707,726.00 bytes
  Avg Received per Client (Total): 98,707,726.00 bytes
  Avg Sent per Client per Round: 7,592,902.00 bytes
  Avg Received per Client per Round: 7,592,902.00 bytes

=== Resource Usage Report ===
CPU Usage:
  Average of averages: 2.69%
  Overall Peak: 57.17%
  Overall Min: 0.00%
  Average per round Peak: 34.98%
  Average per round Min: 0.00%
Memory Usage:
  Average of averages: 991.48 MB
  Overall Peak: 1152.06 MB
  Overall Min: 573.93 MB
  Average per round Peak: 1019.64 MB
  Average per round Min: 981.06 MB
Available Memory:
  Average of averages: 2065.59 MB
  Overall Peak: 3506.02 MB
  Overall Min: 1585.23 MB
  Average per round Peak: 2164.27 MB
  Average per round Min: 1994.36 MB

Training complete.
