2025-04-14 18:36:44.314703: I tensorflow/core/util/port.cc:110] oneDNN custom operations are on. You may see slightly different numerical results due to floating-point round-off errors from different computation orders. To turn them off, set the environment variable `TF_ENABLE_ONEDNN_OPTS=0`.
2025-04-14 18:36:44.368121: I tensorflow/tsl/cuda/cudart_stub.cc:28] Could not find cuda drivers on your machine, GPU will not be used.
2025-04-14 18:36:44.764417: I tensorflow/tsl/cuda/cudart_stub.cc:28] Could not find cuda drivers on your machine, GPU will not be used.
2025-04-14 18:36:44.766167: I tensorflow/core/platform/cpu_feature_guard.cc:182] This TensorFlow binary is optimized to use available CPU instructions in performance-critical operations.
To enable the following instructions: AVX2 AVX512F AVX512_VNNI FMA, in other operations, rebuild TensorFlow with the appropriate compiler flags.
2025-04-14 18:36:46.549361: W tensorflow/compiler/tf2tensorrt/utils/py_utils.cc:38] TF-TRT Warning: Could not find TensorRT
Waiting for clients to connect...
Connected to ('127.0.0.1', 54286)
Connected to ('127.0.0.1', 54300)

--- Round 1/24 ---
/home/jmulvany/Thesis_BU/venv/lib/python3.10/site-packages/sklearn/metrics/_classification.py:1344: UndefinedMetricWarning: Precision and F-score are ill-defined and being set to 0.0 in labels with no predicted samples. Use `zero_division` parameter to control this behavior.
  _warn_prf(average, modifier, msg_start, len(result))
/home/jmulvany/Thesis_BU/venv/lib/python3.10/site-packages/sklearn/metrics/_classification.py:1344: UndefinedMetricWarning: Precision and F-score are ill-defined and being set to 0.0 in labels with no predicted samples. Use `zero_division` parameter to control this behavior.
  _warn_prf(average, modifier, msg_start, len(result))
/home/jmulvany/Thesis_BU/venv/lib/python3.10/site-packages/sklearn/metrics/_classification.py:1344: UndefinedMetricWarning: Precision and F-score are ill-defined and being set to 0.0 in labels with no predicted samples. Use `zero_division` parameter to control this behavior.
  _warn_prf(average, modifier, msg_start, len(result))
Round 1 - Accuracy: 66.67%
F1 Score: 0.5333
Confusion Matrix:
[[  0 100]
 [  0 200]]
Classification Report:
              precision    recall  f1-score   support

         0.0     0.0000    0.0000    0.0000       100
         1.0     0.6667    1.0000    0.8000       200

    accuracy                         0.6667       300
   macro avg     0.3333    0.5000    0.4000       300
weighted avg     0.4444    0.6667    0.5333       300

/home/jmulvany/Thesis_BU/venv/lib/python3.10/site-packages/sklearn/metrics/_classification.py:1344: UndefinedMetricWarning: Precision and F-score are ill-defined and being set to 0.0 in labels with no predicted samples. Use `zero_division` parameter to control this behavior.
  _warn_prf(average, modifier, msg_start, len(result))
/home/jmulvany/Thesis_BU/venv/lib/python3.10/site-packages/sklearn/metrics/_classification.py:1344: UndefinedMetricWarning: Precision and F-score are ill-defined and being set to 0.0 in labels with no predicted samples. Use `zero_division` parameter to control this behavior.
  _warn_prf(average, modifier, msg_start, len(result))
/home/jmulvany/Thesis_BU/venv/lib/python3.10/site-packages/sklearn/metrics/_classification.py:1344: UndefinedMetricWarning: Precision and F-score are ill-defined and being set to 0.0 in labels with no predicted samples. Use `zero_division` parameter to control this behavior.
  _warn_prf(average, modifier, msg_start, len(result))
Round 1 duration: 48.57 seconds

--- Round 2/24 ---
Round 2 - Accuracy: 67.00%
F1 Score: 0.5410
Confusion Matrix:
[[  1  99]
 [  0 200]]
Classification Report:
              precision    recall  f1-score   support

         0.0     1.0000    0.0100    0.0198       100
         1.0     0.6689    1.0000    0.8016       200

    accuracy                         0.6700       300
   macro avg     0.8344    0.5050    0.4107       300
weighted avg     0.7793    0.6700    0.5410       300

Round 2 duration: 66.26 seconds

--- Round 3/24 ---
/home/jmulvany/Thesis_BU/venv/lib/python3.10/site-packages/sklearn/metrics/_classification.py:1344: UndefinedMetricWarning: Precision and F-score are ill-defined and being set to 0.0 in labels with no predicted samples. Use `zero_division` parameter to control this behavior.
  _warn_prf(average, modifier, msg_start, len(result))
/home/jmulvany/Thesis_BU/venv/lib/python3.10/site-packages/sklearn/metrics/_classification.py:1344: UndefinedMetricWarning: Precision and F-score are ill-defined and being set to 0.0 in labels with no predicted samples. Use `zero_division` parameter to control this behavior.
  _warn_prf(average, modifier, msg_start, len(result))
/home/jmulvany/Thesis_BU/venv/lib/python3.10/site-packages/sklearn/metrics/_classification.py:1344: UndefinedMetricWarning: Precision and F-score are ill-defined and being set to 0.0 in labels with no predicted samples. Use `zero_division` parameter to control this behavior.
  _warn_prf(average, modifier, msg_start, len(result))
Round 3 - Accuracy: 33.33%
F1 Score: 0.1667
Confusion Matrix:
[[100   0]
 [200   0]]
Classification Report:
              precision    recall  f1-score   support

         0.0     0.3333    1.0000    0.5000       100
         1.0     0.0000    0.0000    0.0000       200

    accuracy                         0.3333       300
   macro avg     0.1667    0.5000    0.2500       300
weighted avg     0.1111    0.3333    0.1667       300

/home/jmulvany/Thesis_BU/venv/lib/python3.10/site-packages/sklearn/metrics/_classification.py:1344: UndefinedMetricWarning: Precision and F-score are ill-defined and being set to 0.0 in labels with no predicted samples. Use `zero_division` parameter to control this behavior.
  _warn_prf(average, modifier, msg_start, len(result))
/home/jmulvany/Thesis_BU/venv/lib/python3.10/site-packages/sklearn/metrics/_classification.py:1344: UndefinedMetricWarning: Precision and F-score are ill-defined and being set to 0.0 in labels with no predicted samples. Use `zero_division` parameter to control this behavior.
  _warn_prf(average, modifier, msg_start, len(result))
/home/jmulvany/Thesis_BU/venv/lib/python3.10/site-packages/sklearn/metrics/_classification.py:1344: UndefinedMetricWarning: Precision and F-score are ill-defined and being set to 0.0 in labels with no predicted samples. Use `zero_division` parameter to control this behavior.
  _warn_prf(average, modifier, msg_start, len(result))
Round 3 duration: 52.45 seconds

--- Round 4/24 ---
/home/jmulvany/Thesis_BU/venv/lib/python3.10/site-packages/sklearn/metrics/_classification.py:1344: UndefinedMetricWarning: Precision and F-score are ill-defined and being set to 0.0 in labels with no predicted samples. Use `zero_division` parameter to control this behavior.
  _warn_prf(average, modifier, msg_start, len(result))
/home/jmulvany/Thesis_BU/venv/lib/python3.10/site-packages/sklearn/metrics/_classification.py:1344: UndefinedMetricWarning: Precision and F-score are ill-defined and being set to 0.0 in labels with no predicted samples. Use `zero_division` parameter to control this behavior.
  _warn_prf(average, modifier, msg_start, len(result))
/home/jmulvany/Thesis_BU/venv/lib/python3.10/site-packages/sklearn/metrics/_classification.py:1344: UndefinedMetricWarning: Precision and F-score are ill-defined and being set to 0.0 in labels with no predicted samples. Use `zero_division` parameter to control this behavior.
  _warn_prf(average, modifier, msg_start, len(result))
Round 4 - Accuracy: 33.33%
F1 Score: 0.1667
Confusion Matrix:
[[100   0]
 [200   0]]
Classification Report:
              precision    recall  f1-score   support

         0.0     0.3333    1.0000    0.5000       100
         1.0     0.0000    0.0000    0.0000       200

    accuracy                         0.3333       300
   macro avg     0.1667    0.5000    0.2500       300
weighted avg     0.1111    0.3333    0.1667       300

/home/jmulvany/Thesis_BU/venv/lib/python3.10/site-packages/sklearn/metrics/_classification.py:1344: UndefinedMetricWarning: Precision and F-score are ill-defined and being set to 0.0 in labels with no predicted samples. Use `zero_division` parameter to control this behavior.
  _warn_prf(average, modifier, msg_start, len(result))
/home/jmulvany/Thesis_BU/venv/lib/python3.10/site-packages/sklearn/metrics/_classification.py:1344: UndefinedMetricWarning: Precision and F-score are ill-defined and being set to 0.0 in labels with no predicted samples. Use `zero_division` parameter to control this behavior.
  _warn_prf(average, modifier, msg_start, len(result))
/home/jmulvany/Thesis_BU/venv/lib/python3.10/site-packages/sklearn/metrics/_classification.py:1344: UndefinedMetricWarning: Precision and F-score are ill-defined and being set to 0.0 in labels with no predicted samples. Use `zero_division` parameter to control this behavior.
  _warn_prf(average, modifier, msg_start, len(result))
Round 4 duration: 41.77 seconds

--- Round 5/24 ---
/home/jmulvany/Thesis_BU/venv/lib/python3.10/site-packages/sklearn/metrics/_classification.py:1344: UndefinedMetricWarning: Precision and F-score are ill-defined and being set to 0.0 in labels with no predicted samples. Use `zero_division` parameter to control this behavior.
  _warn_prf(average, modifier, msg_start, len(result))
/home/jmulvany/Thesis_BU/venv/lib/python3.10/site-packages/sklearn/metrics/_classification.py:1344: UndefinedMetricWarning: Precision and F-score are ill-defined and being set to 0.0 in labels with no predicted samples. Use `zero_division` parameter to control this behavior.
  _warn_prf(average, modifier, msg_start, len(result))
/home/jmulvany/Thesis_BU/venv/lib/python3.10/site-packages/sklearn/metrics/_classification.py:1344: UndefinedMetricWarning: Precision and F-score are ill-defined and being set to 0.0 in labels with no predicted samples. Use `zero_division` parameter to control this behavior.
  _warn_prf(average, modifier, msg_start, len(result))
Round 5 - Accuracy: 33.33%
F1 Score: 0.1667
Confusion Matrix:
[[100   0]
 [200   0]]
Classification Report:
              precision    recall  f1-score   support

         0.0     0.3333    1.0000    0.5000       100
         1.0     0.0000    0.0000    0.0000       200

    accuracy                         0.3333       300
   macro avg     0.1667    0.5000    0.2500       300
weighted avg     0.1111    0.3333    0.1667       300

/home/jmulvany/Thesis_BU/venv/lib/python3.10/site-packages/sklearn/metrics/_classification.py:1344: UndefinedMetricWarning: Precision and F-score are ill-defined and being set to 0.0 in labels with no predicted samples. Use `zero_division` parameter to control this behavior.
  _warn_prf(average, modifier, msg_start, len(result))
/home/jmulvany/Thesis_BU/venv/lib/python3.10/site-packages/sklearn/metrics/_classification.py:1344: UndefinedMetricWarning: Precision and F-score are ill-defined and being set to 0.0 in labels with no predicted samples. Use `zero_division` parameter to control this behavior.
  _warn_prf(average, modifier, msg_start, len(result))
/home/jmulvany/Thesis_BU/venv/lib/python3.10/site-packages/sklearn/metrics/_classification.py:1344: UndefinedMetricWarning: Precision and F-score are ill-defined and being set to 0.0 in labels with no predicted samples. Use `zero_division` parameter to control this behavior.
  _warn_prf(average, modifier, msg_start, len(result))
Round 5 duration: 62.18 seconds

--- Round 6/24 ---
Round 6 - Accuracy: 35.33%
F1 Score: 0.2132
Confusion Matrix:
[[ 99   1]
 [193   7]]
Classification Report:
              precision    recall  f1-score   support

         0.0     0.3390    0.9900    0.5051       100
         1.0     0.8750    0.0350    0.0673       200

    accuracy                         0.3533       300
   macro avg     0.6070    0.5125    0.2862       300
weighted avg     0.6963    0.3533    0.2132       300

Round 6 duration: 54.60 seconds

--- Round 7/24 ---
Round 7 - Accuracy: 72.67%
F1 Score: 0.7158
Confusion Matrix:
[[ 47  53]
 [ 29 171]]
Classification Report:
              precision    recall  f1-score   support

         0.0     0.6184    0.4700    0.5341       100
         1.0     0.7634    0.8550    0.8066       200

    accuracy                         0.7267       300
   macro avg     0.6909    0.6625    0.6703       300
weighted avg     0.7151    0.7267    0.7158       300

Round 7 duration: 58.95 seconds

--- Round 8/24 ---
Round 8 - Accuracy: 68.33%
F1 Score: 0.6915
Confusion Matrix:
[[ 69  31]
 [ 64 136]]
Classification Report:
              precision    recall  f1-score   support

         0.0     0.5188    0.6900    0.5923       100
         1.0     0.8144    0.6800    0.7411       200

    accuracy                         0.6833       300
   macro avg     0.6666    0.6850    0.6667       300
weighted avg     0.7158    0.6833    0.6915       300

Round 8 duration: 63.30 seconds

--- Round 9/24 ---
Round 9 - Accuracy: 80.67%
F1 Score: 0.7865
Confusion Matrix:
[[ 47  53]
 [  5 195]]
Classification Report:
              precision    recall  f1-score   support

         0.0     0.9038    0.4700    0.6184       100
         1.0     0.7863    0.9750    0.8705       200

    accuracy                         0.8067       300
   macro avg     0.8451    0.7225    0.7445       300
weighted avg     0.8255    0.8067    0.7865       300

Round 9 duration: 51.00 seconds

--- Round 10/24 ---
Round 10 - Accuracy: 83.00%
F1 Score: 0.8306
Confusion Matrix:
[[ 76  24]
 [ 27 173]]
Classification Report:
              precision    recall  f1-score   support

         0.0     0.7379    0.7600    0.7488       100
         1.0     0.8782    0.8650    0.8715       200

    accuracy                         0.8300       300
   macro avg     0.8080    0.8125    0.8102       300
weighted avg     0.8314    0.8300    0.8306       300

Round 10 duration: 32.82 seconds

--- Round 11/24 ---
Round 11 - Accuracy: 63.00%
F1 Score: 0.6296
Confusion Matrix:
[[ 95   5]
 [106  94]]
Classification Report:
              precision    recall  f1-score   support

         0.0     0.4726    0.9500    0.6312       100
         1.0     0.9495    0.4700    0.6288       200

    accuracy                         0.6300       300
   macro avg     0.7111    0.7100    0.6300       300
weighted avg     0.7905    0.6300    0.6296       300

Round 11 duration: 51.66 seconds

--- Round 12/24 ---
Round 12 - Accuracy: 59.33%
F1 Score: 0.5837
Confusion Matrix:
[[ 98   2]
 [120  80]]
Classification Report:
              precision    recall  f1-score   support

         0.0     0.4495    0.9800    0.6164       100
         1.0     0.9756    0.4000    0.5674       200

    accuracy                         0.5933       300
   macro avg     0.7126    0.6900    0.5919       300
weighted avg     0.8003    0.5933    0.5837       300

Round 12 duration: 63.97 seconds

--- Round 13/24 ---
Round 13 - Accuracy: 88.67%
F1 Score: 0.8817
Confusion Matrix:
[[ 70  30]
 [  4 196]]
Classification Report:
              precision    recall  f1-score   support

         0.0     0.9459    0.7000    0.8046       100
         1.0     0.8673    0.9800    0.9202       200

    accuracy                         0.8867       300
   macro avg     0.9066    0.8400    0.8624       300
weighted avg     0.8935    0.8867    0.8817       300

Round 13 duration: 66.31 seconds

--- Round 14/24 ---
Round 14 - Accuracy: 88.00%
F1 Score: 0.8790
Confusion Matrix:
[[ 79  21]
 [ 15 185]]
Classification Report:
              precision    recall  f1-score   support

         0.0     0.8404    0.7900    0.8144       100
         1.0     0.8981    0.9250    0.9113       200

    accuracy                         0.8800       300
   macro avg     0.8692    0.8575    0.8629       300
weighted avg     0.8788    0.8800    0.8790       300

Round 14 duration: 42.31 seconds

--- Round 15/24 ---
Round 15 - Accuracy: 91.67%
F1 Score: 0.9175
Confusion Matrix:
[[ 92   8]
 [ 17 183]]
Classification Report:
              precision    recall  f1-score   support

         0.0     0.8440    0.9200    0.8804       100
         1.0     0.9581    0.9150    0.9361       200

    accuracy                         0.9167       300
   macro avg     0.9011    0.9175    0.9082       300
weighted avg     0.9201    0.9167    0.9175       300


*** F1 threshold reached: 0.9175 >= 0.9. Stopping training early. ***

=== Timing Report ===
Total training time: 820.27 seconds
Average time per round: 54.68 seconds
Average time per round per client: 27.34 seconds
Round durations:
  Round 1: 48.57 seconds
  Round 2: 66.26 seconds
  Round 3: 52.45 seconds
  Round 4: 41.77 seconds
  Round 5: 62.18 seconds
  Round 6: 54.60 seconds
  Round 7: 58.95 seconds
  Round 8: 63.30 seconds
  Round 9: 51.00 seconds
  Round 10: 32.82 seconds
  Round 11: 51.66 seconds
  Round 12: 63.97 seconds
  Round 13: 66.31 seconds
  Round 14: 42.31 seconds
  Round 15: 64.12 seconds

=== Communication Overhead Report ===
Summary of Communication:
  Total Transferred: 2,754,922,404 bytes
  Total Sent: 227,787,060 bytes
  Total Received: 2,527,135,344 bytes
  Avg Sent per Client (Total): 113,893,530.00 bytes
  Avg Received per Client (Total): 1,263,567,672.00 bytes
  Avg Sent per Client per Round: 7,592,902.00 bytes
  Avg Received per Client per Round: 84,237,844.80 bytes

=== Resource Usage Report ===
CPU Usage:
  Average of averages: 4.55%
  Overall Peak: 71.00%
  Overall Min: 0.00%
  Average per round Peak: 55.23%
  Average per round Min: 0.00%
Memory Usage:
  Average of averages: 1464.45 MB
  Overall Peak: 1722.78 MB
  Overall Min: 700.41 MB
  Average per round Peak: 1576.30 MB
  Average per round Min: 1430.07 MB
Available Memory:
  Average of averages: 1118.91 MB
  Overall Peak: 3344.18 MB
  Overall Min: 691.21 MB
  Average per round Peak: 1249.76 MB
  Average per round Min: 915.12 MB

Training complete.
