2025-04-16 20:35:30.069341: I tensorflow/core/util/port.cc:110] oneDNN custom operations are on. You may see slightly different numerical results due to floating-point round-off errors from different computation orders. To turn them off, set the environment variable `TF_ENABLE_ONEDNN_OPTS=0`.
2025-04-16 20:35:30.096350: I tensorflow/tsl/cuda/cudart_stub.cc:28] Could not find cuda drivers on your machine, GPU will not be used.
2025-04-16 20:35:30.432893: I tensorflow/tsl/cuda/cudart_stub.cc:28] Could not find cuda drivers on your machine, GPU will not be used.
2025-04-16 20:35:30.436347: I tensorflow/core/platform/cpu_feature_guard.cc:182] This TensorFlow binary is optimized to use available CPU instructions in performance-critical operations.
To enable the following instructions: AVX2 AVX512F AVX512_VNNI FMA, in other operations, rebuild TensorFlow with the appropriate compiler flags.
2025-04-16 20:35:32.151727: W tensorflow/compiler/tf2tensorrt/utils/py_utils.cc:38] TF-TRT Warning: Could not find TensorRT
Waiting for clients to connect...
Connected to ('127.0.0.1', 46626)
Connected to ('127.0.0.1', 46636)

--- Round 1/25 ---
/home/jmulvany/Thesis_BU/venv/lib/python3.10/site-packages/sklearn/metrics/_classification.py:1344: UndefinedMetricWarning: Precision and F-score are ill-defined and being set to 0.0 in labels with no predicted samples. Use `zero_division` parameter to control this behavior.
  _warn_prf(average, modifier, msg_start, len(result))
/home/jmulvany/Thesis_BU/venv/lib/python3.10/site-packages/sklearn/metrics/_classification.py:1344: UndefinedMetricWarning: Precision and F-score are ill-defined and being set to 0.0 in labels with no predicted samples. Use `zero_division` parameter to control this behavior.
  _warn_prf(average, modifier, msg_start, len(result))
/home/jmulvany/Thesis_BU/venv/lib/python3.10/site-packages/sklearn/metrics/_classification.py:1344: UndefinedMetricWarning: Precision and F-score are ill-defined and being set to 0.0 in labels with no predicted samples. Use `zero_division` parameter to control this behavior.
  _warn_prf(average, modifier, msg_start, len(result))
Round 1 - Accuracy: 33.33%
F1 Score: 0.1667
Confusion Matrix:
[[100   0]
 [200   0]]
Classification Report:
              precision    recall  f1-score   support

         0.0     0.3333    1.0000    0.5000       100
         1.0     0.0000    0.0000    0.0000       200

    accuracy                         0.3333       300
   macro avg     0.1667    0.5000    0.2500       300
weighted avg     0.1111    0.3333    0.1667       300

/home/jmulvany/Thesis_BU/venv/lib/python3.10/site-packages/sklearn/metrics/_classification.py:1344: UndefinedMetricWarning: Precision and F-score are ill-defined and being set to 0.0 in labels with no predicted samples. Use `zero_division` parameter to control this behavior.
  _warn_prf(average, modifier, msg_start, len(result))
/home/jmulvany/Thesis_BU/venv/lib/python3.10/site-packages/sklearn/metrics/_classification.py:1344: UndefinedMetricWarning: Precision and F-score are ill-defined and being set to 0.0 in labels with no predicted samples. Use `zero_division` parameter to control this behavior.
  _warn_prf(average, modifier, msg_start, len(result))
/home/jmulvany/Thesis_BU/venv/lib/python3.10/site-packages/sklearn/metrics/_classification.py:1344: UndefinedMetricWarning: Precision and F-score are ill-defined and being set to 0.0 in labels with no predicted samples. Use `zero_division` parameter to control this behavior.
  _warn_prf(average, modifier, msg_start, len(result))
Round 1 duration: 37.23 seconds

--- Round 2/25 ---
/home/jmulvany/Thesis_BU/venv/lib/python3.10/site-packages/sklearn/metrics/_classification.py:1344: UndefinedMetricWarning: Precision and F-score are ill-defined and being set to 0.0 in labels with no predicted samples. Use `zero_division` parameter to control this behavior.
  _warn_prf(average, modifier, msg_start, len(result))
/home/jmulvany/Thesis_BU/venv/lib/python3.10/site-packages/sklearn/metrics/_classification.py:1344: UndefinedMetricWarning: Precision and F-score are ill-defined and being set to 0.0 in labels with no predicted samples. Use `zero_division` parameter to control this behavior.
  _warn_prf(average, modifier, msg_start, len(result))
/home/jmulvany/Thesis_BU/venv/lib/python3.10/site-packages/sklearn/metrics/_classification.py:1344: UndefinedMetricWarning: Precision and F-score are ill-defined and being set to 0.0 in labels with no predicted samples. Use `zero_division` parameter to control this behavior.
  _warn_prf(average, modifier, msg_start, len(result))
Round 2 - Accuracy: 33.33%
F1 Score: 0.1667
Confusion Matrix:
[[100   0]
 [200   0]]
Classification Report:
              precision    recall  f1-score   support

         0.0     0.3333    1.0000    0.5000       100
         1.0     0.0000    0.0000    0.0000       200

    accuracy                         0.3333       300
   macro avg     0.1667    0.5000    0.2500       300
weighted avg     0.1111    0.3333    0.1667       300

/home/jmulvany/Thesis_BU/venv/lib/python3.10/site-packages/sklearn/metrics/_classification.py:1344: UndefinedMetricWarning: Precision and F-score are ill-defined and being set to 0.0 in labels with no predicted samples. Use `zero_division` parameter to control this behavior.
  _warn_prf(average, modifier, msg_start, len(result))
/home/jmulvany/Thesis_BU/venv/lib/python3.10/site-packages/sklearn/metrics/_classification.py:1344: UndefinedMetricWarning: Precision and F-score are ill-defined and being set to 0.0 in labels with no predicted samples. Use `zero_division` parameter to control this behavior.
  _warn_prf(average, modifier, msg_start, len(result))
/home/jmulvany/Thesis_BU/venv/lib/python3.10/site-packages/sklearn/metrics/_classification.py:1344: UndefinedMetricWarning: Precision and F-score are ill-defined and being set to 0.0 in labels with no predicted samples. Use `zero_division` parameter to control this behavior.
  _warn_prf(average, modifier, msg_start, len(result))
Round 2 duration: 47.74 seconds

--- Round 3/25 ---
/home/jmulvany/Thesis_BU/venv/lib/python3.10/site-packages/sklearn/metrics/_classification.py:1344: UndefinedMetricWarning: Precision and F-score are ill-defined and being set to 0.0 in labels with no predicted samples. Use `zero_division` parameter to control this behavior.
  _warn_prf(average, modifier, msg_start, len(result))
/home/jmulvany/Thesis_BU/venv/lib/python3.10/site-packages/sklearn/metrics/_classification.py:1344: UndefinedMetricWarning: Precision and F-score are ill-defined and being set to 0.0 in labels with no predicted samples. Use `zero_division` parameter to control this behavior.
  _warn_prf(average, modifier, msg_start, len(result))
/home/jmulvany/Thesis_BU/venv/lib/python3.10/site-packages/sklearn/metrics/_classification.py:1344: UndefinedMetricWarning: Precision and F-score are ill-defined and being set to 0.0 in labels with no predicted samples. Use `zero_division` parameter to control this behavior.
  _warn_prf(average, modifier, msg_start, len(result))
Round 3 - Accuracy: 33.33%
F1 Score: 0.1667
Confusion Matrix:
[[100   0]
 [200   0]]
Classification Report:
              precision    recall  f1-score   support

         0.0     0.3333    1.0000    0.5000       100
         1.0     0.0000    0.0000    0.0000       200

    accuracy                         0.3333       300
   macro avg     0.1667    0.5000    0.2500       300
weighted avg     0.1111    0.3333    0.1667       300

/home/jmulvany/Thesis_BU/venv/lib/python3.10/site-packages/sklearn/metrics/_classification.py:1344: UndefinedMetricWarning: Precision and F-score are ill-defined and being set to 0.0 in labels with no predicted samples. Use `zero_division` parameter to control this behavior.
  _warn_prf(average, modifier, msg_start, len(result))
/home/jmulvany/Thesis_BU/venv/lib/python3.10/site-packages/sklearn/metrics/_classification.py:1344: UndefinedMetricWarning: Precision and F-score are ill-defined and being set to 0.0 in labels with no predicted samples. Use `zero_division` parameter to control this behavior.
  _warn_prf(average, modifier, msg_start, len(result))
/home/jmulvany/Thesis_BU/venv/lib/python3.10/site-packages/sklearn/metrics/_classification.py:1344: UndefinedMetricWarning: Precision and F-score are ill-defined and being set to 0.0 in labels with no predicted samples. Use `zero_division` parameter to control this behavior.
  _warn_prf(average, modifier, msg_start, len(result))
Round 3 duration: 28.11 seconds

--- Round 4/25 ---
Round 4 - Accuracy: 55.00%
F1 Score: 0.5327
Confusion Matrix:
[[ 96   4]
 [131  69]]
Classification Report:
              precision    recall  f1-score   support

         0.0     0.4229    0.9600    0.5872       100
         1.0     0.9452    0.3450    0.5055       200

    accuracy                         0.5500       300
   macro avg     0.6841    0.6525    0.5463       300
weighted avg     0.7711    0.5500    0.5327       300

Round 4 duration: 52.67 seconds

--- Round 5/25 ---
Round 5 - Accuracy: 69.00%
F1 Score: 0.5845
Confusion Matrix:
[[  7  93]
 [  0 200]]
Classification Report:
              precision    recall  f1-score   support

         0.0     1.0000    0.0700    0.1308       100
         1.0     0.6826    1.0000    0.8114       200

    accuracy                         0.6900       300
   macro avg     0.8413    0.5350    0.4711       300
weighted avg     0.7884    0.6900    0.5845       300

Round 5 duration: 59.59 seconds

--- Round 6/25 ---
Round 6 - Accuracy: 62.00%
F1 Score: 0.6209
Confusion Matrix:
[[ 44  56]
 [ 58 142]]
Classification Report:
              precision    recall  f1-score   support

         0.0     0.4314    0.4400    0.4356       100
         1.0     0.7172    0.7100    0.7136       200

    accuracy                         0.6200       300
   macro avg     0.5743    0.5750    0.5746       300
weighted avg     0.6219    0.6200    0.6209       300

Round 6 duration: 63.41 seconds

--- Round 7/25 ---
Round 7 - Accuracy: 70.33%
F1 Score: 0.7063
Confusion Matrix:
[[ 60  40]
 [ 49 151]]
Classification Report:
              precision    recall  f1-score   support

         0.0     0.5505    0.6000    0.5742       100
         1.0     0.7906    0.7550    0.7724       200

    accuracy                         0.7033       300
   macro avg     0.6705    0.6775    0.6733       300
weighted avg     0.7105    0.7033    0.7063       300

Round 7 duration: 55.03 seconds

--- Round 8/25 ---
Round 8 - Accuracy: 81.33%
F1 Score: 0.7939
Confusion Matrix:
[[ 48  52]
 [  4 196]]
Classification Report:
              precision    recall  f1-score   support

         0.0     0.9231    0.4800    0.6316       100
         1.0     0.7903    0.9800    0.8750       200

    accuracy                         0.8133       300
   macro avg     0.8567    0.7300    0.7533       300
weighted avg     0.8346    0.8133    0.7939       300

Round 8 duration: 48.84 seconds

--- Round 9/25 ---
Round 9 - Accuracy: 84.00%
F1 Score: 0.8282
Confusion Matrix:
[[ 57  43]
 [  5 195]]
Classification Report:
              precision    recall  f1-score   support

         0.0     0.9194    0.5700    0.7037       100
         1.0     0.8193    0.9750    0.8904       200

    accuracy                         0.8400       300
   macro avg     0.8693    0.7725    0.7971       300
weighted avg     0.8527    0.8400    0.8282       300

Round 9 duration: 35.21 seconds

--- Round 10/25 ---
Round 10 - Accuracy: 86.67%
F1 Score: 0.8568
Confusion Matrix:
[[ 61  39]
 [  1 199]]
Classification Report:
              precision    recall  f1-score   support

         0.0     0.9839    0.6100    0.7531       100
         1.0     0.8361    0.9950    0.9087       200

    accuracy                         0.8667       300
   macro avg     0.9100    0.8025    0.8309       300
weighted avg     0.8854    0.8667    0.8568       300

Round 10 duration: 42.15 seconds

--- Round 11/25 ---
Round 11 - Accuracy: 84.00%
F1 Score: 0.8233
Confusion Matrix:
[[ 52  48]
 [  0 200]]
Classification Report:
              precision    recall  f1-score   support

         0.0     1.0000    0.5200    0.6842       100
         1.0     0.8065    1.0000    0.8929       200

    accuracy                         0.8400       300
   macro avg     0.9032    0.7600    0.7885       300
weighted avg     0.8710    0.8400    0.8233       300

Round 11 duration: 50.32 seconds

--- Round 12/25 ---
Round 12 - Accuracy: 68.00%
F1 Score: 0.5633
Confusion Matrix:
[[  4  96]
 [  0 200]]
Classification Report:
              precision    recall  f1-score   support

         0.0     1.0000    0.0400    0.0769       100
         1.0     0.6757    1.0000    0.8065       200

    accuracy                         0.6800       300
   macro avg     0.8378    0.5200    0.4417       300
weighted avg     0.7838    0.6800    0.5633       300

Round 12 duration: 57.64 seconds

--- Round 13/25 ---
Round 13 - Accuracy: 87.33%
F1 Score: 0.8640
Confusion Matrix:
[[ 62  38]
 [  0 200]]
Classification Report:
              precision    recall  f1-score   support

         0.0     1.0000    0.6200    0.7654       100
         1.0     0.8403    1.0000    0.9132       200

    accuracy                         0.8733       300
   macro avg     0.9202    0.8100    0.8393       300
weighted avg     0.8936    0.8733    0.8640       300

Round 13 duration: 51.81 seconds

--- Round 14/25 ---
Round 14 - Accuracy: 93.67%
F1 Score: 0.9350
Confusion Matrix:
[[ 82  18]
 [  1 199]]
Classification Report:
              precision    recall  f1-score   support

         0.0     0.9880    0.8200    0.8962       100
         1.0     0.9171    0.9950    0.9544       200

    accuracy                         0.9367       300
   macro avg     0.9525    0.9075    0.9253       300
weighted avg     0.9407    0.9367    0.9350       300


*** F1 threshold reached: 0.9350 >= 0.9. Stopping training early. ***

=== Timing Report ===
Total training time: 690.34 seconds
Average time per round: 49.31 seconds
Average time per round per client: 24.65 seconds
Round durations:
  Round 1: 37.23 seconds
  Round 2: 47.74 seconds
  Round 3: 28.11 seconds
  Round 4: 52.67 seconds
  Round 5: 59.59 seconds
  Round 6: 63.41 seconds
  Round 7: 55.03 seconds
  Round 8: 48.84 seconds
  Round 9: 35.21 seconds
  Round 10: 42.15 seconds
  Round 11: 50.32 seconds
  Round 12: 57.64 seconds
  Round 13: 51.81 seconds
  Round 14: 60.58 seconds

=== Communication Overhead Report ===
Summary of Communication:
  Total Transferred: 2,571,295,622 bytes
  Total Sent: 212,601,256 bytes
  Total Received: 2,358,694,366 bytes
  Avg Sent per Client (Total): 106,300,628.00 bytes
  Avg Received per Client (Total): 1,179,347,183.00 bytes
  Avg Sent per Client per Round: 7,592,902.00 bytes
  Avg Received per Client per Round: 84,239,084.50 bytes

=== Resource Usage Report ===
CPU Usage:
  Average of averages: 4.14%
  Overall Peak: 189.95%
  Overall Min: 0.00%
  Average per round Peak: 56.65%
  Average per round Min: 0.00%
Memory Usage:
  Average of averages: 1483.04 MB
  Overall Peak: 1748.28 MB
  Overall Min: 679.82 MB
  Average per round Peak: 1602.05 MB
  Average per round Min: 1445.99 MB
Available Memory:
  Average of averages: 914.17 MB
  Overall Peak: 3288.88 MB
  Overall Min: 337.62 MB
  Average per round Peak: 1059.23 MB
  Average per round Min: 693.77 MB

Training complete.
